#
# There is insufficient memory for the Java Runtime Environment to continue.
# Native memory allocation (mmap) failed to map 35127296 bytes for committing reserved memory.
# Possible reasons:
#   The system is out of physical RAM or swap space
#   In 32 bit mode, the process size limit was hit
# Possible solutions:
#   Reduce memory load on the system
#   Increase physical memory or swap space
#   Check if swap backing store is full
#   Use 64 bit Java on a 64 bit OS
#   Decrease Java heap size (-Xmx/-Xms)
#   Decrease number of Java threads
#   Decrease Java thread stack sizes (-Xss)
#   Set larger code cache with -XX:ReservedCodeCacheSize=
# This output file may be truncated or incomplete.
#
#  Out of Memory Error (os_linux.cpp:2640), pid=8078, tid=0x00007f8f6f8f8700
#
# JRE version: Java(TM) SE Runtime Environment (8.0_144-b01) (build 1.8.0_144-b01)
# Java VM: Java HotSpot(TM) 64-Bit Server VM (25.144-b01 mixed mode linux-amd64 compressed oops)
# Failed to write core dump. Core dumps have been disabled. To enable core dumping, try "ulimit -c unlimited" before starting Java again
#

---------------  T H R E A D  ---------------

Current thread (0x00007f8f9807b800):  VMThread [stack: 0x00007f8f6f7f8000,0x00007f8f6f8f9000] [id=8091]

Stack: [0x00007f8f6f7f8000,0x00007f8f6f8f9000],  sp=0x00007f8f6f8f73a0,  free space=1020k
Native frames: (J=compiled Java code, j=interpreted, Vv=VM code, C=native code)
V  [libjvm.so+0xacb18a]  VMError::report_and_die()+0x2ba
V  [libjvm.so+0x4ff4db]  report_vm_out_of_memory(char const*, int, unsigned long, VMErrorType, char const*)+0x8b
V  [libjvm.so+0x927d23]  os::Linux::commit_memory_impl(char*, unsigned long, bool)+0x103
V  [libjvm.so+0x928279]  os::pd_commit_memory(char*, unsigned long, unsigned long, bool)+0x29
V  [libjvm.so+0x92249a]  os::commit_memory(char*, unsigned long, unsigned long, bool)+0x2a
V  [libjvm.so+0x996ff3]  PSVirtualSpace::expand_by(unsigned long)+0x53
V  [libjvm.so+0x9878b0]  PSOldGen::expand(unsigned long)+0x170
V  [libjvm.so+0x987abb]  PSOldGen::resize(unsigned long)+0x1cb
V  [libjvm.so+0x98f7c1]  PSParallelCompact::invoke_no_policy(bool)+0x991
V  [libjvm.so+0x99511d]  PSScavenge::invoke()+0x1ad
V  [libjvm.so+0x94bce0]  ParallelScavengeHeap::failed_mem_allocate(unsigned long)+0x70
V  [libjvm.so+0xaccba7]  VM_ParallelGCFailedAllocation::doit()+0x97
V  [libjvm.so+0xad4685]  VM_Operation::evaluate()+0x55
V  [libjvm.so+0xad2a5a]  VMThread::evaluate_operation(VM_Operation*)+0xba
V  [libjvm.so+0xad2dde]  VMThread::loop()+0x1ce
V  [libjvm.so+0xad3250]  VMThread::run()+0x70
V  [libjvm.so+0x92a338]  java_start(Thread*)+0x108

VM_Operation (0x00007f8fa0cce450): ParallelGCFailedAllocation, mode: safepoint, requested by thread 0x00007f8f98009800


---------------  P R O C E S S  ---------------

Java Threads: ( => current thread )
  0x00007f8f9825c000 JavaThread "AWT-EventQueue-0" [_thread_blocked, id=21175, stack(0x00007f8f6c7f0000,0x00007f8f6c8f1000)]
  0x00007f8f3002c800 JavaThread "TimerQueue" daemon [_thread_blocked, id=8142, stack(0x00007f8f6c0ca000,0x00007f8f6c1cb000)]
  0x00007f8f98216000 JavaThread "AWT-XAWT" daemon [_thread_blocked, id=8104, stack(0x00007f8f6c9f2000,0x00007f8f6caf3000)]
  0x00007f8f981ee800 JavaThread "Java2D Disposer" daemon [_thread_blocked, id=8103, stack(0x00007f8f6cf0a000,0x00007f8f6d00b000)]
  0x00007f8f980ce000 JavaThread "Service Thread" daemon [_thread_blocked, id=8101, stack(0x00007f8f6ec8e000,0x00007f8f6ed8f000)]
  0x00007f8f980c1000 JavaThread "C1 CompilerThread2" daemon [_thread_blocked, id=8100, stack(0x00007f8f6ed8f000,0x00007f8f6ee90000)]
  0x00007f8f980bf800 JavaThread "C2 CompilerThread1" daemon [_thread_blocked, id=8099, stack(0x00007f8f6ee90000,0x00007f8f6ef91000)]
  0x00007f8f980bc800 JavaThread "C2 CompilerThread0" daemon [_thread_blocked, id=8098, stack(0x00007f8f6ef91000,0x00007f8f6f092000)]
  0x00007f8f980bb000 JavaThread "Signal Dispatcher" daemon [_thread_blocked, id=8097, stack(0x00007f8f6f092000,0x00007f8f6f193000)]
  0x00007f8f98088000 JavaThread "Finalizer" daemon [_thread_blocked, id=8093, stack(0x00007f8f6f5f6000,0x00007f8f6f6f7000)]
  0x00007f8f98083800 JavaThread "Reference Handler" daemon [_thread_blocked, id=8092, stack(0x00007f8f6f6f7000,0x00007f8f6f7f8000)]
  0x00007f8f98009800 JavaThread "main" [_thread_blocked, id=8084, stack(0x00007f8fa0bcf000,0x00007f8fa0cd0000)]

Other Threads:
=>0x00007f8f9807b800 VMThread [stack: 0x00007f8f6f7f8000,0x00007f8f6f8f9000] [id=8091]
  0x00007f8f980d1000 WatcherThread [stack: 0x00007f8f6eb8d000,0x00007f8f6ec8e000] [id=8102]

VM state:at safepoint (normal execution)

VM Mutex/Monitor currently owned by a thread:  ([mutex/lock_event])
[0x00007f8f980059f0] ExpandHeap_lock - owner thread: 0x00007f8f9807b800
[0x00007f8f98006070] Threads_lock - owner thread: 0x00007f8f9807b800
[0x00007f8f98006570] Heap_lock - owner thread: 0x00007f8f98009800

Heap:
 PSYoungGen      total 9216K, used 4064K [0x00000000d6800000, 0x00000000d7980000, 0x0000000100000000)
  eden space 512K, 0% used [0x00000000d6800000,0x00000000d6800000,0x00000000d6880000)
  from space 8704K, 46% used [0x00000000d7100000,0x00000000d74f8168,0x00000000d7980000)
  to   space 8704K, 0% used [0x00000000d6880000,0x00000000d6880000,0x00000000d7100000)
 ParOldGen       total 385024K, used 384575K [0x0000000083800000, 0x000000009b000000, 0x00000000d6800000)
  object space 385024K, 99% used [0x0000000083800000,0x000000009af8fdf8,0x000000009b000000)
 Metaspace       used 11209K, capacity 11412K, committed 11648K, reserved 1058816K
  class space    used 1236K, capacity 1326K, committed 1408K, reserved 1048576K

Card table byte_map: [0x00007f8f9d52e000,0x00007f8f9d913000] byte_map_base: 0x00007f8f9d112000

Marking Bits: (ParMarkBitMap*) 0x00007f8fa006cdc0
 Begin Bits: [0x00007f8f851c0000, 0x00007f8f870e0000)
 End Bits:   [0x00007f8f870e0000, 0x00007f8f89000000)

Polling page: 0x00007f8fa0bce000

CodeCache: size=245760Kb used=5481Kb max_used=5534Kb free=240278Kb
 bounds [0x00007f8f89000000, 0x00007f8f89580000, 0x00007f8f98000000]
 total_blobs=2021 nmethods=1525 adapters=410
 compilation: enabled

Compilation events (10 events):
Event: 2696,273 Thread 0x00007f8f980bc800 1806   !   4       java.awt.event.InvocationEvent::dispatch (69 bytes)
Event: 2696,277 Thread 0x00007f8f980bc800 nmethod 1806 0x00007f8f89239950 code [0x00007f8f89239ae0, 0x00007f8f89239c98]
Event: 2733,945 Thread 0x00007f8f980bf800 1807       4       java.awt.EventQueue$3::run (5 bytes)
Event: 2733,958 Thread 0x00007f8f980bf800 nmethod 1807 0x00007f8f8939ce90 code [0x00007f8f8939d080, 0x00007f8f8939d4e0]
Event: 2790,471 Thread 0x00007f8f980bc800 1808       4       javax.swing.JLabel::<init> (92 bytes)
Event: 2790,494 Thread 0x00007f8f980bc800 nmethod 1808 0x00007f8f893416d0 code [0x00007f8f893419c0, 0x00007f8f89342908]
Event: 2925,502 Thread 0x00007f8f980bf800 1809       4       java.util.concurrent.locks.AbstractQueuedSynchronizer::enq (58 bytes)
Event: 2925,504 Thread 0x00007f8f980bf800 nmethod 1809 0x00007f8f89273a90 code [0x00007f8f89273be0, 0x00007f8f89273cf8]
Event: 3020,361 Thread 0x00007f8f980bf800 1810       4       java.util.concurrent.locks.AbstractQueuedSynchronizer::transferForSignal (45 bytes)
Event: 3020,366 Thread 0x00007f8f980bf800 nmethod 1810 0x00007f8f89538a50 code [0x00007f8f89538bc0, 0x00007f8f89538da8]

GC Heap History (10 events):
Event: 3175,586 GC heap after
Heap after GC invocations=360 (full 6):
 PSYoungGen      total 9216K, used 7128K [0x00000000d6800000, 0x00000000d7980000, 0x0000000100000000)
  eden space 512K, 0% used [0x00000000d6800000,0x00000000d6800000,0x00000000d6880000)
  from space 8704K, 81% used [0x00000000d7100000,0x00000000d77f61a8,0x00000000d7980000)
  to   space 8704K, 0% used [0x00000000d6880000,0x00000000d6880000,0x00000000d7100000)
 ParOldGen       total 385024K, used 381119K [0x0000000083800000, 0x000000009b000000, 0x00000000d6800000)
  object space 385024K, 98% used [0x0000000083800000,0x000000009ac2ffc8,0x000000009b000000)
 Metaspace       used 11209K, capacity 11412K, committed 11648K, reserved 1058816K
  class space    used 1236K, capacity 1326K, committed 1408K, reserved 1048576K
}
Event: 3179,340 GC heap before
{Heap before GC invocations=361 (full 6):
 PSYoungGen      total 9216K, used 7640K [0x00000000d6800000, 0x00000000d7980000, 0x0000000100000000)
  eden space 512K, 100% used [0x00000000d6800000,0x00000000d6880000,0x00000000d6880000)
  from space 8704K, 81% used [0x00000000d7100000,0x00000000d77f61a8,0x00000000d7980000)
  to   space 8704K, 0% used [0x00000000d6880000,0x00000000d6880000,0x00000000d7100000)
 ParOldGen       total 385024K, used 381119K [0x0000000083800000, 0x000000009b000000, 0x00000000d6800000)
  object space 385024K, 98% used [0x0000000083800000,0x000000009ac2ffc8,0x000000009b000000)
 Metaspace       used 11209K, capacity 11412K, committed 11648K, reserved 1058816K
  class space    used 1236K, capacity 1326K, committed 1408K, reserved 1048576K
Event: 3179,398 GC heap after
Heap after GC invocations=361 (full 6):
 PSYoungGen      total 9216K, used 7128K [0x00000000d6800000, 0x00000000d7980000, 0x0000000100000000)
  eden space 512K, 0% used [0x00000000d6800000,0x00000000d6800000,0x00000000d6880000)
  from space 8704K, 81% used [0x00000000d6880000,0x00000000d6f761a8,0x00000000d7100000)
  to   space 8704K, 0% used [0x00000000d7100000,0x00000000d7100000,0x00000000d7980000)
 ParOldGen       total 385024K, used 381599K [0x0000000083800000, 0x000000009b000000, 0x00000000d6800000)
  object space 385024K, 99% used [0x0000000083800000,0x000000009aca7fc8,0x000000009b000000)
 Metaspace       used 11209K, capacity 11412K, committed 11648K, reserved 1058816K
  class space    used 1236K, capacity 1326K, committed 1408K, reserved 1048576K
}
Event: 3183,159 GC heap before
{Heap before GC invocations=362 (full 6):
 PSYoungGen      total 9216K, used 7640K [0x00000000d6800000, 0x00000000d7980000, 0x0000000100000000)
  eden space 512K, 100% used [0x00000000d6800000,0x00000000d6880000,0x00000000d6880000)
  from space 8704K, 81% used [0x00000000d6880000,0x00000000d6f761a8,0x00000000d7100000)
  to   space 8704K, 0% used [0x00000000d7100000,0x00000000d7100000,0x00000000d7980000)
 ParOldGen       total 385024K, used 381599K [0x0000000083800000, 0x000000009b000000, 0x00000000d6800000)
  object space 385024K, 99% used [0x0000000083800000,0x000000009aca7fc8,0x000000009b000000)
 Metaspace       used 11209K, capacity 11412K, committed 11648K, reserved 1058816K
  class space    used 1236K, capacity 1326K, committed 1408K, reserved 1048576K
Event: 3183,183 GC heap after
Heap after GC invocations=362 (full 6):
 PSYoungGen      total 9216K, used 6680K [0x00000000d6800000, 0x00000000d7980000, 0x0000000100000000)
  eden space 512K, 0% used [0x00000000d6800000,0x00000000d6800000,0x00000000d6880000)
  from space 8704K, 76% used [0x00000000d7100000,0x00000000d77861a8,0x00000000d7980000)
  to   space 8704K, 0% used [0x00000000d6880000,0x00000000d6880000,0x00000000d7100000)
 ParOldGen       total 385024K, used 382551K [0x0000000083800000, 0x000000009b000000, 0x00000000d6800000)
  object space 385024K, 99% used [0x0000000083800000,0x000000009ad95fc8,0x000000009b000000)
 Metaspace       used 11209K, capacity 11412K, committed 11648K, reserved 1058816K
  class space    used 1236K, capacity 1326K, committed 1408K, reserved 1048576K
}
Event: 3187,712 GC heap before
{Heap before GC invocations=363 (full 6):
 PSYoungGen      total 9216K, used 7192K [0x00000000d6800000, 0x00000000d7980000, 0x0000000100000000)
  eden space 512K, 100% used [0x00000000d6800000,0x00000000d6880000,0x00000000d6880000)
  from space 8704K, 76% used [0x00000000d7100000,0x00000000d77861a8,0x00000000d7980000)
  to   space 8704K, 0% used [0x00000000d6880000,0x00000000d6880000,0x00000000d7100000)
 ParOldGen       total 385024K, used 382551K [0x0000000083800000, 0x000000009b000000, 0x00000000d6800000)
  object space 385024K, 99% used [0x0000000083800000,0x000000009ad95fc8,0x000000009b000000)
 Metaspace       used 11209K, capacity 11412K, committed 11648K, reserved 1058816K
  class space    used 1236K, capacity 1326K, committed 1408K, reserved 1048576K
Event: 3187,724 GC heap after
Heap after GC invocations=363 (full 6):
 PSYoungGen      total 9216K, used 6168K [0x00000000d6800000, 0x00000000d7980000, 0x0000000100000000)
  eden space 512K, 0% used [0x00000000d6800000,0x00000000d6800000,0x00000000d6880000)
  from space 8704K, 70% used [0x00000000d6880000,0x00000000d6e861a8,0x00000000d7100000)
  to   space 8704K, 0% used [0x00000000d7100000,0x00000000d7100000,0x00000000d7980000)
 ParOldGen       total 385024K, used 383519K [0x0000000083800000, 0x000000009b000000, 0x00000000d6800000)
  object space 385024K, 99% used [0x0000000083800000,0x000000009ae87fc8,0x000000009b000000)
 Metaspace       used 11209K, capacity 11412K, committed 11648K, reserved 1058816K
  class space    used 1236K, capacity 1326K, committed 1408K, reserved 1048576K
}
Event: 3191,518 GC heap before
{Heap before GC invocations=364 (full 6):
 PSYoungGen      total 9216K, used 6680K [0x00000000d6800000, 0x00000000d7980000, 0x0000000100000000)
  eden space 512K, 100% used [0x00000000d6800000,0x00000000d6880000,0x00000000d6880000)
  from space 8704K, 70% used [0x00000000d6880000,0x00000000d6e861a8,0x00000000d7100000)
  to   space 8704K, 0% used [0x00000000d7100000,0x00000000d7100000,0x00000000d7980000)
 ParOldGen       total 385024K, used 383519K [0x0000000083800000, 0x000000009b000000, 0x00000000d6800000)
  object space 385024K, 99% used [0x0000000083800000,0x000000009ae87fc8,0x000000009b000000)
 Metaspace       used 11209K, capacity 11412K, committed 11648K, reserved 1058816K
  class space    used 1236K, capacity 1326K, committed 1408K, reserved 1048576K
Event: 3191,533 GC heap after
Heap after GC invocations=364 (full 6):
 PSYoungGen      total 9216K, used 5696K [0x00000000d6800000, 0x00000000d7980000, 0x0000000100000000)
  eden space 512K, 0% used [0x00000000d6800000,0x00000000d6800000,0x00000000d6880000)
  from space 8704K, 65% used [0x00000000d7100000,0x00000000d7690000,0x00000000d7980000)
  to   space 8704K, 0% used [0x00000000d6880000,0x00000000d6880000,0x00000000d7100000)
 ParOldGen       total 385024K, used 384487K [0x0000000083800000, 0x000000009b000000, 0x00000000d6800000)
  object space 385024K, 99% used [0x0000000083800000,0x000000009af79fc8,0x000000009b000000)
 Metaspace       used 11209K, capacity 11412K, committed 11648K, reserved 1058816K
  class space    used 1236K, capacity 1326K, committed 1408K, reserved 1048576K
}
Event: 3191,533 GC heap before
{Heap before GC invocations=365 (full 7):
 PSYoungGen      total 9216K, used 5696K [0x00000000d6800000, 0x00000000d7980000, 0x0000000100000000)
  eden space 512K, 0% used [0x00000000d6800000,0x00000000d6800000,0x00000000d6880000)
  from space 8704K, 65% used [0x00000000d7100000,0x00000000d7690000,0x00000000d7980000)
  to   space 8704K, 0% used [0x00000000d6880000,0x00000000d6880000,0x00000000d7100000)
 ParOldGen       total 385024K, used 384487K [0x0000000083800000, 0x000000009b000000, 0x00000000d6800000)
  object space 385024K, 99% used [0x0000000083800000,0x000000009af79fc8,0x000000009b000000)
 Metaspace       used 11209K, capacity 11412K, committed 11648K, reserved 1058816K
  class space    used 1236K, capacity 1326K, committed 1408K, reserved 1048576K

Deoptimization events (10 events):
Event: 2,212 Thread 0x00007f8f98009800 Uncommon trap: reason=unstable_if action=reinterpret pc=0x00007f8f89331e00 method=java.awt.Component.setBoundsOp(I)V @ 42
Event: 2,221 Thread 0x00007f8f9825c000 Uncommon trap: reason=unstable_if action=reinterpret pc=0x00007f8f89314e44 method=java.awt.Component.isShowing()Z @ 11
Event: 2,973 Thread 0x00007f8f98009800 Uncommon trap: reason=unstable_if action=reinterpret pc=0x00007f8f892ab8c4 method=java.awt.Component.setBoundsOp(I)V @ 42
Event: 2,986 Thread 0x00007f8f9825c000 Uncommon trap: reason=unstable_if action=reinterpret pc=0x00007f8f8932bfa4 method=java.awt.Component.firePropertyChange(Ljava/lang/String;Ljava/lang/Object;Ljava/lang/Object;)V @ 46
Event: 9,058 Thread 0x00007f8f9825c000 Uncommon trap: reason=unstable_if action=reinterpret pc=0x00007f8f8937718c method=java.lang.ref.SoftReference.get()Ljava/lang/Object; @ 17
Event: 9,058 Thread 0x00007f8f9825c000 Uncommon trap: reason=unstable_if action=reinterpret pc=0x00007f8f893d7ca8 method=java.lang.ref.SoftReference.get()Ljava/lang/Object; @ 17
Event: 15,837 Thread 0x00007f8f98216000 Uncommon trap: reason=unstable_if action=reinterpret pc=0x00007f8f893f38b4 method=sun.awt.SunToolkit.getAppContext(Ljava/lang/Object;)Lsun/awt/AppContext; @ 4
Event: 16,157 Thread 0x00007f8f98216000 Uncommon trap: reason=unstable_if action=reinterpret pc=0x00007f8f8939bf28 method=sun.awt.SunToolkit.getAppContext(Ljava/lang/Object;)Lsun/awt/AppContext; @ 4
Event: 16,583 Thread 0x00007f8f9825c000 Uncommon trap: reason=unstable_if action=reinterpret pc=0x00007f8f8940b2a8 method=javax.swing.JComponent.paint(Ljava/awt/Graphics;)V @ 130
Event: 1493,752 Thread 0x00007f8f9825c000 Uncommon trap: reason=unstable_if action=reinterpret pc=0x00007f8f89509cd8 method=sun.awt.PostEventQueue.flush()V @ 23

Internal exceptions (10 events):
Event: 0,111 Thread 0x00007f8f98009800 Exception <a 'java/security/PrivilegedActionException'> (0x00000000d687be88) thrown at [/HUDSON3/workspace/8-2-build-linux-amd64/jdk8u144/9417/hotspot/src/share/vm/prims/jvm.cpp, line 1390]
Event: 0,112 Thread 0x00007f8f98009800 Exception <a 'java/security/PrivilegedActionException'> (0x00000000d687e730) thrown at [/HUDSON3/workspace/8-2-build-linux-amd64/jdk8u144/9417/hotspot/src/share/vm/prims/jvm.cpp, line 1390]
Event: 0,112 Thread 0x00007f8f98009800 Exception <a 'java/security/PrivilegedActionException'> (0x00000000d687e940) thrown at [/HUDSON3/workspace/8-2-build-linux-amd64/jdk8u144/9417/hotspot/src/share/vm/prims/jvm.cpp, line 1390]
Event: 0,171 Thread 0x00007f8f98009800 Exception <a 'java/lang/NoSuchFieldError': method resolution failed> (0x00000000d69f0040) thrown at [/HUDSON3/workspace/8-2-build-linux-amd64/jdk8u144/9417/hotspot/src/share/vm/prims/methodHandles.cpp, line 1146]
Event: 0,174 Thread 0x00007f8f98009800 Exception <a 'java/lang/NoSuchFieldError': method resolution failed> (0x00000000d69fd810) thrown at [/HUDSON3/workspace/8-2-build-linux-amd64/jdk8u144/9417/hotspot/src/share/vm/prims/methodHandles.cpp, line 1146]
Event: 0,196 Thread 0x00007f8f98009800 Exception <a 'java/io/FileNotFoundException'> (0x00000000d6a7c600) thrown at [/HUDSON3/workspace/8-2-build-linux-amd64/jdk8u144/9417/hotspot/src/share/vm/prims/jni.cpp, line 709]
Event: 0,196 Thread 0x00007f8f98009800 Exception <a 'java/io/FileNotFoundException'> (0x00000000d6a7d140) thrown at [/HUDSON3/workspace/8-2-build-linux-amd64/jdk8u144/9417/hotspot/src/share/vm/prims/jni.cpp, line 709]
Event: 0,323 Thread 0x00007f8f98009800 Implicit null exception at 0x00007f8f89173062 to 0x00007f8f89173235
Event: 16,583 Thread 0x00007f8f9825c000 Implicit null exception at 0x00007f8f89408923 to 0x00007f8f8940b285
Event: 1498,336 Thread 0x00007f8f98258800 Exception <a 'java/lang/OutOfMemoryError': unable to create new native thread> (0x00000000d684fda0) thrown at [/HUDSON3/workspace/8-2-build-linux-amd64/jdk8u144/9417/hotspot/src/share/vm/prims/jvm.cpp, line 3033]

Events (10 events):
Event: 3171,820 Executing VM operation: ParallelGCFailedAllocation done
Event: 3175,574 Executing VM operation: ParallelGCFailedAllocation
Event: 3175,586 Executing VM operation: ParallelGCFailedAllocation done
Event: 3179,340 Executing VM operation: ParallelGCFailedAllocation
Event: 3179,398 Executing VM operation: ParallelGCFailedAllocation done
Event: 3183,157 Executing VM operation: ParallelGCFailedAllocation
Event: 3183,183 Executing VM operation: ParallelGCFailedAllocation done
Event: 3187,712 Executing VM operation: ParallelGCFailedAllocation
Event: 3187,724 Executing VM operation: ParallelGCFailedAllocation done
Event: 3191,516 Executing VM operation: ParallelGCFailedAllocation


Dynamic libraries:
00400000-00401000 r-xp 00000000 08:05 655597                             /home/sebastian/dev/java/jdk1.8.0_144/bin/java
00600000-00601000 rw-p 00000000 08:05 655597                             /home/sebastian/dev/java/jdk1.8.0_144/bin/java
01e0f000-01e30000 rw-p 00000000 00:00 0                                  [heap]
83800000-9b000000 rw-p 00000000 00:00 0 
9d180000-d6800000 ---p 00000000 00:00 0 
d6800000-d7980000 rw-p 00000000 00:00 0 
d7980000-100000000 ---p 00000000 00:00 0 
100000000-100160000 rw-p 00000000 00:00 0 
100160000-140000000 ---p 00000000 00:00 0 
7f8f2c000000-7f8f2c021000 rw-p 00000000 00:00 0 
7f8f2c021000-7f8f30000000 ---p 00000000 00:00 0 
7f8f30000000-7f8f302e7000 rw-p 00000000 00:00 0 
7f8f302e7000-7f8f34000000 ---p 00000000 00:00 0 
7f8f3473b000-7f8f347a4000 r-xp 00000000 08:05 655736                     /home/sebastian/dev/java/jdk1.8.0_144/jre/lib/amd64/libt2k.so
7f8f347a4000-7f8f349a4000 ---p 00069000 08:05 655736                     /home/sebastian/dev/java/jdk1.8.0_144/jre/lib/amd64/libt2k.so
7f8f349a4000-7f8f349ab000 rw-p 00069000 08:05 655736                     /home/sebastian/dev/java/jdk1.8.0_144/jre/lib/amd64/libt2k.so
7f8f349ab000-7f8f349bb000 rw-p 00000000 00:00 0 
7f8f349bb000-7f8f349cc000 r-xp 00000000 08:05 655704                     /home/sebastian/dev/java/jdk1.8.0_144/jre/lib/amd64/libnio.so
7f8f349cc000-7f8f34bcb000 ---p 00011000 08:05 655704                     /home/sebastian/dev/java/jdk1.8.0_144/jre/lib/amd64/libnio.so
7f8f34bcb000-7f8f34bcc000 rw-p 00010000 08:05 655704                     /home/sebastian/dev/java/jdk1.8.0_144/jre/lib/amd64/libnio.so
7f8f34bd3000-7f8f34bea000 r-xp 00000000 08:06 296034                     /lib/x86_64-linux-gnu/libresolv-2.23.so
7f8f34bea000-7f8f34dea000 ---p 00017000 08:06 296034                     /lib/x86_64-linux-gnu/libresolv-2.23.so
7f8f34dea000-7f8f34deb000 r--p 00017000 08:06 296034                     /lib/x86_64-linux-gnu/libresolv-2.23.so
7f8f34deb000-7f8f34dec000 rw-p 00018000 08:06 296034                     /lib/x86_64-linux-gnu/libresolv-2.23.so
7f8f34dec000-7f8f34dee000 rw-p 00000000 00:00 0 
7f8f34df3000-7f8f34df8000 r-xp 00000000 08:06 296041                     /lib/x86_64-linux-gnu/libnss_dns-2.23.so
7f8f34df8000-7f8f34ff8000 ---p 00005000 08:06 296041                     /lib/x86_64-linux-gnu/libnss_dns-2.23.so
7f8f34ff8000-7f8f34ff9000 r--p 00005000 08:06 296041                     /lib/x86_64-linux-gnu/libnss_dns-2.23.so
7f8f34ff9000-7f8f34ffa000 rw-p 00006000 08:06 296041                     /lib/x86_64-linux-gnu/libnss_dns-2.23.so
7f8f34fff000-7f8f38000000 rw-p 00000000 00:00 0 
7f8f38000000-7f8f38030000 rw-p 00000000 00:00 0 
7f8f38030000-7f8f3c000000 ---p 00000000 00:00 0 
7f8f3c000000-7f8f3c021000 rw-p 00000000 00:00 0 
7f8f3c021000-7f8f40000000 ---p 00000000 00:00 0 
7f8f40000000-7f8f40021000 rw-p 00000000 00:00 0 
7f8f40021000-7f8f44000000 ---p 00000000 00:00 0 
7f8f44000000-7f8f44021000 rw-p 00000000 00:00 0 
7f8f44021000-7f8f48000000 ---p 00000000 00:00 0 
7f8f48000000-7f8f48405000 rw-p 00000000 00:00 0 
7f8f48405000-7f8f4c000000 ---p 00000000 00:00 0 
7f8f4c000000-7f8f4c021000 rw-p 00000000 00:00 0 
7f8f4c021000-7f8f50000000 ---p 00000000 00:00 0 
7f8f50000000-7f8f51a56000 rw-p 00000000 00:00 0 
7f8f51a56000-7f8f54000000 ---p 00000000 00:00 0 
7f8f54000000-7f8f548c6000 rw-p 00000000 00:00 0 
7f8f548c6000-7f8f58000000 ---p 00000000 00:00 0 
7f8f58000000-7f8f58021000 rw-p 00000000 00:00 0 
7f8f58021000-7f8f5c000000 ---p 00000000 00:00 0 
7f8f5c000000-7f8f5c021000 rw-p 00000000 00:00 0 
7f8f5c021000-7f8f60000000 ---p 00000000 00:00 0 
7f8f60000000-7f8f602af000 rw-p 00000000 00:00 0 
7f8f602af000-7f8f64000000 ---p 00000000 00:00 0 
7f8f64000000-7f8f64021000 rw-p 00000000 00:00 0 
7f8f64021000-7f8f68000000 ---p 00000000 00:00 0 
7f8f68000000-7f8f68021000 rw-p 00000000 00:00 0 
7f8f68021000-7f8f6c000000 ---p 00000000 00:00 0 
7f8f6c0ca000-7f8f6c0cd000 ---p 00000000 00:00 0 
7f8f6c0cd000-7f8f6c1cb000 rw-p 00000000 00:00 0 
7f8f6c1cb000-7f8f6c1cd000 r-xp 00000000 08:06 268715                     /lib/x86_64-linux-gnu/libnss_mdns4_minimal.so.2
7f8f6c1cd000-7f8f6c3cc000 ---p 00002000 08:06 268715                     /lib/x86_64-linux-gnu/libnss_mdns4_minimal.so.2
7f8f6c3cc000-7f8f6c3cd000 r--p 00001000 08:06 268715                     /lib/x86_64-linux-gnu/libnss_mdns4_minimal.so.2
7f8f6c3cd000-7f8f6c3ce000 rw-p 00002000 08:06 268715                     /lib/x86_64-linux-gnu/libnss_mdns4_minimal.so.2
7f8f6c3d3000-7f8f6c3e9000 r-xp 00000000 08:05 655679                     /home/sebastian/dev/java/jdk1.8.0_144/jre/lib/amd64/libnet.so
7f8f6c3e9000-7f8f6c5e9000 ---p 00016000 08:05 655679                     /home/sebastian/dev/java/jdk1.8.0_144/jre/lib/amd64/libnet.so
7f8f6c5e9000-7f8f6c5ea000 rw-p 00016000 08:05 655679                     /home/sebastian/dev/java/jdk1.8.0_144/jre/lib/amd64/libnet.so
7f8f6c5f0000-7f8f6c7f0000 rw-p 00000000 00:00 0 
7f8f6c7f0000-7f8f6c7f3000 ---p 00000000 00:00 0 
7f8f6c7f3000-7f8f6c8f1000 rw-p 00000000 00:00 0 
7f8f6c8f1000-7f8f6c8f4000 ---p 00000000 00:00 0 
7f8f6c8f4000-7f8f6c9f2000 rw-p 00000000 00:00 0 
7f8f6c9f2000-7f8f6c9f5000 ---p 00000000 00:00 0 
7f8f6c9f5000-7f8f6caf3000 rw-p 00000000 00:00 0 
7f8f6caf3000-7f8f6caf8000 r-xp 00000000 08:06 142336                     /usr/lib/x86_64-linux-gnu/libXfixes.so.3.1.0
7f8f6caf8000-7f8f6ccf7000 ---p 00005000 08:06 142336                     /usr/lib/x86_64-linux-gnu/libXfixes.so.3.1.0
7f8f6ccf7000-7f8f6ccf8000 r--p 00004000 08:06 142336                     /usr/lib/x86_64-linux-gnu/libXfixes.so.3.1.0
7f8f6ccf8000-7f8f6ccf9000 rw-p 00005000 08:06 142336                     /usr/lib/x86_64-linux-gnu/libXfixes.so.3.1.0
7f8f6ccfb000-7f8f6cd04000 r-xp 00000000 08:06 131809                     /usr/lib/x86_64-linux-gnu/libXcursor.so.1.0.2
7f8f6cd04000-7f8f6cf03000 ---p 00009000 08:06 131809                     /usr/lib/x86_64-linux-gnu/libXcursor.so.1.0.2
7f8f6cf03000-7f8f6cf04000 r--p 00008000 08:06 131809                     /usr/lib/x86_64-linux-gnu/libXcursor.so.1.0.2
7f8f6cf04000-7f8f6cf05000 rw-p 00009000 08:06 131809                     /usr/lib/x86_64-linux-gnu/libXcursor.so.1.0.2
7f8f6cf0a000-7f8f6cf0d000 ---p 00000000 00:00 0 
7f8f6cf0d000-7f8f6d00b000 rw-p 00000000 00:00 0 
7f8f6d00b000-7f8f6d021000 r-xp 00000000 08:06 268648                     /lib/x86_64-linux-gnu/libgcc_s.so.1
7f8f6d021000-7f8f6d220000 ---p 00016000 08:06 268648                     /lib/x86_64-linux-gnu/libgcc_s.so.1
7f8f6d220000-7f8f6d221000 rw-p 00015000 08:06 268648                     /lib/x86_64-linux-gnu/libgcc_s.so.1
7f8f6d223000-7f8f6d288000 r-xp 00000000 08:05 655698                     /home/sebastian/dev/java/jdk1.8.0_144/jre/lib/amd64/libfontmanager.so
7f8f6d288000-7f8f6d487000 ---p 00065000 08:05 655698                     /home/sebastian/dev/java/jdk1.8.0_144/jre/lib/amd64/libfontmanager.so
7f8f6d487000-7f8f6d48c000 rw-p 00064000 08:05 655698                     /home/sebastian/dev/java/jdk1.8.0_144/jre/lib/amd64/libfontmanager.so
7f8f6d48c000-7f8f6d49c000 rw-p 00000000 00:00 0 
7f8f6d4a3000-7f8f6d4a8000 r-xp 00000000 08:06 142332                     /usr/lib/x86_64-linux-gnu/libXdmcp.so.6.0.0
7f8f6d4a8000-7f8f6d6a7000 ---p 00005000 08:06 142332                     /usr/lib/x86_64-linux-gnu/libXdmcp.so.6.0.0
7f8f6d6a7000-7f8f6d6a8000 r--p 00004000 08:06 142332                     /usr/lib/x86_64-linux-gnu/libXdmcp.so.6.0.0
7f8f6d6a8000-7f8f6d6a9000 rw-p 00005000 08:06 142332                     /usr/lib/x86_64-linux-gnu/libXdmcp.so.6.0.0
7f8f6d6ab000-7f8f6d6ad000 r-xp 00000000 08:06 142321                     /usr/lib/x86_64-linux-gnu/libXau.so.6.0.0
7f8f6d6ad000-7f8f6d8ad000 ---p 00002000 08:06 142321                     /usr/lib/x86_64-linux-gnu/libXau.so.6.0.0
7f8f6d8ad000-7f8f6d8ae000 r--p 00002000 08:06 142321                     /usr/lib/x86_64-linux-gnu/libXau.so.6.0.0
7f8f6d8ae000-7f8f6d8af000 rw-p 00003000 08:06 142321                     /usr/lib/x86_64-linux-gnu/libXau.so.6.0.0
7f8f6d8b3000-7f8f6d8d4000 r-xp 00000000 08:06 143554                     /usr/lib/x86_64-linux-gnu/libxcb.so.1.1.0
7f8f6d8d4000-7f8f6dad3000 ---p 00021000 08:06 143554                     /usr/lib/x86_64-linux-gnu/libxcb.so.1.1.0
7f8f6dad3000-7f8f6dad4000 r--p 00020000 08:06 143554                     /usr/lib/x86_64-linux-gnu/libxcb.so.1.1.0
7f8f6dad4000-7f8f6dad5000 rw-p 00021000 08:06 143554                     /usr/lib/x86_64-linux-gnu/libxcb.so.1.1.0
7f8f6dadb000-7f8f6daea000 r-xp 00000000 08:06 142344                     /usr/lib/x86_64-linux-gnu/libXi.so.6.1.0
7f8f6daea000-7f8f6dce9000 ---p 0000f000 08:06 142344                     /usr/lib/x86_64-linux-gnu/libXi.so.6.1.0
7f8f6dce9000-7f8f6dcea000 r--p 0000e000 08:06 142344                     /usr/lib/x86_64-linux-gnu/libXi.so.6.1.0
7f8f6dcea000-7f8f6dceb000 rw-p 0000f000 08:06 142344                     /usr/lib/x86_64-linux-gnu/libXi.so.6.1.0
7f8f6dceb000-7f8f6dcf0000 r-xp 00000000 08:06 142362                     /usr/lib/x86_64-linux-gnu/libXtst.so.6.1.0
7f8f6dcf0000-7f8f6deef000 ---p 00005000 08:06 142362                     /usr/lib/x86_64-linux-gnu/libXtst.so.6.1.0
7f8f6deef000-7f8f6def0000 r--p 00004000 08:06 142362                     /usr/lib/x86_64-linux-gnu/libXtst.so.6.1.0
7f8f6def0000-7f8f6def1000 rw-p 00005000 08:06 142362                     /usr/lib/x86_64-linux-gnu/libXtst.so.6.1.0
7f8f6def3000-7f8f6defc000 r-xp 00000000 08:06 142356                     /usr/lib/x86_64-linux-gnu/libXrender.so.1.3.0
7f8f6defc000-7f8f6e0fb000 ---p 00009000 08:06 142356                     /usr/lib/x86_64-linux-gnu/libXrender.so.1.3.0
7f8f6e0fb000-7f8f6e0fc000 r--p 00008000 08:06 142356                     /usr/lib/x86_64-linux-gnu/libXrender.so.1.3.0
7f8f6e0fc000-7f8f6e0fd000 rw-p 00009000 08:06 142356                     /usr/lib/x86_64-linux-gnu/libXrender.so.1.3.0
7f8f6e103000-7f8f6e238000 r-xp 00000000 08:06 142317                     /usr/lib/x86_64-linux-gnu/libX11.so.6.3.0
7f8f6e238000-7f8f6e438000 ---p 00135000 08:06 142317                     /usr/lib/x86_64-linux-gnu/libX11.so.6.3.0
7f8f6e438000-7f8f6e439000 r--p 00135000 08:06 142317                     /usr/lib/x86_64-linux-gnu/libX11.so.6.3.0
7f8f6e439000-7f8f6e43d000 rw-p 00136000 08:06 142317                     /usr/lib/x86_64-linux-gnu/libX11.so.6.3.0
7f8f6e443000-7f8f6e454000 r-xp 00000000 08:06 142334                     /usr/lib/x86_64-linux-gnu/libXext.so.6.4.0
7f8f6e454000-7f8f6e653000 ---p 00011000 08:06 142334                     /usr/lib/x86_64-linux-gnu/libXext.so.6.4.0
7f8f6e653000-7f8f6e654000 r--p 00010000 08:06 142334                     /usr/lib/x86_64-linux-gnu/libXext.so.6.4.0
7f8f6e654000-7f8f6e655000 rw-p 00011000 08:06 142334                     /usr/lib/x86_64-linux-gnu/libXext.so.6.4.0
7f8f6e65b000-7f8f6e6af000 r-xp 00000000 08:05 655706                     /home/sebastian/dev/java/jdk1.8.0_144/jre/lib/amd64/libawt_xawt.so
7f8f6e6af000-7f8f6e8af000 ---p 00054000 08:05 655706                     /home/sebastian/dev/java/jdk1.8.0_144/jre/lib/amd64/libawt_xawt.so
7f8f6e8af000-7f8f6e8b3000 rw-p 00054000 08:05 655706                     /home/sebastian/dev/java/jdk1.8.0_144/jre/lib/amd64/libawt_xawt.so
7f8f6e8b3000-7f8f6e8b4000 rw-p 00000000 00:00 0 
7f8f6e8bb000-7f8f6e95d000 r-xp 00000000 08:05 655739                     /home/sebastian/dev/java/jdk1.8.0_144/jre/lib/amd64/libawt.so
7f8f6e95d000-7f8f6eb5d000 ---p 000a2000 08:05 655739                     /home/sebastian/dev/java/jdk1.8.0_144/jre/lib/amd64/libawt.so
7f8f6eb5d000-7f8f6eb69000 rw-p 000a2000 08:05 655739                     /home/sebastian/dev/java/jdk1.8.0_144/jre/lib/amd64/libawt.so
7f8f6eb69000-7f8f6eb8d000 rw-p 00000000 00:00 0 
7f8f6eb8d000-7f8f6eb8e000 ---p 00000000 00:00 0 
7f8f6eb8e000-7f8f6ec8e000 rw-p 00000000 00:00 0 
7f8f6ec8e000-7f8f6ec91000 ---p 00000000 00:00 0 
7f8f6ec91000-7f8f6ed8f000 rw-p 00000000 00:00 0 
7f8f6ed8f000-7f8f6ed92000 ---p 00000000 00:00 0 
7f8f6ed92000-7f8f6ee90000 rw-p 00000000 00:00 0 
7f8f6ee90000-7f8f6ee93000 ---p 00000000 00:00 0 
7f8f6ee93000-7f8f6ef91000 rw-p 00000000 00:00 0 
7f8f6ef91000-7f8f6ef94000 ---p 00000000 00:00 0 
7f8f6ef94000-7f8f6f092000 rw-p 00000000 00:00 0 
7f8f6f092000-7f8f6f095000 ---p 00000000 00:00 0 
7f8f6f095000-7f8f6f193000 rw-p 00000000 00:00 0 
7f8f6f193000-7f8f6f5ef000 r--p 00000000 08:06 133935                     /usr/lib/locale/locale-archive
7f8f6f5f6000-7f8f6f5f9000 ---p 00000000 00:00 0 
7f8f6f5f9000-7f8f6f6f7000 rw-p 00000000 00:00 0 
7f8f6f6f7000-7f8f6f6fa000 ---p 00000000 00:00 0 
7f8f6f6fa000-7f8f6f7f8000 rw-p 00000000 00:00 0 
7f8f6f7f8000-7f8f6f7f9000 ---p 00000000 00:00 0 
7f8f6f7f9000-7f8f70000000 rw-p 00000000 00:00 0 
7f8f70000000-7f8f70021000 rw-p 00000000 00:00 0 
7f8f70021000-7f8f74000000 ---p 00000000 00:00 0 
7f8f74000000-7f8f74021000 rw-p 00000000 00:00 0 
7f8f74021000-7f8f78000000 ---p 00000000 00:00 0 
7f8f78000000-7f8f78021000 rw-p 00000000 00:00 0 
7f8f78021000-7f8f7c000000 ---p 00000000 00:00 0 
7f8f7c000000-7f8f7c021000 rw-p 00000000 00:00 0 
7f8f7c021000-7f8f80000000 ---p 00000000 00:00 0 
7f8f80000000-7f8f80021000 rw-p 00000000 00:00 0 
7f8f80021000-7f8f84000000 ---p 00000000 00:00 0 
7f8f840d3000-7f8f840f9000 r--p 00000000 08:06 537433                     /usr/share/locale-langpack/de/LC_MESSAGES/libc.mo
7f8f840ff000-7f8f84fe0000 rw-p 00000000 00:00 0 
7f8f84fe0000-7f8f851ba000 r--s 03d4d000 08:05 655671                     /home/sebastian/dev/java/jdk1.8.0_144/jre/lib/rt.jar
7f8f851c0000-7f8f89000000 rw-p 00000000 00:00 0 
7f8f89000000-7f8f89580000 rwxp 00000000 00:00 0 
7f8f89580000-7f8f98000000 ---p 00000000 00:00 0 
7f8f98000000-7f8f984f6000 rw-p 00000000 00:00 0 
7f8f984f6000-7f8f9c000000 ---p 00000000 00:00 0 
7f8f9c00b000-7f8f9c012000 r--s 00000000 08:06 402275                     /usr/lib/x86_64-linux-gnu/gconv/gconv-modules.cache
7f8f9c015000-7f8f9cc90000 rw-p 00000000 00:00 0 
7f8f9cc90000-7f8f9cc91000 ---p 00000000 00:00 0 
7f8f9cc91000-7f8f9cd91000 rw-p 00000000 00:00 0 
7f8f9cd91000-7f8f9cd92000 ---p 00000000 00:00 0 
7f8f9cd92000-7f8f9ce92000 rw-p 00000000 00:00 0 
7f8f9ce92000-7f8f9ce93000 ---p 00000000 00:00 0 
7f8f9ce93000-7f8f9cf93000 rw-p 00000000 00:00 0 
7f8f9cf93000-7f8f9cf94000 ---p 00000000 00:00 0 
7f8f9cf94000-7f8f9d094000 rw-p 00000000 00:00 0 
7f8f9d094000-7f8f9d095000 ---p 00000000 00:00 0 
7f8f9d095000-7f8f9d195000 rw-p 00000000 00:00 0 
7f8f9d195000-7f8f9d196000 ---p 00000000 00:00 0 
7f8f9d196000-7f8f9d352000 rw-p 00000000 00:00 0 
7f8f9d352000-7f8f9d52e000 ---p 00000000 00:00 0 
7f8f9d52e000-7f8f9d5ea000 rw-p 00000000 00:00 0 
7f8f9d5ea000-7f8f9d7c6000 ---p 00000000 00:00 0 
7f8f9d7c6000-7f8f9d7cf000 rw-p 00000000 00:00 0 
7f8f9d7cf000-7f8f9d912000 ---p 00000000 00:00 0 
7f8f9d912000-7f8f9d929000 rw-p 00000000 00:00 0 
7f8f9d929000-7f8f9dcd3000 ---p 00000000 00:00 0 
7f8f9dcd3000-7f8f9dced000 r-xp 00000000 08:05 655702                     /home/sebastian/dev/java/jdk1.8.0_144/jre/lib/amd64/libzip.so
7f8f9dced000-7f8f9deed000 ---p 0001a000 08:05 655702                     /home/sebastian/dev/java/jdk1.8.0_144/jre/lib/amd64/libzip.so
7f8f9deed000-7f8f9deee000 rw-p 0001a000 08:05 655702                     /home/sebastian/dev/java/jdk1.8.0_144/jre/lib/amd64/libzip.so
7f8f9def3000-7f8f9defe000 r-xp 00000000 08:06 296044                     /lib/x86_64-linux-gnu/libnss_files-2.23.so
7f8f9defe000-7f8f9e0fd000 ---p 0000b000 08:06 296044                     /lib/x86_64-linux-gnu/libnss_files-2.23.so
7f8f9e0fd000-7f8f9e0fe000 r--p 0000a000 08:06 296044                     /lib/x86_64-linux-gnu/libnss_files-2.23.so
7f8f9e0fe000-7f8f9e0ff000 rw-p 0000b000 08:06 296044                     /lib/x86_64-linux-gnu/libnss_files-2.23.so
7f8f9e0ff000-7f8f9e105000 rw-p 00000000 00:00 0 
7f8f9e10b000-7f8f9e116000 r-xp 00000000 08:06 296048                     /lib/x86_64-linux-gnu/libnss_nis-2.23.so
7f8f9e116000-7f8f9e315000 ---p 0000b000 08:06 296048                     /lib/x86_64-linux-gnu/libnss_nis-2.23.so
7f8f9e315000-7f8f9e316000 r--p 0000a000 08:06 296048                     /lib/x86_64-linux-gnu/libnss_nis-2.23.so
7f8f9e316000-7f8f9e317000 rw-p 0000b000 08:06 296048                     /lib/x86_64-linux-gnu/libnss_nis-2.23.so
7f8f9e31b000-7f8f9e331000 r-xp 00000000 08:06 296027                     /lib/x86_64-linux-gnu/libnsl-2.23.so
7f8f9e331000-7f8f9e530000 ---p 00016000 08:06 296027                     /lib/x86_64-linux-gnu/libnsl-2.23.so
7f8f9e530000-7f8f9e531000 r--p 00015000 08:06 296027                     /lib/x86_64-linux-gnu/libnsl-2.23.so
7f8f9e531000-7f8f9e532000 rw-p 00016000 08:06 296027                     /lib/x86_64-linux-gnu/libnsl-2.23.so
7f8f9e532000-7f8f9e534000 rw-p 00000000 00:00 0 
7f8f9e53b000-7f8f9e543000 r-xp 00000000 08:06 296039                     /lib/x86_64-linux-gnu/libnss_compat-2.23.so
7f8f9e543000-7f8f9e742000 ---p 00008000 08:06 296039                     /lib/x86_64-linux-gnu/libnss_compat-2.23.so
7f8f9e742000-7f8f9e743000 r--p 00007000 08:06 296039                     /lib/x86_64-linux-gnu/libnss_compat-2.23.so
7f8f9e743000-7f8f9e744000 rw-p 00008000 08:06 296039                     /lib/x86_64-linux-gnu/libnss_compat-2.23.so
7f8f9e74b000-7f8f9e776000 r-xp 00000000 08:05 655729                     /home/sebastian/dev/java/jdk1.8.0_144/jre/lib/amd64/libjava.so
7f8f9e776000-7f8f9e975000 ---p 0002b000 08:05 655729                     /home/sebastian/dev/java/jdk1.8.0_144/jre/lib/amd64/libjava.so
7f8f9e975000-7f8f9e977000 rw-p 0002a000 08:05 655729                     /home/sebastian/dev/java/jdk1.8.0_144/jre/lib/amd64/libjava.so
7f8f9e97b000-7f8f9e988000 r-xp 00000000 08:05 655680                     /home/sebastian/dev/java/jdk1.8.0_144/jre/lib/amd64/libverify.so
7f8f9e988000-7f8f9eb88000 ---p 0000d000 08:05 655680                     /home/sebastian/dev/java/jdk1.8.0_144/jre/lib/amd64/libverify.so
7f8f9eb88000-7f8f9eb8a000 rw-p 0000d000 08:05 655680                     /home/sebastian/dev/java/jdk1.8.0_144/jre/lib/amd64/libverify.so
7f8f9eb8b000-7f8f9eb92000 r-xp 00000000 08:06 296049                     /lib/x86_64-linux-gnu/librt-2.23.so
7f8f9eb92000-7f8f9ed91000 ---p 00007000 08:06 296049                     /lib/x86_64-linux-gnu/librt-2.23.so
7f8f9ed91000-7f8f9ed92000 r--p 00006000 08:06 296049                     /lib/x86_64-linux-gnu/librt-2.23.so
7f8f9ed92000-7f8f9ed93000 rw-p 00007000 08:06 296049                     /lib/x86_64-linux-gnu/librt-2.23.so
7f8f9ed93000-7f8f9ee9b000 r-xp 00000000 08:06 291306                     /lib/x86_64-linux-gnu/libm-2.23.so
7f8f9ee9b000-7f8f9f09a000 ---p 00108000 08:06 291306                     /lib/x86_64-linux-gnu/libm-2.23.so
7f8f9f09a000-7f8f9f09b000 r--p 00107000 08:06 291306                     /lib/x86_64-linux-gnu/libm-2.23.so
7f8f9f09b000-7f8f9f09c000 rw-p 00108000 08:06 291306                     /lib/x86_64-linux-gnu/libm-2.23.so
7f8f9f0a3000-7f8f9fd76000 r-xp 00000000 08:05 655733                     /home/sebastian/dev/java/jdk1.8.0_144/jre/lib/amd64/server/libjvm.so
7f8f9fd76000-7f8f9ff75000 ---p 00cd3000 08:05 655733                     /home/sebastian/dev/java/jdk1.8.0_144/jre/lib/amd64/server/libjvm.so
7f8f9ff75000-7f8fa004f000 rw-p 00cd2000 08:05 655733                     /home/sebastian/dev/java/jdk1.8.0_144/jre/lib/amd64/server/libjvm.so
7f8fa004f000-7f8fa009a000 rw-p 00000000 00:00 0 
7f8fa009b000-7f8fa025b000 r-xp 00000000 08:06 296030                     /lib/x86_64-linux-gnu/libc-2.23.so
7f8fa025b000-7f8fa045b000 ---p 001c0000 08:06 296030                     /lib/x86_64-linux-gnu/libc-2.23.so
7f8fa045b000-7f8fa045f000 r--p 001c0000 08:06 296030                     /lib/x86_64-linux-gnu/libc-2.23.so
7f8fa045f000-7f8fa0461000 rw-p 001c4000 08:06 296030                     /lib/x86_64-linux-gnu/libc-2.23.so
7f8fa0461000-7f8fa0465000 rw-p 00000000 00:00 0 
7f8fa046b000-7f8fa046e000 r-xp 00000000 08:06 296032                     /lib/x86_64-linux-gnu/libdl-2.23.so
7f8fa046e000-7f8fa066d000 ---p 00003000 08:06 296032                     /lib/x86_64-linux-gnu/libdl-2.23.so
7f8fa066d000-7f8fa066e000 r--p 00002000 08:06 296032                     /lib/x86_64-linux-gnu/libdl-2.23.so
7f8fa066e000-7f8fa066f000 rw-p 00003000 08:06 296032                     /lib/x86_64-linux-gnu/libdl-2.23.so
7f8fa0673000-7f8fa0688000 r-xp 00000000 08:05 395825                     /home/sebastian/dev/java/jdk1.8.0_144/lib/amd64/jli/libjli.so
7f8fa0688000-7f8fa0888000 ---p 00015000 08:05 395825                     /home/sebastian/dev/java/jdk1.8.0_144/lib/amd64/jli/libjli.so
7f8fa0888000-7f8fa0889000 rw-p 00015000 08:05 395825                     /home/sebastian/dev/java/jdk1.8.0_144/lib/amd64/jli/libjli.so
7f8fa088b000-7f8fa08a3000 r-xp 00000000 08:06 296029                     /lib/x86_64-linux-gnu/libpthread-2.23.so
7f8fa08a3000-7f8fa0aa2000 ---p 00018000 08:06 296029                     /lib/x86_64-linux-gnu/libpthread-2.23.so
7f8fa0aa2000-7f8fa0aa3000 r--p 00017000 08:06 296029                     /lib/x86_64-linux-gnu/libpthread-2.23.so
7f8fa0aa3000-7f8fa0aa4000 rw-p 00018000 08:06 296029                     /lib/x86_64-linux-gnu/libpthread-2.23.so
7f8fa0aa4000-7f8fa0aa8000 rw-p 00000000 00:00 0 
7f8fa0aab000-7f8fa0ad1000 r-xp 00000000 08:06 296028                     /lib/x86_64-linux-gnu/ld-2.23.so
7f8fa0ad7000-7f8fa0bc3000 rw-p 00000000 00:00 0 
7f8fa0bc3000-7f8fa0bcb000 rw-s 00000000 08:06 922093                     /tmp/hsperfdata_sebastian/8078
7f8fa0bcd000-7f8fa0bce000 rw-p 00000000 00:00 0 
7f8fa0bce000-7f8fa0bcf000 ---p 00000000 00:00 0 
7f8fa0bcf000-7f8fa0bd2000 ---p 00000000 00:00 0 
7f8fa0bd2000-7f8fa0cd0000 rw-p 00000000 00:00 0 
7f8fa0cd0000-7f8fa0cd1000 r--p 00025000 08:06 296028                     /lib/x86_64-linux-gnu/ld-2.23.so
7f8fa0cd1000-7f8fa0cd2000 rw-p 00026000 08:06 296028                     /lib/x86_64-linux-gnu/ld-2.23.so
7f8fa0cd2000-7f8fa0cd4000 rw-p 00000000 00:00 0 
7f8fa0cd4000-7f8fa0cd8000 rw-p 00000000 00:00 0 
7ffd4c50f000-7ffd4c530000 rw-p 00000000 00:00 0                          [stack]
7ffd4c5d3000-7ffd4c5d6000 r--p 00000000 00:00 0                          [vvar]
7ffd4c5d6000-7ffd4c5d8000 r-xp 00000000 00:00 0                          [vdso]
ffffffffff600000-ffffffffff601000 r-xp 00000000 00:00 0                  [vsyscall]

VM Arguments:
jvm_args: -Dfile.encoding=UTF-8 
java_command: de.elsivas.gol.gui.GolGui
java_class_path (initial): /home/sebastian/dev/git/dawn/dawn-odd/dawn-odd-standalone/target/classes
Launcher Type: SUN_STANDARD

Environment Variables:
PATH=/usr/local/sbin:/usr/local/bin:/usr/sbin:/usr/bin:/sbin:/bin:/usr/games:/usr/local/games:/snap/bin
SHELL=/bin/bash
DISPLAY=:0.0

Signal Handlers:
SIGSEGV: [libjvm.so+0xacba10], sa_mask[0]=11111111011111111101111111111110, sa_flags=SA_RESTART|SA_SIGINFO
SIGBUS: [libjvm.so+0xacba10], sa_mask[0]=11111111011111111101111111111110, sa_flags=SA_RESTART|SA_SIGINFO
SIGFPE: [libjvm.so+0x924ba0], sa_mask[0]=11111111011111111101111111111110, sa_flags=SA_RESTART|SA_SIGINFO
SIGPIPE: [libjvm.so+0x924ba0], sa_mask[0]=11111111011111111101111111111110, sa_flags=SA_RESTART|SA_SIGINFO
SIGXFSZ: [libjvm.so+0x924ba0], sa_mask[0]=11111111011111111101111111111110, sa_flags=SA_RESTART|SA_SIGINFO
SIGILL: [libjvm.so+0x924ba0], sa_mask[0]=11111111011111111101111111111110, sa_flags=SA_RESTART|SA_SIGINFO
SIGUSR1: SIG_DFL, sa_mask[0]=00000000000000000000000000000000, sa_flags=none
SIGUSR2: [libjvm.so+0x9263e0], sa_mask[0]=00100000000000000000000000000000, sa_flags=SA_RESTART|SA_SIGINFO
SIGHUP: [libjvm.so+0x9277e0], sa_mask[0]=11111111011111111101111111111110, sa_flags=SA_RESTART|SA_SIGINFO
SIGINT: [libjvm.so+0x9277e0], sa_mask[0]=11111111011111111101111111111110, sa_flags=SA_RESTART|SA_SIGINFO
SIGTERM: [libjvm.so+0x9277e0], sa_mask[0]=11111111011111111101111111111110, sa_flags=SA_RESTART|SA_SIGINFO
SIGQUIT: [libjvm.so+0x9277e0], sa_mask[0]=11111111011111111101111111111110, sa_flags=SA_RESTART|SA_SIGINFO


---------------  S Y S T E M  ---------------

OS:DISTRIB_ID=Ubuntu
DISTRIB_RELEASE=16.04
DISTRIB_CODENAME=xenial
DISTRIB_DESCRIPTION="Ubuntu 16.04.3 LTS"

uname:Linux 4.13.0-32-generic #35~16.04.1-Ubuntu SMP Thu Jan 25 10:13:43 UTC 2018 x86_64
libc:glibc 2.23 NPTL 2.23 
rlimit: STACK 8192k, CORE 0k, NPROC 31376, NOFILE 1048576, AS infinity
load average:1,74 1,21 1,47

/proc/meminfo:
MemTotal:        8151480 kB
MemFree:          104380 kB
MemAvailable:          0 kB
Buffers:             508 kB
Cached:            73008 kB
SwapCached:         1180 kB
Active:          6926544 kB
Inactive:         877008 kB
Active(anon):    6914580 kB
Inactive(anon):   864388 kB
Active(file):      11964 kB
Inactive(file):    12620 kB
Unevictable:          64 kB
Mlocked:              64 kB
SwapTotal:       2096124 kB
SwapFree:              0 kB
Dirty:               572 kB
Writeback:             0 kB
AnonPages:       7729252 kB
Mapped:            70104 kB
Shmem:             48604 kB
Slab:              86184 kB
SReclaimable:      30012 kB
SUnreclaim:        56172 kB
KernelStack:       32880 kB
PageTables:        75740 kB
NFS_Unstable:          0 kB
Bounce:                0 kB
WritebackTmp:          0 kB
CommitLimit:     6171864 kB
Committed_AS:   29743392 kB
VmallocTotal:   34359738367 kB
VmallocUsed:           0 kB
VmallocChunk:          0 kB
HardwareCorrupted:     0 kB
AnonHugePages:         0 kB
ShmemHugePages:        0 kB
ShmemPmdMapped:        0 kB
CmaTotal:              0 kB
CmaFree:               0 kB
HugePages_Total:       0
HugePages_Free:        0
HugePages_Rsvd:        0
HugePages_Surp:        0
Hugepagesize:       2048 kB
DirectMap4k:      105856 kB
DirectMap2M:     4071424 kB
DirectMap1G:     4194304 kB


CPU:total 6 (initial active 6) (6 cores per cpu, 1 threads per core) family 21 model 1 stepping 2, cmov, cx8, fxsr, mmx, sse, sse2, sse3, ssse3, sse4.1, sse4.2, popcnt, avx, aes, clmul, mmxext, 3dnowpref, lzcnt, sse4a, tsc, tscinvbit, tscinv

/proc/cpuinfo:
processor	: 0
vendor_id	: AuthenticAMD
cpu family	: 21
model		: 1
model name	: AMD FX(tm)-6100 Six-Core Processor
stepping	: 2
microcode	: 0x6000626
cpu MHz		: 3000.000
cache size	: 2048 KB
physical id	: 0
siblings	: 6
core id		: 0
cpu cores	: 3
apicid		: 16
initial apicid	: 0
fpu		: yes
fpu_exception	: yes
cpuid level	: 13
wp		: yes
flags		: fpu vme de pse tsc msr pae mce cx8 apic sep mtrr pge mca cmov pat pse36 clflush mmx fxsr sse sse2 ht syscall nx mmxext fxsr_opt pdpe1gb rdtscp lm constant_tsc rep_good nopl nonstop_tsc cpuid extd_apicid aperfmperf pni pclmulqdq monitor ssse3 cx16 sse4_1 sse4_2 popcnt aes xsave avx lahf_lm cmp_legacy svm extapic cr8_legacy abm sse4a misalignsse 3dnowprefetch osvw ibs xop skinit wdt lwp fma4 nodeid_msr topoext perfctr_core perfctr_nb cpb hw_pstate vmmcall arat npt lbrv svm_lock nrip_save tsc_scale vmcb_clean flushbyasid decodeassists pausefilter pfthreshold
bugs		: fxsave_leak sysret_ss_attrs null_seg spectre_v1 spectre_v2
bogomips	: 6600.07
TLB size	: 1536 4K pages
clflush size	: 64
cache_alignment	: 64
address sizes	: 48 bits physical, 48 bits virtual
power management: ts ttp tm 100mhzsteps hwpstate cpb

processor	: 1
vendor_id	: AuthenticAMD
cpu family	: 21
model		: 1
model name	: AMD FX(tm)-6100 Six-Core Processor
stepping	: 2
microcode	: 0x6000626
cpu MHz		: 3300.000
cache size	: 2048 KB
physical id	: 0
siblings	: 6
core id		: 1
cpu cores	: 3
apicid		: 17
initial apicid	: 1
fpu		: yes
fpu_exception	: yes
cpuid level	: 13
wp		: yes
flags		: fpu vme de pse tsc msr pae mce cx8 apic sep mtrr pge mca cmov pat pse36 clflush mmx fxsr sse sse2 ht syscall nx mmxext fxsr_opt pdpe1gb rdtscp lm constant_tsc rep_good nopl nonstop_tsc cpuid extd_apicid aperfmperf pni pclmulqdq monitor ssse3 cx16 sse4_1 sse4_2 popcnt aes xsave avx lahf_lm cmp_legacy svm extapic cr8_legacy abm sse4a misalignsse 3dnowprefetch osvw ibs xop skinit wdt lwp fma4 nodeid_msr topoext perfctr_core perfctr_nb cpb hw_pstate vmmcall arat npt lbrv svm_lock nrip_save tsc_scale vmcb_clean flushbyasid decodeassists pausefilter pfthreshold
bugs		: fxsave_leak sysret_ss_attrs null_seg spectre_v1 spectre_v2
bogomips	: 6600.07
TLB size	: 1536 4K pages
clflush size	: 64
cache_alignment	: 64
address sizes	: 48 bits physical, 48 bits virtual
power management: ts ttp tm 100mhzsteps hwpstate cpb

processor	: 2
vendor_id	: AuthenticAMD
cpu family	: 21
model		: 1
model name	: AMD FX(tm)-6100 Six-Core Processor
stepping	: 2
microcode	: 0x6000626
cpu MHz		: 1800.000
cache size	: 2048 KB
physical id	: 0
siblings	: 6
core id		: 2
cpu cores	: 3
apicid		: 18
initial apicid	: 2
fpu		: yes
fpu_exception	: yes
cpuid level	: 13
wp		: yes
flags		: fpu vme de pse tsc msr pae mce cx8 apic sep mtrr pge mca cmov pat pse36 clflush mmx fxsr sse sse2 ht syscall nx mmxext fxsr_opt pdpe1gb rdtscp lm constant_tsc rep_good nopl nonstop_tsc cpuid extd_apicid aperfmperf pni pclmulqdq monitor ssse3 cx16 sse4_1 sse4_2 popcnt aes xsave avx lahf_lm cmp_legacy svm extapic cr8_legacy abm sse4a misalignsse 3dnowprefetch osvw ibs xop skinit wdt lwp fma4 nodeid_msr topoext perfctr_core perfctr_nb cpb hw_pstate vmmcall arat npt lbrv svm_lock nrip_save tsc_scale vmcb_clean flushbyasid decodeassists pausefilter pfthreshold
bugs		: fxsave_leak sysret_ss_attrs null_seg spectre_v1 spectre_v2
bogomips	: 6600.07
TLB size	: 1536 4K pages
clflush size	: 64
cache_alignment	: 64
address sizes	: 48 bits physical, 48 bits virtual
power management: ts ttp tm 100mhzsteps hwpstate cpb

processor	: 3
vendor_id	: AuthenticAMD
cpu family	: 21
model		: 1
model name	: AMD FX(tm)-6100 Six-Core Processor
stepping	: 2
microcode	: 0x6000626
cpu MHz		: 2400.000
cache size	: 2048 KB
physical id	: 0
siblings	: 6
core id		: 3
cpu cores	: 3
apicid		: 19
initial apicid	: 3
fpu		: yes
fpu_exception	: yes
cpuid level	: 13
wp		: yes
flags		: fpu vme de pse tsc msr pae mce cx8 apic sep mtrr pge mca cmov pat pse36 clflush mmx fxsr sse sse2 ht syscall nx mmxext fxsr_opt pdpe1gb rdtscp lm constant_tsc rep_good nopl nonstop_tsc cpuid extd_apicid aperfmperf pni pclmulqdq monitor ssse3 cx16 sse4_1 sse4_2 popcnt aes xsave avx lahf_lm cmp_legacy svm extapic cr8_legacy abm sse4a misalignsse 3dnowprefetch osvw ibs xop skinit wdt lwp fma4 nodeid_msr topoext perfctr_core perfctr_nb cpb hw_pstate vmmcall arat npt lbrv svm_lock nrip_save tsc_scale vmcb_clean flushbyasid decodeassists pausefilter pfthreshold
bugs		: fxsave_leak sysret_ss_attrs null_seg spectre_v1 spectre_v2
bogomips	: 6600.07
TLB size	: 1536 4K pages
clflush size	: 64
cache_alignment	: 64
address sizes	: 48 bits physical, 48 bits virtual
power management: ts ttp tm 100mhzsteps hwpstate cpb

processor	: 4
vendor_id	: AuthenticAMD
cpu family	: 21
model		: 1
model name	: AMD FX(tm)-6100 Six-Core Processor
stepping	: 2
microcode	: 0x6000626
cpu MHz		: 1800.000
cache size	: 2048 KB
physical id	: 0
siblings	: 6
core id		: 4
cpu cores	: 3
apicid		: 20
initial apicid	: 4
fpu		: yes
fpu_exception	: yes
cpuid level	: 13
wp		: yes
flags		: fpu vme de pse tsc msr pae mce cx8 apic sep mtrr pge mca cmov pat pse36 clflush mmx fxsr sse sse2 ht syscall nx mmxext fxsr_opt pdpe1gb rdtscp lm constant_tsc rep_good nopl nonstop_tsc cpuid extd_apicid aperfmperf pni pclmulqdq monitor ssse3 cx16 sse4_1 sse4_2 popcnt aes xsave avx lahf_lm cmp_legacy svm extapic cr8_legacy abm sse4a misalignsse 3dnowprefetch osvw ibs xop skinit wdt lwp fma4 nodeid_msr topoext perfctr_core perfctr_nb cpb hw_pstate vmmcall arat npt lbrv svm_lock nrip_save tsc_scale vmcb_clean flushbyasid decodeassists pausefilter pfthreshold
bugs		: fxsave_leak sysret_ss_attrs null_seg spectre_v1 spectre_v2
bogomips	: 6600.07
TLB size	: 1536 4K pages
clflush size	: 64
cache_alignment	: 64
address sizes	: 48 bits physical, 48 bits virtual
power management: ts ttp tm 100mhzsteps hwpstate cpb

processor	: 5
vendor_id	: AuthenticAMD
cpu family	: 21
model		: 1
model name	: AMD FX(tm)-6100 Six-Core Processor
stepping	: 2
microcode	: 0x6000626
cpu MHz		: 1800.000
cache size	: 2048 KB
physical id	: 0
siblings	: 6
core id		: 5
cpu cores	: 3
apicid		: 21
initial apicid	: 5
fpu		: yes
fpu_exception	: yes
cpuid level	: 13
wp		: yes
flags		: fpu vme de pse tsc msr pae mce cx8 apic sep mtrr pge mca cmov pat pse36 clflush mmx fxsr sse sse2 ht syscall nx mmxext fxsr_opt pdpe1gb rdtscp lm constant_tsc rep_good nopl nonstop_tsc cpuid extd_apicid aperfmperf pni pclmulqdq monitor ssse3 cx16 sse4_1 sse4_2 popcnt aes xsave avx lahf_lm cmp_legacy svm extapic cr8_legacy abm sse4a misalignsse 3dnowprefetch osvw ibs xop skinit wdt lwp fma4 nodeid_msr topoext perfctr_core perfctr_nb cpb hw_pstate vmmcall arat npt lbrv svm_lock nrip_save tsc_scale vmcb_clean flushbyasid decodeassists pausefilter pfthreshold
bugs		: fxsave_leak sysret_ss_attrs null_seg spectre_v1 spectre_v2
bogomips	: 6600.07
TLB size	: 1536 4K pages
clflush size	: 64
cache_alignment	: 64
address sizes	: 48 bits physical, 48 bits virtual
power management: ts ttp tm 100mhzsteps hwpstate cpb



Memory: 4k page, physical 8151480k(103760k free), swap 2096124k(0k free)

vm_info: Java HotSpot(TM) 64-Bit Server VM (25.144-b01) for linux-amd64 JRE (1.8.0_144-b01), built on Jul 21 2017 21:57:33 by "java_re" with gcc 4.3.0 20080428 (Red Hat 4.3.0-8)

time: Sun Feb 11 16:31:02 2018
elapsed time: 3192 seconds (0d 0h 53m 12s)

