#
# There is insufficient memory for the Java Runtime Environment to continue.
# Native memory allocation (mmap) failed to map 1572864 bytes for committing reserved memory.
# Possible reasons:
#   The system is out of physical RAM or swap space
#   In 32 bit mode, the process size limit was hit
# Possible solutions:
#   Reduce memory load on the system
#   Increase physical memory or swap space
#   Check if swap backing store is full
#   Use 64 bit Java on a 64 bit OS
#   Decrease Java heap size (-Xmx/-Xms)
#   Decrease number of Java threads
#   Decrease Java thread stack sizes (-Xss)
#   Set larger code cache with -XX:ReservedCodeCacheSize=
# This output file may be truncated or incomplete.
#
#  Out of Memory Error (os_linux.cpp:2640), pid=9218, tid=0x00007faf66ded700
#
# JRE version: Java(TM) SE Runtime Environment (8.0_144-b01) (build 1.8.0_144-b01)
# Java VM: Java HotSpot(TM) 64-Bit Server VM (25.144-b01 mixed mode linux-amd64 compressed oops)
# Failed to write core dump. Core dumps have been disabled. To enable core dumping, try "ulimit -c unlimited" before starting Java again
#

---------------  T H R E A D  ---------------

Current thread (0x00007faf9407b800):  VMThread [stack: 0x00007faf66ced000,0x00007faf66dee000] [id=9231]

Stack: [0x00007faf66ced000,0x00007faf66dee000],  sp=0x00007faf66dec120,  free space=1020k
Native frames: (J=compiled Java code, j=interpreted, Vv=VM code, C=native code)
V  [libjvm.so+0xacb18a]  VMError::report_and_die()+0x2ba
V  [libjvm.so+0x4ff4db]  report_vm_out_of_memory(char const*, int, unsigned long, VMErrorType, char const*)+0x8b
V  [libjvm.so+0x927d23]  os::Linux::commit_memory_impl(char*, unsigned long, bool)+0x103
V  [libjvm.so+0x928279]  os::pd_commit_memory(char*, unsigned long, unsigned long, bool)+0x29
V  [libjvm.so+0x92249a]  os::commit_memory(char*, unsigned long, unsigned long, bool)+0x2a
V  [libjvm.so+0x996ff3]  PSVirtualSpace::expand_by(unsigned long)+0x53
V  [libjvm.so+0x9983f8]  PSYoungGen::resize_generation(unsigned long, unsigned long)+0xf8
V  [libjvm.so+0x997552]  PSYoungGen::resize(unsigned long, unsigned long)+0x22
V  [libjvm.so+0x99482b]  PSScavenge::invoke_no_policy()+0xf3b
V  [libjvm.so+0x994fb1]  PSScavenge::invoke()+0x41
V  [libjvm.so+0x94bce0]  ParallelScavengeHeap::failed_mem_allocate(unsigned long)+0x70
V  [libjvm.so+0xaccba7]  VM_ParallelGCFailedAllocation::doit()+0x97
V  [libjvm.so+0xad4685]  VM_Operation::evaluate()+0x55
V  [libjvm.so+0xad2a5a]  VMThread::evaluate_operation(VM_Operation*)+0xba
V  [libjvm.so+0xad2dde]  VMThread::loop()+0x1ce
V  [libjvm.so+0xad3250]  VMThread::run()+0x70
V  [libjvm.so+0x92a338]  java_start(Thread*)+0x108

VM_Operation (0x00007faf9c1d5700): ParallelGCFailedAllocation, mode: safepoint, requested by thread 0x00007faf94009800


---------------  P R O C E S S  ---------------

Java Threads: ( => current thread )
  0x00007faf94281800 JavaThread "AWT-EventQueue-0" [_thread_blocked, id=32472, stack(0x00007faf3fbf1000,0x00007faf3fcf2000)]
  0x00007faf94284800 JavaThread "AWT-Shutdown" [_thread_blocked, id=32471, stack(0x00007faf2ba6a000,0x00007faf2bb6b000)]
  0x00007faf30058000 JavaThread "TimerQueue" daemon [_thread_blocked, id=9265, stack(0x00007faf3c0a2000,0x00007faf3c1a3000)]
  0x00007faf9423f000 JavaThread "AWT-XAWT" daemon [_thread_blocked, id=9242, stack(0x00007faf640f2000,0x00007faf641f3000)]
  0x00007faf94217000 JavaThread "Java2D Disposer" daemon [_thread_blocked, id=9241, stack(0x00007faf64402000,0x00007faf64503000)]
  0x00007faf940d6800 JavaThread "Service Thread" daemon [_thread_blocked, id=9239, stack(0x00007faf66186000,0x00007faf66287000)]
  0x00007faf940c1000 JavaThread "C1 CompilerThread2" daemon [_thread_blocked, id=9238, stack(0x00007faf66287000,0x00007faf66388000)]
  0x00007faf940bf800 JavaThread "C2 CompilerThread1" daemon [_thread_blocked, id=9237, stack(0x00007faf66388000,0x00007faf66489000)]
  0x00007faf940bc800 JavaThread "C2 CompilerThread0" daemon [_thread_blocked, id=9236, stack(0x00007faf66489000,0x00007faf6658a000)]
  0x00007faf940bb000 JavaThread "Signal Dispatcher" daemon [_thread_blocked, id=9235, stack(0x00007faf6658a000,0x00007faf6668b000)]
  0x00007faf94088000 JavaThread "Finalizer" daemon [_thread_blocked, id=9233, stack(0x00007faf66aeb000,0x00007faf66bec000)]
  0x00007faf94083800 JavaThread "Reference Handler" daemon [_thread_blocked, id=9232, stack(0x00007faf66bec000,0x00007faf66ced000)]
  0x00007faf94009800 JavaThread "main" [_thread_blocked, id=9224, stack(0x00007faf9c0d6000,0x00007faf9c1d7000)]

Other Threads:
=>0x00007faf9407b800 VMThread [stack: 0x00007faf66ced000,0x00007faf66dee000] [id=9231]
  0x00007faf940e1000 WatcherThread [stack: 0x00007faf66085000,0x00007faf66186000] [id=9240]

VM state:at safepoint (normal execution)

VM Mutex/Monitor currently owned by a thread:  ([mutex/lock_event])
[0x00007faf94006070] Threads_lock - owner thread: 0x00007faf9407b800
[0x00007faf94006570] Heap_lock - owner thread: 0x00007faf94009800

Heap:
 PSYoungGen      total 15360K, used 12736K [0x00000000d6800000, 0x00000000d8480000, 0x0000000100000000)
  eden space 1536K, 0% used [0x00000000d6800000,0x00000000d6800000,0x00000000d6980000)
  from space 13824K, 92% used [0x00000000d7700000,0x00000000d8370000,0x00000000d8480000)
  to   space 13312K, 0% used [0x00000000d6980000,0x00000000d6980000,0x00000000d7680000)
 ParOldGen       total 700416K, used 694041K [0x0000000083800000, 0x00000000ae400000, 0x00000000d6800000)
  object space 700416K, 99% used [0x0000000083800000,0x00000000addc67e8,0x00000000ae400000)
 Metaspace       used 11209K, capacity 11484K, committed 11648K, reserved 1058816K
  class space    used 1230K, capacity 1326K, committed 1408K, reserved 1048576K

Card table byte_map: [0x00007faf98a36000,0x00007faf98e1b000] byte_map_base: 0x00007faf9861a000

Marking Bits: (ParMarkBitMap*) 0x00007faf9b574dc0
 Begin Bits: [0x00007faf6c1c0000, 0x00007faf6e0e0000)
 End Bits:   [0x00007faf6e0e0000, 0x00007faf70000000)

Polling page: 0x00007faf9c0d5000

CodeCache: size=245760Kb used=5316Kb max_used=5649Kb free=240443Kb
 bounds [0x00007faf85000000, 0x00007faf855b0000, 0x00007faf94000000]
 total_blobs=1982 nmethods=1486 adapters=410
 compilation: enabled

Compilation events (10 events):
Event: 5555,348 Thread 0x00007faf940bc800 1896   !   4       java.util.concurrent.locks.AbstractQueuedSynchronizer::fullyRelease (54 bytes)
Event: 5555,353 Thread 0x00007faf940bc800 nmethod 1896 0x00007faf8510d710 code [0x00007faf8510d880, 0x00007faf8510daa8]
Event: 5796,559 Thread 0x00007faf940bc800 1897       4       java.util.HashSet::add (20 bytes)
Event: 5796,563 Thread 0x00007faf940bc800 nmethod 1897 0x00007faf851d6910 code [0x00007faf851d6a60, 0x00007faf851d6b88]
Event: 5797,309 Thread 0x00007faf940bf800 1898       4       javax.swing.JTable::setTableHeader (45 bytes)
Event: 5797,309 Thread 0x00007faf940bc800 1900       4       javax.swing.JTable::setAutoResizeMode (64 bytes)
Event: 5797,323 Thread 0x00007faf940bf800 nmethod 1898 0x00007faf85278a50 code [0x00007faf85278c00, 0x00007faf85279418]
Event: 5797,323 Thread 0x00007faf940bf800 1899       4       javax.swing.JTable::setShowGrid (15 bytes)
Event: 5797,326 Thread 0x00007faf940bc800 nmethod 1900 0x00007faf8545f390 code [0x00007faf8545f5e0, 0x00007faf8545fe00]
Event: 5797,331 Thread 0x00007faf940bf800 nmethod 1899 0x00007faf85380850 code [0x00007faf85380a80, 0x00007faf85381040]

GC Heap History (10 events):
Event: 5768,716 GC heap after
Heap after GC invocations=916 (full 19):
 PSYoungGen      total 14336K, used 10880K [0x00000000d6800000, 0x00000000d8400000, 0x0000000100000000)
  eden space 512K, 0% used [0x00000000d6800000,0x00000000d6800000,0x00000000d6880000)
  from space 13824K, 78% used [0x00000000d6880000,0x00000000d7320000,0x00000000d7600000)
  to   space 13824K, 0% used [0x00000000d7680000,0x00000000d7680000,0x00000000d8400000)
 ParOldGen       total 700416K, used 690681K [0x0000000083800000, 0x00000000ae400000, 0x00000000d6800000)
  object space 700416K, 98% used [0x0000000083800000,0x00000000ada7e7e8,0x00000000ae400000)
 Metaspace       used 11209K, capacity 11484K, committed 11648K, reserved 1058816K
  class space    used 1230K, capacity 1326K, committed 1408K, reserved 1048576K
}
Event: 5772,473 GC heap before
{Heap before GC invocations=917 (full 19):
 PSYoungGen      total 14336K, used 11392K [0x00000000d6800000, 0x00000000d8400000, 0x0000000100000000)
  eden space 512K, 100% used [0x00000000d6800000,0x00000000d6880000,0x00000000d6880000)
  from space 13824K, 78% used [0x00000000d6880000,0x00000000d7320000,0x00000000d7600000)
  to   space 13824K, 0% used [0x00000000d7680000,0x00000000d7680000,0x00000000d8400000)
 ParOldGen       total 700416K, used 690681K [0x0000000083800000, 0x00000000ae400000, 0x00000000d6800000)
  object space 700416K, 98% used [0x0000000083800000,0x00000000ada7e7e8,0x00000000ae400000)
 Metaspace       used 11209K, capacity 11484K, committed 11648K, reserved 1058816K
  class space    used 1230K, capacity 1326K, committed 1408K, reserved 1048576K
Event: 5772,490 GC heap after
Heap after GC invocations=917 (full 19):
 PSYoungGen      total 14848K, used 9440K [0x00000000d6800000, 0x00000000d8400000, 0x0000000100000000)
  eden space 1024K, 0% used [0x00000000d6800000,0x00000000d6800000,0x00000000d6900000)
  from space 13824K, 68% used [0x00000000d7680000,0x00000000d7fb8000,0x00000000d8400000)
  to   space 13824K, 0% used [0x00000000d6900000,0x00000000d6900000,0x00000000d7680000)
 ParOldGen       total 700416K, used 692593K [0x0000000083800000, 0x00000000ae400000, 0x00000000d6800000)
  object space 700416K, 98% used [0x0000000083800000,0x00000000adc5c7e8,0x00000000ae400000)
 Metaspace       used 11209K, capacity 11484K, committed 11648K, reserved 1058816K
  class space    used 1230K, capacity 1326K, committed 1408K, reserved 1048576K
}
Event: 5780,000 GC heap before
{Heap before GC invocations=918 (full 19):
 PSYoungGen      total 14848K, used 10464K [0x00000000d6800000, 0x00000000d8400000, 0x0000000100000000)
  eden space 1024K, 100% used [0x00000000d6800000,0x00000000d6900000,0x00000000d6900000)
  from space 13824K, 68% used [0x00000000d7680000,0x00000000d7fb8000,0x00000000d8400000)
  to   space 13824K, 0% used [0x00000000d6900000,0x00000000d6900000,0x00000000d7680000)
 ParOldGen       total 700416K, used 692593K [0x0000000083800000, 0x00000000ae400000, 0x00000000d6800000)
  object space 700416K, 98% used [0x0000000083800000,0x00000000adc5c7e8,0x00000000ae400000)
 Metaspace       used 11209K, capacity 11484K, committed 11648K, reserved 1058816K
  class space    used 1230K, capacity 1326K, committed 1408K, reserved 1048576K
Event: 5780,015 GC heap after
Heap after GC invocations=918 (full 19):
 PSYoungGen      total 14848K, used 9472K [0x00000000d6800000, 0x00000000d8480000, 0x0000000100000000)
  eden space 1024K, 0% used [0x00000000d6800000,0x00000000d6800000,0x00000000d6900000)
  from space 13824K, 68% used [0x00000000d6900000,0x00000000d7240000,0x00000000d7680000)
  to   space 13824K, 0% used [0x00000000d7700000,0x00000000d7700000,0x00000000d8480000)
 ParOldGen       total 700416K, used 693553K [0x0000000083800000, 0x00000000ae400000, 0x00000000d6800000)
  object space 700416K, 99% used [0x0000000083800000,0x00000000add4c7e8,0x00000000ae400000)
 Metaspace       used 11209K, capacity 11484K, committed 11648K, reserved 1058816K
  class space    used 1230K, capacity 1326K, committed 1408K, reserved 1048576K
}
Event: 5787,528 GC heap before
{Heap before GC invocations=919 (full 19):
 PSYoungGen      total 14848K, used 10496K [0x00000000d6800000, 0x00000000d8480000, 0x0000000100000000)
  eden space 1024K, 100% used [0x00000000d6800000,0x00000000d6900000,0x00000000d6900000)
  from space 13824K, 68% used [0x00000000d6900000,0x00000000d7240000,0x00000000d7680000)
  to   space 13824K, 0% used [0x00000000d7700000,0x00000000d7700000,0x00000000d8480000)
 ParOldGen       total 700416K, used 693553K [0x0000000083800000, 0x00000000ae400000, 0x00000000d6800000)
  object space 700416K, 99% used [0x0000000083800000,0x00000000add4c7e8,0x00000000ae400000)
 Metaspace       used 11209K, capacity 11484K, committed 11648K, reserved 1058816K
  class space    used 1230K, capacity 1326K, committed 1408K, reserved 1048576K
Event: 5787,546 GC heap after
Heap after GC invocations=919 (full 19):
 PSYoungGen      total 14336K, used 10400K [0x00000000d6800000, 0x00000000d8380000, 0x0000000100000000)
  eden space 1536K, 0% used [0x00000000d6800000,0x00000000d6800000,0x00000000d6980000)
  from space 12800K, 81% used [0x00000000d7700000,0x00000000d8128000,0x00000000d8380000)
  to   space 13312K, 0% used [0x00000000d6980000,0x00000000d6980000,0x00000000d7680000)
 ParOldGen       total 700416K, used 693553K [0x0000000083800000, 0x00000000ae400000, 0x00000000d6800000)
  object space 700416K, 99% used [0x0000000083800000,0x00000000add4c7e8,0x00000000ae400000)
 Metaspace       used 11209K, capacity 11484K, committed 11648K, reserved 1058816K
  class space    used 1230K, capacity 1326K, committed 1408K, reserved 1048576K
}
Event: 5799,590 GC heap before
{Heap before GC invocations=920 (full 19):
 PSYoungGen      total 14336K, used 11936K [0x00000000d6800000, 0x00000000d8380000, 0x0000000100000000)
  eden space 1536K, 100% used [0x00000000d6800000,0x00000000d6980000,0x00000000d6980000)
  from space 12800K, 81% used [0x00000000d7700000,0x00000000d8128000,0x00000000d8380000)
  to   space 13312K, 0% used [0x00000000d6980000,0x00000000d6980000,0x00000000d7680000)
 ParOldGen       total 700416K, used 693553K [0x0000000083800000, 0x00000000ae400000, 0x00000000d6800000)
  object space 700416K, 99% used [0x0000000083800000,0x00000000add4c7e8,0x00000000ae400000)
 Metaspace       used 11209K, capacity 11484K, committed 11648K, reserved 1058816K
  class space    used 1230K, capacity 1326K, committed 1408K, reserved 1048576K
Event: 5799,616 GC heap after
Heap after GC invocations=920 (full 19):
 PSYoungGen      total 14848K, used 11776K [0x00000000d6800000, 0x00000000d8480000, 0x0000000100000000)
  eden space 1536K, 0% used [0x00000000d6800000,0x00000000d6800000,0x00000000d6980000)
  from space 13312K, 88% used [0x00000000d6980000,0x00000000d7500000,0x00000000d7680000)
  to   space 13824K, 0% used [0x00000000d7700000,0x00000000d7700000,0x00000000d8480000)
 ParOldGen       total 700416K, used 693553K [0x0000000083800000, 0x00000000ae400000, 0x00000000d6800000)
  object space 700416K, 99% used [0x0000000083800000,0x00000000add4c7e8,0x00000000ae400000)
 Metaspace       used 11209K, capacity 11484K, committed 11648K, reserved 1058816K
  class space    used 1230K, capacity 1326K, committed 1408K, reserved 1048576K
}
Event: 5811,125 GC heap before
{Heap before GC invocations=921 (full 19):
 PSYoungGen      total 14848K, used 13312K [0x00000000d6800000, 0x00000000d8480000, 0x0000000100000000)
  eden space 1536K, 100% used [0x00000000d6800000,0x00000000d6980000,0x00000000d6980000)
  from space 13312K, 88% used [0x00000000d6980000,0x00000000d7500000,0x00000000d7680000)
  to   space 13824K, 0% used [0x00000000d7700000,0x00000000d7700000,0x00000000d8480000)
 ParOldGen       total 700416K, used 693553K [0x0000000083800000, 0x00000000ae400000, 0x00000000d6800000)
  object space 700416K, 99% used [0x0000000083800000,0x00000000add4c7e8,0x00000000ae400000)
 Metaspace       used 11209K, capacity 11484K, committed 11648K, reserved 1058816K
  class space    used 1230K, capacity 1326K, committed 1408K, reserved 1048576K

Deoptimization events (10 events):
Event: 5,878 Thread 0x00007faf94009800 Uncommon trap: reason=bimorphic action=maybe_recompile pc=0x00007faf853b2c34 method=java.beans.PropertyChangeSupport.fire([Ljava/beans/PropertyChangeListener;Ljava/beans/PropertyChangeEvent;)V @ 27
Event: 5,899 Thread 0x00007faf94284800 Uncommon trap: reason=unstable_if action=reinterpret pc=0x00007faf85374b94 method=java.lang.ref.SoftReference.get()Ljava/lang/Object; @ 17
Event: 5,899 Thread 0x00007faf94284800 Uncommon trap: reason=unstable_if action=reinterpret pc=0x00007faf8539a534 method=java.lang.ref.SoftReference.get()Ljava/lang/Object; @ 17
Event: 12,825 Thread 0x00007faf30058000 Uncommon trap: reason=unstable_if action=reinterpret pc=0x00007faf8533d960 method=java.util.concurrent.locks.AbstractQueuedSynchronizer.release(I)Z @ 14
Event: 13,308 Thread 0x00007faf9423f000 Uncommon trap: reason=unstable_if action=reinterpret pc=0x00007faf853a4af4 method=sun.awt.SunToolkit.getAppContext(Ljava/lang/Object;)Lsun/awt/AppContext; @ 4
Event: 14,421 Thread 0x00007faf94284800 Uncommon trap: reason=unstable_if action=reinterpret pc=0x00007faf853dbd68 method=sun.awt.SunToolkit.getAppContext(Ljava/lang/Object;)Lsun/awt/AppContext; @ 4
Event: 69,133 Thread 0x00007faf94009800 Uncommon trap: reason=bimorphic action=maybe_recompile pc=0x00007faf8539eb9c method=java.beans.PropertyChangeSupport.fire([Ljava/beans/PropertyChangeListener;Ljava/beans/PropertyChangeEvent;)V @ 27
Event: 5208,078 Thread 0x00007faf94281800 Uncommon trap: reason=unstable_if action=reinterpret pc=0x00007faf8558f7ac method=java.util.concurrent.locks.AbstractQueuedSynchronizer.isOnSyncQueue(Ljava/util/concurrent/locks/AbstractQueuedSynchronizer$Node;)Z @ 13
Event: 5409,130 Thread 0x00007faf94009800 Uncommon trap: reason=unstable_if action=reinterpret pc=0x00007faf855764c4 method=sun.awt.PostEventQueue.postEvent(Ljava/awt/AWTEvent;)V @ 17
Event: 5409,133 Thread 0x00007faf94281800 Uncommon trap: reason=unstable_if action=reinterpret pc=0x00007faf8551d158 method=java.awt.EventQueue.postEvent(Ljava/awt/AWTEvent;I)V @ 51

Internal exceptions (10 events):
Event: 0,087 Thread 0x00007faf94009800 Exception <a 'java/security/PrivilegedActionException'> (0x00000000d687c068) thrown at [/HUDSON3/workspace/8-2-build-linux-amd64/jdk8u144/9417/hotspot/src/share/vm/prims/jvm.cpp, line 1390]
Event: 0,087 Thread 0x00007faf94009800 Exception <a 'java/security/PrivilegedActionException'> (0x00000000d687e910) thrown at [/HUDSON3/workspace/8-2-build-linux-amd64/jdk8u144/9417/hotspot/src/share/vm/prims/jvm.cpp, line 1390]
Event: 0,087 Thread 0x00007faf94009800 Exception <a 'java/security/PrivilegedActionException'> (0x00000000d687eb20) thrown at [/HUDSON3/workspace/8-2-build-linux-amd64/jdk8u144/9417/hotspot/src/share/vm/prims/jvm.cpp, line 1390]
Event: 0,144 Thread 0x00007faf94009800 Exception <a 'java/lang/NoSuchFieldError': method resolution failed> (0x00000000d69f01d0) thrown at [/HUDSON3/workspace/8-2-build-linux-amd64/jdk8u144/9417/hotspot/src/share/vm/prims/methodHandles.cpp, line 1146]
Event: 0,146 Thread 0x00007faf94009800 Exception <a 'java/lang/NoSuchFieldError': method resolution failed> (0x00000000d69fd9a0) thrown at [/HUDSON3/workspace/8-2-build-linux-amd64/jdk8u144/9417/hotspot/src/share/vm/prims/methodHandles.cpp, line 1146]
Event: 0,169 Thread 0x00007faf94009800 Exception <a 'java/io/FileNotFoundException'> (0x00000000d6a7c790) thrown at [/HUDSON3/workspace/8-2-build-linux-amd64/jdk8u144/9417/hotspot/src/share/vm/prims/jni.cpp, line 709]
Event: 0,169 Thread 0x00007faf94009800 Exception <a 'java/io/FileNotFoundException'> (0x00000000d6a7d2d0) thrown at [/HUDSON3/workspace/8-2-build-linux-amd64/jdk8u144/9417/hotspot/src/share/vm/prims/jni.cpp, line 709]
Event: 0,297 Thread 0x00007faf94009800 Implicit null exception at 0x00007faf8516af1b to 0x00007faf8516b0d9
Event: 1,209 Thread 0x00007faf94009800 Implicit null exception at 0x00007faf852ac8ff to 0x00007faf852acce1
Event: 12,825 Thread 0x00007faf30058000 Implicit null exception at 0x00007faf8533d907 to 0x00007faf8533d951

Events (10 events):
Event: 5797,323 Thread 0x00007faf940bf800 flushing nmethod 0x00007faf85216150
Event: 5797,323 Thread 0x00007faf940bf800 flushing nmethod 0x00007faf85221f10
Event: 5797,323 Thread 0x00007faf940bf800 flushing nmethod 0x00007faf85226ad0
Event: 5797,326 Thread 0x00007faf940bc800 flushing nmethod 0x00007faf852381d0
Event: 5797,331 Thread 0x00007faf940bf800 flushing nmethod 0x00007faf85286d10
Event: 5797,331 Thread 0x00007faf940bf800 flushing nmethod 0x00007faf85289010
Event: 5797,331 Thread 0x00007faf940bf800 flushing nmethod 0x00007faf8528bf90
Event: 5799,581 Executing VM operation: ParallelGCFailedAllocation
Event: 5799,616 Executing VM operation: ParallelGCFailedAllocation done
Event: 5811,115 Executing VM operation: ParallelGCFailedAllocation


Dynamic libraries:
00400000-00401000 r-xp 00000000 08:05 655597                             /home/sebastian/dev/java/jdk1.8.0_144/bin/java
00600000-00601000 rw-p 00000000 08:05 655597                             /home/sebastian/dev/java/jdk1.8.0_144/bin/java
00c08000-00c29000 rw-p 00000000 00:00 0                                  [heap]
83800000-ae400000 rw-p 00000000 00:00 0 
ae400000-d6800000 ---p 00000000 00:00 0 
d6800000-d8480000 rw-p 00000000 00:00 0 
d8600000-100000000 ---p 00000000 00:00 0 
100000000-100160000 rw-p 00000000 00:00 0 
100160000-140000000 ---p 00000000 00:00 0 
7faf1c000000-7faf1c021000 rw-p 00000000 00:00 0 
7faf1c021000-7faf20000000 ---p 00000000 00:00 0 
7faf24000000-7faf24021000 rw-p 00000000 00:00 0 
7faf24021000-7faf28000000 ---p 00000000 00:00 0 
7faf2ba6a000-7faf2ba6d000 ---p 00000000 00:00 0 
7faf2ba6d000-7faf2bb6b000 rw-p 00000000 00:00 0 
7faf2bb6b000-7faf2bbd4000 r-xp 00000000 08:05 655736                     /home/sebastian/dev/java/jdk1.8.0_144/jre/lib/amd64/libt2k.so
7faf2bbd4000-7faf2bdd4000 ---p 00069000 08:05 655736                     /home/sebastian/dev/java/jdk1.8.0_144/jre/lib/amd64/libt2k.so
7faf2bdd4000-7faf2bddb000 rw-p 00069000 08:05 655736                     /home/sebastian/dev/java/jdk1.8.0_144/jre/lib/amd64/libt2k.so
7faf2bddb000-7faf2bdeb000 rw-p 00000000 00:00 0 
7faf2bdeb000-7faf2bdfc000 r-xp 00000000 08:05 655704                     /home/sebastian/dev/java/jdk1.8.0_144/jre/lib/amd64/libnio.so
7faf2bdfc000-7faf2bffb000 ---p 00011000 08:05 655704                     /home/sebastian/dev/java/jdk1.8.0_144/jre/lib/amd64/libnio.so
7faf2bffb000-7faf2bffc000 rw-p 00010000 08:05 655704                     /home/sebastian/dev/java/jdk1.8.0_144/jre/lib/amd64/libnio.so
7faf2c000000-7faf2c021000 rw-p 00000000 00:00 0 
7faf2c021000-7faf30000000 ---p 00000000 00:00 0 
7faf30000000-7faf30071000 rw-p 00000000 00:00 0 
7faf30071000-7faf34000000 ---p 00000000 00:00 0 
7faf34000000-7faf3402d000 rw-p 00000000 00:00 0 
7faf3402d000-7faf38000000 ---p 00000000 00:00 0 
7faf38000000-7faf38021000 rw-p 00000000 00:00 0 
7faf38021000-7faf3c000000 ---p 00000000 00:00 0 
7faf3c0a2000-7faf3c0a5000 ---p 00000000 00:00 0 
7faf3c0a5000-7faf3c1a3000 rw-p 00000000 00:00 0 
7faf3c1a3000-7faf3c1ba000 r-xp 00000000 08:06 296034                     /lib/x86_64-linux-gnu/libresolv-2.23.so
7faf3c1ba000-7faf3c3ba000 ---p 00017000 08:06 296034                     /lib/x86_64-linux-gnu/libresolv-2.23.so
7faf3c3ba000-7faf3c3bb000 r--p 00017000 08:06 296034                     /lib/x86_64-linux-gnu/libresolv-2.23.so
7faf3c3bb000-7faf3c3bc000 rw-p 00018000 08:06 296034                     /lib/x86_64-linux-gnu/libresolv-2.23.so
7faf3c3bc000-7faf3c3be000 rw-p 00000000 00:00 0 
7faf3c3c3000-7faf3c3c8000 r-xp 00000000 08:06 296041                     /lib/x86_64-linux-gnu/libnss_dns-2.23.so
7faf3c3c8000-7faf3c5c8000 ---p 00005000 08:06 296041                     /lib/x86_64-linux-gnu/libnss_dns-2.23.so
7faf3c5c8000-7faf3c5c9000 r--p 00005000 08:06 296041                     /lib/x86_64-linux-gnu/libnss_dns-2.23.so
7faf3c5c9000-7faf3c5ca000 rw-p 00006000 08:06 296041                     /lib/x86_64-linux-gnu/libnss_dns-2.23.so
7faf3c5cb000-7faf3c5cd000 r-xp 00000000 08:06 268715                     /lib/x86_64-linux-gnu/libnss_mdns4_minimal.so.2
7faf3c5cd000-7faf3c7cc000 ---p 00002000 08:06 268715                     /lib/x86_64-linux-gnu/libnss_mdns4_minimal.so.2
7faf3c7cc000-7faf3c7cd000 r--p 00001000 08:06 268715                     /lib/x86_64-linux-gnu/libnss_mdns4_minimal.so.2
7faf3c7cd000-7faf3c7ce000 rw-p 00002000 08:06 268715                     /lib/x86_64-linux-gnu/libnss_mdns4_minimal.so.2
7faf3c7d2000-7faf3f7d3000 rw-p 00000000 00:00 0 
7faf3f7d3000-7faf3f7e9000 r-xp 00000000 08:05 655679                     /home/sebastian/dev/java/jdk1.8.0_144/jre/lib/amd64/libnet.so
7faf3f7e9000-7faf3f9e9000 ---p 00016000 08:05 655679                     /home/sebastian/dev/java/jdk1.8.0_144/jre/lib/amd64/libnet.so
7faf3f9e9000-7faf3f9ea000 rw-p 00016000 08:05 655679                     /home/sebastian/dev/java/jdk1.8.0_144/jre/lib/amd64/libnet.so
7faf3f9f1000-7faf3fbf1000 rw-p 00000000 00:00 0 
7faf3fbf1000-7faf3fbf4000 ---p 00000000 00:00 0 
7faf3fbf4000-7faf3fcf2000 rw-p 00000000 00:00 0 
7faf3fcf2000-7faf3fcf5000 ---p 00000000 00:00 0 
7faf3fcf5000-7faf3fdf3000 rw-p 00000000 00:00 0 
7faf3fdf3000-7faf3fdf8000 r-xp 00000000 08:06 142336                     /usr/lib/x86_64-linux-gnu/libXfixes.so.3.1.0
7faf3fdf8000-7faf3fff7000 ---p 00005000 08:06 142336                     /usr/lib/x86_64-linux-gnu/libXfixes.so.3.1.0
7faf3fff7000-7faf3fff8000 r--p 00004000 08:06 142336                     /usr/lib/x86_64-linux-gnu/libXfixes.so.3.1.0
7faf3fff8000-7faf3fff9000 rw-p 00005000 08:06 142336                     /usr/lib/x86_64-linux-gnu/libXfixes.so.3.1.0
7faf40000000-7faf40021000 rw-p 00000000 00:00 0 
7faf40021000-7faf44000000 ---p 00000000 00:00 0 
7faf44000000-7faf44021000 rw-p 00000000 00:00 0 
7faf44021000-7faf48000000 ---p 00000000 00:00 0 
7faf48000000-7faf4969d000 rw-p 00000000 00:00 0 
7faf4969d000-7faf4c000000 ---p 00000000 00:00 0 
7faf4c000000-7faf4c402000 rw-p 00000000 00:00 0 
7faf4c402000-7faf50000000 ---p 00000000 00:00 0 
7faf50000000-7faf50021000 rw-p 00000000 00:00 0 
7faf50021000-7faf54000000 ---p 00000000 00:00 0 
7faf54000000-7faf55b4f000 rw-p 00000000 00:00 0 
7faf55b4f000-7faf58000000 ---p 00000000 00:00 0 
7faf58000000-7faf58021000 rw-p 00000000 00:00 0 
7faf58021000-7faf5c000000 ---p 00000000 00:00 0 
7faf5c000000-7faf5c021000 rw-p 00000000 00:00 0 
7faf5c021000-7faf60000000 ---p 00000000 00:00 0 
7faf60000000-7faf602c0000 rw-p 00000000 00:00 0 
7faf602c0000-7faf64000000 ---p 00000000 00:00 0 
7faf640f2000-7faf640f5000 ---p 00000000 00:00 0 
7faf640f5000-7faf641f3000 rw-p 00000000 00:00 0 
7faf641f3000-7faf641fc000 r-xp 00000000 08:06 131809                     /usr/lib/x86_64-linux-gnu/libXcursor.so.1.0.2
7faf641fc000-7faf643fb000 ---p 00009000 08:06 131809                     /usr/lib/x86_64-linux-gnu/libXcursor.so.1.0.2
7faf643fb000-7faf643fc000 r--p 00008000 08:06 131809                     /usr/lib/x86_64-linux-gnu/libXcursor.so.1.0.2
7faf643fc000-7faf643fd000 rw-p 00009000 08:06 131809                     /usr/lib/x86_64-linux-gnu/libXcursor.so.1.0.2
7faf64402000-7faf64405000 ---p 00000000 00:00 0 
7faf64405000-7faf64503000 rw-p 00000000 00:00 0 
7faf64503000-7faf64519000 r-xp 00000000 08:06 268648                     /lib/x86_64-linux-gnu/libgcc_s.so.1
7faf64519000-7faf64718000 ---p 00016000 08:06 268648                     /lib/x86_64-linux-gnu/libgcc_s.so.1
7faf64718000-7faf64719000 rw-p 00015000 08:06 268648                     /lib/x86_64-linux-gnu/libgcc_s.so.1
7faf6471b000-7faf64780000 r-xp 00000000 08:05 655698                     /home/sebastian/dev/java/jdk1.8.0_144/jre/lib/amd64/libfontmanager.so
7faf64780000-7faf6497f000 ---p 00065000 08:05 655698                     /home/sebastian/dev/java/jdk1.8.0_144/jre/lib/amd64/libfontmanager.so
7faf6497f000-7faf64984000 rw-p 00064000 08:05 655698                     /home/sebastian/dev/java/jdk1.8.0_144/jre/lib/amd64/libfontmanager.so
7faf64984000-7faf64994000 rw-p 00000000 00:00 0 
7faf6499b000-7faf649a0000 r-xp 00000000 08:06 142332                     /usr/lib/x86_64-linux-gnu/libXdmcp.so.6.0.0
7faf649a0000-7faf64b9f000 ---p 00005000 08:06 142332                     /usr/lib/x86_64-linux-gnu/libXdmcp.so.6.0.0
7faf64b9f000-7faf64ba0000 r--p 00004000 08:06 142332                     /usr/lib/x86_64-linux-gnu/libXdmcp.so.6.0.0
7faf64ba0000-7faf64ba1000 rw-p 00005000 08:06 142332                     /usr/lib/x86_64-linux-gnu/libXdmcp.so.6.0.0
7faf64ba3000-7faf64ba5000 r-xp 00000000 08:06 142321                     /usr/lib/x86_64-linux-gnu/libXau.so.6.0.0
7faf64ba5000-7faf64da5000 ---p 00002000 08:06 142321                     /usr/lib/x86_64-linux-gnu/libXau.so.6.0.0
7faf64da5000-7faf64da6000 r--p 00002000 08:06 142321                     /usr/lib/x86_64-linux-gnu/libXau.so.6.0.0
7faf64da6000-7faf64da7000 rw-p 00003000 08:06 142321                     /usr/lib/x86_64-linux-gnu/libXau.so.6.0.0
7faf64dab000-7faf64dcc000 r-xp 00000000 08:06 143554                     /usr/lib/x86_64-linux-gnu/libxcb.so.1.1.0
7faf64dcc000-7faf64fcb000 ---p 00021000 08:06 143554                     /usr/lib/x86_64-linux-gnu/libxcb.so.1.1.0
7faf64fcb000-7faf64fcc000 r--p 00020000 08:06 143554                     /usr/lib/x86_64-linux-gnu/libxcb.so.1.1.0
7faf64fcc000-7faf64fcd000 rw-p 00021000 08:06 143554                     /usr/lib/x86_64-linux-gnu/libxcb.so.1.1.0
7faf64fd3000-7faf64fe2000 r-xp 00000000 08:06 142344                     /usr/lib/x86_64-linux-gnu/libXi.so.6.1.0
7faf64fe2000-7faf651e1000 ---p 0000f000 08:06 142344                     /usr/lib/x86_64-linux-gnu/libXi.so.6.1.0
7faf651e1000-7faf651e2000 r--p 0000e000 08:06 142344                     /usr/lib/x86_64-linux-gnu/libXi.so.6.1.0
7faf651e2000-7faf651e3000 rw-p 0000f000 08:06 142344                     /usr/lib/x86_64-linux-gnu/libXi.so.6.1.0
7faf651e3000-7faf651e8000 r-xp 00000000 08:06 142362                     /usr/lib/x86_64-linux-gnu/libXtst.so.6.1.0
7faf651e8000-7faf653e7000 ---p 00005000 08:06 142362                     /usr/lib/x86_64-linux-gnu/libXtst.so.6.1.0
7faf653e7000-7faf653e8000 r--p 00004000 08:06 142362                     /usr/lib/x86_64-linux-gnu/libXtst.so.6.1.0
7faf653e8000-7faf653e9000 rw-p 00005000 08:06 142362                     /usr/lib/x86_64-linux-gnu/libXtst.so.6.1.0
7faf653eb000-7faf653f4000 r-xp 00000000 08:06 142356                     /usr/lib/x86_64-linux-gnu/libXrender.so.1.3.0
7faf653f4000-7faf655f3000 ---p 00009000 08:06 142356                     /usr/lib/x86_64-linux-gnu/libXrender.so.1.3.0
7faf655f3000-7faf655f4000 r--p 00008000 08:06 142356                     /usr/lib/x86_64-linux-gnu/libXrender.so.1.3.0
7faf655f4000-7faf655f5000 rw-p 00009000 08:06 142356                     /usr/lib/x86_64-linux-gnu/libXrender.so.1.3.0
7faf655fb000-7faf65730000 r-xp 00000000 08:06 142317                     /usr/lib/x86_64-linux-gnu/libX11.so.6.3.0
7faf65730000-7faf65930000 ---p 00135000 08:06 142317                     /usr/lib/x86_64-linux-gnu/libX11.so.6.3.0
7faf65930000-7faf65931000 r--p 00135000 08:06 142317                     /usr/lib/x86_64-linux-gnu/libX11.so.6.3.0
7faf65931000-7faf65935000 rw-p 00136000 08:06 142317                     /usr/lib/x86_64-linux-gnu/libX11.so.6.3.0
7faf6593b000-7faf6594c000 r-xp 00000000 08:06 142334                     /usr/lib/x86_64-linux-gnu/libXext.so.6.4.0
7faf6594c000-7faf65b4b000 ---p 00011000 08:06 142334                     /usr/lib/x86_64-linux-gnu/libXext.so.6.4.0
7faf65b4b000-7faf65b4c000 r--p 00010000 08:06 142334                     /usr/lib/x86_64-linux-gnu/libXext.so.6.4.0
7faf65b4c000-7faf65b4d000 rw-p 00011000 08:06 142334                     /usr/lib/x86_64-linux-gnu/libXext.so.6.4.0
7faf65b53000-7faf65ba7000 r-xp 00000000 08:05 655706                     /home/sebastian/dev/java/jdk1.8.0_144/jre/lib/amd64/libawt_xawt.so
7faf65ba7000-7faf65da7000 ---p 00054000 08:05 655706                     /home/sebastian/dev/java/jdk1.8.0_144/jre/lib/amd64/libawt_xawt.so
7faf65da7000-7faf65dab000 rw-p 00054000 08:05 655706                     /home/sebastian/dev/java/jdk1.8.0_144/jre/lib/amd64/libawt_xawt.so
7faf65dab000-7faf65dac000 rw-p 00000000 00:00 0 
7faf65db3000-7faf65e55000 r-xp 00000000 08:05 655739                     /home/sebastian/dev/java/jdk1.8.0_144/jre/lib/amd64/libawt.so
7faf65e55000-7faf66055000 ---p 000a2000 08:05 655739                     /home/sebastian/dev/java/jdk1.8.0_144/jre/lib/amd64/libawt.so
7faf66055000-7faf66061000 rw-p 000a2000 08:05 655739                     /home/sebastian/dev/java/jdk1.8.0_144/jre/lib/amd64/libawt.so
7faf66061000-7faf66085000 rw-p 00000000 00:00 0 
7faf66085000-7faf66086000 ---p 00000000 00:00 0 
7faf66086000-7faf66186000 rw-p 00000000 00:00 0 
7faf66186000-7faf66189000 ---p 00000000 00:00 0 
7faf66189000-7faf66287000 rw-p 00000000 00:00 0 
7faf66287000-7faf6628a000 ---p 00000000 00:00 0 
7faf6628a000-7faf66388000 rw-p 00000000 00:00 0 
7faf66388000-7faf6638b000 ---p 00000000 00:00 0 
7faf6638b000-7faf66489000 rw-p 00000000 00:00 0 
7faf66489000-7faf6648c000 ---p 00000000 00:00 0 
7faf6648c000-7faf6658a000 rw-p 00000000 00:00 0 
7faf6658a000-7faf6658d000 ---p 00000000 00:00 0 
7faf6658d000-7faf6668b000 rw-p 00000000 00:00 0 
7faf6668b000-7faf66ae7000 r--p 00000000 08:06 133935                     /usr/lib/locale/locale-archive
7faf66aeb000-7faf66aee000 ---p 00000000 00:00 0 
7faf66aee000-7faf66bec000 rw-p 00000000 00:00 0 
7faf66bec000-7faf66bef000 ---p 00000000 00:00 0 
7faf66bef000-7faf66ced000 rw-p 00000000 00:00 0 
7faf66ced000-7faf66cee000 ---p 00000000 00:00 0 
7faf66cee000-7faf68000000 rw-p 00000000 00:00 0 
7faf68000000-7faf68021000 rw-p 00000000 00:00 0 
7faf68021000-7faf6c000000 ---p 00000000 00:00 0 
7faf6c0bf000-7faf70000000 rw-p 00000000 00:00 0 
7faf70000000-7faf70021000 rw-p 00000000 00:00 0 
7faf70021000-7faf74000000 ---p 00000000 00:00 0 
7faf74000000-7faf74021000 rw-p 00000000 00:00 0 
7faf74021000-7faf78000000 ---p 00000000 00:00 0 
7faf78000000-7faf78021000 rw-p 00000000 00:00 0 
7faf78021000-7faf7c000000 ---p 00000000 00:00 0 
7faf7c000000-7faf7c021000 rw-p 00000000 00:00 0 
7faf7c021000-7faf80000000 ---p 00000000 00:00 0 
7faf80000000-7faf80021000 rw-p 00000000 00:00 0 
7faf80021000-7faf84000000 ---p 00000000 00:00 0 
7faf84033000-7faf8403a000 r--s 00000000 08:06 402275                     /usr/lib/x86_64-linux-gnu/gconv/gconv-modules.cache
7faf8403e000-7faf84240000 rw-p 00000000 00:00 0 
7faf84240000-7faf8441a000 r--s 03d4d000 08:05 655671                     /home/sebastian/dev/java/jdk1.8.0_144/jre/lib/rt.jar
7faf8441c000-7faf85000000 rw-p 00000000 00:00 0 
7faf85000000-7faf855b0000 rwxp 00000000 00:00 0 
7faf855b0000-7faf94000000 ---p 00000000 00:00 0 
7faf94000000-7faf94526000 rw-p 00000000 00:00 0 
7faf94526000-7faf98000000 ---p 00000000 00:00 0 
7faf98003000-7faf98029000 r--p 00000000 08:06 537433                     /usr/share/locale-langpack/de/LC_MESSAGES/libc.mo
7faf9802e000-7faf98198000 rw-p 00000000 00:00 0 
7faf98198000-7faf98199000 ---p 00000000 00:00 0 
7faf98199000-7faf98299000 rw-p 00000000 00:00 0 
7faf98299000-7faf9829a000 ---p 00000000 00:00 0 
7faf9829a000-7faf9839a000 rw-p 00000000 00:00 0 
7faf9839a000-7faf9839b000 ---p 00000000 00:00 0 
7faf9839b000-7faf9849b000 rw-p 00000000 00:00 0 
7faf9849b000-7faf9849c000 ---p 00000000 00:00 0 
7faf9849c000-7faf9859c000 rw-p 00000000 00:00 0 
7faf9859c000-7faf9859d000 ---p 00000000 00:00 0 
7faf9859d000-7faf9869d000 rw-p 00000000 00:00 0 
7faf9869d000-7faf9869e000 ---p 00000000 00:00 0 
7faf9869e000-7faf988f4000 rw-p 00000000 00:00 0 
7faf988f4000-7faf98a36000 ---p 00000000 00:00 0 
7faf98a36000-7faf98b8c000 rw-p 00000000 00:00 0 
7faf98b8c000-7faf98cce000 ---p 00000000 00:00 0 
7faf98cce000-7faf98cdd000 rw-p 00000000 00:00 0 
7faf98cdd000-7faf98e1a000 ---p 00000000 00:00 0 
7faf98e1a000-7faf98e32000 rw-p 00000000 00:00 0 
7faf98e32000-7faf991db000 ---p 00000000 00:00 0 
7faf991db000-7faf991f5000 r-xp 00000000 08:05 655702                     /home/sebastian/dev/java/jdk1.8.0_144/jre/lib/amd64/libzip.so
7faf991f5000-7faf993f5000 ---p 0001a000 08:05 655702                     /home/sebastian/dev/java/jdk1.8.0_144/jre/lib/amd64/libzip.so
7faf993f5000-7faf993f6000 rw-p 0001a000 08:05 655702                     /home/sebastian/dev/java/jdk1.8.0_144/jre/lib/amd64/libzip.so
7faf993fb000-7faf99406000 r-xp 00000000 08:06 296044                     /lib/x86_64-linux-gnu/libnss_files-2.23.so
7faf99406000-7faf99605000 ---p 0000b000 08:06 296044                     /lib/x86_64-linux-gnu/libnss_files-2.23.so
7faf99605000-7faf99606000 r--p 0000a000 08:06 296044                     /lib/x86_64-linux-gnu/libnss_files-2.23.so
7faf99606000-7faf99607000 rw-p 0000b000 08:06 296044                     /lib/x86_64-linux-gnu/libnss_files-2.23.so
7faf99607000-7faf9960d000 rw-p 00000000 00:00 0 
7faf99613000-7faf9961e000 r-xp 00000000 08:06 296048                     /lib/x86_64-linux-gnu/libnss_nis-2.23.so
7faf9961e000-7faf9981d000 ---p 0000b000 08:06 296048                     /lib/x86_64-linux-gnu/libnss_nis-2.23.so
7faf9981d000-7faf9981e000 r--p 0000a000 08:06 296048                     /lib/x86_64-linux-gnu/libnss_nis-2.23.so
7faf9981e000-7faf9981f000 rw-p 0000b000 08:06 296048                     /lib/x86_64-linux-gnu/libnss_nis-2.23.so
7faf99823000-7faf99839000 r-xp 00000000 08:06 296027                     /lib/x86_64-linux-gnu/libnsl-2.23.so
7faf99839000-7faf99a38000 ---p 00016000 08:06 296027                     /lib/x86_64-linux-gnu/libnsl-2.23.so
7faf99a38000-7faf99a39000 r--p 00015000 08:06 296027                     /lib/x86_64-linux-gnu/libnsl-2.23.so
7faf99a39000-7faf99a3a000 rw-p 00016000 08:06 296027                     /lib/x86_64-linux-gnu/libnsl-2.23.so
7faf99a3a000-7faf99a3c000 rw-p 00000000 00:00 0 
7faf99a43000-7faf99a4b000 r-xp 00000000 08:06 296039                     /lib/x86_64-linux-gnu/libnss_compat-2.23.so
7faf99a4b000-7faf99c4a000 ---p 00008000 08:06 296039                     /lib/x86_64-linux-gnu/libnss_compat-2.23.so
7faf99c4a000-7faf99c4b000 r--p 00007000 08:06 296039                     /lib/x86_64-linux-gnu/libnss_compat-2.23.so
7faf99c4b000-7faf99c4c000 rw-p 00008000 08:06 296039                     /lib/x86_64-linux-gnu/libnss_compat-2.23.so
7faf99c53000-7faf99c7e000 r-xp 00000000 08:05 655729                     /home/sebastian/dev/java/jdk1.8.0_144/jre/lib/amd64/libjava.so
7faf99c7e000-7faf99e7d000 ---p 0002b000 08:05 655729                     /home/sebastian/dev/java/jdk1.8.0_144/jre/lib/amd64/libjava.so
7faf99e7d000-7faf99e7f000 rw-p 0002a000 08:05 655729                     /home/sebastian/dev/java/jdk1.8.0_144/jre/lib/amd64/libjava.so
7faf99e83000-7faf99e90000 r-xp 00000000 08:05 655680                     /home/sebastian/dev/java/jdk1.8.0_144/jre/lib/amd64/libverify.so
7faf99e90000-7faf9a090000 ---p 0000d000 08:05 655680                     /home/sebastian/dev/java/jdk1.8.0_144/jre/lib/amd64/libverify.so
7faf9a090000-7faf9a092000 rw-p 0000d000 08:05 655680                     /home/sebastian/dev/java/jdk1.8.0_144/jre/lib/amd64/libverify.so
7faf9a093000-7faf9a09a000 r-xp 00000000 08:06 296049                     /lib/x86_64-linux-gnu/librt-2.23.so
7faf9a09a000-7faf9a299000 ---p 00007000 08:06 296049                     /lib/x86_64-linux-gnu/librt-2.23.so
7faf9a299000-7faf9a29a000 r--p 00006000 08:06 296049                     /lib/x86_64-linux-gnu/librt-2.23.so
7faf9a29a000-7faf9a29b000 rw-p 00007000 08:06 296049                     /lib/x86_64-linux-gnu/librt-2.23.so
7faf9a29b000-7faf9a3a3000 r-xp 00000000 08:06 291306                     /lib/x86_64-linux-gnu/libm-2.23.so
7faf9a3a3000-7faf9a5a2000 ---p 00108000 08:06 291306                     /lib/x86_64-linux-gnu/libm-2.23.so
7faf9a5a2000-7faf9a5a3000 r--p 00107000 08:06 291306                     /lib/x86_64-linux-gnu/libm-2.23.so
7faf9a5a3000-7faf9a5a4000 rw-p 00108000 08:06 291306                     /lib/x86_64-linux-gnu/libm-2.23.so
7faf9a5ab000-7faf9b27e000 r-xp 00000000 08:05 655733                     /home/sebastian/dev/java/jdk1.8.0_144/jre/lib/amd64/server/libjvm.so
7faf9b27e000-7faf9b47d000 ---p 00cd3000 08:05 655733                     /home/sebastian/dev/java/jdk1.8.0_144/jre/lib/amd64/server/libjvm.so
7faf9b47d000-7faf9b557000 rw-p 00cd2000 08:05 655733                     /home/sebastian/dev/java/jdk1.8.0_144/jre/lib/amd64/server/libjvm.so
7faf9b557000-7faf9b5a2000 rw-p 00000000 00:00 0 
7faf9b5a3000-7faf9b763000 r-xp 00000000 08:06 296030                     /lib/x86_64-linux-gnu/libc-2.23.so
7faf9b763000-7faf9b963000 ---p 001c0000 08:06 296030                     /lib/x86_64-linux-gnu/libc-2.23.so
7faf9b963000-7faf9b967000 r--p 001c0000 08:06 296030                     /lib/x86_64-linux-gnu/libc-2.23.so
7faf9b967000-7faf9b969000 rw-p 001c4000 08:06 296030                     /lib/x86_64-linux-gnu/libc-2.23.so
7faf9b969000-7faf9b96d000 rw-p 00000000 00:00 0 
7faf9b973000-7faf9b976000 r-xp 00000000 08:06 296032                     /lib/x86_64-linux-gnu/libdl-2.23.so
7faf9b976000-7faf9bb75000 ---p 00003000 08:06 296032                     /lib/x86_64-linux-gnu/libdl-2.23.so
7faf9bb75000-7faf9bb76000 r--p 00002000 08:06 296032                     /lib/x86_64-linux-gnu/libdl-2.23.so
7faf9bb76000-7faf9bb77000 rw-p 00003000 08:06 296032                     /lib/x86_64-linux-gnu/libdl-2.23.so
7faf9bb7b000-7faf9bb90000 r-xp 00000000 08:05 395825                     /home/sebastian/dev/java/jdk1.8.0_144/lib/amd64/jli/libjli.so
7faf9bb90000-7faf9bd90000 ---p 00015000 08:05 395825                     /home/sebastian/dev/java/jdk1.8.0_144/lib/amd64/jli/libjli.so
7faf9bd90000-7faf9bd91000 rw-p 00015000 08:05 395825                     /home/sebastian/dev/java/jdk1.8.0_144/lib/amd64/jli/libjli.so
7faf9bd93000-7faf9bdab000 r-xp 00000000 08:06 296029                     /lib/x86_64-linux-gnu/libpthread-2.23.so
7faf9bdab000-7faf9bfaa000 ---p 00018000 08:06 296029                     /lib/x86_64-linux-gnu/libpthread-2.23.so
7faf9bfaa000-7faf9bfab000 r--p 00017000 08:06 296029                     /lib/x86_64-linux-gnu/libpthread-2.23.so
7faf9bfab000-7faf9bfac000 rw-p 00018000 08:06 296029                     /lib/x86_64-linux-gnu/libpthread-2.23.so
7faf9bfac000-7faf9bfb0000 rw-p 00000000 00:00 0 
7faf9bfb3000-7faf9bfd9000 r-xp 00000000 08:06 296028                     /lib/x86_64-linux-gnu/ld-2.23.so
7faf9bfdf000-7faf9c0cb000 rw-p 00000000 00:00 0 
7faf9c0cb000-7faf9c0d3000 rw-s 00000000 08:06 922099                     /tmp/hsperfdata_sebastian/9218
7faf9c0d4000-7faf9c0d5000 rw-p 00000000 00:00 0 
7faf9c0d5000-7faf9c0d6000 ---p 00000000 00:00 0 
7faf9c0d6000-7faf9c0d9000 ---p 00000000 00:00 0 
7faf9c0d9000-7faf9c1d8000 rw-p 00000000 00:00 0 
7faf9c1d8000-7faf9c1d9000 r--p 00025000 08:06 296028                     /lib/x86_64-linux-gnu/ld-2.23.so
7faf9c1d9000-7faf9c1da000 rw-p 00026000 08:06 296028                     /lib/x86_64-linux-gnu/ld-2.23.so
7faf9c1da000-7faf9c1dc000 rw-p 00000000 00:00 0 
7faf9c1dc000-7faf9c1df000 rw-p 00000000 00:00 0 
7ffe456cb000-7ffe456ec000 rw-p 00000000 00:00 0                          [stack]
7ffe45723000-7ffe45726000 r--p 00000000 00:00 0                          [vvar]
7ffe45726000-7ffe45728000 r-xp 00000000 00:00 0                          [vdso]
ffffffffff600000-ffffffffff601000 r-xp 00000000 00:00 0                  [vsyscall]

VM Arguments:
jvm_args: -Dfile.encoding=UTF-8 
java_command: de.elsivas.gol.gui.GolGui
java_class_path (initial): /home/sebastian/dev/git/dawn/dawn-odd/dawn-odd-standalone/target/classes
Launcher Type: SUN_STANDARD

Environment Variables:
PATH=/usr/local/sbin:/usr/local/bin:/usr/sbin:/usr/bin:/sbin:/bin:/usr/games:/usr/local/games:/snap/bin
SHELL=/bin/bash
DISPLAY=:0.0

Signal Handlers:
SIGSEGV: [libjvm.so+0xacba10], sa_mask[0]=11111111011111111101111111111110, sa_flags=SA_RESTART|SA_SIGINFO
SIGBUS: [libjvm.so+0xacba10], sa_mask[0]=11111111011111111101111111111110, sa_flags=SA_RESTART|SA_SIGINFO
SIGFPE: [libjvm.so+0x924ba0], sa_mask[0]=11111111011111111101111111111110, sa_flags=SA_RESTART|SA_SIGINFO
SIGPIPE: [libjvm.so+0x924ba0], sa_mask[0]=11111111011111111101111111111110, sa_flags=SA_RESTART|SA_SIGINFO
SIGXFSZ: [libjvm.so+0x924ba0], sa_mask[0]=11111111011111111101111111111110, sa_flags=SA_RESTART|SA_SIGINFO
SIGILL: [libjvm.so+0x924ba0], sa_mask[0]=11111111011111111101111111111110, sa_flags=SA_RESTART|SA_SIGINFO
SIGUSR1: SIG_DFL, sa_mask[0]=00000000000000000000000000000000, sa_flags=none
SIGUSR2: [libjvm.so+0x9263e0], sa_mask[0]=00100000000000000000000000000000, sa_flags=SA_RESTART|SA_SIGINFO
SIGHUP: [libjvm.so+0x9277e0], sa_mask[0]=11111111011111111101111111111110, sa_flags=SA_RESTART|SA_SIGINFO
SIGINT: [libjvm.so+0x9277e0], sa_mask[0]=11111111011111111101111111111110, sa_flags=SA_RESTART|SA_SIGINFO
SIGTERM: [libjvm.so+0x9277e0], sa_mask[0]=11111111011111111101111111111110, sa_flags=SA_RESTART|SA_SIGINFO
SIGQUIT: [libjvm.so+0x9277e0], sa_mask[0]=11111111011111111101111111111110, sa_flags=SA_RESTART|SA_SIGINFO


---------------  S Y S T E M  ---------------

OS:DISTRIB_ID=Ubuntu
DISTRIB_RELEASE=16.04
DISTRIB_CODENAME=xenial
DISTRIB_DESCRIPTION="Ubuntu 16.04.3 LTS"

uname:Linux 4.13.0-32-generic #35~16.04.1-Ubuntu SMP Thu Jan 25 10:13:43 UTC 2018 x86_64
libc:glibc 2.23 NPTL 2.23 
rlimit: STACK 8192k, CORE 0k, NPROC 31376, NOFILE 1048576, AS infinity
load average:119,28 30,15 10,56

/proc/meminfo:
MemTotal:        8151480 kB
MemFree:         1840084 kB
MemAvailable:    1773648 kB
Buffers:            5944 kB
Cached:           151712 kB
SwapCached:         5836 kB
Active:          5204456 kB
Inactive:         875460 kB
Active(anon):    5156980 kB
Inactive(anon):   811864 kB
Active(file):      47476 kB
Inactive(file):    63596 kB
Unevictable:          32 kB
Mlocked:              32 kB
SwapTotal:       2096124 kB
SwapFree:          40572 kB
Dirty:               612 kB
Writeback:           700 kB
AnonPages:       5917640 kB
Mapped:           120996 kB
Shmem:             46576 kB
Slab:              81956 kB
SReclaimable:      27732 kB
SUnreclaim:        54224 kB
KernelStack:       28832 kB
PageTables:        65868 kB
NFS_Unstable:          0 kB
Bounce:                0 kB
WritebackTmp:          0 kB
CommitLimit:     6171864 kB
Committed_AS:   26729280 kB
VmallocTotal:   34359738367 kB
VmallocUsed:           0 kB
VmallocChunk:          0 kB
HardwareCorrupted:     0 kB
AnonHugePages:         0 kB
ShmemHugePages:        0 kB
ShmemPmdMapped:        0 kB
CmaTotal:              0 kB
CmaFree:               0 kB
HugePages_Total:       0
HugePages_Free:        0
HugePages_Rsvd:        0
HugePages_Surp:        0
Hugepagesize:       2048 kB
DirectMap4k:      105856 kB
DirectMap2M:     4071424 kB
DirectMap1G:     4194304 kB


CPU:total 6 (initial active 6) (6 cores per cpu, 1 threads per core) family 21 model 1 stepping 2, cmov, cx8, fxsr, mmx, sse, sse2, sse3, ssse3, sse4.1, sse4.2, popcnt, avx, aes, clmul, mmxext, 3dnowpref, lzcnt, sse4a, tsc, tscinvbit, tscinv

/proc/cpuinfo:
processor	: 0
vendor_id	: AuthenticAMD
cpu family	: 21
model		: 1
model name	: AMD FX(tm)-6100 Six-Core Processor
stepping	: 2
microcode	: 0x6000626
cpu MHz		: 1800.000
cache size	: 2048 KB
physical id	: 0
siblings	: 6
core id		: 0
cpu cores	: 3
apicid		: 16
initial apicid	: 0
fpu		: yes
fpu_exception	: yes
cpuid level	: 13
wp		: yes
flags		: fpu vme de pse tsc msr pae mce cx8 apic sep mtrr pge mca cmov pat pse36 clflush mmx fxsr sse sse2 ht syscall nx mmxext fxsr_opt pdpe1gb rdtscp lm constant_tsc rep_good nopl nonstop_tsc cpuid extd_apicid aperfmperf pni pclmulqdq monitor ssse3 cx16 sse4_1 sse4_2 popcnt aes xsave avx lahf_lm cmp_legacy svm extapic cr8_legacy abm sse4a misalignsse 3dnowprefetch osvw ibs xop skinit wdt lwp fma4 nodeid_msr topoext perfctr_core perfctr_nb cpb hw_pstate vmmcall arat npt lbrv svm_lock nrip_save tsc_scale vmcb_clean flushbyasid decodeassists pausefilter pfthreshold
bugs		: fxsave_leak sysret_ss_attrs null_seg spectre_v1 spectre_v2
bogomips	: 6600.07
TLB size	: 1536 4K pages
clflush size	: 64
cache_alignment	: 64
address sizes	: 48 bits physical, 48 bits virtual
power management: ts ttp tm 100mhzsteps hwpstate cpb

processor	: 1
vendor_id	: AuthenticAMD
cpu family	: 21
model		: 1
model name	: AMD FX(tm)-6100 Six-Core Processor
stepping	: 2
microcode	: 0x6000626
cpu MHz		: 3000.000
cache size	: 2048 KB
physical id	: 0
siblings	: 6
core id		: 1
cpu cores	: 3
apicid		: 17
initial apicid	: 1
fpu		: yes
fpu_exception	: yes
cpuid level	: 13
wp		: yes
flags		: fpu vme de pse tsc msr pae mce cx8 apic sep mtrr pge mca cmov pat pse36 clflush mmx fxsr sse sse2 ht syscall nx mmxext fxsr_opt pdpe1gb rdtscp lm constant_tsc rep_good nopl nonstop_tsc cpuid extd_apicid aperfmperf pni pclmulqdq monitor ssse3 cx16 sse4_1 sse4_2 popcnt aes xsave avx lahf_lm cmp_legacy svm extapic cr8_legacy abm sse4a misalignsse 3dnowprefetch osvw ibs xop skinit wdt lwp fma4 nodeid_msr topoext perfctr_core perfctr_nb cpb hw_pstate vmmcall arat npt lbrv svm_lock nrip_save tsc_scale vmcb_clean flushbyasid decodeassists pausefilter pfthreshold
bugs		: fxsave_leak sysret_ss_attrs null_seg spectre_v1 spectre_v2
bogomips	: 6600.07
TLB size	: 1536 4K pages
clflush size	: 64
cache_alignment	: 64
address sizes	: 48 bits physical, 48 bits virtual
power management: ts ttp tm 100mhzsteps hwpstate cpb

processor	: 2
vendor_id	: AuthenticAMD
cpu family	: 21
model		: 1
model name	: AMD FX(tm)-6100 Six-Core Processor
stepping	: 2
microcode	: 0x6000626
cpu MHz		: 1800.000
cache size	: 2048 KB
physical id	: 0
siblings	: 6
core id		: 2
cpu cores	: 3
apicid		: 18
initial apicid	: 2
fpu		: yes
fpu_exception	: yes
cpuid level	: 13
wp		: yes
flags		: fpu vme de pse tsc msr pae mce cx8 apic sep mtrr pge mca cmov pat pse36 clflush mmx fxsr sse sse2 ht syscall nx mmxext fxsr_opt pdpe1gb rdtscp lm constant_tsc rep_good nopl nonstop_tsc cpuid extd_apicid aperfmperf pni pclmulqdq monitor ssse3 cx16 sse4_1 sse4_2 popcnt aes xsave avx lahf_lm cmp_legacy svm extapic cr8_legacy abm sse4a misalignsse 3dnowprefetch osvw ibs xop skinit wdt lwp fma4 nodeid_msr topoext perfctr_core perfctr_nb cpb hw_pstate vmmcall arat npt lbrv svm_lock nrip_save tsc_scale vmcb_clean flushbyasid decodeassists pausefilter pfthreshold
bugs		: fxsave_leak sysret_ss_attrs null_seg spectre_v1 spectre_v2
bogomips	: 6600.07
TLB size	: 1536 4K pages
clflush size	: 64
cache_alignment	: 64
address sizes	: 48 bits physical, 48 bits virtual
power management: ts ttp tm 100mhzsteps hwpstate cpb

processor	: 3
vendor_id	: AuthenticAMD
cpu family	: 21
model		: 1
model name	: AMD FX(tm)-6100 Six-Core Processor
stepping	: 2
microcode	: 0x6000626
cpu MHz		: 1800.000
cache size	: 2048 KB
physical id	: 0
siblings	: 6
core id		: 3
cpu cores	: 3
apicid		: 19
initial apicid	: 3
fpu		: yes
fpu_exception	: yes
cpuid level	: 13
wp		: yes
flags		: fpu vme de pse tsc msr pae mce cx8 apic sep mtrr pge mca cmov pat pse36 clflush mmx fxsr sse sse2 ht syscall nx mmxext fxsr_opt pdpe1gb rdtscp lm constant_tsc rep_good nopl nonstop_tsc cpuid extd_apicid aperfmperf pni pclmulqdq monitor ssse3 cx16 sse4_1 sse4_2 popcnt aes xsave avx lahf_lm cmp_legacy svm extapic cr8_legacy abm sse4a misalignsse 3dnowprefetch osvw ibs xop skinit wdt lwp fma4 nodeid_msr topoext perfctr_core perfctr_nb cpb hw_pstate vmmcall arat npt lbrv svm_lock nrip_save tsc_scale vmcb_clean flushbyasid decodeassists pausefilter pfthreshold
bugs		: fxsave_leak sysret_ss_attrs null_seg spectre_v1 spectre_v2
bogomips	: 6600.07
TLB size	: 1536 4K pages
clflush size	: 64
cache_alignment	: 64
address sizes	: 48 bits physical, 48 bits virtual
power management: ts ttp tm 100mhzsteps hwpstate cpb

processor	: 4
vendor_id	: AuthenticAMD
cpu family	: 21
model		: 1
model name	: AMD FX(tm)-6100 Six-Core Processor
stepping	: 2
microcode	: 0x6000626
cpu MHz		: 1800.000
cache size	: 2048 KB
physical id	: 0
siblings	: 6
core id		: 4
cpu cores	: 3
apicid		: 20
initial apicid	: 4
fpu		: yes
fpu_exception	: yes
cpuid level	: 13
wp		: yes
flags		: fpu vme de pse tsc msr pae mce cx8 apic sep mtrr pge mca cmov pat pse36 clflush mmx fxsr sse sse2 ht syscall nx mmxext fxsr_opt pdpe1gb rdtscp lm constant_tsc rep_good nopl nonstop_tsc cpuid extd_apicid aperfmperf pni pclmulqdq monitor ssse3 cx16 sse4_1 sse4_2 popcnt aes xsave avx lahf_lm cmp_legacy svm extapic cr8_legacy abm sse4a misalignsse 3dnowprefetch osvw ibs xop skinit wdt lwp fma4 nodeid_msr topoext perfctr_core perfctr_nb cpb hw_pstate vmmcall arat npt lbrv svm_lock nrip_save tsc_scale vmcb_clean flushbyasid decodeassists pausefilter pfthreshold
bugs		: fxsave_leak sysret_ss_attrs null_seg spectre_v1 spectre_v2
bogomips	: 6600.07
TLB size	: 1536 4K pages
clflush size	: 64
cache_alignment	: 64
address sizes	: 48 bits physical, 48 bits virtual
power management: ts ttp tm 100mhzsteps hwpstate cpb

processor	: 5
vendor_id	: AuthenticAMD
cpu family	: 21
model		: 1
model name	: AMD FX(tm)-6100 Six-Core Processor
stepping	: 2
microcode	: 0x6000626
cpu MHz		: 1800.000
cache size	: 2048 KB
physical id	: 0
siblings	: 6
core id		: 5
cpu cores	: 3
apicid		: 21
initial apicid	: 5
fpu		: yes
fpu_exception	: yes
cpuid level	: 13
wp		: yes
flags		: fpu vme de pse tsc msr pae mce cx8 apic sep mtrr pge mca cmov pat pse36 clflush mmx fxsr sse sse2 ht syscall nx mmxext fxsr_opt pdpe1gb rdtscp lm constant_tsc rep_good nopl nonstop_tsc cpuid extd_apicid aperfmperf pni pclmulqdq monitor ssse3 cx16 sse4_1 sse4_2 popcnt aes xsave avx lahf_lm cmp_legacy svm extapic cr8_legacy abm sse4a misalignsse 3dnowprefetch osvw ibs xop skinit wdt lwp fma4 nodeid_msr topoext perfctr_core perfctr_nb cpb hw_pstate vmmcall arat npt lbrv svm_lock nrip_save tsc_scale vmcb_clean flushbyasid decodeassists pausefilter pfthreshold
bugs		: fxsave_leak sysret_ss_attrs null_seg spectre_v1 spectre_v2
bogomips	: 6600.07
TLB size	: 1536 4K pages
clflush size	: 64
cache_alignment	: 64
address sizes	: 48 bits physical, 48 bits virtual
power management: ts ttp tm 100mhzsteps hwpstate cpb



Memory: 4k page, physical 8151480k(1838984k free), swap 2096124k(40384k free)

vm_info: Java HotSpot(TM) 64-Bit Server VM (25.144-b01) for linux-amd64 JRE (1.8.0_144-b01), built on Jul 21 2017 21:57:33 by "java_re" with gcc 4.3.0 20080428 (Red Hat 4.3.0-8)

time: Sun Feb 11 17:21:32 2018
elapsed time: 5839 seconds (0d 1h 37m 19s)

