#
# There is insufficient memory for the Java Runtime Environment to continue.
# Native memory allocation (mmap) failed to map 84410368 bytes for committing reserved memory.
# Possible reasons:
#   The system is out of physical RAM or swap space
#   In 32 bit mode, the process size limit was hit
# Possible solutions:
#   Reduce memory load on the system
#   Increase physical memory or swap space
#   Check if swap backing store is full
#   Use 64 bit Java on a 64 bit OS
#   Decrease Java heap size (-Xmx/-Xms)
#   Decrease number of Java threads
#   Decrease Java thread stack sizes (-Xss)
#   Set larger code cache with -XX:ReservedCodeCacheSize=
# This output file may be truncated or incomplete.
#
#  Out of Memory Error (os_linux.cpp:2640), pid=9591, tid=0x00007fa791416700
#
# JRE version: Java(TM) SE Runtime Environment (8.0_144-b01) (build 1.8.0_144-b01)
# Java VM: Java HotSpot(TM) 64-Bit Server VM (25.144-b01 mixed mode linux-amd64 compressed oops)
# Failed to write core dump. Core dumps have been disabled. To enable core dumping, try "ulimit -c unlimited" before starting Java again
#

---------------  T H R E A D  ---------------

Current thread (0x00007fa7a407b800):  VMThread [stack: 0x00007fa791316000,0x00007fa791417000] [id=9604]

Stack: [0x00007fa791316000,0x00007fa791417000],  sp=0x00007fa791415320,  free space=1020k
Native frames: (J=compiled Java code, j=interpreted, Vv=VM code, C=native code)
V  [libjvm.so+0xacb18a]  VMError::report_and_die()+0x2ba
V  [libjvm.so+0x4ff4db]  report_vm_out_of_memory(char const*, int, unsigned long, VMErrorType, char const*)+0x8b
V  [libjvm.so+0x927d23]  os::Linux::commit_memory_impl(char*, unsigned long, bool)+0x103
V  [libjvm.so+0x928279]  os::pd_commit_memory(char*, unsigned long, unsigned long, bool)+0x29
V  [libjvm.so+0x92249a]  os::commit_memory(char*, unsigned long, unsigned long, bool)+0x2a
V  [libjvm.so+0x996ff3]  PSVirtualSpace::expand_by(unsigned long)+0x53
V  [libjvm.so+0x9878b0]  PSOldGen::expand(unsigned long)+0x170
V  [libjvm.so+0x987abb]  PSOldGen::resize(unsigned long)+0x1cb
V  [libjvm.so+0x98f7c1]  PSParallelCompact::invoke_no_policy(bool)+0x991
V  [libjvm.so+0x99511d]  PSScavenge::invoke()+0x1ad
V  [libjvm.so+0x94bce0]  ParallelScavengeHeap::failed_mem_allocate(unsigned long)+0x70
V  [libjvm.so+0xaccba7]  VM_ParallelGCFailedAllocation::doit()+0x97
V  [libjvm.so+0xad4685]  VM_Operation::evaluate()+0x55
V  [libjvm.so+0xad2a5a]  VMThread::evaluate_operation(VM_Operation*)+0xba
V  [libjvm.so+0xad2dde]  VMThread::loop()+0x1ce
V  [libjvm.so+0xad3250]  VMThread::run()+0x70
V  [libjvm.so+0x92a338]  java_start(Thread*)+0x108

VM_Operation (0x00007fa7aa8ca420): ParallelGCFailedAllocation, mode: safepoint, requested by thread 0x00007fa7a4009800


---------------  P R O C E S S  ---------------

Java Threads: ( => current thread )
  0x00007fa7a416d000 JavaThread "AWT-EventQueue-0" [_thread_blocked, id=22517, stack(0x00007fa7792b1000,0x00007fa7793b2000)]
  0x00007fa7a4289000 JavaThread "AWT-Shutdown" [_thread_blocked, id=22516, stack(0x00007fa77a49a000,0x00007fa77a59b000)]
  0x00007fa740055000 JavaThread "TimerQueue" daemon [_thread_blocked, id=9630, stack(0x00007fa7793b2000,0x00007fa7794b3000)]
  0x00007fa7a4246800 JavaThread "AWT-XAWT" daemon [_thread_blocked, id=9615, stack(0x00007fa7880bf000,0x00007fa7881c0000)]
  0x00007fa7a421e800 JavaThread "Java2D Disposer" daemon [_thread_blocked, id=9614, stack(0x00007fa790052000,0x00007fa790153000)]
  0x00007fa7a40de800 JavaThread "Service Thread" daemon [_thread_blocked, id=9612, stack(0x00007fa7907ae000,0x00007fa7908af000)]
  0x00007fa7a40c1000 JavaThread "C1 CompilerThread2" daemon [_thread_blocked, id=9611, stack(0x00007fa7908af000,0x00007fa7909b0000)]
  0x00007fa7a40bf800 JavaThread "C2 CompilerThread1" daemon [_thread_blocked, id=9610, stack(0x00007fa7909b0000,0x00007fa790ab1000)]
  0x00007fa7a40bc800 JavaThread "C2 CompilerThread0" daemon [_thread_blocked, id=9609, stack(0x00007fa790ab1000,0x00007fa790bb2000)]
  0x00007fa7a40bb000 JavaThread "Signal Dispatcher" daemon [_thread_blocked, id=9608, stack(0x00007fa790bb2000,0x00007fa790cb3000)]
  0x00007fa7a4088000 JavaThread "Finalizer" daemon [_thread_blocked, id=9606, stack(0x00007fa791114000,0x00007fa791215000)]
  0x00007fa7a4083800 JavaThread "Reference Handler" daemon [_thread_blocked, id=9605, stack(0x00007fa791215000,0x00007fa791316000)]
  0x00007fa7a4009800 JavaThread "main" [_thread_blocked, id=9597, stack(0x00007fa7aa7cb000,0x00007fa7aa8cc000)]

Other Threads:
=>0x00007fa7a407b800 VMThread [stack: 0x00007fa791316000,0x00007fa791417000] [id=9604]
  0x00007fa7a40e1000 WatcherThread [stack: 0x00007fa7906ad000,0x00007fa7907ae000] [id=9613]

VM state:at safepoint (normal execution)

VM Mutex/Monitor currently owned by a thread:  ([mutex/lock_event])
[0x00007fa7a40059f0] ExpandHeap_lock - owner thread: 0x00007fa7a407b800
[0x00007fa7a4006070] Threads_lock - owner thread: 0x00007fa7a407b800
[0x00007fa7a4006570] Heap_lock - owner thread: 0x00007fa7a4009800

Heap:
 PSYoungGen      total 122880K, used 21341K [0x00000000d6800000, 0x00000000e5900000, 0x0000000100000000)
  eden space 512K, 0% used [0x00000000d6800000,0x00000000d6800000,0x00000000d6880000)
  from space 122368K, 17% used [0x00000000d6880000,0x00000000d7d576f0,0x00000000de000000)
  to   space 122880K, 0% used [0x00000000de100000,0x00000000de100000,0x00000000e5900000)
 ParOldGen       total 250368K, used 250144K [0x0000000083800000, 0x0000000092c80000, 0x00000000d6800000)
  object space 250368K, 99% used [0x0000000083800000,0x0000000092c48230,0x0000000092c80000)
 Metaspace       used 11188K, capacity 11472K, committed 11648K, reserved 1058816K
  class space    used 1231K, capacity 1326K, committed 1408K, reserved 1048576K

Card table byte_map: [0x00007fa793ff6000,0x00007fa7943db000] byte_map_base: 0x00007fa793bda000

Marking Bits: (ParMarkBitMap*) 0x00007fa7a9c6cdc0
 Begin Bits: [0x00007fa7881c0000, 0x00007fa78a0e0000)
 End Bits:   [0x00007fa78a0e0000, 0x00007fa78c000000)

Polling page: 0x00007fa7aa7ca000

CodeCache: size=245760Kb used=5535Kb max_used=5555Kb free=240224Kb
 bounds [0x00007fa79479b000, 0x00007fa794d1b000, 0x00007fa7a379b000]
 total_blobs=2013 nmethods=1517 adapters=410
 compilation: enabled

Compilation events (10 events):
Event: 2125,477 Thread 0x00007fa7a40bf800 nmethod 1781 0x00007fa794cfa390 code [0x00007fa794cfa4e0, 0x00007fa794cfa5f8]
Event: 2125,493 Thread 0x00007fa7a40bc800 nmethod 1782 0x00007fa794d04210 code [0x00007fa794d04400, 0x00007fa794d05258]
Event: 2132,235 Thread 0x00007fa7a40c1000 1783       1       javax.swing.table.DefaultTableCellRenderer::firePropertyChange (1 bytes)
Event: 2132,235 Thread 0x00007fa7a40c1000 nmethod 1783 0x00007fa794ce2450 code [0x00007fa794ce25a0, 0x00007fa794ce26b0]
Event: 2191,560 Thread 0x00007fa7a40bf800 1785       4       java.awt.Container::invalidateParent (18 bytes)
Event: 2191,560 Thread 0x00007fa7a40bc800 1784   !   4       java.awt.Component::invalidate (63 bytes)
Event: 2191,562 Thread 0x00007fa7a40bf800 nmethod 1785 0x00007fa794cfa090 code [0x00007fa794cfa1e0, 0x00007fa794cfa298]
Event: 2191,567 Thread 0x00007fa7a40bc800 nmethod 1784 0x00007fa794cea490 code [0x00007fa794cea600, 0x00007fa794cea9f8]
Event: 2193,062 Thread 0x00007fa7a40bf800 1786       4       javax.swing.SwingUtilities::getValidateRoot (98 bytes)
Event: 2193,071 Thread 0x00007fa7a40bf800 nmethod 1786 0x00007fa794d06210 code [0x00007fa794d063a0, 0x00007fa794d065f8]

GC Heap History (10 events):
Event: 2116,464 GC heap after
Heap after GC invocations=13 (full 2):
 PSYoungGen      total 103424K, used 81120K [0x00000000d6800000, 0x00000000e3900000, 0x0000000100000000)
  eden space 12288K, 0% used [0x00000000d6800000,0x00000000d6800000,0x00000000d7400000)
  from space 91136K, 89% used [0x00000000d7400000,0x00000000dc338000,0x00000000dcd00000)
  to   space 100864K, 0% used [0x00000000dd680000,0x00000000dd680000,0x00000000e3900000)
 ParOldGen       total 228864K, used 178291K [0x0000000083800000, 0x0000000091780000, 0x00000000d6800000)
  object space 228864K, 77% used [0x0000000083800000,0x000000008e61cdf8,0x0000000091780000)
 Metaspace       used 11199K, capacity 11490K, committed 11648K, reserved 1058816K
  class space    used 1235K, capacity 1333K, committed 1408K, reserved 1048576K
}
Event: 2208,081 GC heap before
{Heap before GC invocations=14 (full 2):
 PSYoungGen      total 103424K, used 93408K [0x00000000d6800000, 0x00000000e3900000, 0x0000000100000000)
  eden space 12288K, 100% used [0x00000000d6800000,0x00000000d7400000,0x00000000d7400000)
  from space 91136K, 89% used [0x00000000d7400000,0x00000000dc338000,0x00000000dcd00000)
  to   space 100864K, 0% used [0x00000000dd680000,0x00000000dd680000,0x00000000e3900000)
 ParOldGen       total 228864K, used 178291K [0x0000000083800000, 0x0000000091780000, 0x00000000d6800000)
  object space 228864K, 77% used [0x0000000083800000,0x000000008e61cdf8,0x0000000091780000)
 Metaspace       used 11199K, capacity 11490K, committed 11648K, reserved 1058816K
  class space    used 1235K, capacity 1333K, committed 1408K, reserved 1048576K
Event: 2208,180 GC heap after
Heap after GC invocations=14 (full 2):
 PSYoungGen      total 101376K, used 92384K [0x00000000d6800000, 0x00000000e5000000, 0x0000000100000000)
  eden space 512K, 0% used [0x00000000d6800000,0x00000000d6800000,0x00000000d6880000)
  from space 100864K, 91% used [0x00000000dd680000,0x00000000e30b8000,0x00000000e3900000)
  to   space 112640K, 0% used [0x00000000d6880000,0x00000000d6880000,0x00000000dd680000)
 ParOldGen       total 228864K, used 178291K [0x0000000083800000, 0x0000000091780000, 0x00000000d6800000)
  object space 228864K, 77% used [0x0000000083800000,0x000000008e61cdf8,0x0000000091780000)
 Metaspace       used 11199K, capacity 11490K, committed 11648K, reserved 1058816K
  class space    used 1235K, capacity 1333K, committed 1408K, reserved 1048576K
}
Event: 2211,935 GC heap before
{Heap before GC invocations=15 (full 2):
 PSYoungGen      total 101376K, used 92896K [0x00000000d6800000, 0x00000000e5000000, 0x0000000100000000)
  eden space 512K, 100% used [0x00000000d6800000,0x00000000d6880000,0x00000000d6880000)
  from space 100864K, 91% used [0x00000000dd680000,0x00000000e30b8000,0x00000000e3900000)
  to   space 112640K, 0% used [0x00000000d6880000,0x00000000d6880000,0x00000000dd680000)
 ParOldGen       total 228864K, used 178291K [0x0000000083800000, 0x0000000091780000, 0x00000000d6800000)
  object space 228864K, 77% used [0x0000000083800000,0x000000008e61cdf8,0x0000000091780000)
 Metaspace       used 11199K, capacity 11490K, committed 11648K, reserved 1058816K
  class space    used 1235K, capacity 1333K, committed 1408K, reserved 1048576K
Event: 2212,017 GC heap after
Heap after GC invocations=15 (full 2):
 PSYoungGen      total 113152K, used 92864K [0x00000000d6800000, 0x00000000e5780000, 0x0000000100000000)
  eden space 512K, 0% used [0x00000000d6800000,0x00000000d6800000,0x00000000d6880000)
  from space 112640K, 82% used [0x00000000d6880000,0x00000000dc330000,0x00000000dd680000)
  to   space 122368K, 0% used [0x00000000de000000,0x00000000de000000,0x00000000e5780000)
 ParOldGen       total 228864K, used 178291K [0x0000000083800000, 0x0000000091780000, 0x00000000d6800000)
  object space 228864K, 77% used [0x0000000083800000,0x000000008e61cdf8,0x0000000091780000)
 Metaspace       used 11199K, capacity 11490K, committed 11648K, reserved 1058816K
  class space    used 1235K, capacity 1333K, committed 1408K, reserved 1048576K
}
Event: 2215,772 GC heap before
{Heap before GC invocations=16 (full 2):
 PSYoungGen      total 113152K, used 93376K [0x00000000d6800000, 0x00000000e5780000, 0x0000000100000000)
  eden space 512K, 100% used [0x00000000d6800000,0x00000000d6880000,0x00000000d6880000)
  from space 112640K, 82% used [0x00000000d6880000,0x00000000dc330000,0x00000000dd680000)
  to   space 122368K, 0% used [0x00000000de000000,0x00000000de000000,0x00000000e5780000)
 ParOldGen       total 228864K, used 178291K [0x0000000083800000, 0x0000000091780000, 0x00000000d6800000)
  object space 228864K, 77% used [0x0000000083800000,0x000000008e61cdf8,0x0000000091780000)
 Metaspace       used 11199K, capacity 11490K, committed 11648K, reserved 1058816K
  class space    used 1235K, capacity 1333K, committed 1408K, reserved 1048576K
Event: 2215,857 GC heap after
Heap after GC invocations=16 (full 2):
 PSYoungGen      total 122880K, used 77440K [0x00000000d6800000, 0x00000000e5c00000, 0x0000000100000000)
  eden space 512K, 0% used [0x00000000d6800000,0x00000000d6800000,0x00000000d6880000)
  from space 122368K, 63% used [0x00000000de000000,0x00000000e2ba0000,0x00000000e5780000)
  to   space 122368K, 0% used [0x00000000d6880000,0x00000000d6880000,0x00000000de000000)
 ParOldGen       total 228864K, used 194291K [0x0000000083800000, 0x0000000091780000, 0x00000000d6800000)
  object space 228864K, 84% used [0x0000000083800000,0x000000008f5bcdf8,0x0000000091780000)
 Metaspace       used 11199K, capacity 11490K, committed 11648K, reserved 1058816K
  class space    used 1235K, capacity 1333K, committed 1408K, reserved 1048576K
}
Event: 2219,612 GC heap before
{Heap before GC invocations=17 (full 2):
 PSYoungGen      total 122880K, used 77952K [0x00000000d6800000, 0x00000000e5c00000, 0x0000000100000000)
  eden space 512K, 100% used [0x00000000d6800000,0x00000000d6880000,0x00000000d6880000)
  from space 122368K, 63% used [0x00000000de000000,0x00000000e2ba0000,0x00000000e5780000)
  to   space 122368K, 0% used [0x00000000d6880000,0x00000000d6880000,0x00000000de000000)
 ParOldGen       total 228864K, used 194291K [0x0000000083800000, 0x0000000091780000, 0x00000000d6800000)
  object space 228864K, 84% used [0x0000000083800000,0x000000008f5bcdf8,0x0000000091780000)
 Metaspace       used 11199K, capacity 11490K, committed 11648K, reserved 1058816K
  class space    used 1235K, capacity 1333K, committed 1408K, reserved 1048576K
Event: 2219,743 GC heap after
Heap after GC invocations=17 (full 2):
 PSYoungGen      total 122880K, used 24032K [0x00000000d6800000, 0x00000000e5900000, 0x0000000100000000)
  eden space 512K, 0% used [0x00000000d6800000,0x00000000d6800000,0x00000000d6880000)
  from space 122368K, 19% used [0x00000000d6880000,0x00000000d7ff8000,0x00000000de000000)
  to   space 122880K, 0% used [0x00000000de100000,0x00000000de100000,0x00000000e5900000)
 ParOldGen       total 250368K, used 248379K [0x0000000083800000, 0x0000000092c80000, 0x00000000d6800000)
  object space 250368K, 99% used [0x0000000083800000,0x0000000092a8edf8,0x0000000092c80000)
 Metaspace       used 11199K, capacity 11490K, committed 11648K, reserved 1058816K
  class space    used 1235K, capacity 1333K, committed 1408K, reserved 1048576K
}
Event: 2219,744 GC heap before
{Heap before GC invocations=18 (full 3):
 PSYoungGen      total 122880K, used 24032K [0x00000000d6800000, 0x00000000e5900000, 0x0000000100000000)
  eden space 512K, 0% used [0x00000000d6800000,0x00000000d6800000,0x00000000d6880000)
  from space 122368K, 19% used [0x00000000d6880000,0x00000000d7ff8000,0x00000000de000000)
  to   space 122880K, 0% used [0x00000000de100000,0x00000000de100000,0x00000000e5900000)
 ParOldGen       total 250368K, used 248379K [0x0000000083800000, 0x0000000092c80000, 0x00000000d6800000)
  object space 250368K, 99% used [0x0000000083800000,0x0000000092a8edf8,0x0000000092c80000)
 Metaspace       used 11199K, capacity 11490K, committed 11648K, reserved 1058816K
  class space    used 1235K, capacity 1333K, committed 1408K, reserved 1048576K

Deoptimization events (10 events):
Event: 8,787 Thread 0x00007fa748006000 Uncommon trap: reason=unstable_if action=reinterpret pc=0x00007fa794ace32c method=sun.java2d.SunGraphics2D.validateColor()V @ 38
Event: 8,787 Thread 0x00007fa748006000 Uncommon trap: reason=unstable_if action=reinterpret pc=0x00007fa794b2b3f8 method=sun.java2d.xr.XRSurfaceData.getTextPipe(Lsun/java2d/SunGraphics2D;)Lsun/java2d/pipe/TextPipe; @ 61
Event: 8,787 Thread 0x00007fa748006000 Uncommon trap: reason=unstable_if action=reinterpret pc=0x00007fa794b2c324 method=sun.java2d.xr.XRCompositeManager.validateCompositeState(Ljava/awt/Composite;Ljava/awt/geom/AffineTransform;Ljava/awt/Paint;Lsun/java2d/SunGraphics2D;)V @ 24
Event: 8,787 Thread 0x00007fa748006000 Uncommon trap: reason=unstable_if action=reinterpret pc=0x00007fa794b2998c method=sun.java2d.xr.XRSurfaceData.getTextPipe(Lsun/java2d/SunGraphics2D;)Lsun/java2d/pipe/TextPipe; @ 61
Event: 8,789 Thread 0x00007fa748006000 Uncommon trap: reason=unstable_if action=reinterpret pc=0x00007fa794b33a68 method=sun.java2d.SurfaceData.canRenderLCDText(Lsun/java2d/SunGraphics2D;)Z @ 38
Event: 10,002 Thread 0x00007fa748006000 Uncommon trap: reason=unstable_if action=reinterpret pc=0x00007fa794b395f4 method=sun.awt.SunToolkit.getAppContext(Ljava/lang/Object;)Lsun/awt/AppContext; @ 4
Event: 10,043 Thread 0x00007fa748006000 Uncommon trap: reason=unstable_if action=reinterpret pc=0x00007fa794b2d7e8 method=sun.awt.SunToolkit.getAppContext(Ljava/lang/Object;)Lsun/awt/AppContext; @ 4
Event: 642,626 Thread 0x00007fa7a4289000 Uncommon trap: reason=unstable_if action=reinterpret pc=0x00007fa794c18ff8 method=java.util.ArrayList.indexOf(Ljava/lang/Object;)I @ 41
Event: 1002,347 Thread 0x00007fa740067000 Uncommon trap: reason=unstable_if action=reinterpret pc=0x00007fa794ca4488 method=java.awt.EventQueue.postEvent(Ljava/awt/AWTEvent;I)V @ 51
Event: 1359,204 Thread 0x00007fa740067000 Uncommon trap: reason=unstable_if action=reinterpret pc=0x00007fa7949d1bc4 method=java.util.HashMap.removeNode(ILjava/lang/Object;Ljava/lang/Object;ZZ)Ljava/util/HashMap$Node; @ 34

Internal exceptions (10 events):
Event: 0,093 Thread 0x00007fa7a4009800 Exception <a 'java/security/PrivilegedActionException'> (0x00000000d687c0c8) thrown at [/HUDSON3/workspace/8-2-build-linux-amd64/jdk8u144/9417/hotspot/src/share/vm/prims/jvm.cpp, line 1390]
Event: 0,093 Thread 0x00007fa7a4009800 Exception <a 'java/security/PrivilegedActionException'> (0x00000000d687e970) thrown at [/HUDSON3/workspace/8-2-build-linux-amd64/jdk8u144/9417/hotspot/src/share/vm/prims/jvm.cpp, line 1390]
Event: 0,093 Thread 0x00007fa7a4009800 Exception <a 'java/security/PrivilegedActionException'> (0x00000000d687eb80) thrown at [/HUDSON3/workspace/8-2-build-linux-amd64/jdk8u144/9417/hotspot/src/share/vm/prims/jvm.cpp, line 1390]
Event: 0,149 Thread 0x00007fa7a4009800 Exception <a 'java/lang/NoSuchFieldError': method resolution failed> (0x00000000d69f01e8) thrown at [/HUDSON3/workspace/8-2-build-linux-amd64/jdk8u144/9417/hotspot/src/share/vm/prims/methodHandles.cpp, line 1146]
Event: 0,151 Thread 0x00007fa7a4009800 Exception <a 'java/lang/NoSuchFieldError': method resolution failed> (0x00000000d69fd9b8) thrown at [/HUDSON3/workspace/8-2-build-linux-amd64/jdk8u144/9417/hotspot/src/share/vm/prims/methodHandles.cpp, line 1146]
Event: 0,177 Thread 0x00007fa7a4009800 Exception <a 'java/io/FileNotFoundException'> (0x00000000d6a7c7a8) thrown at [/HUDSON3/workspace/8-2-build-linux-amd64/jdk8u144/9417/hotspot/src/share/vm/prims/jni.cpp, line 709]
Event: 0,177 Thread 0x00007fa7a4009800 Exception <a 'java/io/FileNotFoundException'> (0x00000000d6a7d2e8) thrown at [/HUDSON3/workspace/8-2-build-linux-amd64/jdk8u144/9417/hotspot/src/share/vm/prims/jni.cpp, line 709]
Event: 0,299 Thread 0x00007fa7a4009800 Implicit null exception at 0x00007fa79490879b to 0x00007fa794908959
Event: 1,202 Thread 0x00007fa7a4009800 Implicit null exception at 0x00007fa794a3f67f to 0x00007fa794a3fa61
Event: 1359,204 Thread 0x00007fa740067000 Implicit null exception at 0x00007fa7949d195f to 0x00007fa7949d1b91

Events (10 events):
Event: 2191,562 Thread 0x00007fa7a40bf800 flushing nmethod 0x00007fa79493e810
Event: 2193,071 Thread 0x00007fa7a40bf800 flushing nmethod 0x00007fa7949a6ed0
Event: 2193,071 Thread 0x00007fa7a40bf800 flushing nmethod 0x00007fa7949bab50
Event: 2208,081 Executing VM operation: ParallelGCFailedAllocation
Event: 2208,180 Executing VM operation: ParallelGCFailedAllocation done
Event: 2211,935 Executing VM operation: ParallelGCFailedAllocation
Event: 2212,017 Executing VM operation: ParallelGCFailedAllocation done
Event: 2215,772 Executing VM operation: ParallelGCFailedAllocation
Event: 2215,857 Executing VM operation: ParallelGCFailedAllocation done
Event: 2219,612 Executing VM operation: ParallelGCFailedAllocation


Dynamic libraries:
00400000-00401000 r-xp 00000000 08:05 655597                             /home/sebastian/dev/java/jdk1.8.0_144/bin/java
00600000-00601000 rw-p 00000000 08:05 655597                             /home/sebastian/dev/java/jdk1.8.0_144/bin/java
00925000-00946000 rw-p 00000000 00:00 0                                  [heap]
83800000-92c80000 rw-p 00000000 00:00 0 
97d00000-d6800000 ---p 00000000 00:00 0 
d6800000-e5900000 rw-p 00000000 00:00 0 
e5900000-100000000 ---p 00000000 00:00 0 
100000000-100160000 rw-p 00000000 00:00 0 
100160000-140000000 ---p 00000000 00:00 0 
7fa72c000000-7fa72c021000 rw-p 00000000 00:00 0 
7fa72c021000-7fa730000000 ---p 00000000 00:00 0 
7fa734000000-7fa734021000 rw-p 00000000 00:00 0 
7fa734021000-7fa738000000 ---p 00000000 00:00 0 
7fa738fff000-7fa73c000000 rw-p 00000000 00:00 0 
7fa73c000000-7fa73c021000 rw-p 00000000 00:00 0 
7fa73c021000-7fa740000000 ---p 00000000 00:00 0 
7fa740000000-7fa74006f000 rw-p 00000000 00:00 0 
7fa74006f000-7fa744000000 ---p 00000000 00:00 0 
7fa744000000-7fa744021000 rw-p 00000000 00:00 0 
7fa744021000-7fa748000000 ---p 00000000 00:00 0 
7fa748000000-7fa748028000 rw-p 00000000 00:00 0 
7fa748028000-7fa74c000000 ---p 00000000 00:00 0 
7fa74c000000-7fa74c021000 rw-p 00000000 00:00 0 
7fa74c021000-7fa750000000 ---p 00000000 00:00 0 
7fa750000000-7fa750021000 rw-p 00000000 00:00 0 
7fa750021000-7fa754000000 ---p 00000000 00:00 0 
7fa754000000-7fa755a93000 rw-p 00000000 00:00 0 
7fa755a93000-7fa758000000 ---p 00000000 00:00 0 
7fa758000000-7fa758440000 rw-p 00000000 00:00 0 
7fa758440000-7fa75c000000 ---p 00000000 00:00 0 
7fa75c000000-7fa75c021000 rw-p 00000000 00:00 0 
7fa75c021000-7fa760000000 ---p 00000000 00:00 0 
7fa760000000-7fa7609e2000 rw-p 00000000 00:00 0 
7fa7609e2000-7fa764000000 ---p 00000000 00:00 0 
7fa764000000-7fa764021000 rw-p 00000000 00:00 0 
7fa764021000-7fa768000000 ---p 00000000 00:00 0 
7fa768000000-7fa768021000 rw-p 00000000 00:00 0 
7fa768021000-7fa76c000000 ---p 00000000 00:00 0 
7fa76c000000-7fa76c021000 rw-p 00000000 00:00 0 
7fa76c021000-7fa770000000 ---p 00000000 00:00 0 
7fa770000000-7fa7702a8000 rw-p 00000000 00:00 0 
7fa7702a8000-7fa774000000 ---p 00000000 00:00 0 
7fa774000000-7fa774021000 rw-p 00000000 00:00 0 
7fa774021000-7fa778000000 ---p 00000000 00:00 0 
7fa7792b1000-7fa7792b4000 ---p 00000000 00:00 0 
7fa7792b4000-7fa7793b2000 rw-p 00000000 00:00 0 
7fa7793b2000-7fa7793b5000 ---p 00000000 00:00 0 
7fa7793b5000-7fa7794b3000 rw-p 00000000 00:00 0 
7fa7794b3000-7fa77951c000 r-xp 00000000 08:05 655736                     /home/sebastian/dev/java/jdk1.8.0_144/jre/lib/amd64/libt2k.so
7fa77951c000-7fa77971c000 ---p 00069000 08:05 655736                     /home/sebastian/dev/java/jdk1.8.0_144/jre/lib/amd64/libt2k.so
7fa77971c000-7fa779723000 rw-p 00069000 08:05 655736                     /home/sebastian/dev/java/jdk1.8.0_144/jre/lib/amd64/libt2k.so
7fa779723000-7fa779733000 rw-p 00000000 00:00 0 
7fa779733000-7fa779744000 r-xp 00000000 08:05 655704                     /home/sebastian/dev/java/jdk1.8.0_144/jre/lib/amd64/libnio.so
7fa779744000-7fa779943000 ---p 00011000 08:05 655704                     /home/sebastian/dev/java/jdk1.8.0_144/jre/lib/amd64/libnio.so
7fa779943000-7fa779944000 rw-p 00010000 08:05 655704                     /home/sebastian/dev/java/jdk1.8.0_144/jre/lib/amd64/libnio.so
7fa77994b000-7fa779962000 r-xp 00000000 08:06 296034                     /lib/x86_64-linux-gnu/libresolv-2.23.so
7fa779962000-7fa779b62000 ---p 00017000 08:06 296034                     /lib/x86_64-linux-gnu/libresolv-2.23.so
7fa779b62000-7fa779b63000 r--p 00017000 08:06 296034                     /lib/x86_64-linux-gnu/libresolv-2.23.so
7fa779b63000-7fa779b64000 rw-p 00018000 08:06 296034                     /lib/x86_64-linux-gnu/libresolv-2.23.so
7fa779b64000-7fa779b66000 rw-p 00000000 00:00 0 
7fa779b6b000-7fa779b70000 r-xp 00000000 08:06 296041                     /lib/x86_64-linux-gnu/libnss_dns-2.23.so
7fa779b70000-7fa779d70000 ---p 00005000 08:06 296041                     /lib/x86_64-linux-gnu/libnss_dns-2.23.so
7fa779d70000-7fa779d71000 r--p 00005000 08:06 296041                     /lib/x86_64-linux-gnu/libnss_dns-2.23.so
7fa779d71000-7fa779d72000 rw-p 00006000 08:06 296041                     /lib/x86_64-linux-gnu/libnss_dns-2.23.so
7fa779d73000-7fa779d75000 r-xp 00000000 08:06 268715                     /lib/x86_64-linux-gnu/libnss_mdns4_minimal.so.2
7fa779d75000-7fa779f74000 ---p 00002000 08:06 268715                     /lib/x86_64-linux-gnu/libnss_mdns4_minimal.so.2
7fa779f74000-7fa779f75000 r--p 00001000 08:06 268715                     /lib/x86_64-linux-gnu/libnss_mdns4_minimal.so.2
7fa779f75000-7fa779f76000 rw-p 00002000 08:06 268715                     /lib/x86_64-linux-gnu/libnss_mdns4_minimal.so.2
7fa779f7b000-7fa779f91000 r-xp 00000000 08:05 655679                     /home/sebastian/dev/java/jdk1.8.0_144/jre/lib/amd64/libnet.so
7fa779f91000-7fa77a191000 ---p 00016000 08:05 655679                     /home/sebastian/dev/java/jdk1.8.0_144/jre/lib/amd64/libnet.so
7fa77a191000-7fa77a192000 rw-p 00016000 08:05 655679                     /home/sebastian/dev/java/jdk1.8.0_144/jre/lib/amd64/libnet.so
7fa77a199000-7fa77a399000 rw-p 00000000 00:00 0 
7fa77a399000-7fa77a39c000 ---p 00000000 00:00 0 
7fa77a39c000-7fa77a49a000 rw-p 00000000 00:00 0 
7fa77a49a000-7fa77a49d000 ---p 00000000 00:00 0 
7fa77a49d000-7fa77a59b000 rw-p 00000000 00:00 0 
7fa77a59b000-7fa77a5a0000 r-xp 00000000 08:06 142336                     /usr/lib/x86_64-linux-gnu/libXfixes.so.3.1.0
7fa77a5a0000-7fa77a79f000 ---p 00005000 08:06 142336                     /usr/lib/x86_64-linux-gnu/libXfixes.so.3.1.0
7fa77a79f000-7fa77a7a0000 r--p 00004000 08:06 142336                     /usr/lib/x86_64-linux-gnu/libXfixes.so.3.1.0
7fa77a7a0000-7fa77a7a1000 rw-p 00005000 08:06 142336                     /usr/lib/x86_64-linux-gnu/libXfixes.so.3.1.0
7fa77a7a3000-7fa77a7ac000 r-xp 00000000 08:06 131809                     /usr/lib/x86_64-linux-gnu/libXcursor.so.1.0.2
7fa77a7ac000-7fa77a9ab000 ---p 00009000 08:06 131809                     /usr/lib/x86_64-linux-gnu/libXcursor.so.1.0.2
7fa77a9ab000-7fa77a9ac000 r--p 00008000 08:06 131809                     /usr/lib/x86_64-linux-gnu/libXcursor.so.1.0.2
7fa77a9ac000-7fa77a9ad000 rw-p 00009000 08:06 131809                     /usr/lib/x86_64-linux-gnu/libXcursor.so.1.0.2
7fa77a9b3000-7fa77a9c9000 r-xp 00000000 08:06 268648                     /lib/x86_64-linux-gnu/libgcc_s.so.1
7fa77a9c9000-7fa77abc8000 ---p 00016000 08:06 268648                     /lib/x86_64-linux-gnu/libgcc_s.so.1
7fa77abc8000-7fa77abc9000 rw-p 00015000 08:06 268648                     /lib/x86_64-linux-gnu/libgcc_s.so.1
7fa77abcb000-7fa77ac30000 r-xp 00000000 08:05 655698                     /home/sebastian/dev/java/jdk1.8.0_144/jre/lib/amd64/libfontmanager.so
7fa77ac30000-7fa77ae2f000 ---p 00065000 08:05 655698                     /home/sebastian/dev/java/jdk1.8.0_144/jre/lib/amd64/libfontmanager.so
7fa77ae2f000-7fa77ae34000 rw-p 00064000 08:05 655698                     /home/sebastian/dev/java/jdk1.8.0_144/jre/lib/amd64/libfontmanager.so
7fa77ae34000-7fa77ae44000 rw-p 00000000 00:00 0 
7fa77ae4b000-7fa77ae50000 r-xp 00000000 08:06 142332                     /usr/lib/x86_64-linux-gnu/libXdmcp.so.6.0.0
7fa77ae50000-7fa77b04f000 ---p 00005000 08:06 142332                     /usr/lib/x86_64-linux-gnu/libXdmcp.so.6.0.0
7fa77b04f000-7fa77b050000 r--p 00004000 08:06 142332                     /usr/lib/x86_64-linux-gnu/libXdmcp.so.6.0.0
7fa77b050000-7fa77b051000 rw-p 00005000 08:06 142332                     /usr/lib/x86_64-linux-gnu/libXdmcp.so.6.0.0
7fa77b053000-7fa77b055000 r-xp 00000000 08:06 142321                     /usr/lib/x86_64-linux-gnu/libXau.so.6.0.0
7fa77b055000-7fa77b255000 ---p 00002000 08:06 142321                     /usr/lib/x86_64-linux-gnu/libXau.so.6.0.0
7fa77b255000-7fa77b256000 r--p 00002000 08:06 142321                     /usr/lib/x86_64-linux-gnu/libXau.so.6.0.0
7fa77b256000-7fa77b257000 rw-p 00003000 08:06 142321                     /usr/lib/x86_64-linux-gnu/libXau.so.6.0.0
7fa77b25b000-7fa77b27c000 r-xp 00000000 08:06 143554                     /usr/lib/x86_64-linux-gnu/libxcb.so.1.1.0
7fa77b27c000-7fa77b47b000 ---p 00021000 08:06 143554                     /usr/lib/x86_64-linux-gnu/libxcb.so.1.1.0
7fa77b47b000-7fa77b47c000 r--p 00020000 08:06 143554                     /usr/lib/x86_64-linux-gnu/libxcb.so.1.1.0
7fa77b47c000-7fa77b47d000 rw-p 00021000 08:06 143554                     /usr/lib/x86_64-linux-gnu/libxcb.so.1.1.0
7fa77b483000-7fa77b492000 r-xp 00000000 08:06 142344                     /usr/lib/x86_64-linux-gnu/libXi.so.6.1.0
7fa77b492000-7fa77b691000 ---p 0000f000 08:06 142344                     /usr/lib/x86_64-linux-gnu/libXi.so.6.1.0
7fa77b691000-7fa77b692000 r--p 0000e000 08:06 142344                     /usr/lib/x86_64-linux-gnu/libXi.so.6.1.0
7fa77b692000-7fa77b693000 rw-p 0000f000 08:06 142344                     /usr/lib/x86_64-linux-gnu/libXi.so.6.1.0
7fa77b693000-7fa77b698000 r-xp 00000000 08:06 142362                     /usr/lib/x86_64-linux-gnu/libXtst.so.6.1.0
7fa77b698000-7fa77b897000 ---p 00005000 08:06 142362                     /usr/lib/x86_64-linux-gnu/libXtst.so.6.1.0
7fa77b897000-7fa77b898000 r--p 00004000 08:06 142362                     /usr/lib/x86_64-linux-gnu/libXtst.so.6.1.0
7fa77b898000-7fa77b899000 rw-p 00005000 08:06 142362                     /usr/lib/x86_64-linux-gnu/libXtst.so.6.1.0
7fa77b89b000-7fa77b8a4000 r-xp 00000000 08:06 142356                     /usr/lib/x86_64-linux-gnu/libXrender.so.1.3.0
7fa77b8a4000-7fa77baa3000 ---p 00009000 08:06 142356                     /usr/lib/x86_64-linux-gnu/libXrender.so.1.3.0
7fa77baa3000-7fa77baa4000 r--p 00008000 08:06 142356                     /usr/lib/x86_64-linux-gnu/libXrender.so.1.3.0
7fa77baa4000-7fa77baa5000 rw-p 00009000 08:06 142356                     /usr/lib/x86_64-linux-gnu/libXrender.so.1.3.0
7fa77baab000-7fa77bbe0000 r-xp 00000000 08:06 142317                     /usr/lib/x86_64-linux-gnu/libX11.so.6.3.0
7fa77bbe0000-7fa77bde0000 ---p 00135000 08:06 142317                     /usr/lib/x86_64-linux-gnu/libX11.so.6.3.0
7fa77bde0000-7fa77bde1000 r--p 00135000 08:06 142317                     /usr/lib/x86_64-linux-gnu/libX11.so.6.3.0
7fa77bde1000-7fa77bde5000 rw-p 00136000 08:06 142317                     /usr/lib/x86_64-linux-gnu/libX11.so.6.3.0
7fa77bdeb000-7fa77bdfc000 r-xp 00000000 08:06 142334                     /usr/lib/x86_64-linux-gnu/libXext.so.6.4.0
7fa77bdfc000-7fa77bffb000 ---p 00011000 08:06 142334                     /usr/lib/x86_64-linux-gnu/libXext.so.6.4.0
7fa77bffb000-7fa77bffc000 r--p 00010000 08:06 142334                     /usr/lib/x86_64-linux-gnu/libXext.so.6.4.0
7fa77bffc000-7fa77bffd000 rw-p 00011000 08:06 142334                     /usr/lib/x86_64-linux-gnu/libXext.so.6.4.0
7fa77c000000-7fa77c021000 rw-p 00000000 00:00 0 
7fa77c021000-7fa780000000 ---p 00000000 00:00 0 
7fa780000000-7fa780021000 rw-p 00000000 00:00 0 
7fa780021000-7fa784000000 ---p 00000000 00:00 0 
7fa784000000-7fa784021000 rw-p 00000000 00:00 0 
7fa784021000-7fa788000000 ---p 00000000 00:00 0 
7fa7880bf000-7fa7880c2000 ---p 00000000 00:00 0 
7fa7880c2000-7fa78c000000 rw-p 00000000 00:00 0 
7fa78c000000-7fa78c021000 rw-p 00000000 00:00 0 
7fa78c021000-7fa790000000 ---p 00000000 00:00 0 
7fa790052000-7fa790055000 ---p 00000000 00:00 0 
7fa790055000-7fa790153000 rw-p 00000000 00:00 0 
7fa790153000-7fa790179000 r--p 00000000 08:06 537433                     /usr/share/locale-langpack/de/LC_MESSAGES/libc.mo
7fa79017b000-7fa7901cf000 r-xp 00000000 08:05 655706                     /home/sebastian/dev/java/jdk1.8.0_144/jre/lib/amd64/libawt_xawt.so
7fa7901cf000-7fa7903cf000 ---p 00054000 08:05 655706                     /home/sebastian/dev/java/jdk1.8.0_144/jre/lib/amd64/libawt_xawt.so
7fa7903cf000-7fa7903d3000 rw-p 00054000 08:05 655706                     /home/sebastian/dev/java/jdk1.8.0_144/jre/lib/amd64/libawt_xawt.so
7fa7903d3000-7fa7903d4000 rw-p 00000000 00:00 0 
7fa7903db000-7fa79047d000 r-xp 00000000 08:05 655739                     /home/sebastian/dev/java/jdk1.8.0_144/jre/lib/amd64/libawt.so
7fa79047d000-7fa79067d000 ---p 000a2000 08:05 655739                     /home/sebastian/dev/java/jdk1.8.0_144/jre/lib/amd64/libawt.so
7fa79067d000-7fa790689000 rw-p 000a2000 08:05 655739                     /home/sebastian/dev/java/jdk1.8.0_144/jre/lib/amd64/libawt.so
7fa790689000-7fa7906ad000 rw-p 00000000 00:00 0 
7fa7906ad000-7fa7906ae000 ---p 00000000 00:00 0 
7fa7906ae000-7fa7907ae000 rw-p 00000000 00:00 0 
7fa7907ae000-7fa7907b1000 ---p 00000000 00:00 0 
7fa7907b1000-7fa7908af000 rw-p 00000000 00:00 0 
7fa7908af000-7fa7908b2000 ---p 00000000 00:00 0 
7fa7908b2000-7fa7909b0000 rw-p 00000000 00:00 0 
7fa7909b0000-7fa7909b3000 ---p 00000000 00:00 0 
7fa7909b3000-7fa790ab1000 rw-p 00000000 00:00 0 
7fa790ab1000-7fa790ab4000 ---p 00000000 00:00 0 
7fa790ab4000-7fa790bb2000 rw-p 00000000 00:00 0 
7fa790bb2000-7fa790bb5000 ---p 00000000 00:00 0 
7fa790bb5000-7fa790cb3000 rw-p 00000000 00:00 0 
7fa790cb3000-7fa79110f000 r--p 00000000 08:06 133935                     /usr/lib/locale/locale-archive
7fa791114000-7fa791117000 ---p 00000000 00:00 0 
7fa791117000-7fa791215000 rw-p 00000000 00:00 0 
7fa791215000-7fa791218000 ---p 00000000 00:00 0 
7fa791218000-7fa791316000 rw-p 00000000 00:00 0 
7fa791316000-7fa791317000 ---p 00000000 00:00 0 
7fa791317000-7fa792a20000 rw-p 00000000 00:00 0 
7fa792a20000-7fa792bfa000 r--s 03d4d000 08:05 655671                     /home/sebastian/dev/java/jdk1.8.0_144/jre/lib/rt.jar
7fa792bff000-7fa793859000 rw-p 00000000 00:00 0 
7fa793859000-7fa79385a000 ---p 00000000 00:00 0 
7fa79385a000-7fa79395a000 rw-p 00000000 00:00 0 
7fa79395a000-7fa79395b000 ---p 00000000 00:00 0 
7fa79395b000-7fa793a5b000 rw-p 00000000 00:00 0 
7fa793a5b000-7fa793a5c000 ---p 00000000 00:00 0 
7fa793a5c000-7fa793b5c000 rw-p 00000000 00:00 0 
7fa793b5c000-7fa793b5d000 ---p 00000000 00:00 0 
7fa793b5d000-7fa793c5d000 rw-p 00000000 00:00 0 
7fa793c5d000-7fa793c5e000 ---p 00000000 00:00 0 
7fa793c5e000-7fa793dd9000 rw-p 00000000 00:00 0 
7fa793dd9000-7fa793ff6000 ---p 00000000 00:00 0 
7fa793ff6000-7fa794071000 rw-p 00000000 00:00 0 
7fa794071000-7fa79428e000 ---p 00000000 00:00 0 
7fa79428e000-7fa794307000 rw-p 00000000 00:00 0 
7fa794307000-7fa7943da000 ---p 00000000 00:00 0 
7fa7943da000-7fa7943f1000 rw-p 00000000 00:00 0 
7fa7943f1000-7fa79479b000 ---p 00000000 00:00 0 
7fa79479b000-7fa794d1b000 rwxp 00000000 00:00 0 
7fa794d1b000-7fa7a379b000 ---p 00000000 00:00 0 
7fa7a379b000-7fa7a37b5000 r-xp 00000000 08:05 655702                     /home/sebastian/dev/java/jdk1.8.0_144/jre/lib/amd64/libzip.so
7fa7a37b5000-7fa7a39b5000 ---p 0001a000 08:05 655702                     /home/sebastian/dev/java/jdk1.8.0_144/jre/lib/amd64/libzip.so
7fa7a39b5000-7fa7a39b6000 rw-p 0001a000 08:05 655702                     /home/sebastian/dev/java/jdk1.8.0_144/jre/lib/amd64/libzip.so
7fa7a39bb000-7fa7a39c6000 r-xp 00000000 08:06 296044                     /lib/x86_64-linux-gnu/libnss_files-2.23.so
7fa7a39c6000-7fa7a3bc5000 ---p 0000b000 08:06 296044                     /lib/x86_64-linux-gnu/libnss_files-2.23.so
7fa7a3bc5000-7fa7a3bc6000 r--p 0000a000 08:06 296044                     /lib/x86_64-linux-gnu/libnss_files-2.23.so
7fa7a3bc6000-7fa7a3bc7000 rw-p 0000b000 08:06 296044                     /lib/x86_64-linux-gnu/libnss_files-2.23.so
7fa7a3bc7000-7fa7a3bcd000 rw-p 00000000 00:00 0 
7fa7a3bd3000-7fa7a3bde000 r-xp 00000000 08:06 296048                     /lib/x86_64-linux-gnu/libnss_nis-2.23.so
7fa7a3bde000-7fa7a3ddd000 ---p 0000b000 08:06 296048                     /lib/x86_64-linux-gnu/libnss_nis-2.23.so
7fa7a3ddd000-7fa7a3dde000 r--p 0000a000 08:06 296048                     /lib/x86_64-linux-gnu/libnss_nis-2.23.so
7fa7a3dde000-7fa7a3ddf000 rw-p 0000b000 08:06 296048                     /lib/x86_64-linux-gnu/libnss_nis-2.23.so
7fa7a3de3000-7fa7a3df9000 r-xp 00000000 08:06 296027                     /lib/x86_64-linux-gnu/libnsl-2.23.so
7fa7a3df9000-7fa7a3ff8000 ---p 00016000 08:06 296027                     /lib/x86_64-linux-gnu/libnsl-2.23.so
7fa7a3ff8000-7fa7a3ff9000 r--p 00015000 08:06 296027                     /lib/x86_64-linux-gnu/libnsl-2.23.so
7fa7a3ff9000-7fa7a3ffa000 rw-p 00016000 08:06 296027                     /lib/x86_64-linux-gnu/libnsl-2.23.so
7fa7a3ffa000-7fa7a3ffc000 rw-p 00000000 00:00 0 
7fa7a4000000-7fa7a452e000 rw-p 00000000 00:00 0 
7fa7a452e000-7fa7a8000000 ---p 00000000 00:00 0 
7fa7a8019000-7fa7a803a000 rw-p 00000000 00:00 0 
7fa7a803a000-7fa7a803b000 ---p 00000000 00:00 0 
7fa7a803b000-7fa7a813b000 rw-p 00000000 00:00 0 
7fa7a813b000-7fa7a8143000 r-xp 00000000 08:06 296039                     /lib/x86_64-linux-gnu/libnss_compat-2.23.so
7fa7a8143000-7fa7a8342000 ---p 00008000 08:06 296039                     /lib/x86_64-linux-gnu/libnss_compat-2.23.so
7fa7a8342000-7fa7a8343000 r--p 00007000 08:06 296039                     /lib/x86_64-linux-gnu/libnss_compat-2.23.so
7fa7a8343000-7fa7a8344000 rw-p 00008000 08:06 296039                     /lib/x86_64-linux-gnu/libnss_compat-2.23.so
7fa7a834b000-7fa7a8376000 r-xp 00000000 08:05 655729                     /home/sebastian/dev/java/jdk1.8.0_144/jre/lib/amd64/libjava.so
7fa7a8376000-7fa7a8575000 ---p 0002b000 08:05 655729                     /home/sebastian/dev/java/jdk1.8.0_144/jre/lib/amd64/libjava.so
7fa7a8575000-7fa7a8577000 rw-p 0002a000 08:05 655729                     /home/sebastian/dev/java/jdk1.8.0_144/jre/lib/amd64/libjava.so
7fa7a857b000-7fa7a8588000 r-xp 00000000 08:05 655680                     /home/sebastian/dev/java/jdk1.8.0_144/jre/lib/amd64/libverify.so
7fa7a8588000-7fa7a8788000 ---p 0000d000 08:05 655680                     /home/sebastian/dev/java/jdk1.8.0_144/jre/lib/amd64/libverify.so
7fa7a8788000-7fa7a878a000 rw-p 0000d000 08:05 655680                     /home/sebastian/dev/java/jdk1.8.0_144/jre/lib/amd64/libverify.so
7fa7a878b000-7fa7a8792000 r-xp 00000000 08:06 296049                     /lib/x86_64-linux-gnu/librt-2.23.so
7fa7a8792000-7fa7a8991000 ---p 00007000 08:06 296049                     /lib/x86_64-linux-gnu/librt-2.23.so
7fa7a8991000-7fa7a8992000 r--p 00006000 08:06 296049                     /lib/x86_64-linux-gnu/librt-2.23.so
7fa7a8992000-7fa7a8993000 rw-p 00007000 08:06 296049                     /lib/x86_64-linux-gnu/librt-2.23.so
7fa7a8993000-7fa7a8a9b000 r-xp 00000000 08:06 291306                     /lib/x86_64-linux-gnu/libm-2.23.so
7fa7a8a9b000-7fa7a8c9a000 ---p 00108000 08:06 291306                     /lib/x86_64-linux-gnu/libm-2.23.so
7fa7a8c9a000-7fa7a8c9b000 r--p 00107000 08:06 291306                     /lib/x86_64-linux-gnu/libm-2.23.so
7fa7a8c9b000-7fa7a8c9c000 rw-p 00108000 08:06 291306                     /lib/x86_64-linux-gnu/libm-2.23.so
7fa7a8ca3000-7fa7a9976000 r-xp 00000000 08:05 655733                     /home/sebastian/dev/java/jdk1.8.0_144/jre/lib/amd64/server/libjvm.so
7fa7a9976000-7fa7a9b75000 ---p 00cd3000 08:05 655733                     /home/sebastian/dev/java/jdk1.8.0_144/jre/lib/amd64/server/libjvm.so
7fa7a9b75000-7fa7a9c4f000 rw-p 00cd2000 08:05 655733                     /home/sebastian/dev/java/jdk1.8.0_144/jre/lib/amd64/server/libjvm.so
7fa7a9c4f000-7fa7a9c9a000 rw-p 00000000 00:00 0 
7fa7a9c9b000-7fa7a9e5b000 r-xp 00000000 08:06 296030                     /lib/x86_64-linux-gnu/libc-2.23.so
7fa7a9e5b000-7fa7aa05b000 ---p 001c0000 08:06 296030                     /lib/x86_64-linux-gnu/libc-2.23.so
7fa7aa05b000-7fa7aa05f000 r--p 001c0000 08:06 296030                     /lib/x86_64-linux-gnu/libc-2.23.so
7fa7aa05f000-7fa7aa061000 rw-p 001c4000 08:06 296030                     /lib/x86_64-linux-gnu/libc-2.23.so
7fa7aa061000-7fa7aa065000 rw-p 00000000 00:00 0 
7fa7aa06b000-7fa7aa06e000 r-xp 00000000 08:06 296032                     /lib/x86_64-linux-gnu/libdl-2.23.so
7fa7aa06e000-7fa7aa26d000 ---p 00003000 08:06 296032                     /lib/x86_64-linux-gnu/libdl-2.23.so
7fa7aa26d000-7fa7aa26e000 r--p 00002000 08:06 296032                     /lib/x86_64-linux-gnu/libdl-2.23.so
7fa7aa26e000-7fa7aa26f000 rw-p 00003000 08:06 296032                     /lib/x86_64-linux-gnu/libdl-2.23.so
7fa7aa273000-7fa7aa288000 r-xp 00000000 08:05 395825                     /home/sebastian/dev/java/jdk1.8.0_144/lib/amd64/jli/libjli.so
7fa7aa288000-7fa7aa488000 ---p 00015000 08:05 395825                     /home/sebastian/dev/java/jdk1.8.0_144/lib/amd64/jli/libjli.so
7fa7aa488000-7fa7aa489000 rw-p 00015000 08:05 395825                     /home/sebastian/dev/java/jdk1.8.0_144/lib/amd64/jli/libjli.so
7fa7aa48b000-7fa7aa4a3000 r-xp 00000000 08:06 296029                     /lib/x86_64-linux-gnu/libpthread-2.23.so
7fa7aa4a3000-7fa7aa6a2000 ---p 00018000 08:06 296029                     /lib/x86_64-linux-gnu/libpthread-2.23.so
7fa7aa6a2000-7fa7aa6a3000 r--p 00017000 08:06 296029                     /lib/x86_64-linux-gnu/libpthread-2.23.so
7fa7aa6a3000-7fa7aa6a4000 rw-p 00018000 08:06 296029                     /lib/x86_64-linux-gnu/libpthread-2.23.so
7fa7aa6a4000-7fa7aa6a8000 rw-p 00000000 00:00 0 
7fa7aa6ab000-7fa7aa6d1000 r-xp 00000000 08:06 296028                     /lib/x86_64-linux-gnu/ld-2.23.so
7fa7aa6e3000-7fa7aa6ea000 r--s 00000000 08:06 402275                     /usr/lib/x86_64-linux-gnu/gconv/gconv-modules.cache
7fa7aa6f0000-7fa7aa7bb000 rw-p 00000000 00:00 0 
7fa7aa7bb000-7fa7aa7c3000 rw-s 00000000 08:06 922101                     /tmp/hsperfdata_sebastian/9591
7fa7aa7c9000-7fa7aa7ca000 rw-p 00000000 00:00 0 
7fa7aa7ca000-7fa7aa7cb000 ---p 00000000 00:00 0 
7fa7aa7cb000-7fa7aa7ce000 ---p 00000000 00:00 0 
7fa7aa7ce000-7fa7aa8d0000 rw-p 00000000 00:00 0 
7fa7aa8d0000-7fa7aa8d1000 r--p 00025000 08:06 296028                     /lib/x86_64-linux-gnu/ld-2.23.so
7fa7aa8d1000-7fa7aa8d2000 rw-p 00026000 08:06 296028                     /lib/x86_64-linux-gnu/ld-2.23.so
7fa7aa8d2000-7fa7aa8d4000 rw-p 00000000 00:00 0 
7ffdc2767000-7ffdc2788000 rw-p 00000000 00:00 0                          [stack]
7ffdc27d3000-7ffdc27d6000 r--p 00000000 00:00 0                          [vvar]
7ffdc27d6000-7ffdc27d8000 r-xp 00000000 00:00 0                          [vdso]
ffffffffff600000-ffffffffff601000 r-xp 00000000 00:00 0                  [vsyscall]

VM Arguments:
jvm_args: -Dfile.encoding=UTF-8 
java_command: de.elsivas.gol.gui.GolGui
java_class_path (initial): /home/sebastian/dev/git/dawn/dawn-odd/dawn-odd-standalone/target/classes
Launcher Type: SUN_STANDARD

Environment Variables:
PATH=/usr/local/sbin:/usr/local/bin:/usr/sbin:/usr/bin:/sbin:/bin:/usr/games:/usr/local/games:/snap/bin
SHELL=/bin/bash
DISPLAY=:0.0

Signal Handlers:
SIGSEGV: [libjvm.so+0xacba10], sa_mask[0]=11111111011111111101111111111110, sa_flags=SA_RESTART|SA_SIGINFO
SIGBUS: [libjvm.so+0xacba10], sa_mask[0]=11111111011111111101111111111110, sa_flags=SA_RESTART|SA_SIGINFO
SIGFPE: [libjvm.so+0x924ba0], sa_mask[0]=11111111011111111101111111111110, sa_flags=SA_RESTART|SA_SIGINFO
SIGPIPE: [libjvm.so+0x924ba0], sa_mask[0]=11111111011111111101111111111110, sa_flags=SA_RESTART|SA_SIGINFO
SIGXFSZ: [libjvm.so+0x924ba0], sa_mask[0]=11111111011111111101111111111110, sa_flags=SA_RESTART|SA_SIGINFO
SIGILL: [libjvm.so+0x924ba0], sa_mask[0]=11111111011111111101111111111110, sa_flags=SA_RESTART|SA_SIGINFO
SIGUSR1: SIG_DFL, sa_mask[0]=00000000000000000000000000000000, sa_flags=none
SIGUSR2: [libjvm.so+0x9263e0], sa_mask[0]=00100000000000000000000000000000, sa_flags=SA_RESTART|SA_SIGINFO
SIGHUP: [libjvm.so+0x9277e0], sa_mask[0]=11111111011111111101111111111110, sa_flags=SA_RESTART|SA_SIGINFO
SIGINT: [libjvm.so+0x9277e0], sa_mask[0]=11111111011111111101111111111110, sa_flags=SA_RESTART|SA_SIGINFO
SIGTERM: [libjvm.so+0x9277e0], sa_mask[0]=11111111011111111101111111111110, sa_flags=SA_RESTART|SA_SIGINFO
SIGQUIT: [libjvm.so+0x9277e0], sa_mask[0]=11111111011111111101111111111110, sa_flags=SA_RESTART|SA_SIGINFO


---------------  S Y S T E M  ---------------

OS:DISTRIB_ID=Ubuntu
DISTRIB_RELEASE=16.04
DISTRIB_CODENAME=xenial
DISTRIB_DESCRIPTION="Ubuntu 16.04.3 LTS"

uname:Linux 4.13.0-32-generic #35~16.04.1-Ubuntu SMP Thu Jan 25 10:13:43 UTC 2018 x86_64
libc:glibc 2.23 NPTL 2.23 
rlimit: STACK 8192k, CORE 0k, NPROC 31376, NOFILE 1048576, AS infinity
load average:1,49 1,42 1,75

/proc/meminfo:
MemTotal:        8151480 kB
MemFree:          118020 kB
MemAvailable:      13688 kB
Buffers:             932 kB
Cached:            72104 kB
SwapCached:         2512 kB
Active:          6907952 kB
Inactive:         879308 kB
Active(anon):    6892964 kB
Inactive(anon):   861592 kB
Active(file):      14988 kB
Inactive(file):    17716 kB
Unevictable:          64 kB
Mlocked:              64 kB
SwapTotal:       2096124 kB
SwapFree:            492 kB
Dirty:              1068 kB
Writeback:             0 kB
AnonPages:       7711648 kB
Mapped:            64248 kB
Shmem:             40436 kB
Slab:              86336 kB
SReclaimable:      30312 kB
SUnreclaim:        56024 kB
KernelStack:       33200 kB
PageTables:        75824 kB
NFS_Unstable:          0 kB
Bounce:                0 kB
WritebackTmp:          0 kB
CommitLimit:     6171864 kB
Committed_AS:   29982752 kB
VmallocTotal:   34359738367 kB
VmallocUsed:           0 kB
VmallocChunk:          0 kB
HardwareCorrupted:     0 kB
AnonHugePages:         0 kB
ShmemHugePages:        0 kB
ShmemPmdMapped:        0 kB
CmaTotal:              0 kB
CmaFree:               0 kB
HugePages_Total:       0
HugePages_Free:        0
HugePages_Rsvd:        0
HugePages_Surp:        0
Hugepagesize:       2048 kB
DirectMap4k:      105856 kB
DirectMap2M:     4071424 kB
DirectMap1G:     4194304 kB


CPU:total 6 (initial active 6) (6 cores per cpu, 1 threads per core) family 21 model 1 stepping 2, cmov, cx8, fxsr, mmx, sse, sse2, sse3, ssse3, sse4.1, sse4.2, popcnt, avx, aes, clmul, mmxext, 3dnowpref, lzcnt, sse4a, tsc, tscinvbit, tscinv

/proc/cpuinfo:
processor	: 0
vendor_id	: AuthenticAMD
cpu family	: 21
model		: 1
model name	: AMD FX(tm)-6100 Six-Core Processor
stepping	: 2
microcode	: 0x6000626
cpu MHz		: 3300.000
cache size	: 2048 KB
physical id	: 0
siblings	: 6
core id		: 0
cpu cores	: 3
apicid		: 16
initial apicid	: 0
fpu		: yes
fpu_exception	: yes
cpuid level	: 13
wp		: yes
flags		: fpu vme de pse tsc msr pae mce cx8 apic sep mtrr pge mca cmov pat pse36 clflush mmx fxsr sse sse2 ht syscall nx mmxext fxsr_opt pdpe1gb rdtscp lm constant_tsc rep_good nopl nonstop_tsc cpuid extd_apicid aperfmperf pni pclmulqdq monitor ssse3 cx16 sse4_1 sse4_2 popcnt aes xsave avx lahf_lm cmp_legacy svm extapic cr8_legacy abm sse4a misalignsse 3dnowprefetch osvw ibs xop skinit wdt lwp fma4 nodeid_msr topoext perfctr_core perfctr_nb cpb hw_pstate vmmcall arat npt lbrv svm_lock nrip_save tsc_scale vmcb_clean flushbyasid decodeassists pausefilter pfthreshold
bugs		: fxsave_leak sysret_ss_attrs null_seg spectre_v1 spectre_v2
bogomips	: 6600.07
TLB size	: 1536 4K pages
clflush size	: 64
cache_alignment	: 64
address sizes	: 48 bits physical, 48 bits virtual
power management: ts ttp tm 100mhzsteps hwpstate cpb

processor	: 1
vendor_id	: AuthenticAMD
cpu family	: 21
model		: 1
model name	: AMD FX(tm)-6100 Six-Core Processor
stepping	: 2
microcode	: 0x6000626
cpu MHz		: 3000.000
cache size	: 2048 KB
physical id	: 0
siblings	: 6
core id		: 1
cpu cores	: 3
apicid		: 17
initial apicid	: 1
fpu		: yes
fpu_exception	: yes
cpuid level	: 13
wp		: yes
flags		: fpu vme de pse tsc msr pae mce cx8 apic sep mtrr pge mca cmov pat pse36 clflush mmx fxsr sse sse2 ht syscall nx mmxext fxsr_opt pdpe1gb rdtscp lm constant_tsc rep_good nopl nonstop_tsc cpuid extd_apicid aperfmperf pni pclmulqdq monitor ssse3 cx16 sse4_1 sse4_2 popcnt aes xsave avx lahf_lm cmp_legacy svm extapic cr8_legacy abm sse4a misalignsse 3dnowprefetch osvw ibs xop skinit wdt lwp fma4 nodeid_msr topoext perfctr_core perfctr_nb cpb hw_pstate vmmcall arat npt lbrv svm_lock nrip_save tsc_scale vmcb_clean flushbyasid decodeassists pausefilter pfthreshold
bugs		: fxsave_leak sysret_ss_attrs null_seg spectre_v1 spectre_v2
bogomips	: 6600.07
TLB size	: 1536 4K pages
clflush size	: 64
cache_alignment	: 64
address sizes	: 48 bits physical, 48 bits virtual
power management: ts ttp tm 100mhzsteps hwpstate cpb

processor	: 2
vendor_id	: AuthenticAMD
cpu family	: 21
model		: 1
model name	: AMD FX(tm)-6100 Six-Core Processor
stepping	: 2
microcode	: 0x6000626
cpu MHz		: 2400.000
cache size	: 2048 KB
physical id	: 0
siblings	: 6
core id		: 2
cpu cores	: 3
apicid		: 18
initial apicid	: 2
fpu		: yes
fpu_exception	: yes
cpuid level	: 13
wp		: yes
flags		: fpu vme de pse tsc msr pae mce cx8 apic sep mtrr pge mca cmov pat pse36 clflush mmx fxsr sse sse2 ht syscall nx mmxext fxsr_opt pdpe1gb rdtscp lm constant_tsc rep_good nopl nonstop_tsc cpuid extd_apicid aperfmperf pni pclmulqdq monitor ssse3 cx16 sse4_1 sse4_2 popcnt aes xsave avx lahf_lm cmp_legacy svm extapic cr8_legacy abm sse4a misalignsse 3dnowprefetch osvw ibs xop skinit wdt lwp fma4 nodeid_msr topoext perfctr_core perfctr_nb cpb hw_pstate vmmcall arat npt lbrv svm_lock nrip_save tsc_scale vmcb_clean flushbyasid decodeassists pausefilter pfthreshold
bugs		: fxsave_leak sysret_ss_attrs null_seg spectre_v1 spectre_v2
bogomips	: 6600.07
TLB size	: 1536 4K pages
clflush size	: 64
cache_alignment	: 64
address sizes	: 48 bits physical, 48 bits virtual
power management: ts ttp tm 100mhzsteps hwpstate cpb

processor	: 3
vendor_id	: AuthenticAMD
cpu family	: 21
model		: 1
model name	: AMD FX(tm)-6100 Six-Core Processor
stepping	: 2
microcode	: 0x6000626
cpu MHz		: 1800.000
cache size	: 2048 KB
physical id	: 0
siblings	: 6
core id		: 3
cpu cores	: 3
apicid		: 19
initial apicid	: 3
fpu		: yes
fpu_exception	: yes
cpuid level	: 13
wp		: yes
flags		: fpu vme de pse tsc msr pae mce cx8 apic sep mtrr pge mca cmov pat pse36 clflush mmx fxsr sse sse2 ht syscall nx mmxext fxsr_opt pdpe1gb rdtscp lm constant_tsc rep_good nopl nonstop_tsc cpuid extd_apicid aperfmperf pni pclmulqdq monitor ssse3 cx16 sse4_1 sse4_2 popcnt aes xsave avx lahf_lm cmp_legacy svm extapic cr8_legacy abm sse4a misalignsse 3dnowprefetch osvw ibs xop skinit wdt lwp fma4 nodeid_msr topoext perfctr_core perfctr_nb cpb hw_pstate vmmcall arat npt lbrv svm_lock nrip_save tsc_scale vmcb_clean flushbyasid decodeassists pausefilter pfthreshold
bugs		: fxsave_leak sysret_ss_attrs null_seg spectre_v1 spectre_v2
bogomips	: 6600.07
TLB size	: 1536 4K pages
clflush size	: 64
cache_alignment	: 64
address sizes	: 48 bits physical, 48 bits virtual
power management: ts ttp tm 100mhzsteps hwpstate cpb

processor	: 4
vendor_id	: AuthenticAMD
cpu family	: 21
model		: 1
model name	: AMD FX(tm)-6100 Six-Core Processor
stepping	: 2
microcode	: 0x6000626
cpu MHz		: 2400.000
cache size	: 2048 KB
physical id	: 0
siblings	: 6
core id		: 4
cpu cores	: 3
apicid		: 20
initial apicid	: 4
fpu		: yes
fpu_exception	: yes
cpuid level	: 13
wp		: yes
flags		: fpu vme de pse tsc msr pae mce cx8 apic sep mtrr pge mca cmov pat pse36 clflush mmx fxsr sse sse2 ht syscall nx mmxext fxsr_opt pdpe1gb rdtscp lm constant_tsc rep_good nopl nonstop_tsc cpuid extd_apicid aperfmperf pni pclmulqdq monitor ssse3 cx16 sse4_1 sse4_2 popcnt aes xsave avx lahf_lm cmp_legacy svm extapic cr8_legacy abm sse4a misalignsse 3dnowprefetch osvw ibs xop skinit wdt lwp fma4 nodeid_msr topoext perfctr_core perfctr_nb cpb hw_pstate vmmcall arat npt lbrv svm_lock nrip_save tsc_scale vmcb_clean flushbyasid decodeassists pausefilter pfthreshold
bugs		: fxsave_leak sysret_ss_attrs null_seg spectre_v1 spectre_v2
bogomips	: 6600.07
TLB size	: 1536 4K pages
clflush size	: 64
cache_alignment	: 64
address sizes	: 48 bits physical, 48 bits virtual
power management: ts ttp tm 100mhzsteps hwpstate cpb

processor	: 5
vendor_id	: AuthenticAMD
cpu family	: 21
model		: 1
model name	: AMD FX(tm)-6100 Six-Core Processor
stepping	: 2
microcode	: 0x6000626
cpu MHz		: 1800.000
cache size	: 2048 KB
physical id	: 0
siblings	: 6
core id		: 5
cpu cores	: 3
apicid		: 21
initial apicid	: 5
fpu		: yes
fpu_exception	: yes
cpuid level	: 13
wp		: yes
flags		: fpu vme de pse tsc msr pae mce cx8 apic sep mtrr pge mca cmov pat pse36 clflush mmx fxsr sse sse2 ht syscall nx mmxext fxsr_opt pdpe1gb rdtscp lm constant_tsc rep_good nopl nonstop_tsc cpuid extd_apicid aperfmperf pni pclmulqdq monitor ssse3 cx16 sse4_1 sse4_2 popcnt aes xsave avx lahf_lm cmp_legacy svm extapic cr8_legacy abm sse4a misalignsse 3dnowprefetch osvw ibs xop skinit wdt lwp fma4 nodeid_msr topoext perfctr_core perfctr_nb cpb hw_pstate vmmcall arat npt lbrv svm_lock nrip_save tsc_scale vmcb_clean flushbyasid decodeassists pausefilter pfthreshold
bugs		: fxsave_leak sysret_ss_attrs null_seg spectre_v1 spectre_v2
bogomips	: 6600.07
TLB size	: 1536 4K pages
clflush size	: 64
cache_alignment	: 64
address sizes	: 48 bits physical, 48 bits virtual
power management: ts ttp tm 100mhzsteps hwpstate cpb



Memory: 4k page, physical 8151480k(118020k free), swap 2096124k(492k free)

vm_info: Java HotSpot(TM) 64-Bit Server VM (25.144-b01) for linux-amd64 JRE (1.8.0_144-b01), built on Jul 21 2017 21:57:33 by "java_re" with gcc 4.3.0 20080428 (Red Hat 4.3.0-8)

time: Sun Feb 11 16:23:11 2018
elapsed time: 2222 seconds (0d 0h 37m 2s)

