#
# There is insufficient memory for the Java Runtime Environment to continue.
# Native memory allocation (mmap) failed to map 3145728 bytes for committing reserved memory.
# Possible reasons:
#   The system is out of physical RAM or swap space
#   In 32 bit mode, the process size limit was hit
# Possible solutions:
#   Reduce memory load on the system
#   Increase physical memory or swap space
#   Check if swap backing store is full
#   Use 64 bit Java on a 64 bit OS
#   Decrease Java heap size (-Xmx/-Xms)
#   Decrease number of Java threads
#   Decrease Java thread stack sizes (-Xss)
#   Set larger code cache with -XX:ReservedCodeCacheSize=
# This output file may be truncated or incomplete.
#
#  Out of Memory Error (os_linux.cpp:2640), pid=7524, tid=0x00007f73778f8700
#
# JRE version: Java(TM) SE Runtime Environment (8.0_144-b01) (build 1.8.0_144-b01)
# Java VM: Java HotSpot(TM) 64-Bit Server VM (25.144-b01 mixed mode linux-amd64 compressed oops)
# Failed to write core dump. Core dumps have been disabled. To enable core dumping, try "ulimit -c unlimited" before starting Java again
#

---------------  T H R E A D  ---------------

Current thread (0x00007f73a007b800):  VMThread [stack: 0x00007f73777f8000,0x00007f73778f9000] [id=7537]

Stack: [0x00007f73777f8000,0x00007f73778f9000],  sp=0x00007f73778f7220,  free space=1020k
Native frames: (J=compiled Java code, j=interpreted, Vv=VM code, C=native code)
V  [libjvm.so+0xacb18a]  VMError::report_and_die()+0x2ba
V  [libjvm.so+0x4ff4db]  report_vm_out_of_memory(char const*, int, unsigned long, VMErrorType, char const*)+0x8b
V  [libjvm.so+0x927d23]  os::Linux::commit_memory_impl(char*, unsigned long, bool)+0x103
V  [libjvm.so+0x928279]  os::pd_commit_memory(char*, unsigned long, unsigned long, bool)+0x29
V  [libjvm.so+0x92249a]  os::commit_memory(char*, unsigned long, unsigned long, bool)+0x2a
V  [libjvm.so+0x996ff3]  PSVirtualSpace::expand_by(unsigned long)+0x53
V  [libjvm.so+0x9983f8]  PSYoungGen::resize_generation(unsigned long, unsigned long)+0xf8
V  [libjvm.so+0x997552]  PSYoungGen::resize(unsigned long, unsigned long)+0x22
V  [libjvm.so+0x99482b]  PSScavenge::invoke_no_policy()+0xf3b
V  [libjvm.so+0x994fb1]  PSScavenge::invoke()+0x41
V  [libjvm.so+0x94bce0]  ParallelScavengeHeap::failed_mem_allocate(unsigned long)+0x70
V  [libjvm.so+0xaccba7]  VM_ParallelGCFailedAllocation::doit()+0x97
V  [libjvm.so+0xad4685]  VM_Operation::evaluate()+0x55
V  [libjvm.so+0xad2a5a]  VMThread::evaluate_operation(VM_Operation*)+0xba
V  [libjvm.so+0xad2dde]  VMThread::loop()+0x1ce
V  [libjvm.so+0xad3250]  VMThread::run()+0x70
V  [libjvm.so+0x92a338]  java_start(Thread*)+0x108

VM_Operation (0x00007f73a8cf4590): ParallelGCFailedAllocation, mode: safepoint, requested by thread 0x00007f73a0009800


---------------  P R O C E S S  ---------------

Java Threads: ( => current thread )
  0x00007f73a0274000 JavaThread "AWT-EventQueue-0" [_thread_blocked, id=29478, stack(0x00007f73748f1000,0x00007f73749f2000)]
  0x00007f73a02b2000 JavaThread "AWT-Shutdown" [_thread_blocked, id=29477, stack(0x00007f733863a000,0x00007f733873b000)]
  0x00007f7340071000 JavaThread "TimerQueue" daemon [_thread_blocked, id=7557, stack(0x00007f73740ca000,0x00007f73741cb000)]
  0x00007f73a0266800 JavaThread "AWT-XAWT" daemon [_thread_blocked, id=7550, stack(0x00007f73749f2000,0x00007f7374af3000)]
  0x00007f73a023e800 JavaThread "Java2D Disposer" daemon [_thread_blocked, id=7549, stack(0x00007f7374f0a000,0x00007f737500b000)]
  0x00007f73a00cc800 JavaThread "Service Thread" daemon [_thread_blocked, id=7547, stack(0x00007f7376c8e000,0x00007f7376d8f000)]
  0x00007f73a00c1000 JavaThread "C1 CompilerThread2" daemon [_thread_blocked, id=7546, stack(0x00007f7376d8f000,0x00007f7376e90000)]
  0x00007f73a00bf800 JavaThread "C2 CompilerThread1" daemon [_thread_blocked, id=7545, stack(0x00007f7376e90000,0x00007f7376f91000)]
  0x00007f73a00bc800 JavaThread "C2 CompilerThread0" daemon [_thread_blocked, id=7544, stack(0x00007f7376f91000,0x00007f7377092000)]
  0x00007f73a00bb000 JavaThread "Signal Dispatcher" daemon [_thread_blocked, id=7543, stack(0x00007f7377092000,0x00007f7377193000)]
  0x00007f73a0088000 JavaThread "Finalizer" daemon [_thread_blocked, id=7539, stack(0x00007f73775f6000,0x00007f73776f7000)]
  0x00007f73a0083800 JavaThread "Reference Handler" daemon [_thread_blocked, id=7538, stack(0x00007f73776f7000,0x00007f73777f8000)]
  0x00007f73a0009800 JavaThread "main" [_thread_blocked, id=7530, stack(0x00007f73a8bf5000,0x00007f73a8cf6000)]

Other Threads:
=>0x00007f73a007b800 VMThread [stack: 0x00007f73777f8000,0x00007f73778f9000] [id=7537]
  0x00007f73a00cf000 WatcherThread [stack: 0x00007f7376b8d000,0x00007f7376c8e000] [id=7548]

VM state:at safepoint (normal execution)

VM Mutex/Monitor currently owned by a thread:  ([mutex/lock_event])
[0x00007f73a0006070] Threads_lock - owner thread: 0x00007f73a007b800
[0x00007f73a0006570] Heap_lock - owner thread: 0x00007f73a0009800

Heap:
 PSYoungGen      total 38400K, used 18048K [0x00000000d6800000, 0x00000000db280000, 0x0000000100000000)
  eden space 1024K, 0% used [0x00000000d6800000,0x00000000d6800000,0x00000000d6900000)
  from space 37376K, 48% used [0x00000000d6900000,0x00000000d7aa0000,0x00000000d8d80000)
  to   space 36864K, 0% used [0x00000000d8d80000,0x00000000d8d80000,0x00000000db180000)
 ParOldGen       total 741888K, used 709708K [0x0000000083800000, 0x00000000b0c80000, 0x00000000d6800000)
  object space 741888K, 95% used [0x0000000083800000,0x00000000aed13380,0x00000000b0c80000)
 Metaspace       used 11201K, capacity 11408K, committed 11648K, reserved 1058816K
  class space    used 1237K, capacity 1326K, committed 1408K, reserved 1048576K

Card table byte_map: [0x00007f73a5556000,0x00007f73a593b000] byte_map_base: 0x00007f73a513a000

Marking Bits: (ParMarkBitMap*) 0x00007f73a8094dc0
 Begin Bits: [0x00007f737c1c0000, 0x00007f737e0e0000)
 End Bits:   [0x00007f737e0e0000, 0x00007f7380000000)

Polling page: 0x00007f73a8bf4000

CodeCache: size=245760Kb used=5357Kb max_used=5542Kb free=240402Kb
 bounds [0x00007f7391000000, 0x00007f73915b0000, 0x00007f73a0000000]
 total_blobs=1987 nmethods=1491 adapters=410
 compilation: enabled

Compilation events (10 events):
Event: 3874,063 Thread 0x00007f73a00bf800 nmethod 1834 0x00007f7391491950 code [0x00007f7391491b40, 0x00007f7391492140]
Event: 3874,063 Thread 0x00007f73a00bf800 1835       4       javax.swing.JTable::setRowHeight (63 bytes)
Event: 3874,069 Thread 0x00007f73a00bc800 nmethod 1833 0x00007f7391287f90 code [0x00007f73912881e0, 0x00007f7391288f40]
Event: 3874,069 Thread 0x00007f73a00bc800 1836       4       javax.swing.JTable::setRowMargin (23 bytes)
Event: 3874,071 Thread 0x00007f73a00bf800 nmethod 1835 0x00007f7391250910 code [0x00007f7391250b40, 0x00007f7391251280]
Event: 3874,071 Thread 0x00007f73a00bf800 1837       4       javax.swing.JTable::setRowSelectionAllowed (28 bytes)
Event: 3874,076 Thread 0x00007f73a00bf800 nmethod 1837 0x00007f7391233950 code [0x00007f7391233b20, 0x00007f7391233f00]
Event: 3874,077 Thread 0x00007f73a00bc800 nmethod 1836 0x00007f73913ba950 code [0x00007f73913bab80, 0x00007f73913bb260]
Event: 3886,573 Thread 0x00007f73a00bf800 1838       4       sun.swing.table.DefaultTableCellHeaderRenderer$EmptyIcon::<init> (6 bytes)
Event: 3886,573 Thread 0x00007f73a00bf800 nmethod 1838 0x00007f73913d4350 code [0x00007f73913d44a0, 0x00007f73913d4518]

GC Heap History (10 events):
Event: 3983,666 GC heap after
Heap after GC invocations=489 (full 14):
 PSYoungGen      total 36864K, used 33440K [0x00000000d6800000, 0x00000000db100000, 0x0000000100000000)
  eden space 512K, 0% used [0x00000000d6800000,0x00000000d6800000,0x00000000d6880000)
  from space 36352K, 91% used [0x00000000d6880000,0x00000000d8928000,0x00000000d8c00000)
  to   space 36864K, 0% used [0x00000000d8d00000,0x00000000d8d00000,0x00000000db100000)
 ParOldGen       total 696832K, used 691577K [0x0000000083800000, 0x00000000ae080000, 0x00000000d6800000)
  object space 696832K, 99% used [0x0000000083800000,0x00000000adb5e520,0x00000000ae080000)
 Metaspace       used 11201K, capacity 11408K, committed 11648K, reserved 1058816K
  class space    used 1237K, capacity 1326K, committed 1408K, reserved 1048576K
}
Event: 3986,171 GC heap before
{Heap before GC invocations=490 (full 14):
 PSYoungGen      total 36864K, used 33952K [0x00000000d6800000, 0x00000000db100000, 0x0000000100000000)
  eden space 512K, 100% used [0x00000000d6800000,0x00000000d6880000,0x00000000d6880000)
  from space 36352K, 91% used [0x00000000d6880000,0x00000000d8928000,0x00000000d8c00000)
  to   space 36864K, 0% used [0x00000000d8d00000,0x00000000d8d00000,0x00000000db100000)
 ParOldGen       total 696832K, used 691577K [0x0000000083800000, 0x00000000ae080000, 0x00000000d6800000)
  object space 696832K, 99% used [0x0000000083800000,0x00000000adb5e520,0x00000000ae080000)
 Metaspace       used 11201K, capacity 11408K, committed 11648K, reserved 1058816K
  class space    used 1237K, capacity 1326K, committed 1408K, reserved 1048576K
Event: 3986,205 GC heap after
Heap after GC invocations=490 (full 14):
 PSYoungGen      total 36864K, used 32000K [0x00000000d6800000, 0x00000000db000000, 0x0000000100000000)
  eden space 1024K, 0% used [0x00000000d6800000,0x00000000d6800000,0x00000000d6900000)
  from space 35840K, 89% used [0x00000000d8d00000,0x00000000dac40000,0x00000000db000000)
  to   space 36352K, 0% used [0x00000000d6900000,0x00000000d6900000,0x00000000d8c80000)
 ParOldGen       total 696832K, used 693481K [0x0000000083800000, 0x00000000ae080000, 0x00000000d6800000)
  object space 696832K, 99% used [0x0000000083800000,0x00000000add3a520,0x00000000ae080000)
 Metaspace       used 11201K, capacity 11408K, committed 11648K, reserved 1058816K
  class space    used 1237K, capacity 1326K, committed 1408K, reserved 1048576K
}
Event: 3986,205 GC heap before
{Heap before GC invocations=491 (full 15):
 PSYoungGen      total 36864K, used 32000K [0x00000000d6800000, 0x00000000db000000, 0x0000000100000000)
  eden space 1024K, 0% used [0x00000000d6800000,0x00000000d6800000,0x00000000d6900000)
  from space 35840K, 89% used [0x00000000d8d00000,0x00000000dac40000,0x00000000db000000)
  to   space 36352K, 0% used [0x00000000d6900000,0x00000000d6900000,0x00000000d8c80000)
 ParOldGen       total 696832K, used 693481K [0x0000000083800000, 0x00000000ae080000, 0x00000000d6800000)
  object space 696832K, 99% used [0x0000000083800000,0x00000000add3a520,0x00000000ae080000)
 Metaspace       used 11201K, capacity 11408K, committed 11648K, reserved 1058816K
  class space    used 1237K, capacity 1326K, committed 1408K, reserved 1048576K
Event: 3988,185 GC heap after
Heap after GC invocations=491 (full 15):
 PSYoungGen      total 36864K, used 28282K [0x00000000d6800000, 0x00000000db000000, 0x0000000100000000)
  eden space 1024K, 0% used [0x00000000d6800000,0x00000000d6800000,0x00000000d6900000)
  from space 35840K, 78% used [0x00000000d8d00000,0x00000000da89ea20,0x00000000db000000)
  to   space 36352K, 0% used [0x00000000d6900000,0x00000000d6900000,0x00000000d8c80000)
 ParOldGen       total 741888K, used 696428K [0x0000000083800000, 0x00000000b0c80000, 0x00000000d6800000)
  object space 741888K, 93% used [0x0000000083800000,0x00000000ae01b380,0x00000000b0c80000)
 Metaspace       used 11201K, capacity 11408K, committed 11648K, reserved 1058816K
  class space    used 1237K, capacity 1326K, committed 1408K, reserved 1048576K
}
Event: 3993,195 GC heap before
{Heap before GC invocations=492 (full 15):
 PSYoungGen      total 36864K, used 29306K [0x00000000d6800000, 0x00000000db000000, 0x0000000100000000)
  eden space 1024K, 100% used [0x00000000d6800000,0x00000000d6900000,0x00000000d6900000)
  from space 35840K, 78% used [0x00000000d8d00000,0x00000000da89ea20,0x00000000db000000)
  to   space 36352K, 0% used [0x00000000d6900000,0x00000000d6900000,0x00000000d8c80000)
 ParOldGen       total 741888K, used 696428K [0x0000000083800000, 0x00000000b0c80000, 0x00000000d6800000)
  object space 741888K, 93% used [0x0000000083800000,0x00000000ae01b380,0x00000000b0c80000)
 Metaspace       used 11201K, capacity 11408K, committed 11648K, reserved 1058816K
  class space    used 1237K, capacity 1326K, committed 1408K, reserved 1048576K
Event: 3993,381 GC heap after
Heap after GC invocations=492 (full 15):
 PSYoungGen      total 37376K, used 27008K [0x00000000d6800000, 0x00000000db180000, 0x0000000100000000)
  eden space 1024K, 0% used [0x00000000d6800000,0x00000000d6800000,0x00000000d6900000)
  from space 36352K, 74% used [0x00000000d6900000,0x00000000d8360000,0x00000000d8c80000)
  to   space 36864K, 0% used [0x00000000d8d80000,0x00000000d8d80000,0x00000000db180000)
 ParOldGen       total 741888K, used 698820K [0x0000000083800000, 0x00000000b0c80000, 0x00000000d6800000)
  object space 741888K, 94% used [0x0000000083800000,0x00000000ae271380,0x00000000b0c80000)
 Metaspace       used 11201K, capacity 11408K, committed 11648K, reserved 1058816K
  class space    used 1237K, capacity 1326K, committed 1408K, reserved 1048576K
}
Event: 3998,398 GC heap before
{Heap before GC invocations=493 (full 15):
 PSYoungGen      total 37376K, used 28032K [0x00000000d6800000, 0x00000000db180000, 0x0000000100000000)
  eden space 1024K, 100% used [0x00000000d6800000,0x00000000d6900000,0x00000000d6900000)
  from space 36352K, 74% used [0x00000000d6900000,0x00000000d8360000,0x00000000d8c80000)
  to   space 36864K, 0% used [0x00000000d8d80000,0x00000000d8d80000,0x00000000db180000)
 ParOldGen       total 741888K, used 698820K [0x0000000083800000, 0x00000000b0c80000, 0x00000000d6800000)
  object space 741888K, 94% used [0x0000000083800000,0x00000000ae271380,0x00000000b0c80000)
 Metaspace       used 11201K, capacity 11408K, committed 11648K, reserved 1058816K
  class space    used 1237K, capacity 1326K, committed 1408K, reserved 1048576K
Event: 3998,447 GC heap after
Heap after GC invocations=493 (full 15):
 PSYoungGen      total 37888K, used 22720K [0x00000000d6800000, 0x00000000db280000, 0x0000000100000000)
  eden space 1024K, 0% used [0x00000000d6800000,0x00000000d6800000,0x00000000d6900000)
  from space 36864K, 61% used [0x00000000d8d80000,0x00000000da3b0000,0x00000000db180000)
  to   space 37376K, 0% used [0x00000000d6900000,0x00000000d6900000,0x00000000d8d80000)
 ParOldGen       total 741888K, used 704044K [0x0000000083800000, 0x00000000b0c80000, 0x00000000d6800000)
  object space 741888K, 94% used [0x0000000083800000,0x00000000ae78b380,0x00000000b0c80000)
 Metaspace       used 11201K, capacity 11408K, committed 11648K, reserved 1058816K
  class space    used 1237K, capacity 1326K, committed 1408K, reserved 1048576K
}
Event: 4003,682 GC heap before
{Heap before GC invocations=494 (full 15):
 PSYoungGen      total 37888K, used 23744K [0x00000000d6800000, 0x00000000db280000, 0x0000000100000000)
  eden space 1024K, 100% used [0x00000000d6800000,0x00000000d6900000,0x00000000d6900000)
  from space 36864K, 61% used [0x00000000d8d80000,0x00000000da3b0000,0x00000000db180000)
  to   space 37376K, 0% used [0x00000000d6900000,0x00000000d6900000,0x00000000d8d80000)
 ParOldGen       total 741888K, used 704044K [0x0000000083800000, 0x00000000b0c80000, 0x00000000d6800000)
  object space 741888K, 94% used [0x0000000083800000,0x00000000ae78b380,0x00000000b0c80000)
 Metaspace       used 11201K, capacity 11408K, committed 11648K, reserved 1058816K
  class space    used 1237K, capacity 1326K, committed 1408K, reserved 1048576K

Deoptimization events (10 events):
Event: 0,961 Thread 0x00007f73a0009800 Uncommon trap: reason=unstable_if action=reinterpret pc=0x00007f73912c05a0 method=javax.swing.UIDefaults.getFromResourceBundle(Ljava/lang/Object;Ljava/util/Locale;)Ljava/lang/Object; @ 27
Event: 0,961 Thread 0x00007f73a0009800 Uncommon trap: reason=unstable_if action=reinterpret pc=0x00007f73912b9e24 method=javax.swing.UIDefaults.getFromHashtable(Ljava/lang/Object;)Ljava/lang/Object; @ 17
Event: 0,961 Thread 0x00007f73a0009800 Uncommon trap: reason=unstable_if action=reinterpret pc=0x00007f7391271af8 method=java.awt.Component.getBackground()Ljava/awt/Color; @ 6
Event: 0,962 Thread 0x00007f73a0009800 Uncommon trap: reason=unstable_if action=reinterpret pc=0x00007f73912d676c method=javax.swing.UIDefaults.get(Ljava/lang/Object;Ljava/util/Locale;)Ljava/lang/Object; @ 7
Event: 2,106 Thread 0x00007f73a02b2000 Uncommon trap: reason=unstable_if action=reinterpret pc=0x00007f7391333e40 method=java.awt.Component.firePropertyChange(Ljava/lang/String;Ljava/lang/Object;Ljava/lang/Object;)V @ 46
Event: 4,133 Thread 0x00007f73a02b2000 Uncommon trap: reason=unstable_if action=reinterpret pc=0x00007f7391363cd4 method=java.lang.ref.SoftReference.get()Ljava/lang/Object; @ 17
Event: 4,133 Thread 0x00007f73a02b2000 Uncommon trap: reason=unstable_if action=reinterpret pc=0x00007f73913d5878 method=java.lang.ref.SoftReference.get()Ljava/lang/Object; @ 17
Event: 4,309 Thread 0x00007f73a02b2000 Uncommon trap: reason=unstable_if action=reinterpret pc=0x00007f73913d18e8 method=sun.awt.SunToolkit.getAppContext(Ljava/lang/Object;)Lsun/awt/AppContext; @ 4
Event: 623,432 Thread 0x00007f73a02b2000 Uncommon trap: reason=unstable_if action=reinterpret pc=0x00007f7391577b28 method=sun.awt.AWTAutoShutdown.notifyThreadBusy(Ljava/lang/Thread;)V @ 23
Event: 623,934 Thread 0x00007f73a02b2000 Uncommon trap: reason=unstable_if action=reinterpret pc=0x00007f73914e3138 method=java.util.ArrayList.indexOf(Ljava/lang/Object;)I @ 41

Internal exceptions (10 events):
Event: 0,111 Thread 0x00007f73a0009800 Exception <a 'java/security/PrivilegedActionException'> (0x00000000d687bb40) thrown at [/HUDSON3/workspace/8-2-build-linux-amd64/jdk8u144/9417/hotspot/src/share/vm/prims/jvm.cpp, line 1390]
Event: 0,111 Thread 0x00007f73a0009800 Exception <a 'java/security/PrivilegedActionException'> (0x00000000d687bd50) thrown at [/HUDSON3/workspace/8-2-build-linux-amd64/jdk8u144/9417/hotspot/src/share/vm/prims/jvm.cpp, line 1390]
Event: 0,112 Thread 0x00007f73a0009800 Exception <a 'java/security/PrivilegedActionException'> (0x00000000d687e5f8) thrown at [/HUDSON3/workspace/8-2-build-linux-amd64/jdk8u144/9417/hotspot/src/share/vm/prims/jvm.cpp, line 1390]
Event: 0,112 Thread 0x00007f73a0009800 Exception <a 'java/security/PrivilegedActionException'> (0x00000000d687e808) thrown at [/HUDSON3/workspace/8-2-build-linux-amd64/jdk8u144/9417/hotspot/src/share/vm/prims/jvm.cpp, line 1390]
Event: 0,164 Thread 0x00007f73a0009800 Exception <a 'java/lang/NoSuchFieldError': method resolution failed> (0x00000000d69efe70) thrown at [/HUDSON3/workspace/8-2-build-linux-amd64/jdk8u144/9417/hotspot/src/share/vm/prims/methodHandles.cpp, line 1146]
Event: 0,167 Thread 0x00007f73a0009800 Exception <a 'java/lang/NoSuchFieldError': method resolution failed> (0x00000000d69fd640) thrown at [/HUDSON3/workspace/8-2-build-linux-amd64/jdk8u144/9417/hotspot/src/share/vm/prims/methodHandles.cpp, line 1146]
Event: 0,191 Thread 0x00007f73a0009800 Exception <a 'java/io/FileNotFoundException'> (0x00000000d6a7c430) thrown at [/HUDSON3/workspace/8-2-build-linux-amd64/jdk8u144/9417/hotspot/src/share/vm/prims/jni.cpp, line 709]
Event: 0,191 Thread 0x00007f73a0009800 Exception <a 'java/io/FileNotFoundException'> (0x00000000d6a7cf70) thrown at [/HUDSON3/workspace/8-2-build-linux-amd64/jdk8u144/9417/hotspot/src/share/vm/prims/jni.cpp, line 709]
Event: 0,317 Thread 0x00007f73a0009800 Implicit null exception at 0x00007f739116dd9b to 0x00007f739116df59
Event: 0,961 Thread 0x00007f73a0009800 Implicit null exception at 0x00007f73912ae43f to 0x00007f73912ae821

Events (10 events):
Event: 3988,185 Thread 0x00007f73a0274000 Thread exited: 0x00007f73a0274000
Event: 3988,185 Executing VM operation: RevokeBias done
Event: 3988,185 Thread 0x00007f73a02b2000 Thread exited: 0x00007f73a02b2000
Event: 3988,185 Thread 0x00007f73a02b2000 Thread added: 0x00007f73a02b2000
Event: 3988,185 Thread 0x00007f73a0274000 Thread added: 0x00007f73a0274000
Event: 3993,195 Executing VM operation: ParallelGCFailedAllocation
Event: 3993,381 Executing VM operation: ParallelGCFailedAllocation done
Event: 3998,395 Executing VM operation: ParallelGCFailedAllocation
Event: 3998,448 Executing VM operation: ParallelGCFailedAllocation done
Event: 4003,675 Executing VM operation: ParallelGCFailedAllocation


Dynamic libraries:
00400000-00401000 r-xp 00000000 08:05 655597                             /home/sebastian/dev/java/jdk1.8.0_144/bin/java
00600000-00601000 rw-p 00000000 08:05 655597                             /home/sebastian/dev/java/jdk1.8.0_144/bin/java
00ff2000-01013000 rw-p 00000000 00:00 0                                  [heap]
83800000-b0c80000 rw-p 00000000 00:00 0 
b0c80000-d6800000 ---p 00000000 00:00 0 
d6800000-db280000 rw-p 00000000 00:00 0 
db580000-100000000 ---p 00000000 00:00 0 
100000000-100160000 rw-p 00000000 00:00 0 
100160000-140000000 ---p 00000000 00:00 0 
7f732c000000-7f732c021000 rw-p 00000000 00:00 0 
7f732c021000-7f7330000000 ---p 00000000 00:00 0 
7f7334000000-7f7334021000 rw-p 00000000 00:00 0 
7f7334021000-7f7338000000 ---p 00000000 00:00 0 
7f733863a000-7f733863d000 ---p 00000000 00:00 0 
7f733863d000-7f733873b000 rw-p 00000000 00:00 0 
7f733873b000-7f73387a4000 r-xp 00000000 08:05 655736                     /home/sebastian/dev/java/jdk1.8.0_144/jre/lib/amd64/libt2k.so
7f73387a4000-7f73389a4000 ---p 00069000 08:05 655736                     /home/sebastian/dev/java/jdk1.8.0_144/jre/lib/amd64/libt2k.so
7f73389a4000-7f73389ab000 rw-p 00069000 08:05 655736                     /home/sebastian/dev/java/jdk1.8.0_144/jre/lib/amd64/libt2k.so
7f73389ab000-7f73389bb000 rw-p 00000000 00:00 0 
7f73389bb000-7f73389cc000 r-xp 00000000 08:05 655704                     /home/sebastian/dev/java/jdk1.8.0_144/jre/lib/amd64/libnio.so
7f73389cc000-7f7338bcb000 ---p 00011000 08:05 655704                     /home/sebastian/dev/java/jdk1.8.0_144/jre/lib/amd64/libnio.so
7f7338bcb000-7f7338bcc000 rw-p 00010000 08:05 655704                     /home/sebastian/dev/java/jdk1.8.0_144/jre/lib/amd64/libnio.so
7f7338bd3000-7f7338bea000 r-xp 00000000 08:06 296034                     /lib/x86_64-linux-gnu/libresolv-2.23.so
7f7338bea000-7f7338dea000 ---p 00017000 08:06 296034                     /lib/x86_64-linux-gnu/libresolv-2.23.so
7f7338dea000-7f7338deb000 r--p 00017000 08:06 296034                     /lib/x86_64-linux-gnu/libresolv-2.23.so
7f7338deb000-7f7338dec000 rw-p 00018000 08:06 296034                     /lib/x86_64-linux-gnu/libresolv-2.23.so
7f7338dec000-7f7338dee000 rw-p 00000000 00:00 0 
7f7338df3000-7f7338df8000 r-xp 00000000 08:06 296041                     /lib/x86_64-linux-gnu/libnss_dns-2.23.so
7f7338df8000-7f7338ff8000 ---p 00005000 08:06 296041                     /lib/x86_64-linux-gnu/libnss_dns-2.23.so
7f7338ff8000-7f7338ff9000 r--p 00005000 08:06 296041                     /lib/x86_64-linux-gnu/libnss_dns-2.23.so
7f7338ff9000-7f7338ffa000 rw-p 00006000 08:06 296041                     /lib/x86_64-linux-gnu/libnss_dns-2.23.so
7f7338fff000-7f733c000000 rw-p 00000000 00:00 0 
7f733c000000-7f733c021000 rw-p 00000000 00:00 0 
7f733c021000-7f7340000000 ---p 00000000 00:00 0 
7f7340000000-7f7340303000 rw-p 00000000 00:00 0 
7f7340303000-7f7344000000 ---p 00000000 00:00 0 
7f7344000000-7f7344021000 rw-p 00000000 00:00 0 
7f7344021000-7f7348000000 ---p 00000000 00:00 0 
7f7348000000-7f7348028000 rw-p 00000000 00:00 0 
7f7348028000-7f734c000000 ---p 00000000 00:00 0 
7f734c000000-7f734c021000 rw-p 00000000 00:00 0 
7f734c021000-7f7350000000 ---p 00000000 00:00 0 
7f7350000000-7f7350021000 rw-p 00000000 00:00 0 
7f7350021000-7f7354000000 ---p 00000000 00:00 0 
7f7354000000-7f7354dae000 rw-p 00000000 00:00 0 
7f7354dae000-7f7358000000 ---p 00000000 00:00 0 
7f7358000000-7f7358400000 rw-p 00000000 00:00 0 
7f7358400000-7f735c000000 ---p 00000000 00:00 0 
7f735c000000-7f735c021000 rw-p 00000000 00:00 0 
7f735c021000-7f7360000000 ---p 00000000 00:00 0 
7f7360000000-7f7361a68000 rw-p 00000000 00:00 0 
7f7361a68000-7f7364000000 ---p 00000000 00:00 0 
7f7364000000-7f7364021000 rw-p 00000000 00:00 0 
7f7364021000-7f7368000000 ---p 00000000 00:00 0 
7f7368000000-7f7368021000 rw-p 00000000 00:00 0 
7f7368021000-7f736c000000 ---p 00000000 00:00 0 
7f736c000000-7f736c29f000 rw-p 00000000 00:00 0 
7f736c29f000-7f7370000000 ---p 00000000 00:00 0 
7f7370000000-7f7370021000 rw-p 00000000 00:00 0 
7f7370021000-7f7374000000 ---p 00000000 00:00 0 
7f73740ca000-7f73740cd000 ---p 00000000 00:00 0 
7f73740cd000-7f73741cb000 rw-p 00000000 00:00 0 
7f73741cb000-7f73741cd000 r-xp 00000000 08:06 268715                     /lib/x86_64-linux-gnu/libnss_mdns4_minimal.so.2
7f73741cd000-7f73743cc000 ---p 00002000 08:06 268715                     /lib/x86_64-linux-gnu/libnss_mdns4_minimal.so.2
7f73743cc000-7f73743cd000 r--p 00001000 08:06 268715                     /lib/x86_64-linux-gnu/libnss_mdns4_minimal.so.2
7f73743cd000-7f73743ce000 rw-p 00002000 08:06 268715                     /lib/x86_64-linux-gnu/libnss_mdns4_minimal.so.2
7f73743d3000-7f73743e9000 r-xp 00000000 08:05 655679                     /home/sebastian/dev/java/jdk1.8.0_144/jre/lib/amd64/libnet.so
7f73743e9000-7f73745e9000 ---p 00016000 08:05 655679                     /home/sebastian/dev/java/jdk1.8.0_144/jre/lib/amd64/libnet.so
7f73745e9000-7f73745ea000 rw-p 00016000 08:05 655679                     /home/sebastian/dev/java/jdk1.8.0_144/jre/lib/amd64/libnet.so
7f73745f0000-7f73747f0000 rw-p 00000000 00:00 0 
7f73747f0000-7f73747f3000 ---p 00000000 00:00 0 
7f73747f3000-7f73748f1000 rw-p 00000000 00:00 0 
7f73748f1000-7f73748f4000 ---p 00000000 00:00 0 
7f73748f4000-7f73749f2000 rw-p 00000000 00:00 0 
7f73749f2000-7f73749f5000 ---p 00000000 00:00 0 
7f73749f5000-7f7374af3000 rw-p 00000000 00:00 0 
7f7374af3000-7f7374af8000 r-xp 00000000 08:06 142336                     /usr/lib/x86_64-linux-gnu/libXfixes.so.3.1.0
7f7374af8000-7f7374cf7000 ---p 00005000 08:06 142336                     /usr/lib/x86_64-linux-gnu/libXfixes.so.3.1.0
7f7374cf7000-7f7374cf8000 r--p 00004000 08:06 142336                     /usr/lib/x86_64-linux-gnu/libXfixes.so.3.1.0
7f7374cf8000-7f7374cf9000 rw-p 00005000 08:06 142336                     /usr/lib/x86_64-linux-gnu/libXfixes.so.3.1.0
7f7374cfb000-7f7374d04000 r-xp 00000000 08:06 131809                     /usr/lib/x86_64-linux-gnu/libXcursor.so.1.0.2
7f7374d04000-7f7374f03000 ---p 00009000 08:06 131809                     /usr/lib/x86_64-linux-gnu/libXcursor.so.1.0.2
7f7374f03000-7f7374f04000 r--p 00008000 08:06 131809                     /usr/lib/x86_64-linux-gnu/libXcursor.so.1.0.2
7f7374f04000-7f7374f05000 rw-p 00009000 08:06 131809                     /usr/lib/x86_64-linux-gnu/libXcursor.so.1.0.2
7f7374f0a000-7f7374f0d000 ---p 00000000 00:00 0 
7f7374f0d000-7f737500b000 rw-p 00000000 00:00 0 
7f737500b000-7f7375021000 r-xp 00000000 08:06 268648                     /lib/x86_64-linux-gnu/libgcc_s.so.1
7f7375021000-7f7375220000 ---p 00016000 08:06 268648                     /lib/x86_64-linux-gnu/libgcc_s.so.1
7f7375220000-7f7375221000 rw-p 00015000 08:06 268648                     /lib/x86_64-linux-gnu/libgcc_s.so.1
7f7375223000-7f7375288000 r-xp 00000000 08:05 655698                     /home/sebastian/dev/java/jdk1.8.0_144/jre/lib/amd64/libfontmanager.so
7f7375288000-7f7375487000 ---p 00065000 08:05 655698                     /home/sebastian/dev/java/jdk1.8.0_144/jre/lib/amd64/libfontmanager.so
7f7375487000-7f737548c000 rw-p 00064000 08:05 655698                     /home/sebastian/dev/java/jdk1.8.0_144/jre/lib/amd64/libfontmanager.so
7f737548c000-7f737549c000 rw-p 00000000 00:00 0 
7f73754a3000-7f73754a8000 r-xp 00000000 08:06 142332                     /usr/lib/x86_64-linux-gnu/libXdmcp.so.6.0.0
7f73754a8000-7f73756a7000 ---p 00005000 08:06 142332                     /usr/lib/x86_64-linux-gnu/libXdmcp.so.6.0.0
7f73756a7000-7f73756a8000 r--p 00004000 08:06 142332                     /usr/lib/x86_64-linux-gnu/libXdmcp.so.6.0.0
7f73756a8000-7f73756a9000 rw-p 00005000 08:06 142332                     /usr/lib/x86_64-linux-gnu/libXdmcp.so.6.0.0
7f73756ab000-7f73756ad000 r-xp 00000000 08:06 142321                     /usr/lib/x86_64-linux-gnu/libXau.so.6.0.0
7f73756ad000-7f73758ad000 ---p 00002000 08:06 142321                     /usr/lib/x86_64-linux-gnu/libXau.so.6.0.0
7f73758ad000-7f73758ae000 r--p 00002000 08:06 142321                     /usr/lib/x86_64-linux-gnu/libXau.so.6.0.0
7f73758ae000-7f73758af000 rw-p 00003000 08:06 142321                     /usr/lib/x86_64-linux-gnu/libXau.so.6.0.0
7f73758b3000-7f73758d4000 r-xp 00000000 08:06 143554                     /usr/lib/x86_64-linux-gnu/libxcb.so.1.1.0
7f73758d4000-7f7375ad3000 ---p 00021000 08:06 143554                     /usr/lib/x86_64-linux-gnu/libxcb.so.1.1.0
7f7375ad3000-7f7375ad4000 r--p 00020000 08:06 143554                     /usr/lib/x86_64-linux-gnu/libxcb.so.1.1.0
7f7375ad4000-7f7375ad5000 rw-p 00021000 08:06 143554                     /usr/lib/x86_64-linux-gnu/libxcb.so.1.1.0
7f7375adb000-7f7375aea000 r-xp 00000000 08:06 142344                     /usr/lib/x86_64-linux-gnu/libXi.so.6.1.0
7f7375aea000-7f7375ce9000 ---p 0000f000 08:06 142344                     /usr/lib/x86_64-linux-gnu/libXi.so.6.1.0
7f7375ce9000-7f7375cea000 r--p 0000e000 08:06 142344                     /usr/lib/x86_64-linux-gnu/libXi.so.6.1.0
7f7375cea000-7f7375ceb000 rw-p 0000f000 08:06 142344                     /usr/lib/x86_64-linux-gnu/libXi.so.6.1.0
7f7375ceb000-7f7375cf0000 r-xp 00000000 08:06 142362                     /usr/lib/x86_64-linux-gnu/libXtst.so.6.1.0
7f7375cf0000-7f7375eef000 ---p 00005000 08:06 142362                     /usr/lib/x86_64-linux-gnu/libXtst.so.6.1.0
7f7375eef000-7f7375ef0000 r--p 00004000 08:06 142362                     /usr/lib/x86_64-linux-gnu/libXtst.so.6.1.0
7f7375ef0000-7f7375ef1000 rw-p 00005000 08:06 142362                     /usr/lib/x86_64-linux-gnu/libXtst.so.6.1.0
7f7375ef3000-7f7375efc000 r-xp 00000000 08:06 142356                     /usr/lib/x86_64-linux-gnu/libXrender.so.1.3.0
7f7375efc000-7f73760fb000 ---p 00009000 08:06 142356                     /usr/lib/x86_64-linux-gnu/libXrender.so.1.3.0
7f73760fb000-7f73760fc000 r--p 00008000 08:06 142356                     /usr/lib/x86_64-linux-gnu/libXrender.so.1.3.0
7f73760fc000-7f73760fd000 rw-p 00009000 08:06 142356                     /usr/lib/x86_64-linux-gnu/libXrender.so.1.3.0
7f7376103000-7f7376238000 r-xp 00000000 08:06 142317                     /usr/lib/x86_64-linux-gnu/libX11.so.6.3.0
7f7376238000-7f7376438000 ---p 00135000 08:06 142317                     /usr/lib/x86_64-linux-gnu/libX11.so.6.3.0
7f7376438000-7f7376439000 r--p 00135000 08:06 142317                     /usr/lib/x86_64-linux-gnu/libX11.so.6.3.0
7f7376439000-7f737643d000 rw-p 00136000 08:06 142317                     /usr/lib/x86_64-linux-gnu/libX11.so.6.3.0
7f7376443000-7f7376454000 r-xp 00000000 08:06 142334                     /usr/lib/x86_64-linux-gnu/libXext.so.6.4.0
7f7376454000-7f7376653000 ---p 00011000 08:06 142334                     /usr/lib/x86_64-linux-gnu/libXext.so.6.4.0
7f7376653000-7f7376654000 r--p 00010000 08:06 142334                     /usr/lib/x86_64-linux-gnu/libXext.so.6.4.0
7f7376654000-7f7376655000 rw-p 00011000 08:06 142334                     /usr/lib/x86_64-linux-gnu/libXext.so.6.4.0
7f737665b000-7f73766af000 r-xp 00000000 08:05 655706                     /home/sebastian/dev/java/jdk1.8.0_144/jre/lib/amd64/libawt_xawt.so
7f73766af000-7f73768af000 ---p 00054000 08:05 655706                     /home/sebastian/dev/java/jdk1.8.0_144/jre/lib/amd64/libawt_xawt.so
7f73768af000-7f73768b3000 rw-p 00054000 08:05 655706                     /home/sebastian/dev/java/jdk1.8.0_144/jre/lib/amd64/libawt_xawt.so
7f73768b3000-7f73768b4000 rw-p 00000000 00:00 0 
7f73768bb000-7f737695d000 r-xp 00000000 08:05 655739                     /home/sebastian/dev/java/jdk1.8.0_144/jre/lib/amd64/libawt.so
7f737695d000-7f7376b5d000 ---p 000a2000 08:05 655739                     /home/sebastian/dev/java/jdk1.8.0_144/jre/lib/amd64/libawt.so
7f7376b5d000-7f7376b69000 rw-p 000a2000 08:05 655739                     /home/sebastian/dev/java/jdk1.8.0_144/jre/lib/amd64/libawt.so
7f7376b69000-7f7376b8d000 rw-p 00000000 00:00 0 
7f7376b8d000-7f7376b8e000 ---p 00000000 00:00 0 
7f7376b8e000-7f7376c8e000 rw-p 00000000 00:00 0 
7f7376c8e000-7f7376c91000 ---p 00000000 00:00 0 
7f7376c91000-7f7376d8f000 rw-p 00000000 00:00 0 
7f7376d8f000-7f7376d92000 ---p 00000000 00:00 0 
7f7376d92000-7f7376e90000 rw-p 00000000 00:00 0 
7f7376e90000-7f7376e93000 ---p 00000000 00:00 0 
7f7376e93000-7f7376f91000 rw-p 00000000 00:00 0 
7f7376f91000-7f7376f94000 ---p 00000000 00:00 0 
7f7376f94000-7f7377092000 rw-p 00000000 00:00 0 
7f7377092000-7f7377095000 ---p 00000000 00:00 0 
7f7377095000-7f7377193000 rw-p 00000000 00:00 0 
7f7377193000-7f73775ef000 r--p 00000000 08:06 133935                     /usr/lib/locale/locale-archive
7f73775f6000-7f73775f9000 ---p 00000000 00:00 0 
7f73775f9000-7f73776f7000 rw-p 00000000 00:00 0 
7f73776f7000-7f73776fa000 ---p 00000000 00:00 0 
7f73776fa000-7f73777f8000 rw-p 00000000 00:00 0 
7f73777f8000-7f73777f9000 ---p 00000000 00:00 0 
7f73777f9000-7f7378000000 rw-p 00000000 00:00 0 
7f7378000000-7f7378021000 rw-p 00000000 00:00 0 
7f7378021000-7f737c000000 ---p 00000000 00:00 0 
7f737c0bf000-7f7380000000 rw-p 00000000 00:00 0 
7f7380000000-7f7380021000 rw-p 00000000 00:00 0 
7f7380021000-7f7384000000 ---p 00000000 00:00 0 
7f7384000000-7f7384021000 rw-p 00000000 00:00 0 
7f7384021000-7f7388000000 ---p 00000000 00:00 0 
7f7388000000-7f7388021000 rw-p 00000000 00:00 0 
7f7388021000-7f738c000000 ---p 00000000 00:00 0 
7f738c000000-7f738c021000 rw-p 00000000 00:00 0 
7f738c021000-7f7390000000 ---p 00000000 00:00 0 
7f7390043000-7f7390069000 r--p 00000000 08:06 537433                     /usr/share/locale-langpack/de/LC_MESSAGES/libc.mo
7f739006e000-7f7390e20000 rw-p 00000000 00:00 0 
7f7390e20000-7f7390ffa000 r--s 03d4d000 08:05 655671                     /home/sebastian/dev/java/jdk1.8.0_144/jre/lib/rt.jar
7f7391000000-7f73915b0000 rwxp 00000000 00:00 0 
7f73915b0000-7f73a0000000 ---p 00000000 00:00 0 
7f73a0000000-7f73a054c000 rw-p 00000000 00:00 0 
7f73a054c000-7f73a4000000 ---p 00000000 00:00 0 
7f73a4003000-7f73a400a000 r--s 00000000 08:06 402275                     /usr/lib/x86_64-linux-gnu/gconv/gconv-modules.cache
7f73a400f000-7f73a4cb8000 rw-p 00000000 00:00 0 
7f73a4cb8000-7f73a4cb9000 ---p 00000000 00:00 0 
7f73a4cb9000-7f73a4db9000 rw-p 00000000 00:00 0 
7f73a4db9000-7f73a4dba000 ---p 00000000 00:00 0 
7f73a4dba000-7f73a4eba000 rw-p 00000000 00:00 0 
7f73a4eba000-7f73a4ebb000 ---p 00000000 00:00 0 
7f73a4ebb000-7f73a4fbb000 rw-p 00000000 00:00 0 
7f73a4fbb000-7f73a4fbc000 ---p 00000000 00:00 0 
7f73a4fbc000-7f73a50bc000 rw-p 00000000 00:00 0 
7f73a50bc000-7f73a50bd000 ---p 00000000 00:00 0 
7f73a50bd000-7f73a51bd000 rw-p 00000000 00:00 0 
7f73a51bd000-7f73a51be000 ---p 00000000 00:00 0 
7f73a51be000-7f73a5429000 rw-p 00000000 00:00 0 
7f73a5429000-7f73a5556000 ---p 00000000 00:00 0 
7f73a5556000-7f73a56c1000 rw-p 00000000 00:00 0 
7f73a56c1000-7f73a57ee000 ---p 00000000 00:00 0 
7f73a57ee000-7f73a5814000 rw-p 00000000 00:00 0 
7f73a5814000-7f73a593a000 ---p 00000000 00:00 0 
7f73a593a000-7f73a5952000 rw-p 00000000 00:00 0 
7f73a5952000-7f73a5cfb000 ---p 00000000 00:00 0 
7f73a5cfb000-7f73a5d15000 r-xp 00000000 08:05 655702                     /home/sebastian/dev/java/jdk1.8.0_144/jre/lib/amd64/libzip.so
7f73a5d15000-7f73a5f15000 ---p 0001a000 08:05 655702                     /home/sebastian/dev/java/jdk1.8.0_144/jre/lib/amd64/libzip.so
7f73a5f15000-7f73a5f16000 rw-p 0001a000 08:05 655702                     /home/sebastian/dev/java/jdk1.8.0_144/jre/lib/amd64/libzip.so
7f73a5f1b000-7f73a5f26000 r-xp 00000000 08:06 296044                     /lib/x86_64-linux-gnu/libnss_files-2.23.so
7f73a5f26000-7f73a6125000 ---p 0000b000 08:06 296044                     /lib/x86_64-linux-gnu/libnss_files-2.23.so
7f73a6125000-7f73a6126000 r--p 0000a000 08:06 296044                     /lib/x86_64-linux-gnu/libnss_files-2.23.so
7f73a6126000-7f73a6127000 rw-p 0000b000 08:06 296044                     /lib/x86_64-linux-gnu/libnss_files-2.23.so
7f73a6127000-7f73a612d000 rw-p 00000000 00:00 0 
7f73a6133000-7f73a613e000 r-xp 00000000 08:06 296048                     /lib/x86_64-linux-gnu/libnss_nis-2.23.so
7f73a613e000-7f73a633d000 ---p 0000b000 08:06 296048                     /lib/x86_64-linux-gnu/libnss_nis-2.23.so
7f73a633d000-7f73a633e000 r--p 0000a000 08:06 296048                     /lib/x86_64-linux-gnu/libnss_nis-2.23.so
7f73a633e000-7f73a633f000 rw-p 0000b000 08:06 296048                     /lib/x86_64-linux-gnu/libnss_nis-2.23.so
7f73a6343000-7f73a6359000 r-xp 00000000 08:06 296027                     /lib/x86_64-linux-gnu/libnsl-2.23.so
7f73a6359000-7f73a6558000 ---p 00016000 08:06 296027                     /lib/x86_64-linux-gnu/libnsl-2.23.so
7f73a6558000-7f73a6559000 r--p 00015000 08:06 296027                     /lib/x86_64-linux-gnu/libnsl-2.23.so
7f73a6559000-7f73a655a000 rw-p 00016000 08:06 296027                     /lib/x86_64-linux-gnu/libnsl-2.23.so
7f73a655a000-7f73a655c000 rw-p 00000000 00:00 0 
7f73a6563000-7f73a656b000 r-xp 00000000 08:06 296039                     /lib/x86_64-linux-gnu/libnss_compat-2.23.so
7f73a656b000-7f73a676a000 ---p 00008000 08:06 296039                     /lib/x86_64-linux-gnu/libnss_compat-2.23.so
7f73a676a000-7f73a676b000 r--p 00007000 08:06 296039                     /lib/x86_64-linux-gnu/libnss_compat-2.23.so
7f73a676b000-7f73a676c000 rw-p 00008000 08:06 296039                     /lib/x86_64-linux-gnu/libnss_compat-2.23.so
7f73a6773000-7f73a679e000 r-xp 00000000 08:05 655729                     /home/sebastian/dev/java/jdk1.8.0_144/jre/lib/amd64/libjava.so
7f73a679e000-7f73a699d000 ---p 0002b000 08:05 655729                     /home/sebastian/dev/java/jdk1.8.0_144/jre/lib/amd64/libjava.so
7f73a699d000-7f73a699f000 rw-p 0002a000 08:05 655729                     /home/sebastian/dev/java/jdk1.8.0_144/jre/lib/amd64/libjava.so
7f73a69a3000-7f73a69b0000 r-xp 00000000 08:05 655680                     /home/sebastian/dev/java/jdk1.8.0_144/jre/lib/amd64/libverify.so
7f73a69b0000-7f73a6bb0000 ---p 0000d000 08:05 655680                     /home/sebastian/dev/java/jdk1.8.0_144/jre/lib/amd64/libverify.so
7f73a6bb0000-7f73a6bb2000 rw-p 0000d000 08:05 655680                     /home/sebastian/dev/java/jdk1.8.0_144/jre/lib/amd64/libverify.so
7f73a6bb3000-7f73a6bba000 r-xp 00000000 08:06 296049                     /lib/x86_64-linux-gnu/librt-2.23.so
7f73a6bba000-7f73a6db9000 ---p 00007000 08:06 296049                     /lib/x86_64-linux-gnu/librt-2.23.so
7f73a6db9000-7f73a6dba000 r--p 00006000 08:06 296049                     /lib/x86_64-linux-gnu/librt-2.23.so
7f73a6dba000-7f73a6dbb000 rw-p 00007000 08:06 296049                     /lib/x86_64-linux-gnu/librt-2.23.so
7f73a6dbb000-7f73a6ec3000 r-xp 00000000 08:06 291306                     /lib/x86_64-linux-gnu/libm-2.23.so
7f73a6ec3000-7f73a70c2000 ---p 00108000 08:06 291306                     /lib/x86_64-linux-gnu/libm-2.23.so
7f73a70c2000-7f73a70c3000 r--p 00107000 08:06 291306                     /lib/x86_64-linux-gnu/libm-2.23.so
7f73a70c3000-7f73a70c4000 rw-p 00108000 08:06 291306                     /lib/x86_64-linux-gnu/libm-2.23.so
7f73a70cb000-7f73a7d9e000 r-xp 00000000 08:05 655733                     /home/sebastian/dev/java/jdk1.8.0_144/jre/lib/amd64/server/libjvm.so
7f73a7d9e000-7f73a7f9d000 ---p 00cd3000 08:05 655733                     /home/sebastian/dev/java/jdk1.8.0_144/jre/lib/amd64/server/libjvm.so
7f73a7f9d000-7f73a8077000 rw-p 00cd2000 08:05 655733                     /home/sebastian/dev/java/jdk1.8.0_144/jre/lib/amd64/server/libjvm.so
7f73a8077000-7f73a80c2000 rw-p 00000000 00:00 0 
7f73a80c3000-7f73a8283000 r-xp 00000000 08:06 296030                     /lib/x86_64-linux-gnu/libc-2.23.so
7f73a8283000-7f73a8483000 ---p 001c0000 08:06 296030                     /lib/x86_64-linux-gnu/libc-2.23.so
7f73a8483000-7f73a8487000 r--p 001c0000 08:06 296030                     /lib/x86_64-linux-gnu/libc-2.23.so
7f73a8487000-7f73a8489000 rw-p 001c4000 08:06 296030                     /lib/x86_64-linux-gnu/libc-2.23.so
7f73a8489000-7f73a848d000 rw-p 00000000 00:00 0 
7f73a8493000-7f73a8496000 r-xp 00000000 08:06 296032                     /lib/x86_64-linux-gnu/libdl-2.23.so
7f73a8496000-7f73a8695000 ---p 00003000 08:06 296032                     /lib/x86_64-linux-gnu/libdl-2.23.so
7f73a8695000-7f73a8696000 r--p 00002000 08:06 296032                     /lib/x86_64-linux-gnu/libdl-2.23.so
7f73a8696000-7f73a8697000 rw-p 00003000 08:06 296032                     /lib/x86_64-linux-gnu/libdl-2.23.so
7f73a869b000-7f73a86b0000 r-xp 00000000 08:05 395825                     /home/sebastian/dev/java/jdk1.8.0_144/lib/amd64/jli/libjli.so
7f73a86b0000-7f73a88b0000 ---p 00015000 08:05 395825                     /home/sebastian/dev/java/jdk1.8.0_144/lib/amd64/jli/libjli.so
7f73a88b0000-7f73a88b1000 rw-p 00015000 08:05 395825                     /home/sebastian/dev/java/jdk1.8.0_144/lib/amd64/jli/libjli.so
7f73a88b3000-7f73a88cb000 r-xp 00000000 08:06 296029                     /lib/x86_64-linux-gnu/libpthread-2.23.so
7f73a88cb000-7f73a8aca000 ---p 00018000 08:06 296029                     /lib/x86_64-linux-gnu/libpthread-2.23.so
7f73a8aca000-7f73a8acb000 r--p 00017000 08:06 296029                     /lib/x86_64-linux-gnu/libpthread-2.23.so
7f73a8acb000-7f73a8acc000 rw-p 00018000 08:06 296029                     /lib/x86_64-linux-gnu/libpthread-2.23.so
7f73a8acc000-7f73a8ad0000 rw-p 00000000 00:00 0 
7f73a8ad3000-7f73a8af9000 r-xp 00000000 08:06 296028                     /lib/x86_64-linux-gnu/ld-2.23.so
7f73a8aff000-7f73a8beb000 rw-p 00000000 00:00 0 
7f73a8beb000-7f73a8bf3000 rw-s 00000000 08:06 922091                     /tmp/hsperfdata_sebastian/7524
7f73a8bf3000-7f73a8bf4000 rw-p 00000000 00:00 0 
7f73a8bf4000-7f73a8bf5000 ---p 00000000 00:00 0 
7f73a8bf5000-7f73a8bf8000 ---p 00000000 00:00 0 
7f73a8bf8000-7f73a8cf8000 rw-p 00000000 00:00 0 
7f73a8cf8000-7f73a8cf9000 r--p 00025000 08:06 296028                     /lib/x86_64-linux-gnu/ld-2.23.so
7f73a8cf9000-7f73a8cfa000 rw-p 00026000 08:06 296028                     /lib/x86_64-linux-gnu/ld-2.23.so
7f73a8cfa000-7f73a8cfc000 rw-p 00000000 00:00 0 
7f73a8cfc000-7f73a8cfe000 rw-p 00000000 00:00 0 
7ffef9f4d000-7ffef9f6e000 rw-p 00000000 00:00 0                          [stack]
7ffef9fb3000-7ffef9fb6000 r--p 00000000 00:00 0                          [vvar]
7ffef9fb6000-7ffef9fb8000 r-xp 00000000 00:00 0                          [vdso]
ffffffffff600000-ffffffffff601000 r-xp 00000000 00:00 0                  [vsyscall]

VM Arguments:
jvm_args: -Dfile.encoding=UTF-8 
java_command: de.elsivas.gol.gui.GolGui
java_class_path (initial): /home/sebastian/dev/git/dawn/dawn-odd/dawn-odd-standalone/target/classes
Launcher Type: SUN_STANDARD

Environment Variables:
PATH=/usr/local/sbin:/usr/local/bin:/usr/sbin:/usr/bin:/sbin:/bin:/usr/games:/usr/local/games:/snap/bin
SHELL=/bin/bash
DISPLAY=:0.0

Signal Handlers:
SIGSEGV: [libjvm.so+0xacba10], sa_mask[0]=11111111011111111101111111111110, sa_flags=SA_RESTART|SA_SIGINFO
SIGBUS: [libjvm.so+0xacba10], sa_mask[0]=11111111011111111101111111111110, sa_flags=SA_RESTART|SA_SIGINFO
SIGFPE: [libjvm.so+0x924ba0], sa_mask[0]=11111111011111111101111111111110, sa_flags=SA_RESTART|SA_SIGINFO
SIGPIPE: [libjvm.so+0x924ba0], sa_mask[0]=11111111011111111101111111111110, sa_flags=SA_RESTART|SA_SIGINFO
SIGXFSZ: [libjvm.so+0x924ba0], sa_mask[0]=11111111011111111101111111111110, sa_flags=SA_RESTART|SA_SIGINFO
SIGILL: [libjvm.so+0x924ba0], sa_mask[0]=11111111011111111101111111111110, sa_flags=SA_RESTART|SA_SIGINFO
SIGUSR1: SIG_DFL, sa_mask[0]=00000000000000000000000000000000, sa_flags=none
SIGUSR2: [libjvm.so+0x9263e0], sa_mask[0]=00100000000000000000000000000000, sa_flags=SA_RESTART|SA_SIGINFO
SIGHUP: [libjvm.so+0x9277e0], sa_mask[0]=11111111011111111101111111111110, sa_flags=SA_RESTART|SA_SIGINFO
SIGINT: [libjvm.so+0x9277e0], sa_mask[0]=11111111011111111101111111111110, sa_flags=SA_RESTART|SA_SIGINFO
SIGTERM: [libjvm.so+0x9277e0], sa_mask[0]=11111111011111111101111111111110, sa_flags=SA_RESTART|SA_SIGINFO
SIGQUIT: [libjvm.so+0x9277e0], sa_mask[0]=11111111011111111101111111111110, sa_flags=SA_RESTART|SA_SIGINFO


---------------  S Y S T E M  ---------------

OS:DISTRIB_ID=Ubuntu
DISTRIB_RELEASE=16.04
DISTRIB_CODENAME=xenial
DISTRIB_DESCRIPTION="Ubuntu 16.04.3 LTS"

uname:Linux 4.13.0-32-generic #35~16.04.1-Ubuntu SMP Thu Jan 25 10:13:43 UTC 2018 x86_64
libc:glibc 2.23 NPTL 2.23 
rlimit: STACK 8192k, CORE 0k, NPROC 31376, NOFILE 1048576, AS infinity
load average:3,05 1,29 1,27

/proc/meminfo:
MemTotal:        8151480 kB
MemFree:          176508 kB
MemAvailable:      68836 kB
Buffers:             776 kB
Cached:            76372 kB
SwapCached:         2680 kB
Active:          6870084 kB
Inactive:         860356 kB
Active(anon):    6847496 kB
Inactive(anon):   855848 kB
Active(file):      22588 kB
Inactive(file):     4508 kB
Unevictable:          64 kB
Mlocked:              64 kB
SwapTotal:       2096124 kB
SwapFree:             44 kB
Dirty:               384 kB
Writeback:             8 kB
AnonPages:       7651824 kB
Mapped:            74996 kB
Shmem:             49636 kB
Slab:              85592 kB
SReclaimable:      29732 kB
SUnreclaim:        55860 kB
KernelStack:       32400 kB
PageTables:        74720 kB
NFS_Unstable:          0 kB
Bounce:                0 kB
WritebackTmp:          0 kB
CommitLimit:     6171864 kB
Committed_AS:   29414684 kB
VmallocTotal:   34359738367 kB
VmallocUsed:           0 kB
VmallocChunk:          0 kB
HardwareCorrupted:     0 kB
AnonHugePages:         0 kB
ShmemHugePages:        0 kB
ShmemPmdMapped:        0 kB
CmaTotal:              0 kB
CmaFree:               0 kB
HugePages_Total:       0
HugePages_Free:        0
HugePages_Rsvd:        0
HugePages_Surp:        0
Hugepagesize:       2048 kB
DirectMap4k:      105856 kB
DirectMap2M:     4071424 kB
DirectMap1G:     4194304 kB


CPU:total 6 (initial active 6) (6 cores per cpu, 1 threads per core) family 21 model 1 stepping 2, cmov, cx8, fxsr, mmx, sse, sse2, sse3, ssse3, sse4.1, sse4.2, popcnt, avx, aes, clmul, mmxext, 3dnowpref, lzcnt, sse4a, tsc, tscinvbit, tscinv

/proc/cpuinfo:
processor	: 0
vendor_id	: AuthenticAMD
cpu family	: 21
model		: 1
model name	: AMD FX(tm)-6100 Six-Core Processor
stepping	: 2
microcode	: 0x6000626
cpu MHz		: 3300.000
cache size	: 2048 KB
physical id	: 0
siblings	: 6
core id		: 0
cpu cores	: 3
apicid		: 16
initial apicid	: 0
fpu		: yes
fpu_exception	: yes
cpuid level	: 13
wp		: yes
flags		: fpu vme de pse tsc msr pae mce cx8 apic sep mtrr pge mca cmov pat pse36 clflush mmx fxsr sse sse2 ht syscall nx mmxext fxsr_opt pdpe1gb rdtscp lm constant_tsc rep_good nopl nonstop_tsc cpuid extd_apicid aperfmperf pni pclmulqdq monitor ssse3 cx16 sse4_1 sse4_2 popcnt aes xsave avx lahf_lm cmp_legacy svm extapic cr8_legacy abm sse4a misalignsse 3dnowprefetch osvw ibs xop skinit wdt lwp fma4 nodeid_msr topoext perfctr_core perfctr_nb cpb hw_pstate vmmcall arat npt lbrv svm_lock nrip_save tsc_scale vmcb_clean flushbyasid decodeassists pausefilter pfthreshold
bugs		: fxsave_leak sysret_ss_attrs null_seg spectre_v1 spectre_v2
bogomips	: 6600.07
TLB size	: 1536 4K pages
clflush size	: 64
cache_alignment	: 64
address sizes	: 48 bits physical, 48 bits virtual
power management: ts ttp tm 100mhzsteps hwpstate cpb

processor	: 1
vendor_id	: AuthenticAMD
cpu family	: 21
model		: 1
model name	: AMD FX(tm)-6100 Six-Core Processor
stepping	: 2
microcode	: 0x6000626
cpu MHz		: 3300.000
cache size	: 2048 KB
physical id	: 0
siblings	: 6
core id		: 1
cpu cores	: 3
apicid		: 17
initial apicid	: 1
fpu		: yes
fpu_exception	: yes
cpuid level	: 13
wp		: yes
flags		: fpu vme de pse tsc msr pae mce cx8 apic sep mtrr pge mca cmov pat pse36 clflush mmx fxsr sse sse2 ht syscall nx mmxext fxsr_opt pdpe1gb rdtscp lm constant_tsc rep_good nopl nonstop_tsc cpuid extd_apicid aperfmperf pni pclmulqdq monitor ssse3 cx16 sse4_1 sse4_2 popcnt aes xsave avx lahf_lm cmp_legacy svm extapic cr8_legacy abm sse4a misalignsse 3dnowprefetch osvw ibs xop skinit wdt lwp fma4 nodeid_msr topoext perfctr_core perfctr_nb cpb hw_pstate vmmcall arat npt lbrv svm_lock nrip_save tsc_scale vmcb_clean flushbyasid decodeassists pausefilter pfthreshold
bugs		: fxsave_leak sysret_ss_attrs null_seg spectre_v1 spectre_v2
bogomips	: 6600.07
TLB size	: 1536 4K pages
clflush size	: 64
cache_alignment	: 64
address sizes	: 48 bits physical, 48 bits virtual
power management: ts ttp tm 100mhzsteps hwpstate cpb

processor	: 2
vendor_id	: AuthenticAMD
cpu family	: 21
model		: 1
model name	: AMD FX(tm)-6100 Six-Core Processor
stepping	: 2
microcode	: 0x6000626
cpu MHz		: 3000.000
cache size	: 2048 KB
physical id	: 0
siblings	: 6
core id		: 2
cpu cores	: 3
apicid		: 18
initial apicid	: 2
fpu		: yes
fpu_exception	: yes
cpuid level	: 13
wp		: yes
flags		: fpu vme de pse tsc msr pae mce cx8 apic sep mtrr pge mca cmov pat pse36 clflush mmx fxsr sse sse2 ht syscall nx mmxext fxsr_opt pdpe1gb rdtscp lm constant_tsc rep_good nopl nonstop_tsc cpuid extd_apicid aperfmperf pni pclmulqdq monitor ssse3 cx16 sse4_1 sse4_2 popcnt aes xsave avx lahf_lm cmp_legacy svm extapic cr8_legacy abm sse4a misalignsse 3dnowprefetch osvw ibs xop skinit wdt lwp fma4 nodeid_msr topoext perfctr_core perfctr_nb cpb hw_pstate vmmcall arat npt lbrv svm_lock nrip_save tsc_scale vmcb_clean flushbyasid decodeassists pausefilter pfthreshold
bugs		: fxsave_leak sysret_ss_attrs null_seg spectre_v1 spectre_v2
bogomips	: 6600.07
TLB size	: 1536 4K pages
clflush size	: 64
cache_alignment	: 64
address sizes	: 48 bits physical, 48 bits virtual
power management: ts ttp tm 100mhzsteps hwpstate cpb

processor	: 3
vendor_id	: AuthenticAMD
cpu family	: 21
model		: 1
model name	: AMD FX(tm)-6100 Six-Core Processor
stepping	: 2
microcode	: 0x6000626
cpu MHz		: 3300.000
cache size	: 2048 KB
physical id	: 0
siblings	: 6
core id		: 3
cpu cores	: 3
apicid		: 19
initial apicid	: 3
fpu		: yes
fpu_exception	: yes
cpuid level	: 13
wp		: yes
flags		: fpu vme de pse tsc msr pae mce cx8 apic sep mtrr pge mca cmov pat pse36 clflush mmx fxsr sse sse2 ht syscall nx mmxext fxsr_opt pdpe1gb rdtscp lm constant_tsc rep_good nopl nonstop_tsc cpuid extd_apicid aperfmperf pni pclmulqdq monitor ssse3 cx16 sse4_1 sse4_2 popcnt aes xsave avx lahf_lm cmp_legacy svm extapic cr8_legacy abm sse4a misalignsse 3dnowprefetch osvw ibs xop skinit wdt lwp fma4 nodeid_msr topoext perfctr_core perfctr_nb cpb hw_pstate vmmcall arat npt lbrv svm_lock nrip_save tsc_scale vmcb_clean flushbyasid decodeassists pausefilter pfthreshold
bugs		: fxsave_leak sysret_ss_attrs null_seg spectre_v1 spectre_v2
bogomips	: 6600.07
TLB size	: 1536 4K pages
clflush size	: 64
cache_alignment	: 64
address sizes	: 48 bits physical, 48 bits virtual
power management: ts ttp tm 100mhzsteps hwpstate cpb

processor	: 4
vendor_id	: AuthenticAMD
cpu family	: 21
model		: 1
model name	: AMD FX(tm)-6100 Six-Core Processor
stepping	: 2
microcode	: 0x6000626
cpu MHz		: 3000.000
cache size	: 2048 KB
physical id	: 0
siblings	: 6
core id		: 4
cpu cores	: 3
apicid		: 20
initial apicid	: 4
fpu		: yes
fpu_exception	: yes
cpuid level	: 13
wp		: yes
flags		: fpu vme de pse tsc msr pae mce cx8 apic sep mtrr pge mca cmov pat pse36 clflush mmx fxsr sse sse2 ht syscall nx mmxext fxsr_opt pdpe1gb rdtscp lm constant_tsc rep_good nopl nonstop_tsc cpuid extd_apicid aperfmperf pni pclmulqdq monitor ssse3 cx16 sse4_1 sse4_2 popcnt aes xsave avx lahf_lm cmp_legacy svm extapic cr8_legacy abm sse4a misalignsse 3dnowprefetch osvw ibs xop skinit wdt lwp fma4 nodeid_msr topoext perfctr_core perfctr_nb cpb hw_pstate vmmcall arat npt lbrv svm_lock nrip_save tsc_scale vmcb_clean flushbyasid decodeassists pausefilter pfthreshold
bugs		: fxsave_leak sysret_ss_attrs null_seg spectre_v1 spectre_v2
bogomips	: 6600.07
TLB size	: 1536 4K pages
clflush size	: 64
cache_alignment	: 64
address sizes	: 48 bits physical, 48 bits virtual
power management: ts ttp tm 100mhzsteps hwpstate cpb

processor	: 5
vendor_id	: AuthenticAMD
cpu family	: 21
model		: 1
model name	: AMD FX(tm)-6100 Six-Core Processor
stepping	: 2
microcode	: 0x6000626
cpu MHz		: 3000.000
cache size	: 2048 KB
physical id	: 0
siblings	: 6
core id		: 5
cpu cores	: 3
apicid		: 21
initial apicid	: 5
fpu		: yes
fpu_exception	: yes
cpuid level	: 13
wp		: yes
flags		: fpu vme de pse tsc msr pae mce cx8 apic sep mtrr pge mca cmov pat pse36 clflush mmx fxsr sse sse2 ht syscall nx mmxext fxsr_opt pdpe1gb rdtscp lm constant_tsc rep_good nopl nonstop_tsc cpuid extd_apicid aperfmperf pni pclmulqdq monitor ssse3 cx16 sse4_1 sse4_2 popcnt aes xsave avx lahf_lm cmp_legacy svm extapic cr8_legacy abm sse4a misalignsse 3dnowprefetch osvw ibs xop skinit wdt lwp fma4 nodeid_msr topoext perfctr_core perfctr_nb cpb hw_pstate vmmcall arat npt lbrv svm_lock nrip_save tsc_scale vmcb_clean flushbyasid decodeassists pausefilter pfthreshold
bugs		: fxsave_leak sysret_ss_attrs null_seg spectre_v1 spectre_v2
bogomips	: 6600.07
TLB size	: 1536 4K pages
clflush size	: 64
cache_alignment	: 64
address sizes	: 48 bits physical, 48 bits virtual
power management: ts ttp tm 100mhzsteps hwpstate cpb



Memory: 4k page, physical 8151480k(176352k free), swap 2096124k(56k free)

vm_info: Java HotSpot(TM) 64-Bit Server VM (25.144-b01) for linux-amd64 JRE (1.8.0_144-b01), built on Jul 21 2017 21:57:33 by "java_re" with gcc 4.3.0 20080428 (Red Hat 4.3.0-8)

time: Sun Feb 11 16:41:23 2018
elapsed time: 4006 seconds (0d 1h 6m 46s)

