#
# There is insufficient memory for the Java Runtime Environment to continue.
# Native memory allocation (mmap) failed to map 32505856 bytes for committing reserved memory.
# Possible reasons:
#   The system is out of physical RAM or swap space
#   In 32 bit mode, the process size limit was hit
# Possible solutions:
#   Reduce memory load on the system
#   Increase physical memory or swap space
#   Check if swap backing store is full
#   Use 64 bit Java on a 64 bit OS
#   Decrease Java heap size (-Xmx/-Xms)
#   Decrease number of Java threads
#   Decrease Java thread stack sizes (-Xss)
#   Set larger code cache with -XX:ReservedCodeCacheSize=
# This output file may be truncated or incomplete.
#
#  Out of Memory Error (os_linux.cpp:2640), pid=8759, tid=0x00007f799220b700
#
# JRE version: Java(TM) SE Runtime Environment (8.0_144-b01) (build 1.8.0_144-b01)
# Java VM: Java HotSpot(TM) 64-Bit Server VM (25.144-b01 mixed mode linux-amd64 compressed oops)
# Failed to write core dump. Core dumps have been disabled. To enable core dumping, try "ulimit -c unlimited" before starting Java again
#

---------------  T H R E A D  ---------------

Current thread (0x00007f79b807b800):  VMThread [stack: 0x00007f799210b000,0x00007f799220c000] [id=8772]

Stack: [0x00007f799210b000,0x00007f799220c000],  sp=0x00007f799220a320,  free space=1020k
Native frames: (J=compiled Java code, j=interpreted, Vv=VM code, C=native code)
V  [libjvm.so+0xacb18a]  VMError::report_and_die()+0x2ba
V  [libjvm.so+0x4ff4db]  report_vm_out_of_memory(char const*, int, unsigned long, VMErrorType, char const*)+0x8b
V  [libjvm.so+0x927d23]  os::Linux::commit_memory_impl(char*, unsigned long, bool)+0x103
V  [libjvm.so+0x928279]  os::pd_commit_memory(char*, unsigned long, unsigned long, bool)+0x29
V  [libjvm.so+0x92249a]  os::commit_memory(char*, unsigned long, unsigned long, bool)+0x2a
V  [libjvm.so+0x996ff3]  PSVirtualSpace::expand_by(unsigned long)+0x53
V  [libjvm.so+0x9878b0]  PSOldGen::expand(unsigned long)+0x170
V  [libjvm.so+0x987abb]  PSOldGen::resize(unsigned long)+0x1cb
V  [libjvm.so+0x98f7c1]  PSParallelCompact::invoke_no_policy(bool)+0x991
V  [libjvm.so+0x99511d]  PSScavenge::invoke()+0x1ad
V  [libjvm.so+0x94bce0]  ParallelScavengeHeap::failed_mem_allocate(unsigned long)+0x70
V  [libjvm.so+0xaccba7]  VM_ParallelGCFailedAllocation::doit()+0x97
V  [libjvm.so+0xad4685]  VM_Operation::evaluate()+0x55
V  [libjvm.so+0xad2a5a]  VMThread::evaluate_operation(VM_Operation*)+0xba
V  [libjvm.so+0xad2dde]  VMThread::loop()+0x1ce
V  [libjvm.so+0xad3250]  VMThread::run()+0x70
V  [libjvm.so+0x92a338]  java_start(Thread*)+0x108

VM_Operation (0x00007f79bf5f5440): ParallelGCFailedAllocation, mode: safepoint, requested by thread 0x00007f79b8009800


---------------  P R O C E S S  ---------------

Java Threads: ( => current thread )
  0x00007f79b8261000 JavaThread "AWT-EventQueue-0" [_thread_blocked, id=28054, stack(0x00007f7961f59000,0x00007f796205a000)]
  0x00007f79b8268800 JavaThread "AWT-Shutdown" [_thread_blocked, id=28053, stack(0x00007f7963141000,0x00007f7963242000)]
  0x00007f794c058000 JavaThread "TimerQueue" daemon [_thread_blocked, id=8790, stack(0x00007f796205a000,0x00007f796215b000)]
  0x00007f79b821e800 JavaThread "AWT-XAWT" daemon [_thread_blocked, id=8783, stack(0x00007f7963242000,0x00007f7963343000)]
  0x00007f79b81f7000 JavaThread "Java2D Disposer" daemon [_thread_blocked, id=8782, stack(0x00007f79900ca000,0x00007f79901cb000)]
  0x00007f79b80cc800 JavaThread "Service Thread" daemon [_thread_blocked, id=8780, stack(0x00007f79915a6000,0x00007f79916a7000)]
  0x00007f79b80c1000 JavaThread "C1 CompilerThread2" daemon [_thread_blocked, id=8779, stack(0x00007f79916a7000,0x00007f79917a8000)]
  0x00007f79b80bf800 JavaThread "C2 CompilerThread1" daemon [_thread_blocked, id=8778, stack(0x00007f79917a8000,0x00007f79918a9000)]
  0x00007f79b80bc800 JavaThread "C2 CompilerThread0" daemon [_thread_blocked, id=8777, stack(0x00007f79918a9000,0x00007f79919aa000)]
  0x00007f79b80bb000 JavaThread "Signal Dispatcher" daemon [_thread_blocked, id=8776, stack(0x00007f79919aa000,0x00007f7991aab000)]
  0x00007f79b8088000 JavaThread "Finalizer" daemon [_thread_blocked, id=8774, stack(0x00007f7991f09000,0x00007f799200a000)]
  0x00007f79b8083800 JavaThread "Reference Handler" daemon [_thread_blocked, id=8773, stack(0x00007f799200a000,0x00007f799210b000)]
  0x00007f79b8009800 JavaThread "main" [_thread_blocked, id=8765, stack(0x00007f79bf4f6000,0x00007f79bf5f7000)]

Other Threads:
=>0x00007f79b807b800 VMThread [stack: 0x00007f799210b000,0x00007f799220c000] [id=8772]
  0x00007f79b80cf000 WatcherThread [stack: 0x00007f79914a5000,0x00007f79915a6000] [id=8781]

VM state:at safepoint (normal execution)

VM Mutex/Monitor currently owned by a thread:  ([mutex/lock_event])
[0x00007f79b80059f0] ExpandHeap_lock - owner thread: 0x00007f79b807b800
[0x00007f79b8006070] Threads_lock - owner thread: 0x00007f79b807b800
[0x00007f79b8006570] Heap_lock - owner thread: 0x00007f79b8009800

Heap:
 PSYoungGen      total 11776K, used 5435K [0x00000000d6800000, 0x00000000d7e80000, 0x0000000100000000)
  eden space 512K, 0% used [0x00000000d6800000,0x00000000d6800000,0x00000000d6880000)
  from space 11264K, 48% used [0x00000000d7380000,0x00000000d78cee08,0x00000000d7e80000)
  to   space 11264K, 0% used [0x00000000d6880000,0x00000000d6880000,0x00000000d7380000)
 ParOldGen       total 396800K, used 396666K [0x0000000083800000, 0x000000009bb80000, 0x00000000d6800000)
  object space 396800K, 99% used [0x0000000083800000,0x000000009bb5ea70,0x000000009bb80000)
 Metaspace       used 11193K, capacity 11472K, committed 11648K, reserved 1058816K
  class space    used 1235K, capacity 1326K, committed 1408K, reserved 1048576K

Card table byte_map: [0x00007f79a8c1b000,0x00007f79a9000000] byte_map_base: 0x00007f79a87ff000

Marking Bits: (ParMarkBitMap*) 0x00007f79be994dc0
 Begin Bits: [0x00007f79a01c0000, 0x00007f79a20e0000)
 End Bits:   [0x00007f79a20e0000, 0x00007f79a4000000)

Polling page: 0x00007f79bf4f5000

CodeCache: size=245760Kb used=5463Kb max_used=5474Kb free=240296Kb
 bounds [0x00007f79a9000000, 0x00007f79a9570000, 0x00007f79b8000000]
 total_blobs=2014 nmethods=1518 adapters=410
 compilation: enabled

Compilation events (10 events):
Event: 2945,668 Thread 0x00007f79b80bc800 1767       4       java.util.concurrent.locks.AbstractQueuedSynchronizer::enq (58 bytes)
Event: 2945,671 Thread 0x00007f79b80bc800 nmethod 1767 0x00007f79a9196850 code [0x00007f79a91969a0, 0x00007f79a9196ab8]
Event: 2993,149 Thread 0x00007f79b80bf800 1768       4       java.util.concurrent.locks.AbstractQueuedSynchronizer::transferForSignal (45 bytes)
Event: 2993,154 Thread 0x00007f79b80bf800 nmethod 1768 0x00007f79a930e4d0 code [0x00007f79a930e620, 0x00007f79a930e7d8]
Event: 3188,214 Thread 0x00007f79b80bc800 1769       4       javax.swing.SwingUtilities::updateComponentTreeUI0 (100 bytes)
Event: 3188,228 Thread 0x00007f79b80bc800 nmethod 1769 0x00007f79a94fdd10 code [0x00007f79a94fdf40, 0x00007f79a94fe5d0]
Event: 3221,426 Thread 0x00007f79b80bf800 1770       4       java.util.ArrayList::remove (69 bytes)
Event: 3221,430 Thread 0x00007f79b80bf800 nmethod 1770 0x00007f79a933da90 code [0x00007f79a933dbe0, 0x00007f79a933dcf8]
Event: 3293,680 Thread 0x00007f79b80bc800 1771       4       sun.awt.EventQueueDelegate::getDelegate (13 bytes)
Event: 3293,693 Thread 0x00007f79b80bc800 nmethod 1771 0x00007f79a9303650 code [0x00007f79a93037c0, 0x00007f79a9303908]

GC Heap History (10 events):
Event: 3284,611 GC heap after
Heap after GC invocations=348 (full 6):
 PSYoungGen      total 9216K, used 7584K [0x00000000d6800000, 0x00000000d7b80000, 0x0000000100000000)
  eden space 512K, 0% used [0x00000000d6800000,0x00000000d6800000,0x00000000d6880000)
  from space 8704K, 87% used [0x00000000d7100000,0x00000000d7868000,0x00000000d7980000)
  to   space 8704K, 0% used [0x00000000d6880000,0x00000000d6880000,0x00000000d7100000)
 ParOldGen       total 396800K, used 393793K [0x0000000083800000, 0x000000009bb80000, 0x00000000d6800000)
  object space 396800K, 99% used [0x0000000083800000,0x000000009b890490,0x000000009bb80000)
 Metaspace       used 11192K, capacity 11472K, committed 11648K, reserved 1058816K
  class space    used 1235K, capacity 1326K, committed 1408K, reserved 1048576K
}
Event: 3288,374 GC heap before
{Heap before GC invocations=349 (full 6):
 PSYoungGen      total 9216K, used 8096K [0x00000000d6800000, 0x00000000d7b80000, 0x0000000100000000)
  eden space 512K, 100% used [0x00000000d6800000,0x00000000d6880000,0x00000000d6880000)
  from space 8704K, 87% used [0x00000000d7100000,0x00000000d7868000,0x00000000d7980000)
  to   space 8704K, 0% used [0x00000000d6880000,0x00000000d6880000,0x00000000d7100000)
 ParOldGen       total 396800K, used 393793K [0x0000000083800000, 0x000000009bb80000, 0x00000000d6800000)
  object space 396800K, 99% used [0x0000000083800000,0x000000009b890490,0x000000009bb80000)
 Metaspace       used 11192K, capacity 11472K, committed 11648K, reserved 1058816K
  class space    used 1235K, capacity 1326K, committed 1408K, reserved 1048576K
Event: 3288,384 GC heap after
Heap after GC invocations=349 (full 6):
 PSYoungGen      total 9216K, used 8032K [0x00000000d6800000, 0x00000000d7c80000, 0x0000000100000000)
  eden space 512K, 0% used [0x00000000d6800000,0x00000000d6800000,0x00000000d6880000)
  from space 8704K, 92% used [0x00000000d6880000,0x00000000d7058000,0x00000000d7100000)
  to   space 10240K, 0% used [0x00000000d7280000,0x00000000d7280000,0x00000000d7c80000)
 ParOldGen       total 396800K, used 393793K [0x0000000083800000, 0x000000009bb80000, 0x00000000d6800000)
  object space 396800K, 99% used [0x0000000083800000,0x000000009b890490,0x000000009bb80000)
 Metaspace       used 11192K, capacity 11472K, committed 11648K, reserved 1058816K
  class space    used 1235K, capacity 1326K, committed 1408K, reserved 1048576K
}
Event: 3292,150 GC heap before
{Heap before GC invocations=350 (full 6):
 PSYoungGen      total 9216K, used 8544K [0x00000000d6800000, 0x00000000d7c80000, 0x0000000100000000)
  eden space 512K, 100% used [0x00000000d6800000,0x00000000d6880000,0x00000000d6880000)
  from space 8704K, 92% used [0x00000000d6880000,0x00000000d7058000,0x00000000d7100000)
  to   space 10240K, 0% used [0x00000000d7280000,0x00000000d7280000,0x00000000d7c80000)
 ParOldGen       total 396800K, used 393793K [0x0000000083800000, 0x000000009bb80000, 0x00000000d6800000)
  object space 396800K, 99% used [0x0000000083800000,0x000000009b890490,0x000000009bb80000)
 Metaspace       used 11192K, capacity 11472K, committed 11648K, reserved 1058816K
  class space    used 1235K, capacity 1326K, committed 1408K, reserved 1048576K
Event: 3292,166 GC heap after
Heap after GC invocations=350 (full 6):
 PSYoungGen      total 10752K, used 8480K [0x00000000d6800000, 0x00000000d7d80000, 0x0000000100000000)
  eden space 512K, 0% used [0x00000000d6800000,0x00000000d6800000,0x00000000d6880000)
  from space 10240K, 82% used [0x00000000d7280000,0x00000000d7ac8000,0x00000000d7c80000)
  to   space 10240K, 0% used [0x00000000d6880000,0x00000000d6880000,0x00000000d7280000)
 ParOldGen       total 396800K, used 393793K [0x0000000083800000, 0x000000009bb80000, 0x00000000d6800000)
  object space 396800K, 99% used [0x0000000083800000,0x000000009b890490,0x000000009bb80000)
 Metaspace       used 11192K, capacity 11472K, committed 11648K, reserved 1058816K
  class space    used 1235K, capacity 1326K, committed 1408K, reserved 1048576K
}
Event: 3295,927 GC heap before
{Heap before GC invocations=351 (full 6):
 PSYoungGen      total 10752K, used 8992K [0x00000000d6800000, 0x00000000d7d80000, 0x0000000100000000)
  eden space 512K, 100% used [0x00000000d6800000,0x00000000d6880000,0x00000000d6880000)
  from space 10240K, 82% used [0x00000000d7280000,0x00000000d7ac8000,0x00000000d7c80000)
  to   space 10240K, 0% used [0x00000000d6880000,0x00000000d6880000,0x00000000d7280000)
 ParOldGen       total 396800K, used 393793K [0x0000000083800000, 0x000000009bb80000, 0x00000000d6800000)
  object space 396800K, 99% used [0x0000000083800000,0x000000009b890490,0x000000009bb80000)
 Metaspace       used 11193K, capacity 11472K, committed 11648K, reserved 1058816K
  class space    used 1235K, capacity 1326K, committed 1408K, reserved 1048576K
Event: 3295,942 GC heap after
Heap after GC invocations=351 (full 6):
 PSYoungGen      total 10752K, used 8096K [0x00000000d6800000, 0x00000000d7e80000, 0x0000000100000000)
  eden space 512K, 0% used [0x00000000d6800000,0x00000000d6800000,0x00000000d6880000)
  from space 10240K, 79% used [0x00000000d6880000,0x00000000d7068000,0x00000000d7280000)
  to   space 11264K, 0% used [0x00000000d7380000,0x00000000d7380000,0x00000000d7e80000)
 ParOldGen       total 396800K, used 394761K [0x0000000083800000, 0x000000009bb80000, 0x00000000d6800000)
  object space 396800K, 99% used [0x0000000083800000,0x000000009b982490,0x000000009bb80000)
 Metaspace       used 11193K, capacity 11472K, committed 11648K, reserved 1058816K
  class space    used 1235K, capacity 1326K, committed 1408K, reserved 1048576K
}
Event: 3299,699 GC heap before
{Heap before GC invocations=352 (full 6):
 PSYoungGen      total 10752K, used 8608K [0x00000000d6800000, 0x00000000d7e80000, 0x0000000100000000)
  eden space 512K, 100% used [0x00000000d6800000,0x00000000d6880000,0x00000000d6880000)
  from space 10240K, 79% used [0x00000000d6880000,0x00000000d7068000,0x00000000d7280000)
  to   space 11264K, 0% used [0x00000000d7380000,0x00000000d7380000,0x00000000d7e80000)
 ParOldGen       total 396800K, used 394761K [0x0000000083800000, 0x000000009bb80000, 0x00000000d6800000)
  object space 396800K, 99% used [0x0000000083800000,0x000000009b982490,0x000000009bb80000)
 Metaspace       used 11193K, capacity 11472K, committed 11648K, reserved 1058816K
  class space    used 1235K, capacity 1326K, committed 1408K, reserved 1048576K
Event: 3299,725 GC heap after
Heap after GC invocations=352 (full 6):
 PSYoungGen      total 11776K, used 7584K [0x00000000d6800000, 0x00000000d7e80000, 0x0000000100000000)
  eden space 512K, 0% used [0x00000000d6800000,0x00000000d6800000,0x00000000d6880000)
  from space 11264K, 67% used [0x00000000d7380000,0x00000000d7ae8000,0x00000000d7e80000)
  to   space 11264K, 0% used [0x00000000d6880000,0x00000000d6880000,0x00000000d7380000)
 ParOldGen       total 396800K, used 395721K [0x0000000083800000, 0x000000009bb80000, 0x00000000d6800000)
  object space 396800K, 99% used [0x0000000083800000,0x000000009ba72490,0x000000009bb80000)
 Metaspace       used 11193K, capacity 11472K, committed 11648K, reserved 1058816K
  class space    used 1235K, capacity 1326K, committed 1408K, reserved 1048576K
}
Event: 3299,726 GC heap before
{Heap before GC invocations=353 (full 7):
 PSYoungGen      total 11776K, used 7584K [0x00000000d6800000, 0x00000000d7e80000, 0x0000000100000000)
  eden space 512K, 0% used [0x00000000d6800000,0x00000000d6800000,0x00000000d6880000)
  from space 11264K, 67% used [0x00000000d7380000,0x00000000d7ae8000,0x00000000d7e80000)
  to   space 11264K, 0% used [0x00000000d6880000,0x00000000d6880000,0x00000000d7380000)
 ParOldGen       total 396800K, used 395721K [0x0000000083800000, 0x000000009bb80000, 0x00000000d6800000)
  object space 396800K, 99% used [0x0000000083800000,0x000000009ba72490,0x000000009bb80000)
 Metaspace       used 11193K, capacity 11472K, committed 11648K, reserved 1058816K
  class space    used 1235K, capacity 1326K, committed 1408K, reserved 1048576K

Deoptimization events (10 events):
Event: 1,220 Thread 0x00007f79b8009800 Uncommon trap: reason=unstable_if action=reinterpret pc=0x00007f79a92bff38 method=java.awt.Component.getBackground()Ljava/awt/Color; @ 6
Event: 1,220 Thread 0x00007f79b8009800 Uncommon trap: reason=unstable_if action=reinterpret pc=0x00007f79a92c92ec method=javax.swing.UIDefaults.get(Ljava/lang/Object;Ljava/util/Locale;)Ljava/lang/Object; @ 7
Event: 1,221 Thread 0x00007f79b8268800 Uncommon trap: reason=unstable_if action=reinterpret pc=0x00007f79a92a64f8 method=java.awt.Component.getFont_NoClientCode()Ljava/awt/Font; @ 6
Event: 1,319 Thread 0x00007f79b8009800 Uncommon trap: reason=unstable_if action=reinterpret pc=0x00007f79a928e9a4 method=javax.swing.JComponent.getClientProperty(Ljava/lang/Object;)Ljava/lang/Object; @ 28
Event: 1,324 Thread 0x00007f79b8268800 Uncommon trap: reason=unstable_if action=reinterpret pc=0x00007f79a931ac0c method=java.awt.Component.firePropertyChange(Ljava/lang/String;Ljava/lang/Object;Ljava/lang/Object;)V @ 46
Event: 1,362 Thread 0x00007f79b8268800 Uncommon trap: reason=unstable_if action=reinterpret pc=0x00007f79a932e790 method=java.awt.Component.reshape(IIII)V @ 18
Event: 1,362 Thread 0x00007f79b8268800 Uncommon trap: reason=unstable_if action=reinterpret pc=0x00007f79a932b1f4 method=java.awt.Component.reshape(IIII)V @ 18
Event: 4,365 Thread 0x00007f79b8268800 Uncommon trap: reason=unstable_if action=reinterpret pc=0x00007f79a938c1d4 method=javax.swing.JComponent.paint(Ljava/awt/Graphics;)V @ 130
Event: 511,815 Thread 0x00007f79b8261000 Uncommon trap: reason=unstable_if action=reinterpret pc=0x00007f79a94b97b8 method=java.util.ArrayList.indexOf(Ljava/lang/Object;)I @ 41
Event: 949,004 Thread 0x00007f79b8261000 Uncommon trap: reason=unstable_if action=reinterpret pc=0x00007f79a9532e58 method=java.awt.EventQueue.postEvent(Ljava/awt/AWTEvent;I)V @ 51

Internal exceptions (10 events):
Event: 0,100 Thread 0x00007f79b8009800 Exception <a 'java/security/PrivilegedActionException'> (0x00000000d687c010) thrown at [/HUDSON3/workspace/8-2-build-linux-amd64/jdk8u144/9417/hotspot/src/share/vm/prims/jvm.cpp, line 1390]
Event: 0,100 Thread 0x00007f79b8009800 Exception <a 'java/security/PrivilegedActionException'> (0x00000000d687e8b8) thrown at [/HUDSON3/workspace/8-2-build-linux-amd64/jdk8u144/9417/hotspot/src/share/vm/prims/jvm.cpp, line 1390]
Event: 0,100 Thread 0x00007f79b8009800 Exception <a 'java/security/PrivilegedActionException'> (0x00000000d687eac8) thrown at [/HUDSON3/workspace/8-2-build-linux-amd64/jdk8u144/9417/hotspot/src/share/vm/prims/jvm.cpp, line 1390]
Event: 0,158 Thread 0x00007f79b8009800 Exception <a 'java/lang/NoSuchFieldError': method resolution failed> (0x00000000d69f01d0) thrown at [/HUDSON3/workspace/8-2-build-linux-amd64/jdk8u144/9417/hotspot/src/share/vm/prims/methodHandles.cpp, line 1146]
Event: 0,161 Thread 0x00007f79b8009800 Exception <a 'java/lang/NoSuchFieldError': method resolution failed> (0x00000000d69fd9a0) thrown at [/HUDSON3/workspace/8-2-build-linux-amd64/jdk8u144/9417/hotspot/src/share/vm/prims/methodHandles.cpp, line 1146]
Event: 0,187 Thread 0x00007f79b8009800 Exception <a 'java/io/FileNotFoundException'> (0x00000000d6a7c790) thrown at [/HUDSON3/workspace/8-2-build-linux-amd64/jdk8u144/9417/hotspot/src/share/vm/prims/jni.cpp, line 709]
Event: 0,187 Thread 0x00007f79b8009800 Exception <a 'java/io/FileNotFoundException'> (0x00000000d6a7d2d0) thrown at [/HUDSON3/workspace/8-2-build-linux-amd64/jdk8u144/9417/hotspot/src/share/vm/prims/jni.cpp, line 709]
Event: 0,320 Thread 0x00007f79b8009800 Implicit null exception at 0x00007f79a916b662 to 0x00007f79a916b835
Event: 1,218 Thread 0x00007f79b8009800 Implicit null exception at 0x00007f79a92b105c to 0x00007f79a92b14a5
Event: 4,364 Thread 0x00007f79b8268800 Implicit null exception at 0x00007f79a938b477 to 0x00007f79a938c1a9

Events (10 events):
Event: 3284,611 Executing VM operation: ParallelGCFailedAllocation done
Event: 3288,373 Executing VM operation: ParallelGCFailedAllocation
Event: 3288,384 Executing VM operation: ParallelGCFailedAllocation done
Event: 3292,146 Executing VM operation: ParallelGCFailedAllocation
Event: 3292,166 Executing VM operation: ParallelGCFailedAllocation done
Event: 3293,675 loading class sun/awt/EventQueueDelegate$Delegate
Event: 3293,679 loading class sun/awt/EventQueueDelegate$Delegate done
Event: 3295,925 Executing VM operation: ParallelGCFailedAllocation
Event: 3295,943 Executing VM operation: ParallelGCFailedAllocation done
Event: 3299,699 Executing VM operation: ParallelGCFailedAllocation


Dynamic libraries:
00400000-00401000 r-xp 00000000 08:05 655597                             /home/sebastian/dev/java/jdk1.8.0_144/bin/java
00600000-00601000 rw-p 00000000 08:05 655597                             /home/sebastian/dev/java/jdk1.8.0_144/bin/java
01df4000-01e15000 rw-p 00000000 00:00 0                                  [heap]
83800000-9bb80000 rw-p 00000000 00:00 0 
9da80000-d6800000 ---p 00000000 00:00 0 
d6800000-d7e80000 rw-p 00000000 00:00 0 
d7e80000-100000000 ---p 00000000 00:00 0 
100000000-100160000 rw-p 00000000 00:00 0 
100160000-140000000 ---p 00000000 00:00 0 
7f7948000000-7f7948021000 rw-p 00000000 00:00 0 
7f7948021000-7f794c000000 ---p 00000000 00:00 0 
7f794c000000-7f794c075000 rw-p 00000000 00:00 0 
7f794c075000-7f7950000000 ---p 00000000 00:00 0 
7f7950fff000-7f7954000000 rw-p 00000000 00:00 0 
7f7954000000-7f7954036000 rw-p 00000000 00:00 0 
7f7954036000-7f7958000000 ---p 00000000 00:00 0 
7f7958000000-7f7958021000 rw-p 00000000 00:00 0 
7f7958021000-7f795c000000 ---p 00000000 00:00 0 
7f795c000000-7f795c021000 rw-p 00000000 00:00 0 
7f795c021000-7f7960000000 ---p 00000000 00:00 0 
7f7961f59000-7f7961f5c000 ---p 00000000 00:00 0 
7f7961f5c000-7f796205a000 rw-p 00000000 00:00 0 
7f796205a000-7f796205d000 ---p 00000000 00:00 0 
7f796205d000-7f796215b000 rw-p 00000000 00:00 0 
7f796215b000-7f79621c4000 r-xp 00000000 08:05 655736                     /home/sebastian/dev/java/jdk1.8.0_144/jre/lib/amd64/libt2k.so
7f79621c4000-7f79623c4000 ---p 00069000 08:05 655736                     /home/sebastian/dev/java/jdk1.8.0_144/jre/lib/amd64/libt2k.so
7f79623c4000-7f79623cb000 rw-p 00069000 08:05 655736                     /home/sebastian/dev/java/jdk1.8.0_144/jre/lib/amd64/libt2k.so
7f79623cb000-7f79623db000 rw-p 00000000 00:00 0 
7f79623db000-7f79623ec000 r-xp 00000000 08:05 655704                     /home/sebastian/dev/java/jdk1.8.0_144/jre/lib/amd64/libnio.so
7f79623ec000-7f79625eb000 ---p 00011000 08:05 655704                     /home/sebastian/dev/java/jdk1.8.0_144/jre/lib/amd64/libnio.so
7f79625eb000-7f79625ec000 rw-p 00010000 08:05 655704                     /home/sebastian/dev/java/jdk1.8.0_144/jre/lib/amd64/libnio.so
7f79625f3000-7f796260a000 r-xp 00000000 08:06 296034                     /lib/x86_64-linux-gnu/libresolv-2.23.so
7f796260a000-7f796280a000 ---p 00017000 08:06 296034                     /lib/x86_64-linux-gnu/libresolv-2.23.so
7f796280a000-7f796280b000 r--p 00017000 08:06 296034                     /lib/x86_64-linux-gnu/libresolv-2.23.so
7f796280b000-7f796280c000 rw-p 00018000 08:06 296034                     /lib/x86_64-linux-gnu/libresolv-2.23.so
7f796280c000-7f796280e000 rw-p 00000000 00:00 0 
7f7962813000-7f7962818000 r-xp 00000000 08:06 296041                     /lib/x86_64-linux-gnu/libnss_dns-2.23.so
7f7962818000-7f7962a18000 ---p 00005000 08:06 296041                     /lib/x86_64-linux-gnu/libnss_dns-2.23.so
7f7962a18000-7f7962a19000 r--p 00005000 08:06 296041                     /lib/x86_64-linux-gnu/libnss_dns-2.23.so
7f7962a19000-7f7962a1a000 rw-p 00006000 08:06 296041                     /lib/x86_64-linux-gnu/libnss_dns-2.23.so
7f7962a1b000-7f7962a1d000 r-xp 00000000 08:06 268715                     /lib/x86_64-linux-gnu/libnss_mdns4_minimal.so.2
7f7962a1d000-7f7962c1c000 ---p 00002000 08:06 268715                     /lib/x86_64-linux-gnu/libnss_mdns4_minimal.so.2
7f7962c1c000-7f7962c1d000 r--p 00001000 08:06 268715                     /lib/x86_64-linux-gnu/libnss_mdns4_minimal.so.2
7f7962c1d000-7f7962c1e000 rw-p 00002000 08:06 268715                     /lib/x86_64-linux-gnu/libnss_mdns4_minimal.so.2
7f7962c23000-7f7962c39000 r-xp 00000000 08:05 655679                     /home/sebastian/dev/java/jdk1.8.0_144/jre/lib/amd64/libnet.so
7f7962c39000-7f7962e39000 ---p 00016000 08:05 655679                     /home/sebastian/dev/java/jdk1.8.0_144/jre/lib/amd64/libnet.so
7f7962e39000-7f7962e3a000 rw-p 00016000 08:05 655679                     /home/sebastian/dev/java/jdk1.8.0_144/jre/lib/amd64/libnet.so
7f7962e40000-7f7963040000 rw-p 00000000 00:00 0 
7f7963040000-7f7963043000 ---p 00000000 00:00 0 
7f7963043000-7f7963141000 rw-p 00000000 00:00 0 
7f7963141000-7f7963144000 ---p 00000000 00:00 0 
7f7963144000-7f7963242000 rw-p 00000000 00:00 0 
7f7963242000-7f7963245000 ---p 00000000 00:00 0 
7f7963245000-7f7963343000 rw-p 00000000 00:00 0 
7f7963343000-7f7963348000 r-xp 00000000 08:06 142336                     /usr/lib/x86_64-linux-gnu/libXfixes.so.3.1.0
7f7963348000-7f7963547000 ---p 00005000 08:06 142336                     /usr/lib/x86_64-linux-gnu/libXfixes.so.3.1.0
7f7963547000-7f7963548000 r--p 00004000 08:06 142336                     /usr/lib/x86_64-linux-gnu/libXfixes.so.3.1.0
7f7963548000-7f7963549000 rw-p 00005000 08:06 142336                     /usr/lib/x86_64-linux-gnu/libXfixes.so.3.1.0
7f796354b000-7f7963554000 r-xp 00000000 08:06 131809                     /usr/lib/x86_64-linux-gnu/libXcursor.so.1.0.2
7f7963554000-7f7963753000 ---p 00009000 08:06 131809                     /usr/lib/x86_64-linux-gnu/libXcursor.so.1.0.2
7f7963753000-7f7963754000 r--p 00008000 08:06 131809                     /usr/lib/x86_64-linux-gnu/libXcursor.so.1.0.2
7f7963754000-7f7963755000 rw-p 00009000 08:06 131809                     /usr/lib/x86_64-linux-gnu/libXcursor.so.1.0.2
7f796375b000-7f7963771000 r-xp 00000000 08:06 268648                     /lib/x86_64-linux-gnu/libgcc_s.so.1
7f7963771000-7f7963970000 ---p 00016000 08:06 268648                     /lib/x86_64-linux-gnu/libgcc_s.so.1
7f7963970000-7f7963971000 rw-p 00015000 08:06 268648                     /lib/x86_64-linux-gnu/libgcc_s.so.1
7f7963973000-7f79639d8000 r-xp 00000000 08:05 655698                     /home/sebastian/dev/java/jdk1.8.0_144/jre/lib/amd64/libfontmanager.so
7f79639d8000-7f7963bd7000 ---p 00065000 08:05 655698                     /home/sebastian/dev/java/jdk1.8.0_144/jre/lib/amd64/libfontmanager.so
7f7963bd7000-7f7963bdc000 rw-p 00064000 08:05 655698                     /home/sebastian/dev/java/jdk1.8.0_144/jre/lib/amd64/libfontmanager.so
7f7963bdc000-7f7963bec000 rw-p 00000000 00:00 0 
7f7963bf3000-7f7963bf8000 r-xp 00000000 08:06 142332                     /usr/lib/x86_64-linux-gnu/libXdmcp.so.6.0.0
7f7963bf8000-7f7963df7000 ---p 00005000 08:06 142332                     /usr/lib/x86_64-linux-gnu/libXdmcp.so.6.0.0
7f7963df7000-7f7963df8000 r--p 00004000 08:06 142332                     /usr/lib/x86_64-linux-gnu/libXdmcp.so.6.0.0
7f7963df8000-7f7963df9000 rw-p 00005000 08:06 142332                     /usr/lib/x86_64-linux-gnu/libXdmcp.so.6.0.0
7f7963dfb000-7f7963dfd000 r-xp 00000000 08:06 142321                     /usr/lib/x86_64-linux-gnu/libXau.so.6.0.0
7f7963dfd000-7f7963ffd000 ---p 00002000 08:06 142321                     /usr/lib/x86_64-linux-gnu/libXau.so.6.0.0
7f7963ffd000-7f7963ffe000 r--p 00002000 08:06 142321                     /usr/lib/x86_64-linux-gnu/libXau.so.6.0.0
7f7963ffe000-7f7963fff000 rw-p 00003000 08:06 142321                     /usr/lib/x86_64-linux-gnu/libXau.so.6.0.0
7f7964000000-7f7964021000 rw-p 00000000 00:00 0 
7f7964021000-7f7968000000 ---p 00000000 00:00 0 
7f7968000000-7f7968021000 rw-p 00000000 00:00 0 
7f7968021000-7f796c000000 ---p 00000000 00:00 0 
7f796c000000-7f796da4c000 rw-p 00000000 00:00 0 
7f796da4c000-7f7970000000 ---p 00000000 00:00 0 
7f7970000000-7f7970455000 rw-p 00000000 00:00 0 
7f7970455000-7f7974000000 ---p 00000000 00:00 0 
7f7974000000-7f7974021000 rw-p 00000000 00:00 0 
7f7974021000-7f7978000000 ---p 00000000 00:00 0 
7f7978000000-7f7978899000 rw-p 00000000 00:00 0 
7f7978899000-7f797c000000 ---p 00000000 00:00 0 
7f797c000000-7f797c021000 rw-p 00000000 00:00 0 
7f797c021000-7f7980000000 ---p 00000000 00:00 0 
7f7980000000-7f7980021000 rw-p 00000000 00:00 0 
7f7980021000-7f7984000000 ---p 00000000 00:00 0 
7f7984000000-7f7984021000 rw-p 00000000 00:00 0 
7f7984021000-7f7988000000 ---p 00000000 00:00 0 
7f7988000000-7f798829f000 rw-p 00000000 00:00 0 
7f798829f000-7f798c000000 ---p 00000000 00:00 0 
7f798c000000-7f798c021000 rw-p 00000000 00:00 0 
7f798c021000-7f7990000000 ---p 00000000 00:00 0 
7f79900ca000-7f79900cd000 ---p 00000000 00:00 0 
7f79900cd000-7f79901cb000 rw-p 00000000 00:00 0 
7f79901cb000-7f79901ec000 r-xp 00000000 08:06 143554                     /usr/lib/x86_64-linux-gnu/libxcb.so.1.1.0
7f79901ec000-7f79903eb000 ---p 00021000 08:06 143554                     /usr/lib/x86_64-linux-gnu/libxcb.so.1.1.0
7f79903eb000-7f79903ec000 r--p 00020000 08:06 143554                     /usr/lib/x86_64-linux-gnu/libxcb.so.1.1.0
7f79903ec000-7f79903ed000 rw-p 00021000 08:06 143554                     /usr/lib/x86_64-linux-gnu/libxcb.so.1.1.0
7f79903f3000-7f7990402000 r-xp 00000000 08:06 142344                     /usr/lib/x86_64-linux-gnu/libXi.so.6.1.0
7f7990402000-7f7990601000 ---p 0000f000 08:06 142344                     /usr/lib/x86_64-linux-gnu/libXi.so.6.1.0
7f7990601000-7f7990602000 r--p 0000e000 08:06 142344                     /usr/lib/x86_64-linux-gnu/libXi.so.6.1.0
7f7990602000-7f7990603000 rw-p 0000f000 08:06 142344                     /usr/lib/x86_64-linux-gnu/libXi.so.6.1.0
7f7990603000-7f7990608000 r-xp 00000000 08:06 142362                     /usr/lib/x86_64-linux-gnu/libXtst.so.6.1.0
7f7990608000-7f7990807000 ---p 00005000 08:06 142362                     /usr/lib/x86_64-linux-gnu/libXtst.so.6.1.0
7f7990807000-7f7990808000 r--p 00004000 08:06 142362                     /usr/lib/x86_64-linux-gnu/libXtst.so.6.1.0
7f7990808000-7f7990809000 rw-p 00005000 08:06 142362                     /usr/lib/x86_64-linux-gnu/libXtst.so.6.1.0
7f799080b000-7f7990814000 r-xp 00000000 08:06 142356                     /usr/lib/x86_64-linux-gnu/libXrender.so.1.3.0
7f7990814000-7f7990a13000 ---p 00009000 08:06 142356                     /usr/lib/x86_64-linux-gnu/libXrender.so.1.3.0
7f7990a13000-7f7990a14000 r--p 00008000 08:06 142356                     /usr/lib/x86_64-linux-gnu/libXrender.so.1.3.0
7f7990a14000-7f7990a15000 rw-p 00009000 08:06 142356                     /usr/lib/x86_64-linux-gnu/libXrender.so.1.3.0
7f7990a1b000-7f7990b50000 r-xp 00000000 08:06 142317                     /usr/lib/x86_64-linux-gnu/libX11.so.6.3.0
7f7990b50000-7f7990d50000 ---p 00135000 08:06 142317                     /usr/lib/x86_64-linux-gnu/libX11.so.6.3.0
7f7990d50000-7f7990d51000 r--p 00135000 08:06 142317                     /usr/lib/x86_64-linux-gnu/libX11.so.6.3.0
7f7990d51000-7f7990d55000 rw-p 00136000 08:06 142317                     /usr/lib/x86_64-linux-gnu/libX11.so.6.3.0
7f7990d5b000-7f7990d6c000 r-xp 00000000 08:06 142334                     /usr/lib/x86_64-linux-gnu/libXext.so.6.4.0
7f7990d6c000-7f7990f6b000 ---p 00011000 08:06 142334                     /usr/lib/x86_64-linux-gnu/libXext.so.6.4.0
7f7990f6b000-7f7990f6c000 r--p 00010000 08:06 142334                     /usr/lib/x86_64-linux-gnu/libXext.so.6.4.0
7f7990f6c000-7f7990f6d000 rw-p 00011000 08:06 142334                     /usr/lib/x86_64-linux-gnu/libXext.so.6.4.0
7f7990f73000-7f7990fc7000 r-xp 00000000 08:05 655706                     /home/sebastian/dev/java/jdk1.8.0_144/jre/lib/amd64/libawt_xawt.so
7f7990fc7000-7f79911c7000 ---p 00054000 08:05 655706                     /home/sebastian/dev/java/jdk1.8.0_144/jre/lib/amd64/libawt_xawt.so
7f79911c7000-7f79911cb000 rw-p 00054000 08:05 655706                     /home/sebastian/dev/java/jdk1.8.0_144/jre/lib/amd64/libawt_xawt.so
7f79911cb000-7f79911cc000 rw-p 00000000 00:00 0 
7f79911d3000-7f7991275000 r-xp 00000000 08:05 655739                     /home/sebastian/dev/java/jdk1.8.0_144/jre/lib/amd64/libawt.so
7f7991275000-7f7991475000 ---p 000a2000 08:05 655739                     /home/sebastian/dev/java/jdk1.8.0_144/jre/lib/amd64/libawt.so
7f7991475000-7f7991481000 rw-p 000a2000 08:05 655739                     /home/sebastian/dev/java/jdk1.8.0_144/jre/lib/amd64/libawt.so
7f7991481000-7f79914a5000 rw-p 00000000 00:00 0 
7f79914a5000-7f79914a6000 ---p 00000000 00:00 0 
7f79914a6000-7f79915a6000 rw-p 00000000 00:00 0 
7f79915a6000-7f79915a9000 ---p 00000000 00:00 0 
7f79915a9000-7f79916a7000 rw-p 00000000 00:00 0 
7f79916a7000-7f79916aa000 ---p 00000000 00:00 0 
7f79916aa000-7f79917a8000 rw-p 00000000 00:00 0 
7f79917a8000-7f79917ab000 ---p 00000000 00:00 0 
7f79917ab000-7f79918a9000 rw-p 00000000 00:00 0 
7f79918a9000-7f79918ac000 ---p 00000000 00:00 0 
7f79918ac000-7f79919aa000 rw-p 00000000 00:00 0 
7f79919aa000-7f79919ad000 ---p 00000000 00:00 0 
7f79919ad000-7f7991aab000 rw-p 00000000 00:00 0 
7f7991aab000-7f7991f07000 r--p 00000000 08:06 133935                     /usr/lib/locale/locale-archive
7f7991f09000-7f7991f0c000 ---p 00000000 00:00 0 
7f7991f0c000-7f799200a000 rw-p 00000000 00:00 0 
7f799200a000-7f799200d000 ---p 00000000 00:00 0 
7f799200d000-7f799210b000 rw-p 00000000 00:00 0 
7f799210b000-7f799210c000 ---p 00000000 00:00 0 
7f799210c000-7f7993620000 rw-p 00000000 00:00 0 
7f7993620000-7f79937fa000 r--s 03d4d000 08:05 655671                     /home/sebastian/dev/java/jdk1.8.0_144/jre/lib/rt.jar
7f7993800000-7f7994000000 rw-p 00000000 00:00 0 
7f7994000000-7f7994021000 rw-p 00000000 00:00 0 
7f7994021000-7f7998000000 ---p 00000000 00:00 0 
7f7998000000-7f7998021000 rw-p 00000000 00:00 0 
7f7998021000-7f799c000000 ---p 00000000 00:00 0 
7f799c000000-7f799c021000 rw-p 00000000 00:00 0 
7f799c021000-7f79a0000000 ---p 00000000 00:00 0 
7f79a00bf000-7f79a4000000 rw-p 00000000 00:00 0 
7f79a4000000-7f79a4021000 rw-p 00000000 00:00 0 
7f79a4021000-7f79a8000000 ---p 00000000 00:00 0 
7f79a802b000-7f79a8051000 r--p 00000000 08:06 537433                     /usr/share/locale-langpack/de/LC_MESSAGES/libc.mo
7f79a8052000-7f79a857f000 rw-p 00000000 00:00 0 
7f79a857f000-7f79a8580000 ---p 00000000 00:00 0 
7f79a8580000-7f79a8680000 rw-p 00000000 00:00 0 
7f79a8680000-7f79a8681000 ---p 00000000 00:00 0 
7f79a8681000-7f79a8781000 rw-p 00000000 00:00 0 
7f79a8781000-7f79a8782000 ---p 00000000 00:00 0 
7f79a8782000-7f79a8882000 rw-p 00000000 00:00 0 
7f79a8882000-7f79a8883000 ---p 00000000 00:00 0 
7f79a8883000-7f79a8a45000 rw-p 00000000 00:00 0 
7f79a8a45000-7f79a8c1b000 ---p 00000000 00:00 0 
7f79a8c1b000-7f79a8cdd000 rw-p 00000000 00:00 0 
7f79a8cdd000-7f79a8eb3000 ---p 00000000 00:00 0 
7f79a8eb3000-7f79a8ebf000 rw-p 00000000 00:00 0 
7f79a8ebf000-7f79a8fff000 ---p 00000000 00:00 0 
7f79a8fff000-7f79a9000000 rw-p 00000000 00:00 0 
7f79a9000000-7f79a9570000 rwxp 00000000 00:00 0 
7f79a9570000-7f79b8000000 ---p 00000000 00:00 0 
7f79b8000000-7f79b8500000 rw-p 00000000 00:00 0 
7f79b8500000-7f79bc000000 ---p 00000000 00:00 0 
7f79bc00b000-7f79bc012000 r--s 00000000 08:06 402275                     /usr/lib/x86_64-linux-gnu/gconv/gconv-modules.cache
7f79bc018000-7f79bc039000 rw-p 00000000 00:00 0 
7f79bc039000-7f79bc03a000 ---p 00000000 00:00 0 
7f79bc03a000-7f79bc13a000 rw-p 00000000 00:00 0 
7f79bc13a000-7f79bc13b000 ---p 00000000 00:00 0 
7f79bc13b000-7f79bc251000 rw-p 00000000 00:00 0 
7f79bc251000-7f79bc5fb000 ---p 00000000 00:00 0 
7f79bc5fb000-7f79bc615000 r-xp 00000000 08:05 655702                     /home/sebastian/dev/java/jdk1.8.0_144/jre/lib/amd64/libzip.so
7f79bc615000-7f79bc815000 ---p 0001a000 08:05 655702                     /home/sebastian/dev/java/jdk1.8.0_144/jre/lib/amd64/libzip.so
7f79bc815000-7f79bc816000 rw-p 0001a000 08:05 655702                     /home/sebastian/dev/java/jdk1.8.0_144/jre/lib/amd64/libzip.so
7f79bc81b000-7f79bc826000 r-xp 00000000 08:06 296044                     /lib/x86_64-linux-gnu/libnss_files-2.23.so
7f79bc826000-7f79bca25000 ---p 0000b000 08:06 296044                     /lib/x86_64-linux-gnu/libnss_files-2.23.so
7f79bca25000-7f79bca26000 r--p 0000a000 08:06 296044                     /lib/x86_64-linux-gnu/libnss_files-2.23.so
7f79bca26000-7f79bca27000 rw-p 0000b000 08:06 296044                     /lib/x86_64-linux-gnu/libnss_files-2.23.so
7f79bca27000-7f79bca2d000 rw-p 00000000 00:00 0 
7f79bca33000-7f79bca3e000 r-xp 00000000 08:06 296048                     /lib/x86_64-linux-gnu/libnss_nis-2.23.so
7f79bca3e000-7f79bcc3d000 ---p 0000b000 08:06 296048                     /lib/x86_64-linux-gnu/libnss_nis-2.23.so
7f79bcc3d000-7f79bcc3e000 r--p 0000a000 08:06 296048                     /lib/x86_64-linux-gnu/libnss_nis-2.23.so
7f79bcc3e000-7f79bcc3f000 rw-p 0000b000 08:06 296048                     /lib/x86_64-linux-gnu/libnss_nis-2.23.so
7f79bcc43000-7f79bcc59000 r-xp 00000000 08:06 296027                     /lib/x86_64-linux-gnu/libnsl-2.23.so
7f79bcc59000-7f79bce58000 ---p 00016000 08:06 296027                     /lib/x86_64-linux-gnu/libnsl-2.23.so
7f79bce58000-7f79bce59000 r--p 00015000 08:06 296027                     /lib/x86_64-linux-gnu/libnsl-2.23.so
7f79bce59000-7f79bce5a000 rw-p 00016000 08:06 296027                     /lib/x86_64-linux-gnu/libnsl-2.23.so
7f79bce5a000-7f79bce5c000 rw-p 00000000 00:00 0 
7f79bce63000-7f79bce6b000 r-xp 00000000 08:06 296039                     /lib/x86_64-linux-gnu/libnss_compat-2.23.so
7f79bce6b000-7f79bd06a000 ---p 00008000 08:06 296039                     /lib/x86_64-linux-gnu/libnss_compat-2.23.so
7f79bd06a000-7f79bd06b000 r--p 00007000 08:06 296039                     /lib/x86_64-linux-gnu/libnss_compat-2.23.so
7f79bd06b000-7f79bd06c000 rw-p 00008000 08:06 296039                     /lib/x86_64-linux-gnu/libnss_compat-2.23.so
7f79bd073000-7f79bd09e000 r-xp 00000000 08:05 655729                     /home/sebastian/dev/java/jdk1.8.0_144/jre/lib/amd64/libjava.so
7f79bd09e000-7f79bd29d000 ---p 0002b000 08:05 655729                     /home/sebastian/dev/java/jdk1.8.0_144/jre/lib/amd64/libjava.so
7f79bd29d000-7f79bd29f000 rw-p 0002a000 08:05 655729                     /home/sebastian/dev/java/jdk1.8.0_144/jre/lib/amd64/libjava.so
7f79bd2a3000-7f79bd2b0000 r-xp 00000000 08:05 655680                     /home/sebastian/dev/java/jdk1.8.0_144/jre/lib/amd64/libverify.so
7f79bd2b0000-7f79bd4b0000 ---p 0000d000 08:05 655680                     /home/sebastian/dev/java/jdk1.8.0_144/jre/lib/amd64/libverify.so
7f79bd4b0000-7f79bd4b2000 rw-p 0000d000 08:05 655680                     /home/sebastian/dev/java/jdk1.8.0_144/jre/lib/amd64/libverify.so
7f79bd4b3000-7f79bd4ba000 r-xp 00000000 08:06 296049                     /lib/x86_64-linux-gnu/librt-2.23.so
7f79bd4ba000-7f79bd6b9000 ---p 00007000 08:06 296049                     /lib/x86_64-linux-gnu/librt-2.23.so
7f79bd6b9000-7f79bd6ba000 r--p 00006000 08:06 296049                     /lib/x86_64-linux-gnu/librt-2.23.so
7f79bd6ba000-7f79bd6bb000 rw-p 00007000 08:06 296049                     /lib/x86_64-linux-gnu/librt-2.23.so
7f79bd6bb000-7f79bd7c3000 r-xp 00000000 08:06 291306                     /lib/x86_64-linux-gnu/libm-2.23.so
7f79bd7c3000-7f79bd9c2000 ---p 00108000 08:06 291306                     /lib/x86_64-linux-gnu/libm-2.23.so
7f79bd9c2000-7f79bd9c3000 r--p 00107000 08:06 291306                     /lib/x86_64-linux-gnu/libm-2.23.so
7f79bd9c3000-7f79bd9c4000 rw-p 00108000 08:06 291306                     /lib/x86_64-linux-gnu/libm-2.23.so
7f79bd9cb000-7f79be69e000 r-xp 00000000 08:05 655733                     /home/sebastian/dev/java/jdk1.8.0_144/jre/lib/amd64/server/libjvm.so
7f79be69e000-7f79be89d000 ---p 00cd3000 08:05 655733                     /home/sebastian/dev/java/jdk1.8.0_144/jre/lib/amd64/server/libjvm.so
7f79be89d000-7f79be977000 rw-p 00cd2000 08:05 655733                     /home/sebastian/dev/java/jdk1.8.0_144/jre/lib/amd64/server/libjvm.so
7f79be977000-7f79be9c2000 rw-p 00000000 00:00 0 
7f79be9c3000-7f79beb83000 r-xp 00000000 08:06 296030                     /lib/x86_64-linux-gnu/libc-2.23.so
7f79beb83000-7f79bed83000 ---p 001c0000 08:06 296030                     /lib/x86_64-linux-gnu/libc-2.23.so
7f79bed83000-7f79bed87000 r--p 001c0000 08:06 296030                     /lib/x86_64-linux-gnu/libc-2.23.so
7f79bed87000-7f79bed89000 rw-p 001c4000 08:06 296030                     /lib/x86_64-linux-gnu/libc-2.23.so
7f79bed89000-7f79bed8d000 rw-p 00000000 00:00 0 
7f79bed93000-7f79bed96000 r-xp 00000000 08:06 296032                     /lib/x86_64-linux-gnu/libdl-2.23.so
7f79bed96000-7f79bef95000 ---p 00003000 08:06 296032                     /lib/x86_64-linux-gnu/libdl-2.23.so
7f79bef95000-7f79bef96000 r--p 00002000 08:06 296032                     /lib/x86_64-linux-gnu/libdl-2.23.so
7f79bef96000-7f79bef97000 rw-p 00003000 08:06 296032                     /lib/x86_64-linux-gnu/libdl-2.23.so
7f79bef9b000-7f79befb0000 r-xp 00000000 08:05 395825                     /home/sebastian/dev/java/jdk1.8.0_144/lib/amd64/jli/libjli.so
7f79befb0000-7f79bf1b0000 ---p 00015000 08:05 395825                     /home/sebastian/dev/java/jdk1.8.0_144/lib/amd64/jli/libjli.so
7f79bf1b0000-7f79bf1b1000 rw-p 00015000 08:05 395825                     /home/sebastian/dev/java/jdk1.8.0_144/lib/amd64/jli/libjli.so
7f79bf1b3000-7f79bf1cb000 r-xp 00000000 08:06 296029                     /lib/x86_64-linux-gnu/libpthread-2.23.so
7f79bf1cb000-7f79bf3ca000 ---p 00018000 08:06 296029                     /lib/x86_64-linux-gnu/libpthread-2.23.so
7f79bf3ca000-7f79bf3cb000 r--p 00017000 08:06 296029                     /lib/x86_64-linux-gnu/libpthread-2.23.so
7f79bf3cb000-7f79bf3cc000 rw-p 00018000 08:06 296029                     /lib/x86_64-linux-gnu/libpthread-2.23.so
7f79bf3cc000-7f79bf3d0000 rw-p 00000000 00:00 0 
7f79bf3d3000-7f79bf3f9000 r-xp 00000000 08:06 296028                     /lib/x86_64-linux-gnu/ld-2.23.so
7f79bf3ff000-7f79bf4eb000 rw-p 00000000 00:00 0 
7f79bf4eb000-7f79bf4f3000 rw-s 00000000 08:06 922097                     /tmp/hsperfdata_sebastian/8759
7f79bf4f4000-7f79bf4f5000 rw-p 00000000 00:00 0 
7f79bf4f5000-7f79bf4f6000 ---p 00000000 00:00 0 
7f79bf4f6000-7f79bf4f9000 ---p 00000000 00:00 0 
7f79bf4f9000-7f79bf5f8000 rw-p 00000000 00:00 0 
7f79bf5f8000-7f79bf5f9000 r--p 00025000 08:06 296028                     /lib/x86_64-linux-gnu/ld-2.23.so
7f79bf5f9000-7f79bf5fa000 rw-p 00026000 08:06 296028                     /lib/x86_64-linux-gnu/ld-2.23.so
7f79bf5fa000-7f79bf5fc000 rw-p 00000000 00:00 0 
7f79bf5fc000-7f79bf5ff000 rw-p 00000000 00:00 0 
7fff8230d000-7fff8232e000 rw-p 00000000 00:00 0                          [stack]
7fff823ab000-7fff823ae000 r--p 00000000 00:00 0                          [vvar]
7fff823ae000-7fff823b0000 r-xp 00000000 00:00 0                          [vdso]
ffffffffff600000-ffffffffff601000 r-xp 00000000 00:00 0                  [vsyscall]

VM Arguments:
jvm_args: -Dfile.encoding=UTF-8 
java_command: de.elsivas.gol.gui.GolGui
java_class_path (initial): /home/sebastian/dev/git/dawn/dawn-odd/dawn-odd-standalone/target/classes
Launcher Type: SUN_STANDARD

Environment Variables:
PATH=/usr/local/sbin:/usr/local/bin:/usr/sbin:/usr/bin:/sbin:/bin:/usr/games:/usr/local/games:/snap/bin
SHELL=/bin/bash
DISPLAY=:0.0

Signal Handlers:
SIGSEGV: [libjvm.so+0xacba10], sa_mask[0]=11111111011111111101111111111110, sa_flags=SA_RESTART|SA_SIGINFO
SIGBUS: [libjvm.so+0xacba10], sa_mask[0]=11111111011111111101111111111110, sa_flags=SA_RESTART|SA_SIGINFO
SIGFPE: [libjvm.so+0x924ba0], sa_mask[0]=11111111011111111101111111111110, sa_flags=SA_RESTART|SA_SIGINFO
SIGPIPE: [libjvm.so+0x924ba0], sa_mask[0]=11111111011111111101111111111110, sa_flags=SA_RESTART|SA_SIGINFO
SIGXFSZ: [libjvm.so+0x924ba0], sa_mask[0]=11111111011111111101111111111110, sa_flags=SA_RESTART|SA_SIGINFO
SIGILL: [libjvm.so+0x924ba0], sa_mask[0]=11111111011111111101111111111110, sa_flags=SA_RESTART|SA_SIGINFO
SIGUSR1: SIG_DFL, sa_mask[0]=00000000000000000000000000000000, sa_flags=none
SIGUSR2: [libjvm.so+0x9263e0], sa_mask[0]=00100000000000000000000000000000, sa_flags=SA_RESTART|SA_SIGINFO
SIGHUP: [libjvm.so+0x9277e0], sa_mask[0]=11111111011111111101111111111110, sa_flags=SA_RESTART|SA_SIGINFO
SIGINT: [libjvm.so+0x9277e0], sa_mask[0]=11111111011111111101111111111110, sa_flags=SA_RESTART|SA_SIGINFO
SIGTERM: [libjvm.so+0x9277e0], sa_mask[0]=11111111011111111101111111111110, sa_flags=SA_RESTART|SA_SIGINFO
SIGQUIT: [libjvm.so+0x9277e0], sa_mask[0]=11111111011111111101111111111110, sa_flags=SA_RESTART|SA_SIGINFO


---------------  S Y S T E M  ---------------

OS:DISTRIB_ID=Ubuntu
DISTRIB_RELEASE=16.04
DISTRIB_CODENAME=xenial
DISTRIB_DESCRIPTION="Ubuntu 16.04.3 LTS"

uname:Linux 4.13.0-32-generic #35~16.04.1-Ubuntu SMP Thu Jan 25 10:13:43 UTC 2018 x86_64
libc:glibc 2.23 NPTL 2.23 
rlimit: STACK 8192k, CORE 0k, NPROC 31376, NOFILE 1048576, AS infinity
load average:1,08 1,02 1,29

/proc/meminfo:
MemTotal:        8151480 kB
MemFree:          119872 kB
MemAvailable:       6120 kB
Buffers:             428 kB
Cached:            62736 kB
SwapCached:         1372 kB
Active:          6915896 kB
Inactive:         873180 kB
Active(anon):    6911000 kB
Inactive(anon):   863824 kB
Active(file):       4896 kB
Inactive(file):     9356 kB
Unevictable:          64 kB
Mlocked:              64 kB
SwapTotal:       2096124 kB
SwapFree:              0 kB
Dirty:               576 kB
Writeback:             0 kB
AnonPages:       7724928 kB
Mapped:            57496 kB
Shmem:             48660 kB
Slab:              85908 kB
SReclaimable:      29916 kB
SUnreclaim:        55992 kB
KernelStack:       32528 kB
PageTables:        75320 kB
NFS_Unstable:          0 kB
Bounce:                0 kB
WritebackTmp:          0 kB
CommitLimit:     6171864 kB
Committed_AS:   29595500 kB
VmallocTotal:   34359738367 kB
VmallocUsed:           0 kB
VmallocChunk:          0 kB
HardwareCorrupted:     0 kB
AnonHugePages:         0 kB
ShmemHugePages:        0 kB
ShmemPmdMapped:        0 kB
CmaTotal:              0 kB
CmaFree:               0 kB
HugePages_Total:       0
HugePages_Free:        0
HugePages_Rsvd:        0
HugePages_Surp:        0
Hugepagesize:       2048 kB
DirectMap4k:      105856 kB
DirectMap2M:     4071424 kB
DirectMap1G:     4194304 kB


CPU:total 6 (initial active 6) (6 cores per cpu, 1 threads per core) family 21 model 1 stepping 2, cmov, cx8, fxsr, mmx, sse, sse2, sse3, ssse3, sse4.1, sse4.2, popcnt, avx, aes, clmul, mmxext, 3dnowpref, lzcnt, sse4a, tsc, tscinvbit, tscinv

/proc/cpuinfo:
processor	: 0
vendor_id	: AuthenticAMD
cpu family	: 21
model		: 1
model name	: AMD FX(tm)-6100 Six-Core Processor
stepping	: 2
microcode	: 0x6000626
cpu MHz		: 1400.000
cache size	: 2048 KB
physical id	: 0
siblings	: 6
core id		: 0
cpu cores	: 3
apicid		: 16
initial apicid	: 0
fpu		: yes
fpu_exception	: yes
cpuid level	: 13
wp		: yes
flags		: fpu vme de pse tsc msr pae mce cx8 apic sep mtrr pge mca cmov pat pse36 clflush mmx fxsr sse sse2 ht syscall nx mmxext fxsr_opt pdpe1gb rdtscp lm constant_tsc rep_good nopl nonstop_tsc cpuid extd_apicid aperfmperf pni pclmulqdq monitor ssse3 cx16 sse4_1 sse4_2 popcnt aes xsave avx lahf_lm cmp_legacy svm extapic cr8_legacy abm sse4a misalignsse 3dnowprefetch osvw ibs xop skinit wdt lwp fma4 nodeid_msr topoext perfctr_core perfctr_nb cpb hw_pstate vmmcall arat npt lbrv svm_lock nrip_save tsc_scale vmcb_clean flushbyasid decodeassists pausefilter pfthreshold
bugs		: fxsave_leak sysret_ss_attrs null_seg spectre_v1 spectre_v2
bogomips	: 6600.07
TLB size	: 1536 4K pages
clflush size	: 64
cache_alignment	: 64
address sizes	: 48 bits physical, 48 bits virtual
power management: ts ttp tm 100mhzsteps hwpstate cpb

processor	: 1
vendor_id	: AuthenticAMD
cpu family	: 21
model		: 1
model name	: AMD FX(tm)-6100 Six-Core Processor
stepping	: 2
microcode	: 0x6000626
cpu MHz		: 3000.000
cache size	: 2048 KB
physical id	: 0
siblings	: 6
core id		: 1
cpu cores	: 3
apicid		: 17
initial apicid	: 1
fpu		: yes
fpu_exception	: yes
cpuid level	: 13
wp		: yes
flags		: fpu vme de pse tsc msr pae mce cx8 apic sep mtrr pge mca cmov pat pse36 clflush mmx fxsr sse sse2 ht syscall nx mmxext fxsr_opt pdpe1gb rdtscp lm constant_tsc rep_good nopl nonstop_tsc cpuid extd_apicid aperfmperf pni pclmulqdq monitor ssse3 cx16 sse4_1 sse4_2 popcnt aes xsave avx lahf_lm cmp_legacy svm extapic cr8_legacy abm sse4a misalignsse 3dnowprefetch osvw ibs xop skinit wdt lwp fma4 nodeid_msr topoext perfctr_core perfctr_nb cpb hw_pstate vmmcall arat npt lbrv svm_lock nrip_save tsc_scale vmcb_clean flushbyasid decodeassists pausefilter pfthreshold
bugs		: fxsave_leak sysret_ss_attrs null_seg spectre_v1 spectre_v2
bogomips	: 6600.07
TLB size	: 1536 4K pages
clflush size	: 64
cache_alignment	: 64
address sizes	: 48 bits physical, 48 bits virtual
power management: ts ttp tm 100mhzsteps hwpstate cpb

processor	: 2
vendor_id	: AuthenticAMD
cpu family	: 21
model		: 1
model name	: AMD FX(tm)-6100 Six-Core Processor
stepping	: 2
microcode	: 0x6000626
cpu MHz		: 1400.000
cache size	: 2048 KB
physical id	: 0
siblings	: 6
core id		: 2
cpu cores	: 3
apicid		: 18
initial apicid	: 2
fpu		: yes
fpu_exception	: yes
cpuid level	: 13
wp		: yes
flags		: fpu vme de pse tsc msr pae mce cx8 apic sep mtrr pge mca cmov pat pse36 clflush mmx fxsr sse sse2 ht syscall nx mmxext fxsr_opt pdpe1gb rdtscp lm constant_tsc rep_good nopl nonstop_tsc cpuid extd_apicid aperfmperf pni pclmulqdq monitor ssse3 cx16 sse4_1 sse4_2 popcnt aes xsave avx lahf_lm cmp_legacy svm extapic cr8_legacy abm sse4a misalignsse 3dnowprefetch osvw ibs xop skinit wdt lwp fma4 nodeid_msr topoext perfctr_core perfctr_nb cpb hw_pstate vmmcall arat npt lbrv svm_lock nrip_save tsc_scale vmcb_clean flushbyasid decodeassists pausefilter pfthreshold
bugs		: fxsave_leak sysret_ss_attrs null_seg spectre_v1 spectre_v2
bogomips	: 6600.07
TLB size	: 1536 4K pages
clflush size	: 64
cache_alignment	: 64
address sizes	: 48 bits physical, 48 bits virtual
power management: ts ttp tm 100mhzsteps hwpstate cpb

processor	: 3
vendor_id	: AuthenticAMD
cpu family	: 21
model		: 1
model name	: AMD FX(tm)-6100 Six-Core Processor
stepping	: 2
microcode	: 0x6000626
cpu MHz		: 3300.000
cache size	: 2048 KB
physical id	: 0
siblings	: 6
core id		: 3
cpu cores	: 3
apicid		: 19
initial apicid	: 3
fpu		: yes
fpu_exception	: yes
cpuid level	: 13
wp		: yes
flags		: fpu vme de pse tsc msr pae mce cx8 apic sep mtrr pge mca cmov pat pse36 clflush mmx fxsr sse sse2 ht syscall nx mmxext fxsr_opt pdpe1gb rdtscp lm constant_tsc rep_good nopl nonstop_tsc cpuid extd_apicid aperfmperf pni pclmulqdq monitor ssse3 cx16 sse4_1 sse4_2 popcnt aes xsave avx lahf_lm cmp_legacy svm extapic cr8_legacy abm sse4a misalignsse 3dnowprefetch osvw ibs xop skinit wdt lwp fma4 nodeid_msr topoext perfctr_core perfctr_nb cpb hw_pstate vmmcall arat npt lbrv svm_lock nrip_save tsc_scale vmcb_clean flushbyasid decodeassists pausefilter pfthreshold
bugs		: fxsave_leak sysret_ss_attrs null_seg spectre_v1 spectre_v2
bogomips	: 6600.07
TLB size	: 1536 4K pages
clflush size	: 64
cache_alignment	: 64
address sizes	: 48 bits physical, 48 bits virtual
power management: ts ttp tm 100mhzsteps hwpstate cpb

processor	: 4
vendor_id	: AuthenticAMD
cpu family	: 21
model		: 1
model name	: AMD FX(tm)-6100 Six-Core Processor
stepping	: 2
microcode	: 0x6000626
cpu MHz		: 1800.000
cache size	: 2048 KB
physical id	: 0
siblings	: 6
core id		: 4
cpu cores	: 3
apicid		: 20
initial apicid	: 4
fpu		: yes
fpu_exception	: yes
cpuid level	: 13
wp		: yes
flags		: fpu vme de pse tsc msr pae mce cx8 apic sep mtrr pge mca cmov pat pse36 clflush mmx fxsr sse sse2 ht syscall nx mmxext fxsr_opt pdpe1gb rdtscp lm constant_tsc rep_good nopl nonstop_tsc cpuid extd_apicid aperfmperf pni pclmulqdq monitor ssse3 cx16 sse4_1 sse4_2 popcnt aes xsave avx lahf_lm cmp_legacy svm extapic cr8_legacy abm sse4a misalignsse 3dnowprefetch osvw ibs xop skinit wdt lwp fma4 nodeid_msr topoext perfctr_core perfctr_nb cpb hw_pstate vmmcall arat npt lbrv svm_lock nrip_save tsc_scale vmcb_clean flushbyasid decodeassists pausefilter pfthreshold
bugs		: fxsave_leak sysret_ss_attrs null_seg spectre_v1 spectre_v2
bogomips	: 6600.07
TLB size	: 1536 4K pages
clflush size	: 64
cache_alignment	: 64
address sizes	: 48 bits physical, 48 bits virtual
power management: ts ttp tm 100mhzsteps hwpstate cpb

processor	: 5
vendor_id	: AuthenticAMD
cpu family	: 21
model		: 1
model name	: AMD FX(tm)-6100 Six-Core Processor
stepping	: 2
microcode	: 0x6000626
cpu MHz		: 1800.000
cache size	: 2048 KB
physical id	: 0
siblings	: 6
core id		: 5
cpu cores	: 3
apicid		: 21
initial apicid	: 5
fpu		: yes
fpu_exception	: yes
cpuid level	: 13
wp		: yes
flags		: fpu vme de pse tsc msr pae mce cx8 apic sep mtrr pge mca cmov pat pse36 clflush mmx fxsr sse sse2 ht syscall nx mmxext fxsr_opt pdpe1gb rdtscp lm constant_tsc rep_good nopl nonstop_tsc cpuid extd_apicid aperfmperf pni pclmulqdq monitor ssse3 cx16 sse4_1 sse4_2 popcnt aes xsave avx lahf_lm cmp_legacy svm extapic cr8_legacy abm sse4a misalignsse 3dnowprefetch osvw ibs xop skinit wdt lwp fma4 nodeid_msr topoext perfctr_core perfctr_nb cpb hw_pstate vmmcall arat npt lbrv svm_lock nrip_save tsc_scale vmcb_clean flushbyasid decodeassists pausefilter pfthreshold
bugs		: fxsave_leak sysret_ss_attrs null_seg spectre_v1 spectre_v2
bogomips	: 6600.07
TLB size	: 1536 4K pages
clflush size	: 64
cache_alignment	: 64
address sizes	: 48 bits physical, 48 bits virtual
power management: ts ttp tm 100mhzsteps hwpstate cpb



Memory: 4k page, physical 8151480k(119376k free), swap 2096124k(0k free)

vm_info: Java HotSpot(TM) 64-Bit Server VM (25.144-b01) for linux-amd64 JRE (1.8.0_144-b01), built on Jul 21 2017 21:57:33 by "java_re" with gcc 4.3.0 20080428 (Red Hat 4.3.0-8)

time: Sun Feb 11 16:36:54 2018
elapsed time: 3301 seconds (0d 0h 55m 1s)

