#
# There is insufficient memory for the Java Runtime Environment to continue.
# Native memory allocation (mmap) failed to map 27262976 bytes for committing reserved memory.
# Possible reasons:
#   The system is out of physical RAM or swap space
#   In 32 bit mode, the process size limit was hit
# Possible solutions:
#   Reduce memory load on the system
#   Increase physical memory or swap space
#   Check if swap backing store is full
#   Use 64 bit Java on a 64 bit OS
#   Decrease Java heap size (-Xmx/-Xms)
#   Decrease number of Java threads
#   Decrease Java thread stack sizes (-Xss)
#   Set larger code cache with -XX:ReservedCodeCacheSize=
# This output file may be truncated or incomplete.
#
#  Out of Memory Error (os_linux.cpp:2640), pid=9647, tid=0x00007f6c4d3af700
#
# JRE version: Java(TM) SE Runtime Environment (8.0_144-b01) (build 1.8.0_144-b01)
# Java VM: Java HotSpot(TM) 64-Bit Server VM (25.144-b01 mixed mode linux-amd64 compressed oops)
# Failed to write core dump. Core dumps have been disabled. To enable core dumping, try "ulimit -c unlimited" before starting Java again
#

---------------  T H R E A D  ---------------

Current thread (0x00007f6c6007b800):  VMThread [stack: 0x00007f6c4d2af000,0x00007f6c4d3b0000] [id=9660]

Stack: [0x00007f6c4d2af000,0x00007f6c4d3b0000],  sp=0x00007f6c4d3ae320,  free space=1020k
Native frames: (J=compiled Java code, j=interpreted, Vv=VM code, C=native code)
V  [libjvm.so+0xacb18a]  VMError::report_and_die()+0x2ba
V  [libjvm.so+0x4ff4db]  report_vm_out_of_memory(char const*, int, unsigned long, VMErrorType, char const*)+0x8b
V  [libjvm.so+0x927d23]  os::Linux::commit_memory_impl(char*, unsigned long, bool)+0x103
V  [libjvm.so+0x928279]  os::pd_commit_memory(char*, unsigned long, unsigned long, bool)+0x29
V  [libjvm.so+0x92249a]  os::commit_memory(char*, unsigned long, unsigned long, bool)+0x2a
V  [libjvm.so+0x996ff3]  PSVirtualSpace::expand_by(unsigned long)+0x53
V  [libjvm.so+0x9878b0]  PSOldGen::expand(unsigned long)+0x170
V  [libjvm.so+0x987abb]  PSOldGen::resize(unsigned long)+0x1cb
V  [libjvm.so+0x98f7c1]  PSParallelCompact::invoke_no_policy(bool)+0x991
V  [libjvm.so+0x99511d]  PSScavenge::invoke()+0x1ad
V  [libjvm.so+0x94bce0]  ParallelScavengeHeap::failed_mem_allocate(unsigned long)+0x70
V  [libjvm.so+0xaccba7]  VM_ParallelGCFailedAllocation::doit()+0x97
V  [libjvm.so+0xad4685]  VM_Operation::evaluate()+0x55
V  [libjvm.so+0xad2a5a]  VMThread::evaluate_operation(VM_Operation*)+0xba
V  [libjvm.so+0xad2dde]  VMThread::loop()+0x1ce
V  [libjvm.so+0xad3250]  VMThread::run()+0x70
V  [libjvm.so+0x92a338]  java_start(Thread*)+0x108

VM_Operation (0x00007f6c6682e6e0): ParallelGCFailedAllocation, mode: safepoint, requested by thread 0x00007f6c60009800


---------------  P R O C E S S  ---------------

Java Threads: ( => current thread )
  0x00007f6c60114800 JavaThread "AWT-EventQueue-0" [_thread_blocked, id=31297, stack(0x00007f6c0e298000,0x00007f6c0e399000)]
  0x00007f6c60114000 JavaThread "AWT-Shutdown" [_thread_blocked, id=31296, stack(0x00007f6c0e399000,0x00007f6c0e49a000)]
  0x00007f6bf4056800 JavaThread "TimerQueue" daemon [_thread_blocked, id=9686, stack(0x00007f6c0d2b2000,0x00007f6c0d3b3000)]
  0x00007f6c6021e800 JavaThread "AWT-XAWT" daemon [_thread_blocked, id=9671, stack(0x00007f6c0e49a000,0x00007f6c0e59b000)]
  0x00007f6c601f7000 JavaThread "Java2D Disposer" daemon [_thread_blocked, id=9670, stack(0x00007f6c3c0bf000,0x00007f6c3c1c0000)]
  0x00007f6c600cc800 JavaThread "Service Thread" daemon [_thread_blocked, id=9668, stack(0x00007f6c4c746000,0x00007f6c4c847000)]
  0x00007f6c600c1000 JavaThread "C1 CompilerThread2" daemon [_thread_blocked, id=9667, stack(0x00007f6c4c847000,0x00007f6c4c948000)]
  0x00007f6c600bf800 JavaThread "C2 CompilerThread1" daemon [_thread_blocked, id=9666, stack(0x00007f6c4c948000,0x00007f6c4ca49000)]
  0x00007f6c600bc800 JavaThread "C2 CompilerThread0" daemon [_thread_blocked, id=9665, stack(0x00007f6c4ca49000,0x00007f6c4cb4a000)]
  0x00007f6c600bb000 JavaThread "Signal Dispatcher" daemon [_thread_blocked, id=9664, stack(0x00007f6c4cb4a000,0x00007f6c4cc4b000)]
  0x00007f6c60088000 JavaThread "Finalizer" daemon [_thread_blocked, id=9662, stack(0x00007f6c4d0ad000,0x00007f6c4d1ae000)]
  0x00007f6c60083800 JavaThread "Reference Handler" daemon [_thread_blocked, id=9661, stack(0x00007f6c4d1ae000,0x00007f6c4d2af000)]
  0x00007f6c60009800 JavaThread "main" [_thread_blocked, id=9653, stack(0x00007f6c6672f000,0x00007f6c66830000)]

Other Threads:
=>0x00007f6c6007b800 VMThread [stack: 0x00007f6c4d2af000,0x00007f6c4d3b0000] [id=9660]
  0x00007f6c600cf000 WatcherThread [stack: 0x00007f6c4c645000,0x00007f6c4c746000] [id=9669]

VM state:at safepoint (normal execution)

VM Mutex/Monitor currently owned by a thread:  ([mutex/lock_event])
[0x00007f6c600059f0] ExpandHeap_lock - owner thread: 0x00007f6c6007b800
[0x00007f6c60006070] Threads_lock - owner thread: 0x00007f6c6007b800
[0x00007f6c60006570] Heap_lock - owner thread: 0x00007f6c60009800

Heap:
 PSYoungGen      total 18432K, used 6925K [0x00000000d6800000, 0x00000000d8b80000, 0x0000000100000000)
  eden space 512K, 0% used [0x00000000d6800000,0x00000000d6800000,0x00000000d6880000)
  from space 17920K, 38% used [0x00000000d6880000,0x00000000d6f437a8,0x00000000d7a00000)
  to   space 17920K, 0% used [0x00000000d7a00000,0x00000000d7a00000,0x00000000d8b80000)
 ParOldGen       total 561664K, used 561157K [0x0000000083800000, 0x00000000a5c80000, 0x00000000d6800000)
  object space 561664K, 99% used [0x0000000083800000,0x00000000a5c01490,0x00000000a5c80000)
 Metaspace       used 11208K, capacity 11476K, committed 11648K, reserved 1058816K
  class space    used 1234K, capacity 1326K, committed 1408K, reserved 1048576K

Card table byte_map: [0x00007f6c4fff6000,0x00007f6c503db000] byte_map_base: 0x00007f6c4fbda000

Marking Bits: (ParMarkBitMap*) 0x00007f6c65bccdc0
 Begin Bits: [0x00007f6c3c1c0000, 0x00007f6c3e0e0000)
 End Bits:   [0x00007f6c3e0e0000, 0x00007f6c40000000)

Polling page: 0x00007f6c66833000

CodeCache: size=245760Kb used=5531Kb max_used=5616Kb free=240228Kb
 bounds [0x00007f6c5079b000, 0x00007f6c50d5b000, 0x00007f6c5f79b000]
 total_blobs=1996 nmethods=1500 adapters=410
 compilation: enabled

Compilation events (10 events):
Event: 4259,617 Thread 0x00007f6c600bc800 nmethod 1807 0x00007f6c50b25710 code [0x00007f6c50b25920, 0x00007f6c50b25ff0]
Event: 4259,617 Thread 0x00007f6c600bc800 1808   !   4       javax.swing.TransferHandler::getDropTargetListener (49 bytes)
Event: 4259,620 Thread 0x00007f6c600bc800 nmethod 1808 0x00007f6c5099aa10 code [0x00007f6c5099aba0, 0x00007f6c5099af68]
Event: 4259,776 Thread 0x00007f6c600bf800 nmethod 1806 0x00007f6c50d3dbd0 code [0x00007f6c50d3e5a0, 0x00007f6c50d45170]
Event: 4291,996 Thread 0x00007f6c600bc800 1809       4       javax.swing.plaf.basic.BasicTableUI$Handler::<init> (6 bytes)
Event: 4291,996 Thread 0x00007f6c600c1000 1810       2       javax.swing.plaf.basic.BasicTableUI$Handler::<init> (15 bytes)
Event: 4291,997 Thread 0x00007f6c600c1000 nmethod 1810 0x00007f6c50b3a550 code [0x00007f6c50b3a6a0, 0x00007f6c50b3a810]
Event: 4291,997 Thread 0x00007f6c600bc800 nmethod 1809 0x00007f6c50b9fad0 code [0x00007f6c50b9fc20, 0x00007f6c50b9fc98]
Event: 4642,624 Thread 0x00007f6c600bf800 1811       4       java.awt.Container::add (9 bytes)
Event: 4642,639 Thread 0x00007f6c600bf800 nmethod 1811 0x00007f6c50aaa650 code [0x00007f6c50aaa7a0, 0x00007f6c50aaa838]

GC Heap History (10 events):
Event: 4652,449 GC heap after
Heap after GC invocations=589 (full 12):
 PSYoungGen      total 17408K, used 13728K [0x00000000d6800000, 0x00000000d8c80000, 0x0000000100000000)
  eden space 512K, 0% used [0x00000000d6800000,0x00000000d6800000,0x00000000d6880000)
  from space 16896K, 81% used [0x00000000d6880000,0x00000000d75e8000,0x00000000d7900000)
  to   space 18432K, 0% used [0x00000000d7a80000,0x00000000d7a80000,0x00000000d8c80000)
 ParOldGen       total 561664K, used 553096K [0x0000000083800000, 0x00000000a5c80000, 0x00000000d6800000)
  object space 561664K, 98% used [0x0000000083800000,0x00000000a54220c0,0x00000000a5c80000)
 Metaspace       used 11208K, capacity 11476K, committed 11648K, reserved 1058816K
  class space    used 1234K, capacity 1326K, committed 1408K, reserved 1048576K
}
Event: 4656,204 GC heap before
{Heap before GC invocations=590 (full 12):
 PSYoungGen      total 17408K, used 14240K [0x00000000d6800000, 0x00000000d8c80000, 0x0000000100000000)
  eden space 512K, 100% used [0x00000000d6800000,0x00000000d6880000,0x00000000d6880000)
  from space 16896K, 81% used [0x00000000d6880000,0x00000000d75e8000,0x00000000d7900000)
  to   space 18432K, 0% used [0x00000000d7a80000,0x00000000d7a80000,0x00000000d8c80000)
 ParOldGen       total 561664K, used 553096K [0x0000000083800000, 0x00000000a5c80000, 0x00000000d6800000)
  object space 561664K, 98% used [0x0000000083800000,0x00000000a54220c0,0x00000000a5c80000)
 Metaspace       used 11208K, capacity 11476K, committed 11648K, reserved 1058816K
  class space    used 1234K, capacity 1326K, committed 1408K, reserved 1048576K
Event: 4656,221 GC heap after
Heap after GC invocations=590 (full 12):
 PSYoungGen      total 18944K, used 13216K [0x00000000d6800000, 0x00000000d8c80000, 0x0000000100000000)
  eden space 512K, 0% used [0x00000000d6800000,0x00000000d6800000,0x00000000d6880000)
  from space 18432K, 71% used [0x00000000d7a80000,0x00000000d8768000,0x00000000d8c80000)
  to   space 18432K, 0% used [0x00000000d6880000,0x00000000d6880000,0x00000000d7a80000)
 ParOldGen       total 561664K, used 554056K [0x0000000083800000, 0x00000000a5c80000, 0x00000000d6800000)
  object space 561664K, 98% used [0x0000000083800000,0x00000000a55120c0,0x00000000a5c80000)
 Metaspace       used 11208K, capacity 11476K, committed 11648K, reserved 1058816K
  class space    used 1234K, capacity 1326K, committed 1408K, reserved 1048576K
}
Event: 4659,984 GC heap before
{Heap before GC invocations=591 (full 12):
 PSYoungGen      total 18944K, used 13728K [0x00000000d6800000, 0x00000000d8c80000, 0x0000000100000000)
  eden space 512K, 100% used [0x00000000d6800000,0x00000000d6880000,0x00000000d6880000)
  from space 18432K, 71% used [0x00000000d7a80000,0x00000000d8768000,0x00000000d8c80000)
  to   space 18432K, 0% used [0x00000000d6880000,0x00000000d6880000,0x00000000d7a80000)
 ParOldGen       total 561664K, used 554056K [0x0000000083800000, 0x00000000a5c80000, 0x00000000d6800000)
  object space 561664K, 98% used [0x0000000083800000,0x00000000a55120c0,0x00000000a5c80000)
 Metaspace       used 11208K, capacity 11476K, committed 11648K, reserved 1058816K
  class space    used 1234K, capacity 1326K, committed 1408K, reserved 1048576K
Event: 4660,010 GC heap after
Heap after GC invocations=591 (full 12):
 PSYoungGen      total 18944K, used 12736K [0x00000000d6800000, 0x00000000d8c80000, 0x0000000100000000)
  eden space 512K, 0% used [0x00000000d6800000,0x00000000d6800000,0x00000000d6880000)
  from space 18432K, 69% used [0x00000000d6880000,0x00000000d74f0000,0x00000000d7a80000)
  to   space 18432K, 0% used [0x00000000d7a80000,0x00000000d7a80000,0x00000000d8c80000)
 ParOldGen       total 561664K, used 555016K [0x0000000083800000, 0x00000000a5c80000, 0x00000000d6800000)
  object space 561664K, 98% used [0x0000000083800000,0x00000000a56020c0,0x00000000a5c80000)
 Metaspace       used 11208K, capacity 11476K, committed 11648K, reserved 1058816K
  class space    used 1234K, capacity 1326K, committed 1408K, reserved 1048576K
}
Event: 4663,773 GC heap before
{Heap before GC invocations=592 (full 12):
 PSYoungGen      total 18944K, used 13248K [0x00000000d6800000, 0x00000000d8c80000, 0x0000000100000000)
  eden space 512K, 100% used [0x00000000d6800000,0x00000000d6880000,0x00000000d6880000)
  from space 18432K, 69% used [0x00000000d6880000,0x00000000d74f0000,0x00000000d7a80000)
  to   space 18432K, 0% used [0x00000000d7a80000,0x00000000d7a80000,0x00000000d8c80000)
 ParOldGen       total 561664K, used 555016K [0x0000000083800000, 0x00000000a5c80000, 0x00000000d6800000)
  object space 561664K, 98% used [0x0000000083800000,0x00000000a56020c0,0x00000000a5c80000)
 Metaspace       used 11208K, capacity 11476K, committed 11648K, reserved 1058816K
  class space    used 1234K, capacity 1326K, committed 1408K, reserved 1048576K
Event: 4663,800 GC heap after
Heap after GC invocations=592 (full 12):
 PSYoungGen      total 17920K, used 10368K [0x00000000d6800000, 0x00000000d8b80000, 0x0000000100000000)
  eden space 512K, 0% used [0x00000000d6800000,0x00000000d6800000,0x00000000d6880000)
  from space 17408K, 59% used [0x00000000d7a80000,0x00000000d84a0000,0x00000000d8b80000)
  to   space 17920K, 0% used [0x00000000d6880000,0x00000000d6880000,0x00000000d7a00000)
 ParOldGen       total 561664K, used 557864K [0x0000000083800000, 0x00000000a5c80000, 0x00000000d6800000)
  object space 561664K, 99% used [0x0000000083800000,0x00000000a58ca0c0,0x00000000a5c80000)
 Metaspace       used 11208K, capacity 11476K, committed 11648K, reserved 1058816K
  class space    used 1234K, capacity 1326K, committed 1408K, reserved 1048576K
}
Event: 4667,626 GC heap before
{Heap before GC invocations=593 (full 12):
 PSYoungGen      total 17920K, used 10880K [0x00000000d6800000, 0x00000000d8b80000, 0x0000000100000000)
  eden space 512K, 100% used [0x00000000d6800000,0x00000000d6880000,0x00000000d6880000)
  from space 17408K, 59% used [0x00000000d7a80000,0x00000000d84a0000,0x00000000d8b80000)
  to   space 17920K, 0% used [0x00000000d6880000,0x00000000d6880000,0x00000000d7a00000)
 ParOldGen       total 561664K, used 557864K [0x0000000083800000, 0x00000000a5c80000, 0x00000000d6800000)
  object space 561664K, 99% used [0x0000000083800000,0x00000000a58ca0c0,0x00000000a5c80000)
 Metaspace       used 11208K, capacity 11476K, committed 11648K, reserved 1058816K
  class space    used 1234K, capacity 1326K, committed 1408K, reserved 1048576K
Event: 4667,651 GC heap after
Heap after GC invocations=593 (full 12):
 PSYoungGen      total 18432K, used 8096K [0x00000000d6800000, 0x00000000d8b80000, 0x0000000100000000)
  eden space 512K, 0% used [0x00000000d6800000,0x00000000d6800000,0x00000000d6880000)
  from space 17920K, 45% used [0x00000000d6880000,0x00000000d7068000,0x00000000d7a00000)
  to   space 17920K, 0% used [0x00000000d7a00000,0x00000000d7a00000,0x00000000d8b80000)
 ParOldGen       total 561664K, used 560712K [0x0000000083800000, 0x00000000a5c80000, 0x00000000d6800000)
  object space 561664K, 99% used [0x0000000083800000,0x00000000a5b920c0,0x00000000a5c80000)
 Metaspace       used 11208K, capacity 11476K, committed 11648K, reserved 1058816K
  class space    used 1234K, capacity 1326K, committed 1408K, reserved 1048576K
}
Event: 4667,651 GC heap before
{Heap before GC invocations=594 (full 13):
 PSYoungGen      total 18432K, used 8096K [0x00000000d6800000, 0x00000000d8b80000, 0x0000000100000000)
  eden space 512K, 0% used [0x00000000d6800000,0x00000000d6800000,0x00000000d6880000)
  from space 17920K, 45% used [0x00000000d6880000,0x00000000d7068000,0x00000000d7a00000)
  to   space 17920K, 0% used [0x00000000d7a00000,0x00000000d7a00000,0x00000000d8b80000)
 ParOldGen       total 561664K, used 560712K [0x0000000083800000, 0x00000000a5c80000, 0x00000000d6800000)
  object space 561664K, 99% used [0x0000000083800000,0x00000000a5b920c0,0x00000000a5c80000)
 Metaspace       used 11208K, capacity 11476K, committed 11648K, reserved 1058816K
  class space    used 1234K, capacity 1326K, committed 1408K, reserved 1048576K

Deoptimization events (10 events):
Event: 1,268 Thread 0x00007f6bfc00a000 Uncommon trap: reason=class_check action=maybe_recompile pc=0x00007f6c50a7b770 method=java.awt.Component.isShowing()Z @ 24
Event: 1,268 Thread 0x00007f6bfc00a000 Uncommon trap: reason=class_check action=maybe_recompile pc=0x00007f6c50a7b770 method=java.awt.Component.isShowing()Z @ 24
Event: 1,268 Thread 0x00007f6bfc00a000 Uncommon trap: reason=class_check action=maybe_recompile pc=0x00007f6c50a7b770 method=java.awt.Component.isShowing()Z @ 24
Event: 8,133 Thread 0x00007f6bfc00a000 Uncommon trap: reason=unstable_if action=reinterpret pc=0x00007f6c50b095c0 method=java.lang.ref.SoftReference.get()Ljava/lang/Object; @ 17
Event: 8,133 Thread 0x00007f6bfc00a000 Uncommon trap: reason=unstable_if action=reinterpret pc=0x00007f6c50b61928 method=java.lang.ref.SoftReference.get()Ljava/lang/Object; @ 17
Event: 8,180 Thread 0x00007f6c6021e800 Uncommon trap: reason=unstable_if action=reinterpret pc=0x00007f6c50b45374 method=sun.awt.SunToolkit.getAppContext(Ljava/lang/Object;)Lsun/awt/AppContext; @ 4
Event: 8,660 Thread 0x00007f6c6021e800 Uncommon trap: reason=unstable_if action=reinterpret pc=0x00007f6c50b368a8 method=sun.awt.SunToolkit.getAppContext(Ljava/lang/Object;)Lsun/awt/AppContext; @ 4
Event: 2264,216 Thread 0x00007f6c60114000 Uncommon trap: reason=unstable_if action=reinterpret pc=0x00007f6c50b0adb4 method=sun.awt.PostEventQueue.flush()V @ 23
Event: 2264,217 Thread 0x00007f6c60114800 Uncommon trap: reason=unstable_if action=reinterpret pc=0x00007f6c50aa760c method=java.util.concurrent.locks.AbstractQueuedSynchronizer.acquireQueued(Ljava/util/concurrent/locks/AbstractQueuedSynchronizer$Node;I)Z @ 17
Event: 2616,480 Thread 0x00007f6c60114000 Uncommon trap: reason=unstable_if action=reinterpret pc=0x00007f6c50cface8 method=java.util.concurrent.locks.AbstractQueuedSynchronizer.findNodeFromTail(Ljava/util/concurrent/locks/AbstractQueuedSynchronizer$Node;)Z @ 7

Internal exceptions (10 events):
Event: 0,090 Thread 0x00007f6c60009800 Exception <a 'java/security/PrivilegedActionException'> (0x00000000d687beb0) thrown at [/HUDSON3/workspace/8-2-build-linux-amd64/jdk8u144/9417/hotspot/src/share/vm/prims/jvm.cpp, line 1390]
Event: 0,090 Thread 0x00007f6c60009800 Exception <a 'java/security/PrivilegedActionException'> (0x00000000d687c0c0) thrown at [/HUDSON3/workspace/8-2-build-linux-amd64/jdk8u144/9417/hotspot/src/share/vm/prims/jvm.cpp, line 1390]
Event: 0,090 Thread 0x00007f6c60009800 Exception <a 'java/security/PrivilegedActionException'> (0x00000000d687e968) thrown at [/HUDSON3/workspace/8-2-build-linux-amd64/jdk8u144/9417/hotspot/src/share/vm/prims/jvm.cpp, line 1390]
Event: 0,090 Thread 0x00007f6c60009800 Exception <a 'java/security/PrivilegedActionException'> (0x00000000d687eb78) thrown at [/HUDSON3/workspace/8-2-build-linux-amd64/jdk8u144/9417/hotspot/src/share/vm/prims/jvm.cpp, line 1390]
Event: 0,146 Thread 0x00007f6c60009800 Exception <a 'java/lang/NoSuchFieldError': method resolution failed> (0x00000000d69f01e8) thrown at [/HUDSON3/workspace/8-2-build-linux-amd64/jdk8u144/9417/hotspot/src/share/vm/prims/methodHandles.cpp, line 1146]
Event: 0,149 Thread 0x00007f6c60009800 Exception <a 'java/lang/NoSuchFieldError': method resolution failed> (0x00000000d69fd9b8) thrown at [/HUDSON3/workspace/8-2-build-linux-amd64/jdk8u144/9417/hotspot/src/share/vm/prims/methodHandles.cpp, line 1146]
Event: 0,176 Thread 0x00007f6c60009800 Exception <a 'java/io/FileNotFoundException'> (0x00000000d6a7c7a8) thrown at [/HUDSON3/workspace/8-2-build-linux-amd64/jdk8u144/9417/hotspot/src/share/vm/prims/jni.cpp, line 709]
Event: 0,177 Thread 0x00007f6c60009800 Exception <a 'java/io/FileNotFoundException'> (0x00000000d6a7d2e8) thrown at [/HUDSON3/workspace/8-2-build-linux-amd64/jdk8u144/9417/hotspot/src/share/vm/prims/jni.cpp, line 709]
Event: 0,310 Thread 0x00007f6c60009800 Implicit null exception at 0x00007f6c50909ba2 to 0x00007f6c50909d75
Event: 1,262 Thread 0x00007f6c60009800 Implicit null exception at 0x00007f6c50a67975 to 0x00007f6c50a67d59

Events (10 events):
Event: 4648,671 Executing VM operation: ParallelGCFailedAllocation done
Event: 4652,429 Executing VM operation: ParallelGCFailedAllocation
Event: 4652,450 Executing VM operation: ParallelGCFailedAllocation done
Event: 4656,203 Executing VM operation: ParallelGCFailedAllocation
Event: 4656,221 Executing VM operation: ParallelGCFailedAllocation done
Event: 4659,980 Executing VM operation: ParallelGCFailedAllocation
Event: 4660,011 Executing VM operation: ParallelGCFailedAllocation done
Event: 4663,771 Executing VM operation: ParallelGCFailedAllocation
Event: 4663,800 Executing VM operation: ParallelGCFailedAllocation done
Event: 4667,618 Executing VM operation: ParallelGCFailedAllocation


Dynamic libraries:
00400000-00401000 r-xp 00000000 08:05 655597                             /home/sebastian/dev/java/jdk1.8.0_144/bin/java
00600000-00601000 rw-p 00000000 08:05 655597                             /home/sebastian/dev/java/jdk1.8.0_144/bin/java
0228b000-022ac000 rw-p 00000000 00:00 0                                  [heap]
83800000-a5c80000 rw-p 00000000 00:00 0 
a7680000-d6800000 ---p 00000000 00:00 0 
d6800000-d8b80000 rw-p 00000000 00:00 0 
d8b80000-100000000 ---p 00000000 00:00 0 
100000000-100160000 rw-p 00000000 00:00 0 
100160000-140000000 ---p 00000000 00:00 0 
7f6be8000000-7f6be8021000 rw-p 00000000 00:00 0 
7f6be8021000-7f6bec000000 ---p 00000000 00:00 0 
7f6bf0000000-7f6bf0021000 rw-p 00000000 00:00 0 
7f6bf0021000-7f6bf4000000 ---p 00000000 00:00 0 
7f6bf4000000-7f6bf42e5000 rw-p 00000000 00:00 0 
7f6bf42e5000-7f6bf8000000 ---p 00000000 00:00 0 
7f6bf8fff000-7f6bfc000000 rw-p 00000000 00:00 0 
7f6bfc000000-7f6bfc030000 rw-p 00000000 00:00 0 
7f6bfc030000-7f6c00000000 ---p 00000000 00:00 0 
7f6c00000000-7f6c00021000 rw-p 00000000 00:00 0 
7f6c00021000-7f6c04000000 ---p 00000000 00:00 0 
7f6c04000000-7f6c04021000 rw-p 00000000 00:00 0 
7f6c04021000-7f6c08000000 ---p 00000000 00:00 0 
7f6c08000000-7f6c08021000 rw-p 00000000 00:00 0 
7f6c08021000-7f6c0c000000 ---p 00000000 00:00 0 
7f6c0d1b1000-7f6c0d1b4000 ---p 00000000 00:00 0 
7f6c0d1b4000-7f6c0d2b2000 rw-p 00000000 00:00 0 
7f6c0d2b2000-7f6c0d2b5000 ---p 00000000 00:00 0 
7f6c0d2b5000-7f6c0d3b3000 rw-p 00000000 00:00 0 
7f6c0d3b3000-7f6c0d41c000 r-xp 00000000 08:05 655736                     /home/sebastian/dev/java/jdk1.8.0_144/jre/lib/amd64/libt2k.so
7f6c0d41c000-7f6c0d61c000 ---p 00069000 08:05 655736                     /home/sebastian/dev/java/jdk1.8.0_144/jre/lib/amd64/libt2k.so
7f6c0d61c000-7f6c0d623000 rw-p 00069000 08:05 655736                     /home/sebastian/dev/java/jdk1.8.0_144/jre/lib/amd64/libt2k.so
7f6c0d623000-7f6c0d633000 rw-p 00000000 00:00 0 
7f6c0d633000-7f6c0d644000 r-xp 00000000 08:05 655704                     /home/sebastian/dev/java/jdk1.8.0_144/jre/lib/amd64/libnio.so
7f6c0d644000-7f6c0d843000 ---p 00011000 08:05 655704                     /home/sebastian/dev/java/jdk1.8.0_144/jre/lib/amd64/libnio.so
7f6c0d843000-7f6c0d844000 rw-p 00010000 08:05 655704                     /home/sebastian/dev/java/jdk1.8.0_144/jre/lib/amd64/libnio.so
7f6c0d84b000-7f6c0d862000 r-xp 00000000 08:06 296034                     /lib/x86_64-linux-gnu/libresolv-2.23.so
7f6c0d862000-7f6c0da62000 ---p 00017000 08:06 296034                     /lib/x86_64-linux-gnu/libresolv-2.23.so
7f6c0da62000-7f6c0da63000 r--p 00017000 08:06 296034                     /lib/x86_64-linux-gnu/libresolv-2.23.so
7f6c0da63000-7f6c0da64000 rw-p 00018000 08:06 296034                     /lib/x86_64-linux-gnu/libresolv-2.23.so
7f6c0da64000-7f6c0da66000 rw-p 00000000 00:00 0 
7f6c0da6b000-7f6c0da70000 r-xp 00000000 08:06 296041                     /lib/x86_64-linux-gnu/libnss_dns-2.23.so
7f6c0da70000-7f6c0dc70000 ---p 00005000 08:06 296041                     /lib/x86_64-linux-gnu/libnss_dns-2.23.so
7f6c0dc70000-7f6c0dc71000 r--p 00005000 08:06 296041                     /lib/x86_64-linux-gnu/libnss_dns-2.23.so
7f6c0dc71000-7f6c0dc72000 rw-p 00006000 08:06 296041                     /lib/x86_64-linux-gnu/libnss_dns-2.23.so
7f6c0dc73000-7f6c0dc75000 r-xp 00000000 08:06 268715                     /lib/x86_64-linux-gnu/libnss_mdns4_minimal.so.2
7f6c0dc75000-7f6c0de74000 ---p 00002000 08:06 268715                     /lib/x86_64-linux-gnu/libnss_mdns4_minimal.so.2
7f6c0de74000-7f6c0de75000 r--p 00001000 08:06 268715                     /lib/x86_64-linux-gnu/libnss_mdns4_minimal.so.2
7f6c0de75000-7f6c0de76000 rw-p 00002000 08:06 268715                     /lib/x86_64-linux-gnu/libnss_mdns4_minimal.so.2
7f6c0de7b000-7f6c0de91000 r-xp 00000000 08:05 655679                     /home/sebastian/dev/java/jdk1.8.0_144/jre/lib/amd64/libnet.so
7f6c0de91000-7f6c0e091000 ---p 00016000 08:05 655679                     /home/sebastian/dev/java/jdk1.8.0_144/jre/lib/amd64/libnet.so
7f6c0e091000-7f6c0e092000 rw-p 00016000 08:05 655679                     /home/sebastian/dev/java/jdk1.8.0_144/jre/lib/amd64/libnet.so
7f6c0e098000-7f6c0e298000 rw-p 00000000 00:00 0 
7f6c0e298000-7f6c0e29b000 ---p 00000000 00:00 0 
7f6c0e29b000-7f6c0e399000 rw-p 00000000 00:00 0 
7f6c0e399000-7f6c0e39c000 ---p 00000000 00:00 0 
7f6c0e39c000-7f6c0e49a000 rw-p 00000000 00:00 0 
7f6c0e49a000-7f6c0e49d000 ---p 00000000 00:00 0 
7f6c0e49d000-7f6c0e59b000 rw-p 00000000 00:00 0 
7f6c0e59b000-7f6c0e5a0000 r-xp 00000000 08:06 142336                     /usr/lib/x86_64-linux-gnu/libXfixes.so.3.1.0
7f6c0e5a0000-7f6c0e79f000 ---p 00005000 08:06 142336                     /usr/lib/x86_64-linux-gnu/libXfixes.so.3.1.0
7f6c0e79f000-7f6c0e7a0000 r--p 00004000 08:06 142336                     /usr/lib/x86_64-linux-gnu/libXfixes.so.3.1.0
7f6c0e7a0000-7f6c0e7a1000 rw-p 00005000 08:06 142336                     /usr/lib/x86_64-linux-gnu/libXfixes.so.3.1.0
7f6c0e7a3000-7f6c0e7ac000 r-xp 00000000 08:06 131809                     /usr/lib/x86_64-linux-gnu/libXcursor.so.1.0.2
7f6c0e7ac000-7f6c0e9ab000 ---p 00009000 08:06 131809                     /usr/lib/x86_64-linux-gnu/libXcursor.so.1.0.2
7f6c0e9ab000-7f6c0e9ac000 r--p 00008000 08:06 131809                     /usr/lib/x86_64-linux-gnu/libXcursor.so.1.0.2
7f6c0e9ac000-7f6c0e9ad000 rw-p 00009000 08:06 131809                     /usr/lib/x86_64-linux-gnu/libXcursor.so.1.0.2
7f6c0e9b3000-7f6c0e9c9000 r-xp 00000000 08:06 268648                     /lib/x86_64-linux-gnu/libgcc_s.so.1
7f6c0e9c9000-7f6c0ebc8000 ---p 00016000 08:06 268648                     /lib/x86_64-linux-gnu/libgcc_s.so.1
7f6c0ebc8000-7f6c0ebc9000 rw-p 00015000 08:06 268648                     /lib/x86_64-linux-gnu/libgcc_s.so.1
7f6c0ebcb000-7f6c0ec30000 r-xp 00000000 08:05 655698                     /home/sebastian/dev/java/jdk1.8.0_144/jre/lib/amd64/libfontmanager.so
7f6c0ec30000-7f6c0ee2f000 ---p 00065000 08:05 655698                     /home/sebastian/dev/java/jdk1.8.0_144/jre/lib/amd64/libfontmanager.so
7f6c0ee2f000-7f6c0ee34000 rw-p 00064000 08:05 655698                     /home/sebastian/dev/java/jdk1.8.0_144/jre/lib/amd64/libfontmanager.so
7f6c0ee34000-7f6c0ee44000 rw-p 00000000 00:00 0 
7f6c0ee4b000-7f6c0ee50000 r-xp 00000000 08:06 142332                     /usr/lib/x86_64-linux-gnu/libXdmcp.so.6.0.0
7f6c0ee50000-7f6c0f04f000 ---p 00005000 08:06 142332                     /usr/lib/x86_64-linux-gnu/libXdmcp.so.6.0.0
7f6c0f04f000-7f6c0f050000 r--p 00004000 08:06 142332                     /usr/lib/x86_64-linux-gnu/libXdmcp.so.6.0.0
7f6c0f050000-7f6c0f051000 rw-p 00005000 08:06 142332                     /usr/lib/x86_64-linux-gnu/libXdmcp.so.6.0.0
7f6c0f053000-7f6c0f055000 r-xp 00000000 08:06 142321                     /usr/lib/x86_64-linux-gnu/libXau.so.6.0.0
7f6c0f055000-7f6c0f255000 ---p 00002000 08:06 142321                     /usr/lib/x86_64-linux-gnu/libXau.so.6.0.0
7f6c0f255000-7f6c0f256000 r--p 00002000 08:06 142321                     /usr/lib/x86_64-linux-gnu/libXau.so.6.0.0
7f6c0f256000-7f6c0f257000 rw-p 00003000 08:06 142321                     /usr/lib/x86_64-linux-gnu/libXau.so.6.0.0
7f6c0f25b000-7f6c0f27c000 r-xp 00000000 08:06 143554                     /usr/lib/x86_64-linux-gnu/libxcb.so.1.1.0
7f6c0f27c000-7f6c0f47b000 ---p 00021000 08:06 143554                     /usr/lib/x86_64-linux-gnu/libxcb.so.1.1.0
7f6c0f47b000-7f6c0f47c000 r--p 00020000 08:06 143554                     /usr/lib/x86_64-linux-gnu/libxcb.so.1.1.0
7f6c0f47c000-7f6c0f47d000 rw-p 00021000 08:06 143554                     /usr/lib/x86_64-linux-gnu/libxcb.so.1.1.0
7f6c0f483000-7f6c0f492000 r-xp 00000000 08:06 142344                     /usr/lib/x86_64-linux-gnu/libXi.so.6.1.0
7f6c0f492000-7f6c0f691000 ---p 0000f000 08:06 142344                     /usr/lib/x86_64-linux-gnu/libXi.so.6.1.0
7f6c0f691000-7f6c0f692000 r--p 0000e000 08:06 142344                     /usr/lib/x86_64-linux-gnu/libXi.so.6.1.0
7f6c0f692000-7f6c0f693000 rw-p 0000f000 08:06 142344                     /usr/lib/x86_64-linux-gnu/libXi.so.6.1.0
7f6c0f693000-7f6c0f698000 r-xp 00000000 08:06 142362                     /usr/lib/x86_64-linux-gnu/libXtst.so.6.1.0
7f6c0f698000-7f6c0f897000 ---p 00005000 08:06 142362                     /usr/lib/x86_64-linux-gnu/libXtst.so.6.1.0
7f6c0f897000-7f6c0f898000 r--p 00004000 08:06 142362                     /usr/lib/x86_64-linux-gnu/libXtst.so.6.1.0
7f6c0f898000-7f6c0f899000 rw-p 00005000 08:06 142362                     /usr/lib/x86_64-linux-gnu/libXtst.so.6.1.0
7f6c0f89b000-7f6c0f8a4000 r-xp 00000000 08:06 142356                     /usr/lib/x86_64-linux-gnu/libXrender.so.1.3.0
7f6c0f8a4000-7f6c0faa3000 ---p 00009000 08:06 142356                     /usr/lib/x86_64-linux-gnu/libXrender.so.1.3.0
7f6c0faa3000-7f6c0faa4000 r--p 00008000 08:06 142356                     /usr/lib/x86_64-linux-gnu/libXrender.so.1.3.0
7f6c0faa4000-7f6c0faa5000 rw-p 00009000 08:06 142356                     /usr/lib/x86_64-linux-gnu/libXrender.so.1.3.0
7f6c0faab000-7f6c0fbe0000 r-xp 00000000 08:06 142317                     /usr/lib/x86_64-linux-gnu/libX11.so.6.3.0
7f6c0fbe0000-7f6c0fde0000 ---p 00135000 08:06 142317                     /usr/lib/x86_64-linux-gnu/libX11.so.6.3.0
7f6c0fde0000-7f6c0fde1000 r--p 00135000 08:06 142317                     /usr/lib/x86_64-linux-gnu/libX11.so.6.3.0
7f6c0fde1000-7f6c0fde5000 rw-p 00136000 08:06 142317                     /usr/lib/x86_64-linux-gnu/libX11.so.6.3.0
7f6c0fdeb000-7f6c0fdfc000 r-xp 00000000 08:06 142334                     /usr/lib/x86_64-linux-gnu/libXext.so.6.4.0
7f6c0fdfc000-7f6c0fffb000 ---p 00011000 08:06 142334                     /usr/lib/x86_64-linux-gnu/libXext.so.6.4.0
7f6c0fffb000-7f6c0fffc000 r--p 00010000 08:06 142334                     /usr/lib/x86_64-linux-gnu/libXext.so.6.4.0
7f6c0fffc000-7f6c0fffd000 rw-p 00011000 08:06 142334                     /usr/lib/x86_64-linux-gnu/libXext.so.6.4.0
7f6c10000000-7f6c1042d000 rw-p 00000000 00:00 0 
7f6c1042d000-7f6c14000000 ---p 00000000 00:00 0 
7f6c14000000-7f6c14021000 rw-p 00000000 00:00 0 
7f6c14021000-7f6c18000000 ---p 00000000 00:00 0 
7f6c18000000-7f6c19bc2000 rw-p 00000000 00:00 0 
7f6c19bc2000-7f6c1c000000 ---p 00000000 00:00 0 
7f6c1c000000-7f6c1d5d1000 rw-p 00000000 00:00 0 
7f6c1d5d1000-7f6c20000000 ---p 00000000 00:00 0 
7f6c20000000-7f6c20021000 rw-p 00000000 00:00 0 
7f6c20021000-7f6c24000000 ---p 00000000 00:00 0 
7f6c24000000-7f6c24021000 rw-p 00000000 00:00 0 
7f6c24021000-7f6c28000000 ---p 00000000 00:00 0 
7f6c28000000-7f6c282af000 rw-p 00000000 00:00 0 
7f6c282af000-7f6c2c000000 ---p 00000000 00:00 0 
7f6c2c000000-7f6c2c021000 rw-p 00000000 00:00 0 
7f6c2c021000-7f6c30000000 ---p 00000000 00:00 0 
7f6c30000000-7f6c30021000 rw-p 00000000 00:00 0 
7f6c30021000-7f6c34000000 ---p 00000000 00:00 0 
7f6c34000000-7f6c34021000 rw-p 00000000 00:00 0 
7f6c34021000-7f6c38000000 ---p 00000000 00:00 0 
7f6c38000000-7f6c38021000 rw-p 00000000 00:00 0 
7f6c38021000-7f6c3c000000 ---p 00000000 00:00 0 
7f6c3c0bf000-7f6c3c0c2000 ---p 00000000 00:00 0 
7f6c3c0c2000-7f6c40000000 rw-p 00000000 00:00 0 
7f6c40000000-7f6c40021000 rw-p 00000000 00:00 0 
7f6c40021000-7f6c44000000 ---p 00000000 00:00 0 
7f6c44000000-7f6c44021000 rw-p 00000000 00:00 0 
7f6c44021000-7f6c48000000 ---p 00000000 00:00 0 
7f6c48000000-7f6c48021000 rw-p 00000000 00:00 0 
7f6c48021000-7f6c4c000000 ---p 00000000 00:00 0 
7f6c4c0e3000-7f6c4c0ea000 r--s 00000000 08:06 402275                     /usr/lib/x86_64-linux-gnu/gconv/gconv-modules.cache
7f6c4c0eb000-7f6c4c111000 r--p 00000000 08:06 537433                     /usr/share/locale-langpack/de/LC_MESSAGES/libc.mo
7f6c4c113000-7f6c4c167000 r-xp 00000000 08:05 655706                     /home/sebastian/dev/java/jdk1.8.0_144/jre/lib/amd64/libawt_xawt.so
7f6c4c167000-7f6c4c367000 ---p 00054000 08:05 655706                     /home/sebastian/dev/java/jdk1.8.0_144/jre/lib/amd64/libawt_xawt.so
7f6c4c367000-7f6c4c36b000 rw-p 00054000 08:05 655706                     /home/sebastian/dev/java/jdk1.8.0_144/jre/lib/amd64/libawt_xawt.so
7f6c4c36b000-7f6c4c36c000 rw-p 00000000 00:00 0 
7f6c4c373000-7f6c4c415000 r-xp 00000000 08:05 655739                     /home/sebastian/dev/java/jdk1.8.0_144/jre/lib/amd64/libawt.so
7f6c4c415000-7f6c4c615000 ---p 000a2000 08:05 655739                     /home/sebastian/dev/java/jdk1.8.0_144/jre/lib/amd64/libawt.so
7f6c4c615000-7f6c4c621000 rw-p 000a2000 08:05 655739                     /home/sebastian/dev/java/jdk1.8.0_144/jre/lib/amd64/libawt.so
7f6c4c621000-7f6c4c645000 rw-p 00000000 00:00 0 
7f6c4c645000-7f6c4c646000 ---p 00000000 00:00 0 
7f6c4c646000-7f6c4c746000 rw-p 00000000 00:00 0 
7f6c4c746000-7f6c4c749000 ---p 00000000 00:00 0 
7f6c4c749000-7f6c4c847000 rw-p 00000000 00:00 0 
7f6c4c847000-7f6c4c84a000 ---p 00000000 00:00 0 
7f6c4c84a000-7f6c4c948000 rw-p 00000000 00:00 0 
7f6c4c948000-7f6c4c94b000 ---p 00000000 00:00 0 
7f6c4c94b000-7f6c4ca49000 rw-p 00000000 00:00 0 
7f6c4ca49000-7f6c4ca4c000 ---p 00000000 00:00 0 
7f6c4ca4c000-7f6c4cb4a000 rw-p 00000000 00:00 0 
7f6c4cb4a000-7f6c4cb4d000 ---p 00000000 00:00 0 
7f6c4cb4d000-7f6c4cc4b000 rw-p 00000000 00:00 0 
7f6c4cc4b000-7f6c4d0a7000 r--p 00000000 08:06 133935                     /usr/lib/locale/locale-archive
7f6c4d0ad000-7f6c4d0b0000 ---p 00000000 00:00 0 
7f6c4d0b0000-7f6c4d1ae000 rw-p 00000000 00:00 0 
7f6c4d1ae000-7f6c4d1b1000 ---p 00000000 00:00 0 
7f6c4d1b1000-7f6c4d2af000 rw-p 00000000 00:00 0 
7f6c4d2af000-7f6c4d2b0000 ---p 00000000 00:00 0 
7f6c4d2b0000-7f6c4e998000 rw-p 00000000 00:00 0 
7f6c4e998000-7f6c4eb72000 r--s 03d4d000 08:05 655671                     /home/sebastian/dev/java/jdk1.8.0_144/jre/lib/rt.jar
7f6c4eb74000-7f6c4f758000 rw-p 00000000 00:00 0 
7f6c4f758000-7f6c4f759000 ---p 00000000 00:00 0 
7f6c4f759000-7f6c4f859000 rw-p 00000000 00:00 0 
7f6c4f859000-7f6c4f85a000 ---p 00000000 00:00 0 
7f6c4f85a000-7f6c4f95a000 rw-p 00000000 00:00 0 
7f6c4f95a000-7f6c4f95b000 ---p 00000000 00:00 0 
7f6c4f95b000-7f6c4fa5b000 rw-p 00000000 00:00 0 
7f6c4fa5b000-7f6c4fa5c000 ---p 00000000 00:00 0 
7f6c4fa5c000-7f6c4fb5c000 rw-p 00000000 00:00 0 
7f6c4fb5c000-7f6c4fb5d000 ---p 00000000 00:00 0 
7f6c4fb5d000-7f6c4fc5d000 rw-p 00000000 00:00 0 
7f6c4fc5d000-7f6c4fc5e000 ---p 00000000 00:00 0 
7f6c4fc5e000-7f6c4fe71000 rw-p 00000000 00:00 0 
7f6c4fe71000-7f6c4fff6000 ---p 00000000 00:00 0 
7f6c4fff6000-7f6c50109000 rw-p 00000000 00:00 0 
7f6c50109000-7f6c5028e000 ---p 00000000 00:00 0 
7f6c5028e000-7f6c502a0000 rw-p 00000000 00:00 0 
7f6c502a0000-7f6c503da000 ---p 00000000 00:00 0 
7f6c503da000-7f6c503f2000 rw-p 00000000 00:00 0 
7f6c503f2000-7f6c5079b000 ---p 00000000 00:00 0 
7f6c5079b000-7f6c50d5b000 rwxp 00000000 00:00 0 
7f6c50d5b000-7f6c5f79b000 ---p 00000000 00:00 0 
7f6c5f79b000-7f6c5f7b5000 r-xp 00000000 08:05 655702                     /home/sebastian/dev/java/jdk1.8.0_144/jre/lib/amd64/libzip.so
7f6c5f7b5000-7f6c5f9b5000 ---p 0001a000 08:05 655702                     /home/sebastian/dev/java/jdk1.8.0_144/jre/lib/amd64/libzip.so
7f6c5f9b5000-7f6c5f9b6000 rw-p 0001a000 08:05 655702                     /home/sebastian/dev/java/jdk1.8.0_144/jre/lib/amd64/libzip.so
7f6c5f9bb000-7f6c5f9c6000 r-xp 00000000 08:06 296044                     /lib/x86_64-linux-gnu/libnss_files-2.23.so
7f6c5f9c6000-7f6c5fbc5000 ---p 0000b000 08:06 296044                     /lib/x86_64-linux-gnu/libnss_files-2.23.so
7f6c5fbc5000-7f6c5fbc6000 r--p 0000a000 08:06 296044                     /lib/x86_64-linux-gnu/libnss_files-2.23.so
7f6c5fbc6000-7f6c5fbc7000 rw-p 0000b000 08:06 296044                     /lib/x86_64-linux-gnu/libnss_files-2.23.so
7f6c5fbc7000-7f6c5fbcd000 rw-p 00000000 00:00 0 
7f6c5fbd3000-7f6c5fbde000 r-xp 00000000 08:06 296048                     /lib/x86_64-linux-gnu/libnss_nis-2.23.so
7f6c5fbde000-7f6c5fddd000 ---p 0000b000 08:06 296048                     /lib/x86_64-linux-gnu/libnss_nis-2.23.so
7f6c5fddd000-7f6c5fdde000 r--p 0000a000 08:06 296048                     /lib/x86_64-linux-gnu/libnss_nis-2.23.so
7f6c5fdde000-7f6c5fddf000 rw-p 0000b000 08:06 296048                     /lib/x86_64-linux-gnu/libnss_nis-2.23.so
7f6c5fde3000-7f6c5fdf9000 r-xp 00000000 08:06 296027                     /lib/x86_64-linux-gnu/libnsl-2.23.so
7f6c5fdf9000-7f6c5fff8000 ---p 00016000 08:06 296027                     /lib/x86_64-linux-gnu/libnsl-2.23.so
7f6c5fff8000-7f6c5fff9000 r--p 00015000 08:06 296027                     /lib/x86_64-linux-gnu/libnsl-2.23.so
7f6c5fff9000-7f6c5fffa000 rw-p 00016000 08:06 296027                     /lib/x86_64-linux-gnu/libnsl-2.23.so
7f6c5fffa000-7f6c5fffc000 rw-p 00000000 00:00 0 
7f6c60000000-7f6c604fe000 rw-p 00000000 00:00 0 
7f6c604fe000-7f6c64000000 ---p 00000000 00:00 0 
7f6c64004000-7f6c6409b000 rw-p 00000000 00:00 0 
7f6c6409b000-7f6c640a3000 r-xp 00000000 08:06 296039                     /lib/x86_64-linux-gnu/libnss_compat-2.23.so
7f6c640a3000-7f6c642a2000 ---p 00008000 08:06 296039                     /lib/x86_64-linux-gnu/libnss_compat-2.23.so
7f6c642a2000-7f6c642a3000 r--p 00007000 08:06 296039                     /lib/x86_64-linux-gnu/libnss_compat-2.23.so
7f6c642a3000-7f6c642a4000 rw-p 00008000 08:06 296039                     /lib/x86_64-linux-gnu/libnss_compat-2.23.so
7f6c642ab000-7f6c642d6000 r-xp 00000000 08:05 655729                     /home/sebastian/dev/java/jdk1.8.0_144/jre/lib/amd64/libjava.so
7f6c642d6000-7f6c644d5000 ---p 0002b000 08:05 655729                     /home/sebastian/dev/java/jdk1.8.0_144/jre/lib/amd64/libjava.so
7f6c644d5000-7f6c644d7000 rw-p 0002a000 08:05 655729                     /home/sebastian/dev/java/jdk1.8.0_144/jre/lib/amd64/libjava.so
7f6c644db000-7f6c644e8000 r-xp 00000000 08:05 655680                     /home/sebastian/dev/java/jdk1.8.0_144/jre/lib/amd64/libverify.so
7f6c644e8000-7f6c646e8000 ---p 0000d000 08:05 655680                     /home/sebastian/dev/java/jdk1.8.0_144/jre/lib/amd64/libverify.so
7f6c646e8000-7f6c646ea000 rw-p 0000d000 08:05 655680                     /home/sebastian/dev/java/jdk1.8.0_144/jre/lib/amd64/libverify.so
7f6c646eb000-7f6c646f2000 r-xp 00000000 08:06 296049                     /lib/x86_64-linux-gnu/librt-2.23.so
7f6c646f2000-7f6c648f1000 ---p 00007000 08:06 296049                     /lib/x86_64-linux-gnu/librt-2.23.so
7f6c648f1000-7f6c648f2000 r--p 00006000 08:06 296049                     /lib/x86_64-linux-gnu/librt-2.23.so
7f6c648f2000-7f6c648f3000 rw-p 00007000 08:06 296049                     /lib/x86_64-linux-gnu/librt-2.23.so
7f6c648f3000-7f6c649fb000 r-xp 00000000 08:06 291306                     /lib/x86_64-linux-gnu/libm-2.23.so
7f6c649fb000-7f6c64bfa000 ---p 00108000 08:06 291306                     /lib/x86_64-linux-gnu/libm-2.23.so
7f6c64bfa000-7f6c64bfb000 r--p 00107000 08:06 291306                     /lib/x86_64-linux-gnu/libm-2.23.so
7f6c64bfb000-7f6c64bfc000 rw-p 00108000 08:06 291306                     /lib/x86_64-linux-gnu/libm-2.23.so
7f6c64c03000-7f6c658d6000 r-xp 00000000 08:05 655733                     /home/sebastian/dev/java/jdk1.8.0_144/jre/lib/amd64/server/libjvm.so
7f6c658d6000-7f6c65ad5000 ---p 00cd3000 08:05 655733                     /home/sebastian/dev/java/jdk1.8.0_144/jre/lib/amd64/server/libjvm.so
7f6c65ad5000-7f6c65baf000 rw-p 00cd2000 08:05 655733                     /home/sebastian/dev/java/jdk1.8.0_144/jre/lib/amd64/server/libjvm.so
7f6c65baf000-7f6c65bfa000 rw-p 00000000 00:00 0 
7f6c65bfb000-7f6c65dbb000 r-xp 00000000 08:06 296030                     /lib/x86_64-linux-gnu/libc-2.23.so
7f6c65dbb000-7f6c65fbb000 ---p 001c0000 08:06 296030                     /lib/x86_64-linux-gnu/libc-2.23.so
7f6c65fbb000-7f6c65fbf000 r--p 001c0000 08:06 296030                     /lib/x86_64-linux-gnu/libc-2.23.so
7f6c65fbf000-7f6c65fc1000 rw-p 001c4000 08:06 296030                     /lib/x86_64-linux-gnu/libc-2.23.so
7f6c65fc1000-7f6c65fc5000 rw-p 00000000 00:00 0 
7f6c65fcb000-7f6c65fce000 r-xp 00000000 08:06 296032                     /lib/x86_64-linux-gnu/libdl-2.23.so
7f6c65fce000-7f6c661cd000 ---p 00003000 08:06 296032                     /lib/x86_64-linux-gnu/libdl-2.23.so
7f6c661cd000-7f6c661ce000 r--p 00002000 08:06 296032                     /lib/x86_64-linux-gnu/libdl-2.23.so
7f6c661ce000-7f6c661cf000 rw-p 00003000 08:06 296032                     /lib/x86_64-linux-gnu/libdl-2.23.so
7f6c661d3000-7f6c661e8000 r-xp 00000000 08:05 395825                     /home/sebastian/dev/java/jdk1.8.0_144/lib/amd64/jli/libjli.so
7f6c661e8000-7f6c663e8000 ---p 00015000 08:05 395825                     /home/sebastian/dev/java/jdk1.8.0_144/lib/amd64/jli/libjli.so
7f6c663e8000-7f6c663e9000 rw-p 00015000 08:05 395825                     /home/sebastian/dev/java/jdk1.8.0_144/lib/amd64/jli/libjli.so
7f6c663eb000-7f6c66403000 r-xp 00000000 08:06 296029                     /lib/x86_64-linux-gnu/libpthread-2.23.so
7f6c66403000-7f6c66602000 ---p 00018000 08:06 296029                     /lib/x86_64-linux-gnu/libpthread-2.23.so
7f6c66602000-7f6c66603000 r--p 00017000 08:06 296029                     /lib/x86_64-linux-gnu/libpthread-2.23.so
7f6c66603000-7f6c66604000 rw-p 00018000 08:06 296029                     /lib/x86_64-linux-gnu/libpthread-2.23.so
7f6c66604000-7f6c66608000 rw-p 00000000 00:00 0 
7f6c6660b000-7f6c66631000 r-xp 00000000 08:06 296028                     /lib/x86_64-linux-gnu/ld-2.23.so
7f6c66637000-7f6c66723000 rw-p 00000000 00:00 0 
7f6c66723000-7f6c6672b000 rw-s 00000000 08:06 922102                     /tmp/hsperfdata_sebastian/9647
7f6c6672e000-7f6c6672f000 rw-p 00000000 00:00 0 
7f6c6672f000-7f6c66732000 ---p 00000000 00:00 0 
7f6c66732000-7f6c66830000 rw-p 00000000 00:00 0 
7f6c66830000-7f6c66831000 r--p 00025000 08:06 296028                     /lib/x86_64-linux-gnu/ld-2.23.so
7f6c66831000-7f6c66832000 rw-p 00026000 08:06 296028                     /lib/x86_64-linux-gnu/ld-2.23.so
7f6c66832000-7f6c66833000 rw-p 00000000 00:00 0 
7f6c66833000-7f6c66834000 ---p 00000000 00:00 0 
7f6c66834000-7f6c66839000 rw-p 00000000 00:00 0 
7fff121e0000-7fff12201000 rw-p 00000000 00:00 0                          [stack]
7fff122cb000-7fff122ce000 r--p 00000000 00:00 0                          [vvar]
7fff122ce000-7fff122d0000 r-xp 00000000 00:00 0                          [vdso]
ffffffffff600000-ffffffffff601000 r-xp 00000000 00:00 0                  [vsyscall]

VM Arguments:
jvm_args: -Dfile.encoding=UTF-8 
java_command: de.elsivas.gol.gui.GolGui
java_class_path (initial): /home/sebastian/dev/git/dawn/dawn-odd/dawn-odd-standalone/target/classes
Launcher Type: SUN_STANDARD

Environment Variables:
PATH=/usr/local/sbin:/usr/local/bin:/usr/sbin:/usr/bin:/sbin:/bin:/usr/games:/usr/local/games:/snap/bin
SHELL=/bin/bash
DISPLAY=:0.0

Signal Handlers:
SIGSEGV: [libjvm.so+0xacba10], sa_mask[0]=11111111011111111101111111111110, sa_flags=SA_RESTART|SA_SIGINFO
SIGBUS: [libjvm.so+0xacba10], sa_mask[0]=11111111011111111101111111111110, sa_flags=SA_RESTART|SA_SIGINFO
SIGFPE: [libjvm.so+0x924ba0], sa_mask[0]=11111111011111111101111111111110, sa_flags=SA_RESTART|SA_SIGINFO
SIGPIPE: [libjvm.so+0x924ba0], sa_mask[0]=11111111011111111101111111111110, sa_flags=SA_RESTART|SA_SIGINFO
SIGXFSZ: [libjvm.so+0x924ba0], sa_mask[0]=11111111011111111101111111111110, sa_flags=SA_RESTART|SA_SIGINFO
SIGILL: [libjvm.so+0x924ba0], sa_mask[0]=11111111011111111101111111111110, sa_flags=SA_RESTART|SA_SIGINFO
SIGUSR1: SIG_DFL, sa_mask[0]=00000000000000000000000000000000, sa_flags=none
SIGUSR2: [libjvm.so+0x9263e0], sa_mask[0]=00100000000000000000000000000000, sa_flags=SA_RESTART|SA_SIGINFO
SIGHUP: [libjvm.so+0x9277e0], sa_mask[0]=11111111011111111101111111111110, sa_flags=SA_RESTART|SA_SIGINFO
SIGINT: [libjvm.so+0x9277e0], sa_mask[0]=11111111011111111101111111111110, sa_flags=SA_RESTART|SA_SIGINFO
SIGTERM: [libjvm.so+0x9277e0], sa_mask[0]=11111111011111111101111111111110, sa_flags=SA_RESTART|SA_SIGINFO
SIGQUIT: [libjvm.so+0x9277e0], sa_mask[0]=11111111011111111101111111111110, sa_flags=SA_RESTART|SA_SIGINFO


---------------  S Y S T E M  ---------------

OS:DISTRIB_ID=Ubuntu
DISTRIB_RELEASE=16.04
DISTRIB_CODENAME=xenial
DISTRIB_DESCRIPTION="Ubuntu 16.04.3 LTS"

uname:Linux 4.13.0-32-generic #35~16.04.1-Ubuntu SMP Thu Jan 25 10:13:43 UTC 2018 x86_64
libc:glibc 2.23 NPTL 2.23 
rlimit: STACK 8192k, CORE 0k, NPROC 31376, NOFILE 1048576, AS infinity
load average:0,68 0,78 0,85

/proc/meminfo:
MemTotal:        8151480 kB
MemFree:          108780 kB
MemAvailable:          0 kB
Buffers:             432 kB
Cached:            60896 kB
SwapCached:         1432 kB
Active:          6932628 kB
Inactive:         872764 kB
Active(anon):    6928668 kB
Inactive(anon):   866024 kB
Active(file):       3960 kB
Inactive(file):     6740 kB
Unevictable:          64 kB
Mlocked:              64 kB
SwapTotal:       2096124 kB
SwapFree:             12 kB
Dirty:               556 kB
Writeback:             0 kB
AnonPages:       7743444 kB
Mapped:            58076 kB
Shmem:             50284 kB
Slab:              85060 kB
SReclaimable:      29780 kB
SUnreclaim:        55280 kB
KernelStack:       30880 kB
PageTables:        73284 kB
NFS_Unstable:          0 kB
Bounce:                0 kB
WritebackTmp:          0 kB
CommitLimit:     6171864 kB
Committed_AS:   28795156 kB
VmallocTotal:   34359738367 kB
VmallocUsed:           0 kB
VmallocChunk:          0 kB
HardwareCorrupted:     0 kB
AnonHugePages:         0 kB
ShmemHugePages:        0 kB
ShmemPmdMapped:        0 kB
CmaTotal:              0 kB
CmaFree:               0 kB
HugePages_Total:       0
HugePages_Free:        0
HugePages_Rsvd:        0
HugePages_Surp:        0
Hugepagesize:       2048 kB
DirectMap4k:      105856 kB
DirectMap2M:     4071424 kB
DirectMap1G:     4194304 kB


CPU:total 6 (initial active 6) (6 cores per cpu, 1 threads per core) family 21 model 1 stepping 2, cmov, cx8, fxsr, mmx, sse, sse2, sse3, ssse3, sse4.1, sse4.2, popcnt, avx, aes, clmul, mmxext, 3dnowpref, lzcnt, sse4a, tsc, tscinvbit, tscinv

/proc/cpuinfo:
processor	: 0
vendor_id	: AuthenticAMD
cpu family	: 21
model		: 1
model name	: AMD FX(tm)-6100 Six-Core Processor
stepping	: 2
microcode	: 0x6000626
cpu MHz		: 1400.000
cache size	: 2048 KB
physical id	: 0
siblings	: 6
core id		: 0
cpu cores	: 3
apicid		: 16
initial apicid	: 0
fpu		: yes
fpu_exception	: yes
cpuid level	: 13
wp		: yes
flags		: fpu vme de pse tsc msr pae mce cx8 apic sep mtrr pge mca cmov pat pse36 clflush mmx fxsr sse sse2 ht syscall nx mmxext fxsr_opt pdpe1gb rdtscp lm constant_tsc rep_good nopl nonstop_tsc cpuid extd_apicid aperfmperf pni pclmulqdq monitor ssse3 cx16 sse4_1 sse4_2 popcnt aes xsave avx lahf_lm cmp_legacy svm extapic cr8_legacy abm sse4a misalignsse 3dnowprefetch osvw ibs xop skinit wdt lwp fma4 nodeid_msr topoext perfctr_core perfctr_nb cpb hw_pstate vmmcall arat npt lbrv svm_lock nrip_save tsc_scale vmcb_clean flushbyasid decodeassists pausefilter pfthreshold
bugs		: fxsave_leak sysret_ss_attrs null_seg spectre_v1 spectre_v2
bogomips	: 6600.07
TLB size	: 1536 4K pages
clflush size	: 64
cache_alignment	: 64
address sizes	: 48 bits physical, 48 bits virtual
power management: ts ttp tm 100mhzsteps hwpstate cpb

processor	: 1
vendor_id	: AuthenticAMD
cpu family	: 21
model		: 1
model name	: AMD FX(tm)-6100 Six-Core Processor
stepping	: 2
microcode	: 0x6000626
cpu MHz		: 1800.000
cache size	: 2048 KB
physical id	: 0
siblings	: 6
core id		: 1
cpu cores	: 3
apicid		: 17
initial apicid	: 1
fpu		: yes
fpu_exception	: yes
cpuid level	: 13
wp		: yes
flags		: fpu vme de pse tsc msr pae mce cx8 apic sep mtrr pge mca cmov pat pse36 clflush mmx fxsr sse sse2 ht syscall nx mmxext fxsr_opt pdpe1gb rdtscp lm constant_tsc rep_good nopl nonstop_tsc cpuid extd_apicid aperfmperf pni pclmulqdq monitor ssse3 cx16 sse4_1 sse4_2 popcnt aes xsave avx lahf_lm cmp_legacy svm extapic cr8_legacy abm sse4a misalignsse 3dnowprefetch osvw ibs xop skinit wdt lwp fma4 nodeid_msr topoext perfctr_core perfctr_nb cpb hw_pstate vmmcall arat npt lbrv svm_lock nrip_save tsc_scale vmcb_clean flushbyasid decodeassists pausefilter pfthreshold
bugs		: fxsave_leak sysret_ss_attrs null_seg spectre_v1 spectre_v2
bogomips	: 6600.07
TLB size	: 1536 4K pages
clflush size	: 64
cache_alignment	: 64
address sizes	: 48 bits physical, 48 bits virtual
power management: ts ttp tm 100mhzsteps hwpstate cpb

processor	: 2
vendor_id	: AuthenticAMD
cpu family	: 21
model		: 1
model name	: AMD FX(tm)-6100 Six-Core Processor
stepping	: 2
microcode	: 0x6000626
cpu MHz		: 3300.000
cache size	: 2048 KB
physical id	: 0
siblings	: 6
core id		: 2
cpu cores	: 3
apicid		: 18
initial apicid	: 2
fpu		: yes
fpu_exception	: yes
cpuid level	: 13
wp		: yes
flags		: fpu vme de pse tsc msr pae mce cx8 apic sep mtrr pge mca cmov pat pse36 clflush mmx fxsr sse sse2 ht syscall nx mmxext fxsr_opt pdpe1gb rdtscp lm constant_tsc rep_good nopl nonstop_tsc cpuid extd_apicid aperfmperf pni pclmulqdq monitor ssse3 cx16 sse4_1 sse4_2 popcnt aes xsave avx lahf_lm cmp_legacy svm extapic cr8_legacy abm sse4a misalignsse 3dnowprefetch osvw ibs xop skinit wdt lwp fma4 nodeid_msr topoext perfctr_core perfctr_nb cpb hw_pstate vmmcall arat npt lbrv svm_lock nrip_save tsc_scale vmcb_clean flushbyasid decodeassists pausefilter pfthreshold
bugs		: fxsave_leak sysret_ss_attrs null_seg spectre_v1 spectre_v2
bogomips	: 6600.07
TLB size	: 1536 4K pages
clflush size	: 64
cache_alignment	: 64
address sizes	: 48 bits physical, 48 bits virtual
power management: ts ttp tm 100mhzsteps hwpstate cpb

processor	: 3
vendor_id	: AuthenticAMD
cpu family	: 21
model		: 1
model name	: AMD FX(tm)-6100 Six-Core Processor
stepping	: 2
microcode	: 0x6000626
cpu MHz		: 1800.000
cache size	: 2048 KB
physical id	: 0
siblings	: 6
core id		: 3
cpu cores	: 3
apicid		: 19
initial apicid	: 3
fpu		: yes
fpu_exception	: yes
cpuid level	: 13
wp		: yes
flags		: fpu vme de pse tsc msr pae mce cx8 apic sep mtrr pge mca cmov pat pse36 clflush mmx fxsr sse sse2 ht syscall nx mmxext fxsr_opt pdpe1gb rdtscp lm constant_tsc rep_good nopl nonstop_tsc cpuid extd_apicid aperfmperf pni pclmulqdq monitor ssse3 cx16 sse4_1 sse4_2 popcnt aes xsave avx lahf_lm cmp_legacy svm extapic cr8_legacy abm sse4a misalignsse 3dnowprefetch osvw ibs xop skinit wdt lwp fma4 nodeid_msr topoext perfctr_core perfctr_nb cpb hw_pstate vmmcall arat npt lbrv svm_lock nrip_save tsc_scale vmcb_clean flushbyasid decodeassists pausefilter pfthreshold
bugs		: fxsave_leak sysret_ss_attrs null_seg spectre_v1 spectre_v2
bogomips	: 6600.07
TLB size	: 1536 4K pages
clflush size	: 64
cache_alignment	: 64
address sizes	: 48 bits physical, 48 bits virtual
power management: ts ttp tm 100mhzsteps hwpstate cpb

processor	: 4
vendor_id	: AuthenticAMD
cpu family	: 21
model		: 1
model name	: AMD FX(tm)-6100 Six-Core Processor
stepping	: 2
microcode	: 0x6000626
cpu MHz		: 1800.000
cache size	: 2048 KB
physical id	: 0
siblings	: 6
core id		: 4
cpu cores	: 3
apicid		: 20
initial apicid	: 4
fpu		: yes
fpu_exception	: yes
cpuid level	: 13
wp		: yes
flags		: fpu vme de pse tsc msr pae mce cx8 apic sep mtrr pge mca cmov pat pse36 clflush mmx fxsr sse sse2 ht syscall nx mmxext fxsr_opt pdpe1gb rdtscp lm constant_tsc rep_good nopl nonstop_tsc cpuid extd_apicid aperfmperf pni pclmulqdq monitor ssse3 cx16 sse4_1 sse4_2 popcnt aes xsave avx lahf_lm cmp_legacy svm extapic cr8_legacy abm sse4a misalignsse 3dnowprefetch osvw ibs xop skinit wdt lwp fma4 nodeid_msr topoext perfctr_core perfctr_nb cpb hw_pstate vmmcall arat npt lbrv svm_lock nrip_save tsc_scale vmcb_clean flushbyasid decodeassists pausefilter pfthreshold
bugs		: fxsave_leak sysret_ss_attrs null_seg spectre_v1 spectre_v2
bogomips	: 6600.07
TLB size	: 1536 4K pages
clflush size	: 64
cache_alignment	: 64
address sizes	: 48 bits physical, 48 bits virtual
power management: ts ttp tm 100mhzsteps hwpstate cpb

processor	: 5
vendor_id	: AuthenticAMD
cpu family	: 21
model		: 1
model name	: AMD FX(tm)-6100 Six-Core Processor
stepping	: 2
microcode	: 0x6000626
cpu MHz		: 2400.000
cache size	: 2048 KB
physical id	: 0
siblings	: 6
core id		: 5
cpu cores	: 3
apicid		: 21
initial apicid	: 5
fpu		: yes
fpu_exception	: yes
cpuid level	: 13
wp		: yes
flags		: fpu vme de pse tsc msr pae mce cx8 apic sep mtrr pge mca cmov pat pse36 clflush mmx fxsr sse sse2 ht syscall nx mmxext fxsr_opt pdpe1gb rdtscp lm constant_tsc rep_good nopl nonstop_tsc cpuid extd_apicid aperfmperf pni pclmulqdq monitor ssse3 cx16 sse4_1 sse4_2 popcnt aes xsave avx lahf_lm cmp_legacy svm extapic cr8_legacy abm sse4a misalignsse 3dnowprefetch osvw ibs xop skinit wdt lwp fma4 nodeid_msr topoext perfctr_core perfctr_nb cpb hw_pstate vmmcall arat npt lbrv svm_lock nrip_save tsc_scale vmcb_clean flushbyasid decodeassists pausefilter pfthreshold
bugs		: fxsave_leak sysret_ss_attrs null_seg spectre_v1 spectre_v2
bogomips	: 6600.07
TLB size	: 1536 4K pages
clflush size	: 64
cache_alignment	: 64
address sizes	: 48 bits physical, 48 bits virtual
power management: ts ttp tm 100mhzsteps hwpstate cpb



Memory: 4k page, physical 8151480k(109284k free), swap 2096124k(0k free)

vm_info: Java HotSpot(TM) 64-Bit Server VM (25.144-b01) for linux-amd64 JRE (1.8.0_144-b01), built on Jul 21 2017 21:57:33 by "java_re" with gcc 4.3.0 20080428 (Red Hat 4.3.0-8)

time: Sun Feb 11 17:04:12 2018
elapsed time: 4669 seconds (0d 1h 17m 49s)

